<?xml version="1.0" encoding="utf-8"?>
<TestRun id="b264ea4a-0eeb-47a5-a6dd-842c41ee35d8" name="@iMac-de-Bruno 2025-09-25 19:11:56" xmlns="http://microsoft.com/schemas/VisualStudio/TeamTest/2010">
  <Times creation="2025-09-25T19:11:56.8974470-03:00" queuing="2025-09-25T19:11:56.8974470-03:00" start="2025-09-25T19:11:55.8604980-03:00" finish="2025-09-25T19:12:01.9281380-03:00" />
  <TestSettings name="default" id="9f30d41c-3714-4798-bc3a-72769f434726">
    <Deployment runDeploymentRoot="_iMac-de-Bruno_2025-09-25_19_11_56" />
  </TestSettings>
  <Results>
    <UnitTestResult executionId="db76a0f6-e639-4f50-8ea2-4d3f68254173" testId="9275a646-add3-ee8d-c809-ecb8a8e3f3fc" testName="UserService.UnitTest.Application.Commands.LoginUserCommandHandlerTests.Handle_ComCredenciaisInvalidas_DeveRetornarFalha" computerName="iMac-de-Bruno" duration="00:00:00.0149368" startTime="2025-09-25T19:11:57.2462790-03:00" endTime="2025-09-25T19:11:57.2462790-03:00" testType="13cdc9d9-ddb5-4fa4-a97d-d965ccfc6d4b" outcome="Passed" testListId="8c84fa94-04c1-424b-9868-57a2d4851a1d" relativeResultsDirectory="db76a0f6-e639-4f50-8ea2-4d3f68254173" />
    <UnitTestResult executionId="f846db63-4cf0-4e77-af22-2e6045e85fe2" testId="7edfa15f-a405-492f-f256-aeeef35b1c52" testName="UserService.UnitTest.Application.Dtos.Requests.LoginUserRequestTests.LoginUserRequest_ComEmailVazioOuEspacos_DevePermitirAtribuicao(email: &quot;   &quot;)" computerName="iMac-de-Bruno" duration="00:00:00.0025916" startTime="2025-09-25T19:11:56.9398450-03:00" endTime="2025-09-25T19:11:56.9398460-03:00" testType="13cdc9d9-ddb5-4fa4-a97d-d965ccfc6d4b" outcome="Passed" testListId="8c84fa94-04c1-424b-9868-57a2d4851a1d" relativeResultsDirectory="f846db63-4cf0-4e77-af22-2e6045e85fe2" />
    <UnitTestResult executionId="e5f6a217-8dd4-4023-8ce4-a4cb42caedae" testId="15b00dc6-8761-7dfd-3524-dfc1c17e1a0e" testName="UserService.UnitTest.Application.Dtos.Keycloak.LoginUserKeycloakTests.LoginUserKeycloak_ComCaracteresDeControle_DevePermitirCriacao(email: &quot;\n&quot;, password: &quot;\n&quot;)" computerName="iMac-de-Bruno" duration="00:00:00.0023572" startTime="2025-09-25T19:11:57.1562100-03:00" endTime="2025-09-25T19:11:57.1562110-03:00" testType="13cdc9d9-ddb5-4fa4-a97d-d965ccfc6d4b" outcome="Passed" testListId="8c84fa94-04c1-424b-9868-57a2d4851a1d" relativeResultsDirectory="e5f6a217-8dd4-4023-8ce4-a4cb42caedae" />
    <UnitTestResult executionId="0b463f0f-43c9-4a62-b32a-171ea7f1867b" testId="64e1aecb-9e30-c5d0-5a75-78b9e973ebdf" testName="UserService.UnitTest.Application.Dtos.Keycloak.LoginUserKeycloakTests.LoginUserKeycloak_ComCaracteresEspeciaisNoEmail_DevePermitirCriacao" computerName="iMac-de-Bruno" duration="00:00:00.0076354" startTime="2025-09-25T19:11:57.1489520-03:00" endTime="2025-09-25T19:11:57.1489520-03:00" testType="13cdc9d9-ddb5-4fa4-a97d-d965ccfc6d4b" outcome="Passed" testListId="8c84fa94-04c1-424b-9868-57a2d4851a1d" relativeResultsDirectory="0b463f0f-43c9-4a62-b32a-171ea7f1867b" />
    <UnitTestResult executionId="a0e23094-31a3-45b9-996d-7a678251d1d1" testId="0a819944-3627-6320-8a60-5c8e3670cd38" testName="UserService.UnitTest.Application.Services.PasswordEncripterTests.VerifyPassword_ComSenhaIncorreta_DeveRetornarFalse" computerName="iMac-de-Bruno" duration="00:00:00.2600484" startTime="2025-09-25T19:12:00.5536370-03:00" endTime="2025-09-25T19:12:00.5536380-03:00" testType="13cdc9d9-ddb5-4fa4-a97d-d965ccfc6d4b" outcome="Passed" testListId="8c84fa94-04c1-424b-9868-57a2d4851a1d" relativeResultsDirectory="a0e23094-31a3-45b9-996d-7a678251d1d1" />
    <UnitTestResult executionId="16f487fc-893f-4edc-b5c1-6a467f1912ca" testId="3d3b9104-58df-c60e-7604-16031cc31e72" testName="UserService.UnitTest.Application.Dtos.Keycloak.LoginUserKeycloakTests.LoginUserKeycloak_ComEmailVazioOuEspacos_DevePermitirCriacao(email: &quot; &quot;)" computerName="iMac-de-Bruno" duration="00:00:00.0023247" startTime="2025-09-25T19:11:56.9395170-03:00" endTime="2025-09-25T19:11:56.9395170-03:00" testType="13cdc9d9-ddb5-4fa4-a97d-d965ccfc6d4b" outcome="Passed" testListId="8c84fa94-04c1-424b-9868-57a2d4851a1d" relativeResultsDirectory="16f487fc-893f-4edc-b5c1-6a467f1912ca" />
    <UnitTestResult executionId="3e0a7c87-784d-4233-8c9b-9ffa14f9338c" testId="c50df869-b3c4-1b8a-0bad-e772087c3927" testName="UserService.UnitTest.Application.Dtos.Keycloak.LoginUserKeycloakTests.LoginUserKeycloak_ComTodosValoresNulos_DevePermitirCriacao" computerName="iMac-de-Bruno" duration="00:00:00.0017991" startTime="2025-09-25T19:11:57.1915180-03:00" endTime="2025-09-25T19:11:57.1915180-03:00" testType="13cdc9d9-ddb5-4fa4-a97d-d965ccfc6d4b" outcome="Passed" testListId="8c84fa94-04c1-424b-9868-57a2d4851a1d" relativeResultsDirectory="3e0a7c87-784d-4233-8c9b-9ffa14f9338c" />
    <UnitTestResult executionId="b015ddc1-86b8-43d3-b681-3a013df4578d" testId="9750dd9c-2b78-49b3-896d-e9ac5a9af7be" testName="UserService.UnitTest.Application.Dtos.Responses.LoginUserResponseTests.LoginUserResponse_ComExpiresInNegativoOuZero_DevePermitirAtribuicao(expiresIn: -3600)" computerName="iMac-de-Bruno" duration="00:00:00.0091813" startTime="2025-09-25T19:11:57.0535460-03:00" endTime="2025-09-25T19:11:57.0535460-03:00" testType="13cdc9d9-ddb5-4fa4-a97d-d965ccfc6d4b" outcome="Passed" testListId="8c84fa94-04c1-424b-9868-57a2d4851a1d" relativeResultsDirectory="b015ddc1-86b8-43d3-b681-3a013df4578d" />
    <UnitTestResult executionId="e4c72d30-2e1b-4274-b4bc-05af8f47dd25" testId="d9e444cf-8e9b-8caf-5fd4-b02fbc20ebc7" testName="UserService.UnitTest.Application.Dtos.Keycloak.LoginUserKeycloakTests.LoginUserKeycloak_ComEmailLongo_DevePermitirCriacao" computerName="iMac-de-Bruno" duration="00:00:00.1271125" startTime="2025-09-25T19:11:57.1488480-03:00" endTime="2025-09-25T19:11:57.1488480-03:00" testType="13cdc9d9-ddb5-4fa4-a97d-d965ccfc6d4b" outcome="Failed" testListId="8c84fa94-04c1-424b-9868-57a2d4851a1d" relativeResultsDirectory="e4c72d30-2e1b-4274-b4bc-05af8f47dd25">
      <Output>
        <ErrorInfo>
          <Message>Expected loginKeycloak.Email.Length to be 111, but found 112 (difference of 1).</Message>
          <StackTrace>   at FluentAssertions.Execution.XUnit2TestFramework.Throw(String message)
   at FluentAssertions.Execution.TestFrameworkProvider.Throw(String message)
   at FluentAssertions.Execution.DefaultAssertionStrategy.HandleFailure(String message)
   at FluentAssertions.Execution.AssertionScope.FailWith(Func`1 failReasonFunc)
   at FluentAssertions.Execution.AssertionScope.FailWith(Func`1 failReasonFunc)
   at FluentAssertions.Execution.AssertionScope.FailWith(String message, Object[] args)
   at FluentAssertions.Numeric.NumericAssertions`2.Be(T expected, String because, Object[] becauseArgs)
   at UserService.UnitTest.Application.Dtos.Keycloak.LoginUserKeycloakTests.LoginUserKeycloak_ComEmailLongo_DevePermitirCriacao() in /Users/diasbruno/Documents/programacao/codigos/dotnet/bcommerce/backend/src/Services/UserService/UserService.UnitTest/Application/Dtos/Keycloak/LoginUserKeycloakTests.cs:line 203
   at System.RuntimeMethodHandle.InvokeMethod(Object target, Void** arguments, Signature sig, Boolean isConstructor)
   at System.Reflection.MethodBaseInvoker.InvokeWithNoArgs(Object obj, BindingFlags invokeAttr)</StackTrace>
        </ErrorInfo>
      </Output>
    </UnitTestResult>
    <UnitTestResult executionId="703944d6-a90a-4299-b9b3-4ff0b3d76773" testId="d4de45df-2ee9-3818-54dc-270dc3bfcc8e" testName="UserService.UnitTest.Application.Dtos.Keycloak.LoginUserKeycloakTests.LoginUserKeycloak_ComSenhasEspeciais_DevePermitirCriacao" computerName="iMac-de-Bruno" duration="00:00:00.0758955" startTime="2025-09-25T19:11:56.8443220-03:00" endTime="2025-09-25T19:11:56.8443220-03:00" testType="13cdc9d9-ddb5-4fa4-a97d-d965ccfc6d4b" outcome="Passed" testListId="8c84fa94-04c1-424b-9868-57a2d4851a1d" relativeResultsDirectory="703944d6-a90a-4299-b9b3-4ff0b3d76773" />
    <UnitTestResult executionId="c29d6ce9-1bcf-4add-a94f-7dc01e46bcfc" testId="c48f3693-24b9-b9f1-3b52-fe0f40af0c26" testName="UserService.UnitTest.Application.Dtos.Requests.LoginUserRequestTests.LoginUserRequest_ComEmailNulo_DevePermitirAtribuicao" computerName="iMac-de-Bruno" duration="00:00:00.0104375" startTime="2025-09-25T19:11:57.0653680-03:00" endTime="2025-09-25T19:11:57.0653690-03:00" testType="13cdc9d9-ddb5-4fa4-a97d-d965ccfc6d4b" outcome="Passed" testListId="8c84fa94-04c1-424b-9868-57a2d4851a1d" relativeResultsDirectory="c29d6ce9-1bcf-4add-a94f-7dc01e46bcfc" />
    <UnitTestResult executionId="90edce16-90f2-4c2a-b093-d0dd06b48f8c" testId="e17b7cb9-2e37-5171-bf20-8e757d62d918" testName="UserService.UnitTest.Application.Commands.LoginUserCommandTests.CriarComando_ComSenhaNula_DevePermitirAtribuicao" computerName="iMac-de-Bruno" duration="00:00:00.0003260" startTime="2025-09-25T19:11:56.8363050-03:00" endTime="2025-09-25T19:11:56.8363050-03:00" testType="13cdc9d9-ddb5-4fa4-a97d-d965ccfc6d4b" outcome="Passed" testListId="8c84fa94-04c1-424b-9868-57a2d4851a1d" relativeResultsDirectory="90edce16-90f2-4c2a-b093-d0dd06b48f8c" />
    <UnitTestResult executionId="5490ee3a-e71e-43a7-b32f-8dddff00ca36" testId="4d5abda7-7da4-712d-602e-675946223906" testName="UserService.UnitTest.Application.Commands.LoginUserCommandTests.CriarComando_ComDiferentesCredenciais_DeveDefinirPropriedadesCorretamente(email: &quot;admin@sistema.com&quot;, password: &quot;AdminPass@2024&quot;)" computerName="iMac-de-Bruno" duration="00:00:00.0003264" startTime="2025-09-25T19:11:56.8195050-03:00" endTime="2025-09-25T19:11:56.8195050-03:00" testType="13cdc9d9-ddb5-4fa4-a97d-d965ccfc6d4b" outcome="Passed" testListId="8c84fa94-04c1-424b-9868-57a2d4851a1d" relativeResultsDirectory="5490ee3a-e71e-43a7-b32f-8dddff00ca36" />
    <UnitTestResult executionId="bddfb0ba-6e7d-4eca-b1d8-e3ac4e2d71e7" testId="cbeb45ac-56a9-b181-db70-bf0d2b8b3189" testName="UserService.UnitTest.Application.Dtos.Keycloak.CreateUserKeycloakTests.CreateUserKeycloak_ComDiferentesCombinacoesDeDados_DeveDefinirPropriedadesCorretamente(email: &quot;user@domain.org&quot;, password: &quot;mypassword&quot;, firstName: &quot;Maria&quot;, lastName: &quot;Santos&quot;, enabled: False)" computerName="iMac-de-Bruno" duration="00:00:00.0082966" startTime="2025-09-25T19:11:56.8657130-03:00" endTime="2025-09-25T19:11:56.8657130-03:00" testType="13cdc9d9-ddb5-4fa4-a97d-d965ccfc6d4b" outcome="Passed" testListId="8c84fa94-04c1-424b-9868-57a2d4851a1d" relativeResultsDirectory="bddfb0ba-6e7d-4eca-b1d8-e3ac4e2d71e7" />
    <UnitTestResult executionId="670a6217-187c-4dee-8da9-7b3500f97d95" testId="79348a23-39f7-ae80-156c-06b1524027de" testName="UserService.UnitTest.Domain.UserExtensionsTests.EstaAtivo_QuandoUsuarioAtivoMasExcluido_DeveRetornarFalso" computerName="iMac-de-Bruno" duration="00:00:00.0113462" startTime="2025-09-25T19:11:57.0426960-03:00" endTime="2025-09-25T19:11:57.0426970-03:00" testType="13cdc9d9-ddb5-4fa4-a97d-d965ccfc6d4b" outcome="Passed" testListId="8c84fa94-04c1-424b-9868-57a2d4851a1d" relativeResultsDirectory="670a6217-187c-4dee-8da9-7b3500f97d95" />
    <UnitTestResult executionId="8806204c-cb94-4e00-b5f0-691f2f3f9daf" testId="57a41fb6-ad6a-e4d4-d70e-2b7b58d9ebe6" testName="UserService.UnitTest.Domain.UserAddressExtensionsTests.ObterEnderecoFormatado_QuandoComplementoVazio_DeveRetornarEnderecoFormatadoSemComplemento" computerName="iMac-de-Bruno" duration="00:00:00.0096524" startTime="2025-09-25T19:11:56.8930410-03:00" endTime="2025-09-25T19:11:56.8930410-03:00" testType="13cdc9d9-ddb5-4fa4-a97d-d965ccfc6d4b" outcome="Passed" testListId="8c84fa94-04c1-424b-9868-57a2d4851a1d" relativeResultsDirectory="8806204c-cb94-4e00-b5f0-691f2f3f9daf" />
    <UnitTestResult executionId="70b278c4-bb81-4185-a37e-57b3a6eef85b" testId="292a0587-9db2-78cd-7bbb-972a0e245863" testName="UserService.UnitTest.Application.Dtos.Keycloak.CreateUserKeycloakTests.CreateUserKeycloak_ComSobrenomeVazioOuEspacos_DevePermitirCriacao(lastName: &quot; &quot;)" computerName="iMac-de-Bruno" duration="00:00:00.0031421" startTime="2025-09-25T19:11:57.0259730-03:00" endTime="2025-09-25T19:11:57.0259730-03:00" testType="13cdc9d9-ddb5-4fa4-a97d-d965ccfc6d4b" outcome="Passed" testListId="8c84fa94-04c1-424b-9868-57a2d4851a1d" relativeResultsDirectory="70b278c4-bb81-4185-a37e-57b3a6eef85b" />
    <UnitTestResult executionId="66b2859d-19ea-468e-bda7-47f45b73d6ef" testId="685f973e-3db8-7bb4-f100-0e47ca648e30" testName="UserService.UnitTest.Domain.UserExtensionsTests.EstaAtivo_QuandoUsuarioInativo_DeveRetornarFalso" computerName="iMac-de-Bruno" duration="00:00:00.0116332" startTime="2025-09-25T19:11:57.0269860-03:00" endTime="2025-09-25T19:11:57.0269860-03:00" testType="13cdc9d9-ddb5-4fa4-a97d-d965ccfc6d4b" outcome="Passed" testListId="8c84fa94-04c1-424b-9868-57a2d4851a1d" relativeResultsDirectory="66b2859d-19ea-468e-bda7-47f45b73d6ef" />
    <UnitTestResult executionId="d834f243-ecc8-4892-ae8b-1632cd135bba" testId="c4988668-44b7-6e24-5ea0-95fef931415f" testName="UserService.UnitTest.Application.Dtos.Keycloak.CreateUserKeycloakTests.CreateUserKeycloak_ComNomesComCaracteresEspeciais_DevePermitirCriacao" computerName="iMac-de-Bruno" duration="00:00:00.0023515" startTime="2025-09-25T19:11:56.9051150-03:00" endTime="2025-09-25T19:11:56.9051150-03:00" testType="13cdc9d9-ddb5-4fa4-a97d-d965ccfc6d4b" outcome="Passed" testListId="8c84fa94-04c1-424b-9868-57a2d4851a1d" relativeResultsDirectory="d834f243-ecc8-4892-ae8b-1632cd135bba" />
    <UnitTestResult executionId="9979c3ba-0d7f-4dc8-83d1-93ed918bbb5e" testId="321b1e81-3b6f-125b-b35e-2cc7a19e0114" testName="UserService.UnitTest.Application.Commands.CreateUserCommandHandlerTests.Handle_QuandoKeycloakFalha_DeveRetornarErroSemCriarUsuarioNoBanco" computerName="iMac-de-Bruno" duration="00:00:00.0115423" startTime="2025-09-25T19:11:58.0655950-03:00" endTime="2025-09-25T19:11:58.0655950-03:00" testType="13cdc9d9-ddb5-4fa4-a97d-d965ccfc6d4b" outcome="Passed" testListId="8c84fa94-04c1-424b-9868-57a2d4851a1d" relativeResultsDirectory="9979c3ba-0d7f-4dc8-83d1-93ed918bbb5e" />
    <UnitTestResult executionId="98cc51a2-4788-4cc2-8c0d-a6ec6c1da6f5" testId="fe2188a3-a528-1695-0a18-13de35ee7b3e" testName="UserService.UnitTest.Application.Dtos.Keycloak.CreateUserKeycloakTests.CreateUserKeycloak_ComSenhaVaziaOuEspacos_DevePermitirCriacao(password: &quot;   &quot;)" computerName="iMac-de-Bruno" duration="00:00:00.0077026" startTime="2025-09-25T19:11:57.0411430-03:00" endTime="2025-09-25T19:11:57.0411430-03:00" testType="13cdc9d9-ddb5-4fa4-a97d-d965ccfc6d4b" outcome="Passed" testListId="8c84fa94-04c1-424b-9868-57a2d4851a1d" relativeResultsDirectory="98cc51a2-4788-4cc2-8c0d-a6ec6c1da6f5" />
    <UnitTestResult executionId="250fcd71-6f7c-46ca-98ce-8d039191abd2" testId="594efe64-66ef-f3fa-a651-622da975ad06" testName="UserService.UnitTest.Application.Dtos.Responses.CreateUserResponseTests.CreateUserResponse_ComTelefoneNulo_DevePermitirAtribuicao" computerName="iMac-de-Bruno" duration="00:00:00.0116797" startTime="2025-09-25T19:11:56.9404550-03:00" endTime="2025-09-25T19:11:56.9404550-03:00" testType="13cdc9d9-ddb5-4fa4-a97d-d965ccfc6d4b" outcome="Passed" testListId="8c84fa94-04c1-424b-9868-57a2d4851a1d" relativeResultsDirectory="250fcd71-6f7c-46ca-98ce-8d039191abd2" />
    <UnitTestResult executionId="96038ed8-ca93-4b03-968d-5cf8f5c42071" testId="84b86d7e-0f77-e8bb-8ca8-882d441f0046" testName="UserService.UnitTest.Application.Dtos.Requests.LoginUserRequestTests.LoginUserRequest_ComDiferentesCombinacoesDeDados_DeveDefinirPropriedadesCorretamente(email: &quot;user@domain.org&quot;, password: &quot;mypassword&quot;)" computerName="iMac-de-Bruno" duration="00:00:00.0084461" startTime="2025-09-25T19:11:57.0232310-03:00" endTime="2025-09-25T19:11:57.0232310-03:00" testType="13cdc9d9-ddb5-4fa4-a97d-d965ccfc6d4b" outcome="Passed" testListId="8c84fa94-04c1-424b-9868-57a2d4851a1d" relativeResultsDirectory="96038ed8-ca93-4b03-968d-5cf8f5c42071" />
    <UnitTestResult executionId="65fa1aa4-1d67-452d-832b-e0968e254015" testId="aeb58abd-f3e4-0504-34c7-844f95ce41e7" testName="UserService.UnitTest.Application.Dtos.Keycloak.CreateUserKeycloakTests.CreateUserKeycloak_ComTodosValoresNulos_DevePermitirCriacao" computerName="iMac-de-Bruno" duration="00:00:00.0075882" startTime="2025-09-25T19:11:56.9739540-03:00" endTime="2025-09-25T19:11:56.9739540-03:00" testType="13cdc9d9-ddb5-4fa4-a97d-d965ccfc6d4b" outcome="Passed" testListId="8c84fa94-04c1-424b-9868-57a2d4851a1d" relativeResultsDirectory="65fa1aa4-1d67-452d-832b-e0968e254015" />
    <UnitTestResult executionId="0f700aea-b67f-461f-9947-9ac64445d3ef" testId="9040559d-3d05-8a7d-2668-cc2dfe090132" testName="UserService.UnitTest.Domain.UserTests.Usuario_QuandoOptInNewsletterNaoDefinido_DeveSerFalso" computerName="iMac-de-Bruno" duration="00:00:00.0031128" startTime="2025-09-25T19:11:57.2908530-03:00" endTime="2025-09-25T19:11:57.2908530-03:00" testType="13cdc9d9-ddb5-4fa4-a97d-d965ccfc6d4b" outcome="Passed" testListId="8c84fa94-04c1-424b-9868-57a2d4851a1d" relativeResultsDirectory="0f700aea-b67f-461f-9947-9ac64445d3ef" />
    <UnitTestResult executionId="9798130a-23e9-4340-85fb-0ef0ce4c576d" testId="4aaa9357-1d22-5091-fa57-cbefdb70b12e" testName="UserService.UnitTest.Application.Dtos.Requests.CreateUserRequestTests.CreateUserRequest_ComDiferentesCombinacoesDeDados_DeveDefinirPropriedadesCorretamente(email: &quot;user@example.com&quot;, password: &quot;Password123!&quot;, firstName: &quot;João&quot;, lastName: &quot;Silva&quot;, newsletterOptIn: True)" computerName="iMac-de-Bruno" duration="00:00:00.0223356" startTime="2025-09-25T19:11:56.9522510-03:00" endTime="2025-09-25T19:11:56.9522510-03:00" testType="13cdc9d9-ddb5-4fa4-a97d-d965ccfc6d4b" outcome="Passed" testListId="8c84fa94-04c1-424b-9868-57a2d4851a1d" relativeResultsDirectory="9798130a-23e9-4340-85fb-0ef0ce4c576d" />
    <UnitTestResult executionId="5ea2ed29-9df7-4709-a510-3e16ad0e2360" testId="f2e7343d-6d78-f1e1-176c-353e3e9faddd" testName="UserService.UnitTest.Application.Commands.LoginUserCommandHandlerTests.Handle_ComCredenciaisValidas_DeveRetornarTokenComSucesso" computerName="iMac-de-Bruno" duration="00:00:00.0116894" startTime="2025-09-25T19:11:57.2253090-03:00" endTime="2025-09-25T19:11:57.2253100-03:00" testType="13cdc9d9-ddb5-4fa4-a97d-d965ccfc6d4b" outcome="Passed" testListId="8c84fa94-04c1-424b-9868-57a2d4851a1d" relativeResultsDirectory="5ea2ed29-9df7-4709-a510-3e16ad0e2360" />
    <UnitTestResult executionId="462d6794-109f-496e-8cf7-1cb2b0a490a1" testId="5dff643f-cbf4-e0e0-57b8-42bc26c22629" testName="UserService.UnitTest.Application.Dtos.Keycloak.CreateUserKeycloakTests.CreateUserKeycloak_ComTodosValoresVazios_DevePermitirCriacao" computerName="iMac-de-Bruno" duration="00:00:00.0071370" startTime="2025-09-25T19:11:57.0331790-03:00" endTime="2025-09-25T19:11:57.0331790-03:00" testType="13cdc9d9-ddb5-4fa4-a97d-d965ccfc6d4b" outcome="Passed" testListId="8c84fa94-04c1-424b-9868-57a2d4851a1d" relativeResultsDirectory="462d6794-109f-496e-8cf7-1cb2b0a490a1" />
    <UnitTestResult executionId="a6565405-b2f7-434a-ba8a-6676a6c81bfd" testId="e7609c01-9db8-7c78-36f4-866ca84178af" testName="UserService.UnitTest.Application.Dtos.Responses.CreateUserResponseTests.CreateUserResponse_ComDiferentesCombinacoesDeDados_DeveDefinirPropriedadesCorretamente(email: &quot;test@example.com&quot;, firstName: &quot;João&quot;, lastName: &quot;Silva&quot;, phoneNumber: &quot;11999999999&quot;)" computerName="iMac-de-Bruno" duration="00:00:00.0156014" startTime="2025-09-25T19:11:56.8819660-03:00" endTime="2025-09-25T19:11:56.8819660-03:00" testType="13cdc9d9-ddb5-4fa4-a97d-d965ccfc6d4b" outcome="Passed" testListId="8c84fa94-04c1-424b-9868-57a2d4851a1d" relativeResultsDirectory="a6565405-b2f7-434a-ba8a-6676a6c81bfd" />
    <UnitTestResult executionId="8b6b09b1-dc58-427e-abc3-2032241e098e" testId="3d3a96f3-4a53-d31b-8129-bc34dd0b7ecd" testName="UserService.UnitTest.Domain.UserTests.Usuario_QuandoHashSenhaDefinido_DeveArmazenarCorretamente" computerName="iMac-de-Bruno" duration="00:00:00.0043307" startTime="2025-09-25T19:11:57.2323200-03:00" endTime="2025-09-25T19:11:57.2323200-03:00" testType="13cdc9d9-ddb5-4fa4-a97d-d965ccfc6d4b" outcome="Passed" testListId="8c84fa94-04c1-424b-9868-57a2d4851a1d" relativeResultsDirectory="8b6b09b1-dc58-427e-abc3-2032241e098e" />
    <UnitTestResult executionId="b651b3df-2b48-4e86-b4cc-5e53833d1496" testId="671947d4-fe02-9f57-6838-91768cf202dc" testName="UserService.UnitTest.Domain.UserTests.Usuario_QuandoPerfilDefinido_DeveAceitarPerfisValidos(role: Admin)" computerName="iMac-de-Bruno" duration="00:00:00.0040762" startTime="2025-09-25T19:11:57.2877750-03:00" endTime="2025-09-25T19:11:57.2877750-03:00" testType="13cdc9d9-ddb5-4fa4-a97d-d965ccfc6d4b" outcome="Passed" testListId="8c84fa94-04c1-424b-9868-57a2d4851a1d" relativeResultsDirectory="b651b3df-2b48-4e86-b4cc-5e53833d1496" />
    <UnitTestResult executionId="037e5112-3603-4a5a-b4a3-e580d20853e3" testId="11759d32-7c45-d95c-6b8c-5bd352b4a13c" testName="UserService.UnitTest.Application.Dtos.Keycloak.CreateUserKeycloakTests.CreateUserKeycloak_ComDiferentesValoresEnabled_DeveDefinirCorretamente(enabled: True)" computerName="iMac-de-Bruno" duration="00:00:00.0109522" startTime="2025-09-25T19:11:57.0658500-03:00" endTime="2025-09-25T19:11:57.0658500-03:00" testType="13cdc9d9-ddb5-4fa4-a97d-d965ccfc6d4b" outcome="Passed" testListId="8c84fa94-04c1-424b-9868-57a2d4851a1d" relativeResultsDirectory="037e5112-3603-4a5a-b4a3-e580d20853e3" />
    <UnitTestResult executionId="a282be36-d425-47bf-b3cb-2490ee4163ef" testId="7943d811-31a2-060e-ca85-3b49082e0953" testName="UserService.UnitTest.Application.Dtos.Keycloak.CreateUserKeycloakTests.CreateUserKeycloak_ComEmailsEspeciais_DevePermitirCriacao" computerName="iMac-de-Bruno" duration="00:00:00.0016998" startTime="2025-09-25T19:11:57.1022090-03:00" endTime="2025-09-25T19:11:57.1022090-03:00" testType="13cdc9d9-ddb5-4fa4-a97d-d965ccfc6d4b" outcome="Passed" testListId="8c84fa94-04c1-424b-9868-57a2d4851a1d" relativeResultsDirectory="a282be36-d425-47bf-b3cb-2490ee4163ef" />
    <UnitTestResult executionId="1dbb908c-e31b-4c0e-b98b-c5e197ef1757" testId="5dd926b3-7dcc-5adb-6291-fac7f1fedccb" testName="UserService.UnitTest.Application.Dtos.Responses.LoginUserResponseTests.LoginUserResponse_ComDiferentesTiposDeToken_DevePermitirAtribuicao(tokenType: &quot;BEARER&quot;)" computerName="iMac-de-Bruno" duration="00:00:00.0025025" startTime="2025-09-25T19:11:56.8789670-03:00" endTime="2025-09-25T19:11:56.8789680-03:00" testType="13cdc9d9-ddb5-4fa4-a97d-d965ccfc6d4b" outcome="Passed" testListId="8c84fa94-04c1-424b-9868-57a2d4851a1d" relativeResultsDirectory="1dbb908c-e31b-4c0e-b98b-c5e197ef1757" />
    <UnitTestResult executionId="99936102-54b4-4020-825a-e3e62ec10015" testId="7387758e-7526-9d26-2c7f-e947817f37cd" testName="UserService.UnitTest.Application.Commands.LoginUserCommandTests.CriarComando_ComValoresPadrao_DeveInicializarPropriedadesVazias" computerName="iMac-de-Bruno" duration="00:00:00.0002348" startTime="2025-09-25T19:11:56.8360470-03:00" endTime="2025-09-25T19:11:56.8360470-03:00" testType="13cdc9d9-ddb5-4fa4-a97d-d965ccfc6d4b" outcome="Passed" testListId="8c84fa94-04c1-424b-9868-57a2d4851a1d" relativeResultsDirectory="99936102-54b4-4020-825a-e3e62ec10015" />
    <UnitTestResult executionId="d472c887-e971-4835-a999-957c4c312b80" testId="f926bebb-7b15-fc0a-b671-c48777b3d530" testName="UserService.UnitTest.Application.Dtos.Keycloak.CreateUserKeycloakTests.CreateUserKeycloak_ComSenhasEspeciais_DevePermitirCriacao" computerName="iMac-de-Bruno" duration="00:00:00.0015999" startTime="2025-09-25T19:11:57.0821590-03:00" endTime="2025-09-25T19:11:57.0821590-03:00" testType="13cdc9d9-ddb5-4fa4-a97d-d965ccfc6d4b" outcome="Passed" testListId="8c84fa94-04c1-424b-9868-57a2d4851a1d" relativeResultsDirectory="d472c887-e971-4835-a999-957c4c312b80" />
    <UnitTestResult executionId="fde1e7f7-85c6-47cd-82ea-bd87e457a025" testId="88a92719-9263-71f9-7f23-706865eca76f" testName="UserService.UnitTest.Application.Dtos.Responses.LoginUserResponseTests.LoginUserResponse_ComAccessTokenVazioOuEspacos_DevePermitirAtribuicao(accessToken: &quot;   &quot;)" computerName="iMac-de-Bruno" duration="00:00:00.0092648" startTime="2025-09-25T19:11:56.9852400-03:00" endTime="2025-09-25T19:11:56.9852400-03:00" testType="13cdc9d9-ddb5-4fa4-a97d-d965ccfc6d4b" outcome="Passed" testListId="8c84fa94-04c1-424b-9868-57a2d4851a1d" relativeResultsDirectory="fde1e7f7-85c6-47cd-82ea-bd87e457a025" />
    <UnitTestResult executionId="1ca87966-cfb4-483b-9ff1-2ecf664f947e" testId="ef2bade2-f40a-f79a-d71d-087306ed8868" testName="UserService.UnitTest.Application.Services.PasswordEncripterTests.VerifyPassword_ComSenhaVazia_DeveRetornarFalse" computerName="iMac-de-Bruno" duration="00:00:00.1317632" startTime="2025-09-25T19:12:01.3425280-03:00" endTime="2025-09-25T19:12:01.3425280-03:00" testType="13cdc9d9-ddb5-4fa4-a97d-d965ccfc6d4b" outcome="Passed" testListId="8c84fa94-04c1-424b-9868-57a2d4851a1d" relativeResultsDirectory="1ca87966-cfb4-483b-9ff1-2ecf664f947e" />
    <UnitTestResult executionId="6bb9de33-78c2-4021-814b-aadab9f6e4fb" testId="174b90df-372c-c4b4-5d45-c7118ef3adc9" testName="UserService.UnitTest.Application.Dtos.Responses.LoginUserResponseTests.LoginUserResponse_ComRefreshTokenVazioOuEspacos_DevePermitirAtribuicao(refreshToken: &quot;   &quot;)" computerName="iMac-de-Bruno" duration="00:00:00.0049529" startTime="2025-09-25T19:11:56.9257830-03:00" endTime="2025-09-25T19:11:56.9257830-03:00" testType="13cdc9d9-ddb5-4fa4-a97d-d965ccfc6d4b" outcome="Passed" testListId="8c84fa94-04c1-424b-9868-57a2d4851a1d" relativeResultsDirectory="6bb9de33-78c2-4021-814b-aadab9f6e4fb" />
    <UnitTestResult executionId="cc7ef503-3d25-4245-b0df-00f607e4aca8" testId="6d19f980-ef8d-bc1f-5044-1e73e326a8c9" testName="UserService.UnitTest.Domain.UserExtensionsTests.ObterNomeCompleto_QuandoAmbosNomesVazios_DeveRetornarStringVazia" computerName="iMac-de-Bruno" duration="00:00:00.0173643" startTime="2025-09-25T19:11:56.9833680-03:00" endTime="2025-09-25T19:11:56.9833680-03:00" testType="13cdc9d9-ddb5-4fa4-a97d-d965ccfc6d4b" outcome="Passed" testListId="8c84fa94-04c1-424b-9868-57a2d4851a1d" relativeResultsDirectory="cc7ef503-3d25-4245-b0df-00f607e4aca8" />
    <UnitTestResult executionId="8764c3ad-f96f-4901-a474-1e5ed900acd3" testId="68cdc102-0b78-aded-7650-e7456cd3fc45" testName="UserService.UnitTest.Application.Commands.LoginUserCommandTests.CriarComando_ComEmailVazio_DevePermitirAtribuicao" computerName="iMac-de-Bruno" duration="00:00:00.0001125" startTime="2025-09-25T19:11:56.8364480-03:00" endTime="2025-09-25T19:11:56.8364480-03:00" testType="13cdc9d9-ddb5-4fa4-a97d-d965ccfc6d4b" outcome="Passed" testListId="8c84fa94-04c1-424b-9868-57a2d4851a1d" relativeResultsDirectory="8764c3ad-f96f-4901-a474-1e5ed900acd3" />
    <UnitTestResult executionId="c0b4d072-2710-46f1-8e0d-240b8ca57f2c" testId="2d6ddca9-e5c9-26e1-c1f8-c0aa5e28dd96" testName="UserService.UnitTest.Application.Dtos.Responses.LoginUserResponseTests.LoginUserResponse_ComTodosValoresVazios_DevePermitirAtribuicao" computerName="iMac-de-Bruno" duration="00:00:00.0040983" startTime="2025-09-25T19:11:57.0973520-03:00" endTime="2025-09-25T19:11:57.0973520-03:00" testType="13cdc9d9-ddb5-4fa4-a97d-d965ccfc6d4b" outcome="Passed" testListId="8c84fa94-04c1-424b-9868-57a2d4851a1d" relativeResultsDirectory="c0b4d072-2710-46f1-8e0d-240b8ca57f2c" />
    <UnitTestResult executionId="44c7b83f-943f-4e44-8708-4daa6c59f01a" testId="43b820b7-5647-d132-d063-6da9f9b3371e" testName="UserService.UnitTest.Application.Services.PasswordEncripterTests.VerifyPassword_ComDiferentesCombinacoes_DeveRetornarResultadoCorreto(originalPassword: &quot;P@ssw0rd!&quot;, testPassword: &quot;P@ssw0rd!&quot;, expectedResult: True)" computerName="iMac-de-Bruno" duration="00:00:00.5881526" startTime="2025-09-25T19:11:58.2441270-03:00" endTime="2025-09-25T19:11:58.2441270-03:00" testType="13cdc9d9-ddb5-4fa4-a97d-d965ccfc6d4b" outcome="Passed" testListId="8c84fa94-04c1-424b-9868-57a2d4851a1d" relativeResultsDirectory="44c7b83f-943f-4e44-8708-4daa6c59f01a" />
    <UnitTestResult executionId="8fc86809-6f2c-47f6-8c35-f43a48b5581e" testId="43c647ac-36a5-f495-7f58-968313b51a91" testName="UserService.UnitTest.Application.Dtos.Keycloak.CreateUserKeycloakTests.CreateUserKeycloak_ComDadosValidos_DeveDefinirPropriedadesCorretamente" computerName="iMac-de-Bruno" duration="00:00:00.0243319" startTime="2025-09-25T19:11:56.9294940-03:00" endTime="2025-09-25T19:11:56.9294950-03:00" testType="13cdc9d9-ddb5-4fa4-a97d-d965ccfc6d4b" outcome="Passed" testListId="8c84fa94-04c1-424b-9868-57a2d4851a1d" relativeResultsDirectory="8fc86809-6f2c-47f6-8c35-f43a48b5581e" />
    <UnitTestResult executionId="41822f4a-b310-44f0-8d3f-78b612851c6f" testId="a59e1625-fe42-9ffa-bcbd-f929f28211e5" testName="UserService.UnitTest.Application.Dtos.Keycloak.LoginUserKeycloakTests.LoginUserKeycloak_ComSenhaVaziaOuEspacos_DevePermitirCriacao(password: &quot;&quot;)" computerName="iMac-de-Bruno" duration="00:00:00.0026076" startTime="2025-09-25T19:11:57.1636180-03:00" endTime="2025-09-25T19:11:57.1636180-03:00" testType="13cdc9d9-ddb5-4fa4-a97d-d965ccfc6d4b" outcome="Passed" testListId="8c84fa94-04c1-424b-9868-57a2d4851a1d" relativeResultsDirectory="41822f4a-b310-44f0-8d3f-78b612851c6f" />
    <UnitTestResult executionId="9be4a48b-c1dd-4c21-9724-545509404f72" testId="4962ca82-da01-aab2-46bc-a4e89d3afecc" testName="UserService.UnitTest.Application.Services.PasswordEncripterTests.VerifyPassword_ComSenhaCorreta_DeveRetornarTrue" computerName="iMac-de-Bruno" duration="00:00:00.2642597" startTime="2025-09-25T19:11:59.5661080-03:00" endTime="2025-09-25T19:11:59.5661080-03:00" testType="13cdc9d9-ddb5-4fa4-a97d-d965ccfc6d4b" outcome="Passed" testListId="8c84fa94-04c1-424b-9868-57a2d4851a1d" relativeResultsDirectory="9be4a48b-c1dd-4c21-9724-545509404f72" />
    <UnitTestResult executionId="64bb8e31-f0cf-44f4-aab6-fda1a4e49bbc" testId="1c704678-463f-c674-d616-2ae71f417d3c" testName="UserService.UnitTest.Application.Commands.LoginUserCommandHandlerTests.Handle_ComTokenExpirado_DeveRetornarNovoToken" computerName="iMac-de-Bruno" duration="00:00:00.0085556" startTime="2025-09-25T19:11:57.2548910-03:00" endTime="2025-09-25T19:11:57.2548910-03:00" testType="13cdc9d9-ddb5-4fa4-a97d-d965ccfc6d4b" outcome="Passed" testListId="8c84fa94-04c1-424b-9868-57a2d4851a1d" relativeResultsDirectory="64bb8e31-f0cf-44f4-aab6-fda1a4e49bbc" />
    <UnitTestResult executionId="2d3bb478-264c-45df-94fa-82f8eeacb3ec" testId="aae218ae-567e-23fa-54aa-9977c35ea489" testName="UserService.UnitTest.Application.Dtos.Responses.LoginUserResponseTests.LoginUserResponse_ComDiferentesCombinacoesDeDados_DeveDefinirPropriedadesCorretamente(accessToken: &quot;token_789&quot;, refreshToken: &quot;refresh_789&quot;, tokenType: &quot;JWT&quot;, expiresIn: 1800)" computerName="iMac-de-Bruno" duration="00:00:00.0079895" startTime="2025-09-25T19:11:57.0140110-03:00" endTime="2025-09-25T19:11:57.0140110-03:00" testType="13cdc9d9-ddb5-4fa4-a97d-d965ccfc6d4b" outcome="Passed" testListId="8c84fa94-04c1-424b-9868-57a2d4851a1d" relativeResultsDirectory="2d3bb478-264c-45df-94fa-82f8eeacb3ec" />
    <UnitTestResult executionId="74c71ee0-c6ec-40c4-90ba-dcc82481539d" testId="ddd1ea0e-e393-c749-0ee2-dc050219f555" testName="UserService.UnitTest.Domain.UserTests.Usuario_QuandoCpfDefinido_DeveAceitarFormatoValido" computerName="iMac-de-Bruno" duration="00:00:00.0110841" startTime="2025-09-25T19:11:57.2024240-03:00" endTime="2025-09-25T19:11:57.2024240-03:00" testType="13cdc9d9-ddb5-4fa4-a97d-d965ccfc6d4b" outcome="Passed" testListId="8c84fa94-04c1-424b-9868-57a2d4851a1d" relativeResultsDirectory="74c71ee0-c6ec-40c4-90ba-dcc82481539d" />
    <UnitTestResult executionId="9219a577-27af-4529-a026-1978b97614ca" testId="c9b85c87-edd6-fc28-1d79-33437f107ab8" testName="UserService.UnitTest.Application.Dtos.Keycloak.CreateUserKeycloakTests.CreateUserKeycloak_ComSenhaVaziaOuEspacos_DevePermitirCriacao(password: &quot;&quot;)" computerName="iMac-de-Bruno" duration="00:00:00.0030588" startTime="2025-09-25T19:11:57.0443390-03:00" endTime="2025-09-25T19:11:57.0443390-03:00" testType="13cdc9d9-ddb5-4fa4-a97d-d965ccfc6d4b" outcome="Passed" testListId="8c84fa94-04c1-424b-9868-57a2d4851a1d" relativeResultsDirectory="9219a577-27af-4529-a026-1978b97614ca" />
    <UnitTestResult executionId="b00570bc-5e23-490c-9897-69ce87cab978" testId="c9240ac8-7223-b2ae-8354-f3ae56247b3c" testName="UserService.UnitTest.Application.Dtos.Responses.LoginUserResponseTests.LoginUserResponse_ComDiferentesTiposDeToken_DevePermitirAtribuicao(tokenType: &quot;jwt&quot;)" computerName="iMac-de-Bruno" duration="00:00:00.0094249" startTime="2025-09-25T19:11:56.8932510-03:00" endTime="2025-09-25T19:11:56.8932510-03:00" testType="13cdc9d9-ddb5-4fa4-a97d-d965ccfc6d4b" outcome="Passed" testListId="8c84fa94-04c1-424b-9868-57a2d4851a1d" relativeResultsDirectory="b00570bc-5e23-490c-9897-69ce87cab978" />
    <UnitTestResult executionId="22f40b7b-6c98-4770-bfcf-f94647f2e2e9" testId="216b8240-df47-df55-a8bc-b11def2680be" testName="UserService.UnitTest.Application.Dtos.Keycloak.LoginUserKeycloakTests.LoginUserKeycloak_DeveSerRecord_ComIgualdadeCorreta" computerName="iMac-de-Bruno" duration="00:00:00.0029932" startTime="2025-09-25T19:11:57.1769870-03:00" endTime="2025-09-25T19:11:57.1769870-03:00" testType="13cdc9d9-ddb5-4fa4-a97d-d965ccfc6d4b" outcome="Passed" testListId="8c84fa94-04c1-424b-9868-57a2d4851a1d" relativeResultsDirectory="22f40b7b-6c98-4770-bfcf-f94647f2e2e9" />
    <UnitTestResult executionId="4a7f4baa-bf43-4c75-9b40-759f539cb6aa" testId="9587565c-e707-a92a-0a82-b6d084a96cdd" testName="UserService.UnitTest.Domain.UserTests.Usuario_QuandoTelefoneDefinido_DeveAceitarFormatoValido" computerName="iMac-de-Bruno" duration="00:00:00.0033537" startTime="2025-09-25T19:11:57.2692120-03:00" endTime="2025-09-25T19:11:57.2692120-03:00" testType="13cdc9d9-ddb5-4fa4-a97d-d965ccfc6d4b" outcome="Passed" testListId="8c84fa94-04c1-424b-9868-57a2d4851a1d" relativeResultsDirectory="4a7f4baa-bf43-4c75-9b40-759f539cb6aa" />
    <UnitTestResult executionId="29a6ad7d-7d69-4e30-9389-a9830e852c50" testId="800ab87e-4e31-82bd-9e61-5fa311d33f8d" testName="UserService.UnitTest.Application.Dtos.Keycloak.CreateUserKeycloakTests.CreateUserKeycloak_ComSenhaNula_DevePermitirCriacao" computerName="iMac-de-Bruno" duration="00:00:00.0024907" startTime="2025-09-25T19:11:57.0925680-03:00" endTime="2025-09-25T19:11:57.0925680-03:00" testType="13cdc9d9-ddb5-4fa4-a97d-d965ccfc6d4b" outcome="Passed" testListId="8c84fa94-04c1-424b-9868-57a2d4851a1d" relativeResultsDirectory="29a6ad7d-7d69-4e30-9389-a9830e852c50" />
    <UnitTestResult executionId="89416927-4948-430e-a4ad-fbcb8fefd159" testId="acab582f-6225-ac34-6f12-d725784a465c" testName="UserService.UnitTest.Application.Commands.LoginUserCommandHandlerTests.Handle_ComCancelationToken_DevePassarTokenParaKeycloak" computerName="iMac-de-Bruno" duration="00:00:00.0115630" startTime="2025-09-25T19:11:57.2135410-03:00" endTime="2025-09-25T19:11:57.2135410-03:00" testType="13cdc9d9-ddb5-4fa4-a97d-d965ccfc6d4b" outcome="Passed" testListId="8c84fa94-04c1-424b-9868-57a2d4851a1d" relativeResultsDirectory="89416927-4948-430e-a4ad-fbcb8fefd159" />
    <UnitTestResult executionId="69ba6e30-395b-4841-85cc-e920545a993a" testId="742be29e-54ad-e490-38da-22b62f24307c" testName="UserService.UnitTest.Application.Services.PasswordEncripterTests.VerifyPassword_ComDiferentesCombinacoes_DeveRetornarResultadoCorreto(originalPassword: &quot;senha123&quot;, testPassword: &quot;senha123&quot;, expectedResult: True)" computerName="iMac-de-Bruno" duration="00:00:00.2719291" startTime="2025-09-25T19:11:58.5162620-03:00" endTime="2025-09-25T19:11:58.5162620-03:00" testType="13cdc9d9-ddb5-4fa4-a97d-d965ccfc6d4b" outcome="Passed" testListId="8c84fa94-04c1-424b-9868-57a2d4851a1d" relativeResultsDirectory="69ba6e30-395b-4841-85cc-e920545a993a" />
    <UnitTestResult executionId="ec3ddf04-cc98-4634-812a-833b55bfb797" testId="b7851f75-cf1b-778a-1103-796d63a4420d" testName="UserService.UnitTest.Application.Dtos.Keycloak.LoginUserKeycloakTests.LoginUserKeycloak_ComCaracteresUnicode_DevePermitirCriacao" computerName="iMac-de-Bruno" duration="00:00:00.0016004" startTime="2025-09-25T19:11:57.1786570-03:00" endTime="2025-09-25T19:11:57.1786570-03:00" testType="13cdc9d9-ddb5-4fa4-a97d-d965ccfc6d4b" outcome="Passed" testListId="8c84fa94-04c1-424b-9868-57a2d4851a1d" relativeResultsDirectory="ec3ddf04-cc98-4634-812a-833b55bfb797" />
    <UnitTestResult executionId="0f084cfb-ece3-4f78-8205-317d9761b29e" testId="6765ccef-ec2d-9a3b-bf9d-f6ba1b86f954" testName="UserService.UnitTest.Application.Dtos.Responses.LoginUserResponseTests.LoginUserResponse_ComDiferentesTiposDeToken_DevePermitirAtribuicao(tokenType: &quot;JWT&quot;)" computerName="iMac-de-Bruno" duration="00:00:00.0084444" startTime="2025-09-25T19:11:56.8641590-03:00" endTime="2025-09-25T19:11:56.8641600-03:00" testType="13cdc9d9-ddb5-4fa4-a97d-d965ccfc6d4b" outcome="Passed" testListId="8c84fa94-04c1-424b-9868-57a2d4851a1d" relativeResultsDirectory="0f084cfb-ece3-4f78-8205-317d9761b29e" />
    <UnitTestResult executionId="77681e59-2bf2-48b8-a0fe-d5b53557f559" testId="f601ccbc-f153-73b7-b905-98210b7bdf42" testName="UserService.UnitTest.Application.Dtos.Responses.LoginUserResponseTests.LoginUserResponse_ComDadosValidos_DeveDefinirPropriedadesCorretamente" computerName="iMac-de-Bruno" duration="00:00:00.0018671" startTime="2025-09-25T19:11:57.0821010-03:00" endTime="2025-09-25T19:11:57.0821020-03:00" testType="13cdc9d9-ddb5-4fa4-a97d-d965ccfc6d4b" outcome="Passed" testListId="8c84fa94-04c1-424b-9868-57a2d4851a1d" relativeResultsDirectory="77681e59-2bf2-48b8-a0fe-d5b53557f559" />
    <UnitTestResult executionId="66152c41-4b41-4c87-9873-44d5c8a725c6" testId="8b4feff8-524d-e5f0-2b1a-0eced3e687c2" testName="UserService.UnitTest.Application.Services.PasswordEncripterTests.VerifyPassword_ComDiferentesCombinacoes_DeveRetornarResultadoCorreto(originalPassword: &quot;P@ssw0rd!&quot;, testPassword: &quot;P@ssw0rd?&quot;, expectedResult: False)" computerName="iMac-de-Bruno" duration="00:00:00.2643920" startTime="2025-09-25T19:11:58.7807080-03:00" endTime="2025-09-25T19:11:58.7807090-03:00" testType="13cdc9d9-ddb5-4fa4-a97d-d965ccfc6d4b" outcome="Passed" testListId="8c84fa94-04c1-424b-9868-57a2d4851a1d" relativeResultsDirectory="66152c41-4b41-4c87-9873-44d5c8a725c6" />
    <UnitTestResult executionId="73ae0798-1af6-43ed-bec4-4ba5c2ceff2f" testId="69cb5bae-b64d-0b6e-2d07-1d52f3e6a652" testName="UserService.UnitTest.Application.Commands.CreateUserCommandTests.CriarComando_ComDiferentesCombinacoes_DeveDefinirPropriedadesCorretamente(firstName: &quot;Maria&quot;, lastName: &quot;Santos&quot;, email: &quot;maria@teste.com&quot;, password: &quot;OutraSenh@456&quot;, newsletterOptIn: False)" computerName="iMac-de-Bruno" duration="00:00:00.0003083" startTime="2025-09-25T19:11:56.8364300-03:00" endTime="2025-09-25T19:11:56.8364300-03:00" testType="13cdc9d9-ddb5-4fa4-a97d-d965ccfc6d4b" outcome="Passed" testListId="8c84fa94-04c1-424b-9868-57a2d4851a1d" relativeResultsDirectory="73ae0798-1af6-43ed-bec4-4ba5c2ceff2f" />
    <UnitTestResult executionId="44ce92cd-9fab-41bc-aef5-ef38305e1c93" testId="ead62057-8fe9-f841-c449-ad4098aa83d7" testName="UserService.UnitTest.Application.Dtos.Responses.LoginUserResponseTests.LoginUserResponse_ComDiferentesCombinacoesDeDados_DeveDefinirPropriedadesCorretamente(accessToken: &quot;access_token_456&quot;, refreshToken: &quot;eyJhbGciOiJIUzI1NiIsInR5cCI6IkpXVCJ9&quot;, tokenType: &quot;bearer&quot;, expiresIn: 7200)" computerName="iMac-de-Bruno" duration="00:00:00.0021293" startTime="2025-09-25T19:11:57.0161920-03:00" endTime="2025-09-25T19:11:57.0161920-03:00" testType="13cdc9d9-ddb5-4fa4-a97d-d965ccfc6d4b" outcome="Passed" testListId="8c84fa94-04c1-424b-9868-57a2d4851a1d" relativeResultsDirectory="44ce92cd-9fab-41bc-aef5-ef38305e1c93" />
    <UnitTestResult executionId="61a2081b-6314-426c-8e4e-51c8bc6aa6af" testId="0c48391f-be0c-8965-413f-2e78d8b8e6c2" testName="UserService.UnitTest.Application.Dtos.Keycloak.LoginUserKeycloakTests.LoginUserKeycloak_ComSenhaNula_DevePermitirCriacao" computerName="iMac-de-Bruno" duration="00:00:00.0016635" startTime="2025-09-25T19:11:57.2164990-03:00" endTime="2025-09-25T19:11:57.2164990-03:00" testType="13cdc9d9-ddb5-4fa4-a97d-d965ccfc6d4b" outcome="Passed" testListId="8c84fa94-04c1-424b-9868-57a2d4851a1d" relativeResultsDirectory="61a2081b-6314-426c-8e4e-51c8bc6aa6af" />
    <UnitTestResult executionId="86cac421-d198-4665-bf30-53327ebb5e54" testId="e94e9e48-4109-66a8-d8d8-eba19f7e0e5d" testName="UserService.UnitTest.Application.Dtos.Responses.LoginUserResponseTests.LoginUserResponse_ComAccessTokenNulo_DevePermitirAtribuicao" computerName="iMac-de-Bruno" duration="00:00:00.0024472" startTime="2025-09-25T19:11:57.0340440-03:00" endTime="2025-09-25T19:11:57.0340440-03:00" testType="13cdc9d9-ddb5-4fa4-a97d-d965ccfc6d4b" outcome="Passed" testListId="8c84fa94-04c1-424b-9868-57a2d4851a1d" relativeResultsDirectory="86cac421-d198-4665-bf30-53327ebb5e54" />
    <UnitTestResult executionId="0015e6e0-e2ea-405c-8652-7b0e68255a98" testId="438d9816-90e7-c5aa-584c-a5a27cabf72a" testName="UserService.UnitTest.Application.Dtos.Requests.CreateUserRequestTests.CreateUserRequest_ComNomeNulo_DevePermitirAtribuicao" computerName="iMac-de-Bruno" duration="00:00:00.0087373" startTime="2025-09-25T19:11:57.0250850-03:00" endTime="2025-09-25T19:11:57.0250850-03:00" testType="13cdc9d9-ddb5-4fa4-a97d-d965ccfc6d4b" outcome="Passed" testListId="8c84fa94-04c1-424b-9868-57a2d4851a1d" relativeResultsDirectory="0015e6e0-e2ea-405c-8652-7b0e68255a98" />
    <UnitTestResult executionId="41d58317-1fe4-4fd9-9e49-32c9c152cabb" testId="bd897cf6-b359-a5cf-c938-32be8844fb0a" testName="UserService.UnitTest.Domain.UserTests.Usuario_QuandoCriado_DeveConterValoresPadrao" computerName="iMac-de-Bruno" duration="00:00:00.0050269" startTime="2025-09-25T19:11:57.2739070-03:00" endTime="2025-09-25T19:11:57.2739080-03:00" testType="13cdc9d9-ddb5-4fa4-a97d-d965ccfc6d4b" outcome="Passed" testListId="8c84fa94-04c1-424b-9868-57a2d4851a1d" relativeResultsDirectory="41d58317-1fe4-4fd9-9e49-32c9c152cabb" />
    <UnitTestResult executionId="a1809c83-0be7-47e4-a098-12ca217bbf33" testId="b9ac6a1b-ee8a-094a-ffba-407fb51c3368" testName="UserService.UnitTest.Application.Dtos.Requests.LoginUserRequestTests.LoginUserRequest_ComSenhaVaziaOuEspacos_DevePermitirAtribuicao(password: &quot; &quot;)" computerName="iMac-de-Bruno" duration="00:00:00.0021335" startTime="2025-09-25T19:11:57.0401570-03:00" endTime="2025-09-25T19:11:57.0401570-03:00" testType="13cdc9d9-ddb5-4fa4-a97d-d965ccfc6d4b" outcome="Passed" testListId="8c84fa94-04c1-424b-9868-57a2d4851a1d" relativeResultsDirectory="a1809c83-0be7-47e4-a098-12ca217bbf33" />
    <UnitTestResult executionId="1a973bc5-080c-4698-9507-549838aae64d" testId="de562b09-2c5e-f09c-fd30-893f727481c2" testName="UserService.UnitTest.Application.Dtos.Requests.CreateUserRequestTests.CreateUserRequest_ComDadosValidos_DeveDefinirPropriedadesCorretamente" computerName="iMac-de-Bruno" duration="00:00:00.0358136" startTime="2025-09-25T19:11:56.9295590-03:00" endTime="2025-09-25T19:11:56.9295590-03:00" testType="13cdc9d9-ddb5-4fa4-a97d-d965ccfc6d4b" outcome="Passed" testListId="8c84fa94-04c1-424b-9868-57a2d4851a1d" relativeResultsDirectory="1a973bc5-080c-4698-9507-549838aae64d" />
    <UnitTestResult executionId="2037981b-71ba-4fdd-bddd-36e3101d8b8a" testId="62979e70-b562-7bcf-8302-f965de4271f9" testName="UserService.UnitTest.Application.Services.KeycloakServiceTests.LoginAsync_ComCredenciaisInvalidas_DeveLancarKeycloakException" computerName="iMac-de-Bruno" duration="00:00:00.0054171" startTime="2025-09-25T19:11:57.2874040-03:00" endTime="2025-09-25T19:11:57.2874040-03:00" testType="13cdc9d9-ddb5-4fa4-a97d-d965ccfc6d4b" outcome="Passed" testListId="8c84fa94-04c1-424b-9868-57a2d4851a1d" relativeResultsDirectory="2037981b-71ba-4fdd-bddd-36e3101d8b8a" />
    <UnitTestResult executionId="e3b67f0c-d2db-43b2-94b1-109f6ff65a31" testId="634cab5d-65e2-e851-73ca-27de73ab3cf8" testName="UserService.UnitTest.Application.Dtos.Requests.LoginUserRequestTests.LoginUserRequest_ComEmailsEspeciais_DevePermitirAtribuicao" computerName="iMac-de-Bruno" duration="00:00:00.0070711" startTime="2025-09-25T19:11:57.0500830-03:00" endTime="2025-09-25T19:11:57.0500830-03:00" testType="13cdc9d9-ddb5-4fa4-a97d-d965ccfc6d4b" outcome="Passed" testListId="8c84fa94-04c1-424b-9868-57a2d4851a1d" relativeResultsDirectory="e3b67f0c-d2db-43b2-94b1-109f6ff65a31" />
    <UnitTestResult executionId="83247547-86f5-40da-905f-f435e10b30a5" testId="9299e862-b0a5-f8a1-d40d-507b3a421874" testName="UserService.UnitTest.Application.Dtos.Responses.CreateUserResponseTests.CreateUserResponse_ComModificacaoAposInicializacao_DevePermitirAlteracao" computerName="iMac-de-Bruno" duration="00:00:00.0089199" startTime="2025-09-25T19:11:56.8666240-03:00" endTime="2025-09-25T19:11:56.8666240-03:00" testType="13cdc9d9-ddb5-4fa4-a97d-d965ccfc6d4b" outcome="Passed" testListId="8c84fa94-04c1-424b-9868-57a2d4851a1d" relativeResultsDirectory="83247547-86f5-40da-905f-f435e10b30a5" />
    <UnitTestResult executionId="447f2289-f351-4287-9f7a-eb665c4e782d" testId="c5503723-d274-6d3e-f29b-d6aa6e37dd4d" testName="UserService.UnitTest.Application.Services.PasswordEncripterTests.EncryptPassword_ComDiferentesSenhas_DeveRetornarHashesValidos(password: &quot;P@ssw0rd!&quot;)" computerName="iMac-de-Bruno" duration="00:00:00.1303643" startTime="2025-09-25T19:11:59.6964900-03:00" endTime="2025-09-25T19:11:59.6964900-03:00" testType="13cdc9d9-ddb5-4fa4-a97d-d965ccfc6d4b" outcome="Passed" testListId="8c84fa94-04c1-424b-9868-57a2d4851a1d" relativeResultsDirectory="447f2289-f351-4287-9f7a-eb665c4e782d" />
    <UnitTestResult executionId="3a92221f-a3c3-464b-92b4-b6b7472c860e" testId="bb0d1e24-a3f4-bb68-7cb3-7cb15a9260e0" testName="UserService.UnitTest.Application.Dtos.Responses.LoginUserResponseTests.LoginUserResponse_ComExpiresInNegativoOuZero_DevePermitirAtribuicao(expiresIn: -1)" computerName="iMac-de-Bruno" duration="00:00:00.0025454" startTime="2025-09-25T19:11:57.0443100-03:00" endTime="2025-09-25T19:11:57.0443100-03:00" testType="13cdc9d9-ddb5-4fa4-a97d-d965ccfc6d4b" outcome="Passed" testListId="8c84fa94-04c1-424b-9868-57a2d4851a1d" relativeResultsDirectory="3a92221f-a3c3-464b-92b4-b6b7472c860e" />
    <UnitTestResult executionId="5bd8ab7f-daf8-4075-b0fc-cd96d529b2f2" testId="4a337eb1-d6fd-e7af-b760-c85c1072731f" testName="UserService.UnitTest.Application.Dtos.Keycloak.CreateUserKeycloakTests.CreateUserKeycloak_ComDiferentesCombinacoesDeDados_DeveDefinirPropriedadesCorretamente(email: &quot;admin@company.net&quot;, password: &quot;admin123&quot;, firstName: &quot;Pedro&quot;, lastName: &quot;Oliveira&quot;, enabled: True)" computerName="iMac-de-Bruno" duration="00:00:00.0115742" startTime="2025-09-25T19:11:56.8924980-03:00" endTime="2025-09-25T19:11:56.8924980-03:00" testType="13cdc9d9-ddb5-4fa4-a97d-d965ccfc6d4b" outcome="Passed" testListId="8c84fa94-04c1-424b-9868-57a2d4851a1d" relativeResultsDirectory="5bd8ab7f-daf8-4075-b0fc-cd96d529b2f2" />
    <UnitTestResult executionId="0d563032-a95a-4522-be32-7cad712542c2" testId="7941353a-f8ea-7b06-dce7-e997d2179900" testName="UserService.UnitTest.Application.Dtos.Responses.CreateUserResponseTests.CreateUserResponse_ComEmailsEspeciais_DevePermitirAtribuicao" computerName="iMac-de-Bruno" duration="00:00:00.0024068" startTime="2025-09-25T19:11:56.9045050-03:00" endTime="2025-09-25T19:11:56.9045050-03:00" testType="13cdc9d9-ddb5-4fa4-a97d-d965ccfc6d4b" outcome="Passed" testListId="8c84fa94-04c1-424b-9868-57a2d4851a1d" relativeResultsDirectory="0d563032-a95a-4522-be32-7cad712542c2" />
    <UnitTestResult executionId="0ea2b692-1836-408b-8ddc-f108763cf8ee" testId="e33addc7-21b5-57ef-72f7-0fff7fcb126d" testName="UserService.UnitTest.Application.Dtos.Keycloak.CreateUserKeycloakTests.CreateUserKeycloak_ComDiferentesValoresEnabled_DeveDefinirCorretamente(enabled: False)" computerName="iMac-de-Bruno" duration="00:00:00.0033433" startTime="2025-09-25T19:11:57.0548740-03:00" endTime="2025-09-25T19:11:57.0548740-03:00" testType="13cdc9d9-ddb5-4fa4-a97d-d965ccfc6d4b" outcome="Passed" testListId="8c84fa94-04c1-424b-9868-57a2d4851a1d" relativeResultsDirectory="0ea2b692-1836-408b-8ddc-f108763cf8ee" />
    <UnitTestResult executionId="48029250-2402-4376-b87a-87d024f42318" testId="754d74b5-9f62-1c41-8e5d-2dd8b5f59b70" testName="UserService.UnitTest.Application.Dtos.Keycloak.LoginUserKeycloakTests.LoginUserKeycloak_ComEmailsEspeciais_DevePermitirCriacao" computerName="iMac-de-Bruno" duration="00:00:00.0069402" startTime="2025-09-25T19:11:57.2125170-03:00" endTime="2025-09-25T19:11:57.2125170-03:00" testType="13cdc9d9-ddb5-4fa4-a97d-d965ccfc6d4b" outcome="Passed" testListId="8c84fa94-04c1-424b-9868-57a2d4851a1d" relativeResultsDirectory="48029250-2402-4376-b87a-87d024f42318" />
    <UnitTestResult executionId="5e1fe0c5-8875-42c5-9a54-d2bfc4faf846" testId="177c4f00-d318-dd96-9df5-bf4c4ce41fca" testName="UserService.UnitTest.Application.Dtos.Responses.CreateUserResponseTests.CreateUserResponse_ComDataCreatedAtMinValue_DevePermitirAtribuicao" computerName="iMac-de-Bruno" duration="00:00:00.0077408" startTime="2025-09-25T19:11:56.9020160-03:00" endTime="2025-09-25T19:11:56.9020160-03:00" testType="13cdc9d9-ddb5-4fa4-a97d-d965ccfc6d4b" outcome="Passed" testListId="8c84fa94-04c1-424b-9868-57a2d4851a1d" relativeResultsDirectory="5e1fe0c5-8875-42c5-9a54-d2bfc4faf846" />
    <UnitTestResult executionId="4e190554-fa1c-4bcf-ba16-514cd389ed64" testId="009779f3-5c3d-dc58-740e-b1f2d7abf61c" testName="UserService.UnitTest.Application.Dtos.Requests.CreateUserRequestTests.CreateUserRequest_ComValoresPadrao_DeveInicializarPropriedadesCorretamente" computerName="iMac-de-Bruno" duration="00:00:00.0023398" startTime="2025-09-25T19:11:57.0348340-03:00" endTime="2025-09-25T19:11:57.0348340-03:00" testType="13cdc9d9-ddb5-4fa4-a97d-d965ccfc6d4b" outcome="Passed" testListId="8c84fa94-04c1-424b-9868-57a2d4851a1d" relativeResultsDirectory="4e190554-fa1c-4bcf-ba16-514cd389ed64" />
    <UnitTestResult executionId="e2c71c69-84a9-4c51-b81e-c3f62e51333d" testId="7ecbc807-4ca7-8eb2-8a35-043115ffccdd" testName="UserService.UnitTest.Domain.UserTests.Usuario_QuandoStatusDefinido_DeveAceitarStatusValidos(status: Inativo)" computerName="iMac-de-Bruno" duration="00:00:00.0116258" startTime="2025-09-25T19:11:57.1569220-03:00" endTime="2025-09-25T19:11:57.1569220-03:00" testType="13cdc9d9-ddb5-4fa4-a97d-d965ccfc6d4b" outcome="Passed" testListId="8c84fa94-04c1-424b-9868-57a2d4851a1d" relativeResultsDirectory="e2c71c69-84a9-4c51-b81e-c3f62e51333d" />
    <UnitTestResult executionId="8789f61a-2873-4585-8b0e-d4bd39b2bd95" testId="87e23f8d-e70f-363d-9c8c-54c8a64e43d4" testName="UserService.UnitTest.Application.Commands.CreateUserCommandTests.CriarComando_ComDiferentesCombinacoes_DeveDefinirPropriedadesCorretamente(firstName: &quot;Pedro&quot;, lastName: &quot;Oliveira&quot;, email: &quot;pedro@exemplo.com&quot;, password: &quot;MinhaSenh@789&quot;, newsletterOptIn: True)" computerName="iMac-de-Bruno" duration="00:00:00.0003253" startTime="2025-09-25T19:11:56.8364840-03:00" endTime="2025-09-25T19:11:56.8364840-03:00" testType="13cdc9d9-ddb5-4fa4-a97d-d965ccfc6d4b" outcome="Passed" testListId="8c84fa94-04c1-424b-9868-57a2d4851a1d" relativeResultsDirectory="8789f61a-2873-4585-8b0e-d4bd39b2bd95" />
    <UnitTestResult executionId="1c4adde4-bc8a-48ce-9288-26f4ff3a5d19" testId="2e34d629-a46e-48e7-0407-be18d7e17c76" testName="UserService.UnitTest.Application.Dtos.Requests.CreateUserRequestTests.CreateUserRequest_ComNomesComCaracteresEspeciais_DevePermitirAtribuicao" computerName="iMac-de-Bruno" duration="00:00:00.0080795" startTime="2025-09-25T19:11:57.0429780-03:00" endTime="2025-09-25T19:11:57.0429780-03:00" testType="13cdc9d9-ddb5-4fa4-a97d-d965ccfc6d4b" outcome="Passed" testListId="8c84fa94-04c1-424b-9868-57a2d4851a1d" relativeResultsDirectory="1c4adde4-bc8a-48ce-9288-26f4ff3a5d19" />
    <UnitTestResult executionId="ced11559-27bf-4365-ac39-ed8c212eb2b1" testId="6ec4b983-e011-ac76-c70f-ccb20e8cd36d" testName="UserService.UnitTest.Domain.UserAddressExtensionsTests.ObterEnderecoFormatado_QuandoTodosCamposPreenchidos_DeveRetornarEnderecoCompletoFormatado" computerName="iMac-de-Bruno" duration="00:00:00.0154350" startTime="2025-09-25T19:11:56.8798790-03:00" endTime="2025-09-25T19:11:56.8798790-03:00" testType="13cdc9d9-ddb5-4fa4-a97d-d965ccfc6d4b" outcome="Passed" testListId="8c84fa94-04c1-424b-9868-57a2d4851a1d" relativeResultsDirectory="ced11559-27bf-4365-ac39-ed8c212eb2b1" />
    <UnitTestResult executionId="76c0acce-4ce0-4697-8689-cac32e7d76cb" testId="415ca712-1aa2-06e2-e263-63f760b6c085" testName="UserService.UnitTest.Application.Dtos.Requests.CreateUserRequestTests.CreateUserRequest_ComTelefoneNulo_DevePermitirAtribuicao" computerName="iMac-de-Bruno" duration="00:00:00.0070125" startTime="2025-09-25T19:11:57.0055910-03:00" endTime="2025-09-25T19:11:57.0055910-03:00" testType="13cdc9d9-ddb5-4fa4-a97d-d965ccfc6d4b" outcome="Passed" testListId="8c84fa94-04c1-424b-9868-57a2d4851a1d" relativeResultsDirectory="76c0acce-4ce0-4697-8689-cac32e7d76cb" />
    <UnitTestResult executionId="3fc11e39-36ff-4386-80be-2d45de88ab28" testId="00a0325e-b219-1db4-5680-42c714d4d7b7" testName="UserService.UnitTest.Domain.UserAddressExtensionsTests.ObterEnderecoFormatado_QuandoComplementoNulo_DeveRetornarEnderecoFormatadoSemComplemento" computerName="iMac-de-Bruno" duration="00:00:00.0089682" startTime="2025-09-25T19:11:56.8642310-03:00" endTime="2025-09-25T19:11:56.8642310-03:00" testType="13cdc9d9-ddb5-4fa4-a97d-d965ccfc6d4b" outcome="Passed" testListId="8c84fa94-04c1-424b-9868-57a2d4851a1d" relativeResultsDirectory="3fc11e39-36ff-4386-80be-2d45de88ab28" />
    <UnitTestResult executionId="b9971280-ea7f-442a-9450-ec9e9b6563c0" testId="f1dfa061-45cf-ad83-4ed2-9af27658c2d2" testName="UserService.UnitTest.Application.Services.PasswordEncripterTests.VerifyPassword_ComSenhaNula_DeveLancarExcecao" computerName="iMac-de-Bruno" duration="00:00:00.1307459" startTime="2025-09-25T19:12:01.8631880-03:00" endTime="2025-09-25T19:12:01.8631890-03:00" testType="13cdc9d9-ddb5-4fa4-a97d-d965ccfc6d4b" outcome="Passed" testListId="8c84fa94-04c1-424b-9868-57a2d4851a1d" relativeResultsDirectory="b9971280-ea7f-442a-9450-ec9e9b6563c0" />
    <UnitTestResult executionId="93fb49bd-8fd7-464b-9e62-b957de387535" testId="6974fed6-7f35-242d-e3df-a93c0def144e" testName="UserService.UnitTest.Application.Dtos.Requests.CreateUserRequestTests.CreateUserRequest_ComEmailNulo_DevePermitirAtribuicao" computerName="iMac-de-Bruno" duration="00:00:00.0072480" startTime="2025-09-25T19:11:57.0324050-03:00" endTime="2025-09-25T19:11:57.0324050-03:00" testType="13cdc9d9-ddb5-4fa4-a97d-d965ccfc6d4b" outcome="Passed" testListId="8c84fa94-04c1-424b-9868-57a2d4851a1d" relativeResultsDirectory="93fb49bd-8fd7-464b-9e62-b957de387535" />
    <UnitTestResult executionId="17b45be2-44bf-4046-b28d-9f5b94b8382b" testId="5f112932-e4a3-e21b-c96c-cffdbc816fb8" testName="UserService.UnitTest.Application.Dtos.Keycloak.LoginUserKeycloakTests.LoginUserKeycloak_ComDiferentesCombinacoesDeDados_DeveDefinirPropriedadesCorretamente(email: &quot;usuario@empresa.com.br&quot;, password: &quot;senha456&quot;)" computerName="iMac-de-Bruno" duration="00:00:00.0143980" startTime="2025-09-25T19:11:56.9972140-03:00" endTime="2025-09-25T19:11:56.9972140-03:00" testType="13cdc9d9-ddb5-4fa4-a97d-d965ccfc6d4b" outcome="Passed" testListId="8c84fa94-04c1-424b-9868-57a2d4851a1d" relativeResultsDirectory="17b45be2-44bf-4046-b28d-9f5b94b8382b" />
    <UnitTestResult executionId="fc3212d7-c1c4-4cac-908b-0f5cf302af58" testId="6c2097a4-bfd2-7cff-6d6c-a01d2699075f" testName="UserService.UnitTest.Application.Dtos.Requests.LoginUserRequestTests.LoginUserRequest_ComDadosGeradosPorFaker_DeveDefinirPropriedadesCorretamente" computerName="iMac-de-Bruno" duration="00:00:00.0439801" startTime="2025-09-25T19:11:56.9371750-03:00" endTime="2025-09-25T19:11:56.9371750-03:00" testType="13cdc9d9-ddb5-4fa4-a97d-d965ccfc6d4b" outcome="Passed" testListId="8c84fa94-04c1-424b-9868-57a2d4851a1d" relativeResultsDirectory="fc3212d7-c1c4-4cac-908b-0f5cf302af58" />
    <UnitTestResult executionId="7d50094d-a888-46f8-9e6f-a968bd51e73d" testId="06eb3a68-60dc-b444-9f0c-a9219a04835f" testName="UserService.UnitTest.Application.Services.PasswordEncripterTests.EncryptPassword_ComDiferentesSenhas_DeveRetornarHashesValidos(password: &quot;123456789&quot;)" computerName="iMac-de-Bruno" duration="00:00:00.1301450" startTime="2025-09-25T19:12:00.2931260-03:00" endTime="2025-09-25T19:12:00.2931260-03:00" testType="13cdc9d9-ddb5-4fa4-a97d-d965ccfc6d4b" outcome="Passed" testListId="8c84fa94-04c1-424b-9868-57a2d4851a1d" relativeResultsDirectory="7d50094d-a888-46f8-9e6f-a968bd51e73d" />
    <UnitTestResult executionId="22c08930-5700-41bc-90d7-483be96b3040" testId="90c63f74-3282-2911-4a3a-7a9b7bbc7867" testName="UserService.UnitTest.Application.Dtos.Keycloak.CreateUserKeycloakTests.CreateUserKeycloak_ComEmailVazioOuEspacos_DevePermitirCriacao(email: &quot;&quot;)" computerName="iMac-de-Bruno" duration="00:00:00.0097471" startTime="2025-09-25T19:11:56.8543780-03:00" endTime="2025-09-25T19:11:56.8543780-03:00" testType="13cdc9d9-ddb5-4fa4-a97d-d965ccfc6d4b" outcome="Passed" testListId="8c84fa94-04c1-424b-9868-57a2d4851a1d" relativeResultsDirectory="22c08930-5700-41bc-90d7-483be96b3040" />
    <UnitTestResult executionId="01d8fc08-1ca4-42bd-a4a3-62a7adf67ac3" testId="a3e5643c-9355-5ef0-9fdd-663141e30ddc" testName="UserService.UnitTest.Application.Dtos.Requests.CreateUserRequestTests.CreateUserRequest_ComEmailVazioOuEspacos_DevePermitirAtribuicao(email: &quot; &quot;)" computerName="iMac-de-Bruno" duration="00:00:00.0097064" startTime="2025-09-25T19:11:56.8544230-03:00" endTime="2025-09-25T19:11:56.8544240-03:00" testType="13cdc9d9-ddb5-4fa4-a97d-d965ccfc6d4b" outcome="Passed" testListId="8c84fa94-04c1-424b-9868-57a2d4851a1d" relativeResultsDirectory="01d8fc08-1ca4-42bd-a4a3-62a7adf67ac3" />
    <UnitTestResult executionId="0045e48a-0a5a-4344-b9a2-5c8de6f1454d" testId="93cf9568-02cf-a7ef-7bf3-1c1b12265775" testName="UserService.UnitTest.Application.Dtos.Requests.CreateUserRequestTests.CreateUserRequest_ComEmailVazioOuEspacos_DevePermitirAtribuicao(email: &quot;   &quot;)" computerName="iMac-de-Bruno" duration="00:00:00.0761725" startTime="2025-09-25T19:11:56.8446470-03:00" endTime="2025-09-25T19:11:56.8446470-03:00" testType="13cdc9d9-ddb5-4fa4-a97d-d965ccfc6d4b" outcome="Passed" testListId="8c84fa94-04c1-424b-9868-57a2d4851a1d" relativeResultsDirectory="0045e48a-0a5a-4344-b9a2-5c8de6f1454d" />
    <UnitTestResult executionId="bcffec17-d8c5-4977-b4f5-54a3edff975b" testId="bc52523d-1094-382a-cf53-85f7b7340e87" testName="UserService.UnitTest.Application.Dtos.Keycloak.LoginUserKeycloakTests.LoginUserKeycloak_ComSenhasDeComprimentosVariados_DevePermitirCriacao" computerName="iMac-de-Bruno" duration="00:00:00.0021682" startTime="2025-09-25T19:11:57.2147740-03:00" endTime="2025-09-25T19:11:57.2147750-03:00" testType="13cdc9d9-ddb5-4fa4-a97d-d965ccfc6d4b" outcome="Passed" testListId="8c84fa94-04c1-424b-9868-57a2d4851a1d" relativeResultsDirectory="bcffec17-d8c5-4977-b4f5-54a3edff975b" />
    <UnitTestResult executionId="d9438afd-ec65-4dd5-9181-c5e35285e790" testId="a30d56a5-15c9-b03d-3d85-2e961a7c1a18" testName="UserService.UnitTest.Application.Dtos.Keycloak.LoginUserKeycloakTests.LoginUserKeycloak_ComCaracteresDeControle_DevePermitirCriacao(email: &quot;\r&quot;, password: &quot;\r&quot;)" computerName="iMac-de-Bruno" duration="00:00:00.0094445" startTime="2025-09-25T19:11:57.1580020-03:00" endTime="2025-09-25T19:11:57.1580020-03:00" testType="13cdc9d9-ddb5-4fa4-a97d-d965ccfc6d4b" outcome="Passed" testListId="8c84fa94-04c1-424b-9868-57a2d4851a1d" relativeResultsDirectory="d9438afd-ec65-4dd5-9181-c5e35285e790" />
    <UnitTestResult executionId="0af550de-6033-4ae7-84f1-146af827e154" testId="4436b52f-e223-af1e-ebed-65a03d230b7b" testName="UserService.UnitTest.Application.Dtos.Responses.LoginUserResponseTests.LoginUserResponse_ComExpiresInPositivo_DevePermitirAtribuicao(expiresIn: 86400)" computerName="iMac-de-Bruno" duration="00:00:00.0013626" startTime="2025-09-25T19:11:56.9148520-03:00" endTime="2025-09-25T19:11:56.9148520-03:00" testType="13cdc9d9-ddb5-4fa4-a97d-d965ccfc6d4b" outcome="Passed" testListId="8c84fa94-04c1-424b-9868-57a2d4851a1d" relativeResultsDirectory="0af550de-6033-4ae7-84f1-146af827e154" />
    <UnitTestResult executionId="24f16c82-d1b1-4431-9a91-c58d21a69fc3" testId="eee2f393-fda3-ea94-c73b-e4971c0ece61" testName="UserService.UnitTest.Application.Dtos.Requests.LoginUserRequestTests.LoginUserRequest_ComDiferentesCombinacoesDeDados_DeveDefinirPropriedadesCorretamente(email: &quot;cliente@loja.com.br&quot;, password: &quot;senha456&quot;)" computerName="iMac-de-Bruno" duration="00:00:00.0024109" startTime="2025-09-25T19:11:57.0042830-03:00" endTime="2025-09-25T19:11:57.0042830-03:00" testType="13cdc9d9-ddb5-4fa4-a97d-d965ccfc6d4b" outcome="Passed" testListId="8c84fa94-04c1-424b-9868-57a2d4851a1d" relativeResultsDirectory="24f16c82-d1b1-4431-9a91-c58d21a69fc3" />
    <UnitTestResult executionId="535de412-215c-4fe6-930d-37730ada79bd" testId="2aa59a7e-a129-de74-a7d8-c821b33e35fe" testName="UserService.UnitTest.Application.Dtos.Requests.CreateUserRequestTests.CreateUserRequest_ComEmailVazioOuEspacos_DevePermitirAtribuicao(email: &quot;&quot;)" computerName="iMac-de-Bruno" duration="00:00:00.0032339" startTime="2025-09-25T19:11:56.8580470-03:00" endTime="2025-09-25T19:11:56.8580470-03:00" testType="13cdc9d9-ddb5-4fa4-a97d-d965ccfc6d4b" outcome="Passed" testListId="8c84fa94-04c1-424b-9868-57a2d4851a1d" relativeResultsDirectory="535de412-215c-4fe6-930d-37730ada79bd" />
    <UnitTestResult executionId="8665b864-dc7e-40a7-96c6-53d55b4bb43a" testId="efce2778-6fda-3f27-2510-fe092485530c" testName="UserService.UnitTest.Application.Dtos.Keycloak.LoginUserKeycloakTests.LoginUserKeycloak_ComDiferentesCombinacoesDeDados_DeveDefinirPropriedadesCorretamente(email: &quot;user@domain.org&quot;, password: &quot;mypassword&quot;)" computerName="iMac-de-Bruno" duration="00:00:00.0091178" startTime="2025-09-25T19:11:56.9831450-03:00" endTime="2025-09-25T19:11:56.9831450-03:00" testType="13cdc9d9-ddb5-4fa4-a97d-d965ccfc6d4b" outcome="Passed" testListId="8c84fa94-04c1-424b-9868-57a2d4851a1d" relativeResultsDirectory="8665b864-dc7e-40a7-96c6-53d55b4bb43a" />
    <UnitTestResult executionId="c26a3dcb-a1f4-410a-93f0-5435c2e45e6b" testId="704e5cb4-d810-ebf8-c7a7-7bec5914c853" testName="UserService.UnitTest.Application.Dtos.Requests.LoginUserRequestTests.LoginUserRequest_ComDiferentesCombinacoesDeDados_DeveDefinirPropriedadesCorretamente(email: &quot;admin@company.net&quot;, password: &quot;admin123&quot;)" computerName="iMac-de-Bruno" duration="00:00:00.0025845" startTime="2025-09-25T19:11:57.0069060-03:00" endTime="2025-09-25T19:11:57.0069060-03:00" testType="13cdc9d9-ddb5-4fa4-a97d-d965ccfc6d4b" outcome="Passed" testListId="8c84fa94-04c1-424b-9868-57a2d4851a1d" relativeResultsDirectory="c26a3dcb-a1f4-410a-93f0-5435c2e45e6b" />
    <UnitTestResult executionId="e2594e51-37a6-4e2b-9025-be40a9c36ea0" testId="598f2432-3031-3292-0b86-7b41692c0aed" testName="UserService.UnitTest.Application.Dtos.Responses.LoginUserResponseTests.LoginUserResponse_ComExpiresInPositivo_DevePermitirAtribuicao(expiresIn: 60)" computerName="iMac-de-Bruno" duration="00:00:00.0017719" startTime="2025-09-25T19:11:56.9120110-03:00" endTime="2025-09-25T19:11:56.9120120-03:00" testType="13cdc9d9-ddb5-4fa4-a97d-d965ccfc6d4b" outcome="Passed" testListId="8c84fa94-04c1-424b-9868-57a2d4851a1d" relativeResultsDirectory="e2594e51-37a6-4e2b-9025-be40a9c36ea0" />
    <UnitTestResult executionId="255de587-9b0c-4838-a85a-97be88e7c6fa" testId="39c83dc9-bff9-8f55-ddbe-fe65559349c5" testName="UserService.UnitTest.Domain.UserTests.Usuario_QuandoStatusDefinido_DeveAceitarStatusValidos(status: Ativo)" computerName="iMac-de-Bruno" duration="00:00:00.0092724" startTime="2025-09-25T19:11:57.1561340-03:00" endTime="2025-09-25T19:11:57.1561340-03:00" testType="13cdc9d9-ddb5-4fa4-a97d-d965ccfc6d4b" outcome="Passed" testListId="8c84fa94-04c1-424b-9868-57a2d4851a1d" relativeResultsDirectory="255de587-9b0c-4838-a85a-97be88e7c6fa" />
    <UnitTestResult executionId="16a7c81c-5e26-419f-83e4-6812eb97db66" testId="54d87476-fac0-c322-a77c-5ae4bf7dbc25" testName="UserService.UnitTest.Domain.UserExtensionsTests.EstaAtivo_QuandoUsuarioAtivoENaoExcluido_DeveRetornarVerdadeiro" computerName="iMac-de-Bruno" duration="00:00:00.0102559" startTime="2025-09-25T19:11:57.0530370-03:00" endTime="2025-09-25T19:11:57.0530380-03:00" testType="13cdc9d9-ddb5-4fa4-a97d-d965ccfc6d4b" outcome="Passed" testListId="8c84fa94-04c1-424b-9868-57a2d4851a1d" relativeResultsDirectory="16a7c81c-5e26-419f-83e4-6812eb97db66" />
    <UnitTestResult executionId="bcb79fa6-fc87-4862-8b7a-68aeb3cc03dc" testId="f8b9c1f4-0db3-006d-0ef5-a6aa990d269d" testName="UserService.UnitTest.Application.Commands.LoginUserCommandTests.CriarComando_ComDiferentesCredenciais_DeveDefinirPropriedadesCorretamente(email: &quot;maria@teste.com&quot;, password: &quot;OutraSenh@456&quot;)" computerName="iMac-de-Bruno" duration="00:00:00.0000129" startTime="2025-09-25T19:11:56.8195620-03:00" endTime="2025-09-25T19:11:56.8195620-03:00" testType="13cdc9d9-ddb5-4fa4-a97d-d965ccfc6d4b" outcome="Passed" testListId="8c84fa94-04c1-424b-9868-57a2d4851a1d" relativeResultsDirectory="bcb79fa6-fc87-4862-8b7a-68aeb3cc03dc" />
    <UnitTestResult executionId="883a0e48-2b8e-4063-923d-8adbf0f3833e" testId="8302d487-c677-8166-612f-48492666d649" testName="UserService.UnitTest.Application.Dtos.Keycloak.CreateUserKeycloakTests.CreateUserKeycloak_ComNomesLongos_DevePermitirCriacao" computerName="iMac-de-Bruno" duration="00:00:00.0095060" startTime="2025-09-25T19:11:56.9390280-03:00" endTime="2025-09-25T19:11:56.9390280-03:00" testType="13cdc9d9-ddb5-4fa4-a97d-d965ccfc6d4b" outcome="Passed" testListId="8c84fa94-04c1-424b-9868-57a2d4851a1d" relativeResultsDirectory="883a0e48-2b8e-4063-923d-8adbf0f3833e" />
    <UnitTestResult executionId="825e6b6e-0a33-47c5-8ddf-f55dad6cef39" testId="ca9a6897-c80b-4651-66cf-d5f43912bd5c" testName="UserService.UnitTest.Application.Dtos.Responses.CreateUserResponseTests.CreateUserResponse_ComEmailNulo_DevePermitirAtribuicao" computerName="iMac-de-Bruno" duration="00:00:00.0032173" startTime="2025-09-25T19:11:56.9664870-03:00" endTime="2025-09-25T19:11:56.9664870-03:00" testType="13cdc9d9-ddb5-4fa4-a97d-d965ccfc6d4b" outcome="Passed" testListId="8c84fa94-04c1-424b-9868-57a2d4851a1d" relativeResultsDirectory="825e6b6e-0a33-47c5-8ddf-f55dad6cef39" />
    <UnitTestResult executionId="5498fab0-54a5-40b2-94eb-897e85ea01ff" testId="27959c8b-f4d6-bcae-f560-fc37c4b787a5" testName="UserService.UnitTest.Application.Dtos.Requests.LoginUserRequestTests.LoginUserRequest_ComSenhaNula_DevePermitirAtribuicao" computerName="iMac-de-Bruno" duration="00:00:00.0075985" startTime="2025-09-25T19:11:56.9751520-03:00" endTime="2025-09-25T19:11:56.9751520-03:00" testType="13cdc9d9-ddb5-4fa4-a97d-d965ccfc6d4b" outcome="Passed" testListId="8c84fa94-04c1-424b-9868-57a2d4851a1d" relativeResultsDirectory="5498fab0-54a5-40b2-94eb-897e85ea01ff" />
    <UnitTestResult executionId="860a22f1-bf98-46a2-8b9e-fa225a2595b9" testId="fc494b64-1641-291d-8211-f4797e8db9a4" testName="UserService.UnitTest.Application.Dtos.Responses.LoginUserResponseTests.LoginUserResponse_ComTokensLongos_DevePermitirAtribuicao" computerName="iMac-de-Bruno" duration="00:00:00.0023748" startTime="2025-09-25T19:11:57.0688070-03:00" endTime="2025-09-25T19:11:57.0688070-03:00" testType="13cdc9d9-ddb5-4fa4-a97d-d965ccfc6d4b" outcome="Passed" testListId="8c84fa94-04c1-424b-9868-57a2d4851a1d" relativeResultsDirectory="860a22f1-bf98-46a2-8b9e-fa225a2595b9" />
    <UnitTestResult executionId="212406fe-77fd-4455-8b70-e07dd0e5007d" testId="425043c5-33b2-bd82-3d9f-363f8cb440bb" testName="UserService.UnitTest.Application.Dtos.Requests.LoginUserRequestTests.LoginUserRequest_ComCaracteresUnicode_DevePermitirAtribuicao" computerName="iMac-de-Bruno" duration="00:00:00.0046690" startTime="2025-09-25T19:11:57.0548460-03:00" endTime="2025-09-25T19:11:57.0548460-03:00" testType="13cdc9d9-ddb5-4fa4-a97d-d965ccfc6d4b" outcome="Passed" testListId="8c84fa94-04c1-424b-9868-57a2d4851a1d" relativeResultsDirectory="212406fe-77fd-4455-8b70-e07dd0e5007d" />
    <UnitTestResult executionId="7e499793-90f5-4518-b7cd-844055554217" testId="0890c174-8954-2f4a-3f68-95be19917f04" testName="UserService.UnitTest.Application.Dtos.Keycloak.LoginUserKeycloakTests.LoginUserKeycloak_ComDiferentesCombinacoesDeDados_DeveDefinirPropriedadesCorretamente(email: &quot;admin@company.net&quot;, password: &quot;admin123&quot;)" computerName="iMac-de-Bruno" duration="00:00:00.0066942" startTime="2025-09-25T19:11:57.0062600-03:00" endTime="2025-09-25T19:11:57.0062600-03:00" testType="13cdc9d9-ddb5-4fa4-a97d-d965ccfc6d4b" outcome="Passed" testListId="8c84fa94-04c1-424b-9868-57a2d4851a1d" relativeResultsDirectory="7e499793-90f5-4518-b7cd-844055554217" />
    <UnitTestResult executionId="db501acd-50c5-4ab5-92f1-cb1c1b44dc54" testId="159104f6-eb79-1c15-6755-1a4755d7ed51" testName="UserService.UnitTest.Application.Dtos.Responses.LoginUserResponseTests.LoginUserResponse_ComTodosValoresNulos_DevePermitirAtribuicao" computerName="iMac-de-Bruno" duration="00:00:00.0082095" startTime="2025-09-25T19:11:57.0899160-03:00" endTime="2025-09-25T19:11:57.0899160-03:00" testType="13cdc9d9-ddb5-4fa4-a97d-d965ccfc6d4b" outcome="Passed" testListId="8c84fa94-04c1-424b-9868-57a2d4851a1d" relativeResultsDirectory="db501acd-50c5-4ab5-92f1-cb1c1b44dc54" />
    <UnitTestResult executionId="7c70f47f-01fb-42b3-8ce4-fd5ff88e8f88" testId="b05efab7-1ebd-bef8-6ba5-abf4e1e5530e" testName="UserService.UnitTest.Application.Services.KeycloakServiceTests.LoginAsync_ComCredenciaisValidas_DeveRetornarToken" computerName="iMac-de-Bruno" duration="00:00:00.0152295" startTime="2025-09-25T19:11:57.2477100-03:00" endTime="2025-09-25T19:11:57.2477100-03:00" testType="13cdc9d9-ddb5-4fa4-a97d-d965ccfc6d4b" outcome="Passed" testListId="8c84fa94-04c1-424b-9868-57a2d4851a1d" relativeResultsDirectory="7c70f47f-01fb-42b3-8ce4-fd5ff88e8f88" />
    <UnitTestResult executionId="f0decfd4-6e5a-4fce-8ee1-63075f640794" testId="77c0768c-514d-6c68-1812-d761e9395ff3" testName="UserService.UnitTest.Domain.UserTests.Usuario_QuandoCriadoComBuilder_DeveConterDadosValidos" computerName="iMac-de-Bruno" duration="00:00:00.2086593" startTime="2025-09-25T19:11:57.1475520-03:00" endTime="2025-09-25T19:11:57.1475520-03:00" testType="13cdc9d9-ddb5-4fa4-a97d-d965ccfc6d4b" outcome="Failed" testListId="8c84fa94-04c1-424b-9868-57a2d4851a1d" relativeResultsDirectory="f0decfd4-6e5a-4fce-8ee1-63075f640794">
      <Output>
        <ErrorInfo>
          <Message>Expected user.CreatedAt to be within 1d from &lt;2025-09-25 22:11:56.952989&gt;, but &lt;2025-09-24 21:59:56.6983156&gt; was off by 1d, 12m, 254ms and 673.4µs.</Message>
          <StackTrace>   at FluentAssertions.Execution.XUnit2TestFramework.Throw(String message)
   at FluentAssertions.Execution.TestFrameworkProvider.Throw(String message)
   at FluentAssertions.Execution.DefaultAssertionStrategy.HandleFailure(String message)
   at FluentAssertions.Execution.AssertionScope.FailWith(Func`1 failReasonFunc)
   at FluentAssertions.Execution.AssertionScope.FailWith(Func`1 failReasonFunc)
   at FluentAssertions.Execution.AssertionScope.FailWith(String message, Object[] args)
   at FluentAssertions.Primitives.DateTimeAssertions`1.BeCloseTo(DateTime nearbyTime, TimeSpan precision, String because, Object[] becauseArgs)
   at UserService.UnitTest.Domain.UserTests.Usuario_QuandoCriadoComBuilder_DeveConterDadosValidos() in /Users/diasbruno/Documents/programacao/codigos/dotnet/bcommerce/backend/src/Services/UserService/UserService.UnitTest/Domain/UserTests.cs:line 171
   at System.RuntimeMethodHandle.InvokeMethod(Object target, Void** arguments, Signature sig, Boolean isConstructor)
   at System.Reflection.MethodBaseInvoker.InvokeWithNoArgs(Object obj, BindingFlags invokeAttr)</StackTrace>
        </ErrorInfo>
      </Output>
    </UnitTestResult>
    <UnitTestResult executionId="4c699ee3-88e7-437d-ae4b-c04f7f340612" testId="fb4e8043-1be8-a3b6-ace5-e1812c7d0171" testName="UserService.UnitTest.Application.Dtos.Keycloak.LoginUserKeycloakTests.LoginUserKeycloak_ComEmailsComDominiosVariados_DevePermitirCriacao" computerName="iMac-de-Bruno" duration="00:00:00.0065264" startTime="2025-09-25T19:11:57.1896670-03:00" endTime="2025-09-25T19:11:57.1896670-03:00" testType="13cdc9d9-ddb5-4fa4-a97d-d965ccfc6d4b" outcome="Passed" testListId="8c84fa94-04c1-424b-9868-57a2d4851a1d" relativeResultsDirectory="4c699ee3-88e7-437d-ae4b-c04f7f340612" />
    <UnitTestResult executionId="a34dcaf2-d601-4766-b3de-4d50d4693fcd" testId="ad5f916d-7de8-7fad-1705-26caca99041f" testName="UserService.UnitTest.Application.Services.PasswordEncripterTests.VerifyPassword_ComDiferentesCombinacoes_DeveRetornarResultadoCorreto(originalPassword: &quot;MinhaSenh@123&quot;, testPassword: &quot;MinhaSenh@123&quot;, expectedResult: True)" computerName="iMac-de-Bruno" duration="00:00:00.2594687" startTime="2025-09-25T19:11:59.0404020-03:00" endTime="2025-09-25T19:11:59.0404030-03:00" testType="13cdc9d9-ddb5-4fa4-a97d-d965ccfc6d4b" outcome="Passed" testListId="8c84fa94-04c1-424b-9868-57a2d4851a1d" relativeResultsDirectory="a34dcaf2-d601-4766-b3de-4d50d4693fcd" />
    <UnitTestResult executionId="3f36f00b-2ec0-46d1-b984-4fa4729de144" testId="e44fe725-b575-6f4a-5e8e-46f6a09a49db" testName="UserService.UnitTest.Application.Dtos.Keycloak.LoginUserKeycloakTests.LoginUserKeycloak_ComDadosValidos_DeveDefinirPropriedadesCorretamente" computerName="iMac-de-Bruno" duration="00:00:00.0019905" startTime="2025-09-25T19:11:57.1935640-03:00" endTime="2025-09-25T19:11:57.1935640-03:00" testType="13cdc9d9-ddb5-4fa4-a97d-d965ccfc6d4b" outcome="Passed" testListId="8c84fa94-04c1-424b-9868-57a2d4851a1d" relativeResultsDirectory="3f36f00b-2ec0-46d1-b984-4fa4729de144" />
    <UnitTestResult executionId="8ca80096-4d08-4a45-9a47-92b5895ccec0" testId="dfffac1e-78f0-5445-18b0-a7609894571f" testName="UserService.UnitTest.Application.Dtos.Keycloak.CreateUserKeycloakTests.CreateUserKeycloak_ComNomeVazioOuEspacos_DevePermitirCriacao(firstName: &quot;   &quot;)" computerName="iMac-de-Bruno" duration="00:00:00.0192361" startTime="2025-09-25T19:11:57.0052020-03:00" endTime="2025-09-25T19:11:57.0052030-03:00" testType="13cdc9d9-ddb5-4fa4-a97d-d965ccfc6d4b" outcome="Passed" testListId="8c84fa94-04c1-424b-9868-57a2d4851a1d" relativeResultsDirectory="8ca80096-4d08-4a45-9a47-92b5895ccec0" />
    <UnitTestResult executionId="6a63c751-d8b2-4a9d-97f4-1fb943fb5202" testId="98212644-d194-40f8-f990-1100931aab24" testName="UserService.UnitTest.Application.Dtos.Responses.CreateUserResponseTests.CreateUserResponse_ComNomesNulos_DevePermitirAtribuicao" computerName="iMac-de-Bruno" duration="00:00:00.0089958" startTime="2025-09-25T19:11:56.9832280-03:00" endTime="2025-09-25T19:11:56.9832280-03:00" testType="13cdc9d9-ddb5-4fa4-a97d-d965ccfc6d4b" outcome="Passed" testListId="8c84fa94-04c1-424b-9868-57a2d4851a1d" relativeResultsDirectory="6a63c751-d8b2-4a9d-97f4-1fb943fb5202" />
    <UnitTestResult executionId="12627c4d-26f4-4b97-8485-f346239f3274" testId="91a43f25-3310-9dee-b091-2cf37d2dd2a2" testName="UserService.UnitTest.Application.Dtos.Requests.CreateUserRequestTests.CreateUserRequest_ComSenhaVaziaOuEspacos_DevePermitirAtribuicao(password: &quot;&quot;)" computerName="iMac-de-Bruno" duration="00:00:00.0151533" startTime="2025-09-25T19:11:56.8810420-03:00" endTime="2025-09-25T19:11:56.8810420-03:00" testType="13cdc9d9-ddb5-4fa4-a97d-d965ccfc6d4b" outcome="Passed" testListId="8c84fa94-04c1-424b-9868-57a2d4851a1d" relativeResultsDirectory="12627c4d-26f4-4b97-8485-f346239f3274" />
    <UnitTestResult executionId="cdbc8bfd-e72e-4498-b45b-16841909a604" testId="0b5edc04-4e18-c4ac-4387-717b7ddaaef2" testName="UserService.UnitTest.Application.Dtos.Keycloak.LoginUserKeycloakTests.LoginUserKeycloak_ComSenhaVaziaOuEspacos_DevePermitirCriacao(password: &quot;   &quot;)" computerName="iMac-de-Bruno" duration="00:00:00.0035022" startTime="2025-09-25T19:11:57.1672110-03:00" endTime="2025-09-25T19:11:57.1672110-03:00" testType="13cdc9d9-ddb5-4fa4-a97d-d965ccfc6d4b" outcome="Passed" testListId="8c84fa94-04c1-424b-9868-57a2d4851a1d" relativeResultsDirectory="cdbc8bfd-e72e-4498-b45b-16841909a604" />
    <UnitTestResult executionId="55f4af5d-d7c5-447d-ae54-a1f2d0371734" testId="63551efc-83f9-ad65-fc6c-5aba8aad3785" testName="UserService.UnitTest.Application.Dtos.Responses.CreateUserResponseTests.CreateUserResponse_ComPropriedadesBasicas_DeveDefinirCorretamente" computerName="iMac-de-Bruno" duration="00:00:00.0023609" startTime="2025-09-25T19:11:56.9287120-03:00" endTime="2025-09-25T19:11:56.9287120-03:00" testType="13cdc9d9-ddb5-4fa4-a97d-d965ccfc6d4b" outcome="Passed" testListId="8c84fa94-04c1-424b-9868-57a2d4851a1d" relativeResultsDirectory="55f4af5d-d7c5-447d-ae54-a1f2d0371734" />
    <UnitTestResult executionId="6426e2d4-c47f-4e0c-9756-41bcec3b8186" testId="086109bb-4851-86ac-8048-855ebf2ac4dd" testName="UserService.UnitTest.Application.Dtos.Requests.CreateUserRequestTests.CreateUserRequest_ComDiferentesCombinacoesDeDados_DeveDefinirPropriedadesCorretamente(email: &quot;admin@company.net&quot;, password: &quot;Admin123!&quot;, firstName: &quot;Pedro&quot;, lastName: &quot;Oliveira&quot;, newsletterOptIn: True)" computerName="iMac-de-Bruno" duration="00:00:00.0135934" startTime="2025-09-25T19:11:56.9673330-03:00" endTime="2025-09-25T19:11:56.9673330-03:00" testType="13cdc9d9-ddb5-4fa4-a97d-d965ccfc6d4b" outcome="Passed" testListId="8c84fa94-04c1-424b-9868-57a2d4851a1d" relativeResultsDirectory="6426e2d4-c47f-4e0c-9756-41bcec3b8186" />
    <UnitTestResult executionId="3710be3d-a97f-4308-82ce-9761303ac6ab" testId="5419300a-98b1-ab73-bf98-3b97b18b7197" testName="UserService.UnitTest.Application.Dtos.Requests.CreateUserRequestTests.CreateUserRequest_ComDiferentesValoresNewsletterOptIn_DeveDefinirCorretamente(newsletterOptIn: True)" computerName="iMac-de-Bruno" duration="00:00:00.0080422" startTime="2025-09-25T19:11:57.0136960-03:00" endTime="2025-09-25T19:11:57.0136960-03:00" testType="13cdc9d9-ddb5-4fa4-a97d-d965ccfc6d4b" outcome="Passed" testListId="8c84fa94-04c1-424b-9868-57a2d4851a1d" relativeResultsDirectory="3710be3d-a97f-4308-82ce-9761303ac6ab" />
    <UnitTestResult executionId="a6f54b51-207e-47a2-ab07-711ed42faa6a" testId="8ad9e2fc-bb4a-628d-20d6-9b682849afbc" testName="UserService.UnitTest.Application.Dtos.Keycloak.CreateUserKeycloakTests.CreateUserKeycloak_DeveSerRecord_ComIgualdadeCorreta" computerName="iMac-de-Bruno" duration="00:00:00.0141856" startTime="2025-09-25T19:11:57.0801010-03:00" endTime="2025-09-25T19:11:57.0801010-03:00" testType="13cdc9d9-ddb5-4fa4-a97d-d965ccfc6d4b" outcome="Passed" testListId="8c84fa94-04c1-424b-9868-57a2d4851a1d" relativeResultsDirectory="a6f54b51-207e-47a2-ab07-711ed42faa6a" />
    <UnitTestResult executionId="5b465290-567b-4728-b1bf-cb71c352fc39" testId="c456ba12-b1e4-9738-717f-8bfea1b5b728" testName="UserService.UnitTest.Application.Dtos.Keycloak.LoginUserKeycloakTests.LoginUserKeycloak_ComSenhasComCaracteresEspeciais_DevePermitirCriacao" computerName="iMac-de-Bruno" duration="00:00:00.0024607" startTime="2025-09-25T19:11:57.2054910-03:00" endTime="2025-09-25T19:11:57.2054920-03:00" testType="13cdc9d9-ddb5-4fa4-a97d-d965ccfc6d4b" outcome="Passed" testListId="8c84fa94-04c1-424b-9868-57a2d4851a1d" relativeResultsDirectory="5b465290-567b-4728-b1bf-cb71c352fc39" />
    <UnitTestResult executionId="32fe5f4f-d7fc-4e5b-a76f-867350e7bca9" testId="a56b3ef2-0695-0a5d-706a-729e986fec53" testName="UserService.UnitTest.Application.Dtos.Responses.CreateUserResponseTests.CreateUserResponse_ComIdGuidVazio_DevePermitirAtribuicao" computerName="iMac-de-Bruno" duration="00:00:00.0182970" startTime="2025-09-25T19:11:57.0043630-03:00" endTime="2025-09-25T19:11:57.0043640-03:00" testType="13cdc9d9-ddb5-4fa4-a97d-d965ccfc6d4b" outcome="Passed" testListId="8c84fa94-04c1-424b-9868-57a2d4851a1d" relativeResultsDirectory="32fe5f4f-d7fc-4e5b-a76f-867350e7bca9" />
    <UnitTestResult executionId="4f371430-0d75-4261-bd5d-9f2e099d1fd5" testId="3593c9e6-b8b7-1a29-7bc2-970c783b8a12" testName="UserService.UnitTest.Application.Services.PasswordEncripterTests.VerifyPassword_ComHashInvalido_DeveRetornarFalse" computerName="iMac-de-Bruno" duration="00:00:00.0003098" startTime="2025-09-25T19:12:00.8194800-03:00" endTime="2025-09-25T19:12:00.8194820-03:00" testType="13cdc9d9-ddb5-4fa4-a97d-d965ccfc6d4b" outcome="Passed" testListId="8c84fa94-04c1-424b-9868-57a2d4851a1d" relativeResultsDirectory="4f371430-0d75-4261-bd5d-9f2e099d1fd5" />
    <UnitTestResult executionId="1832aab8-736c-457b-be0e-8fe649475059" testId="1f3e13c8-fdf2-431b-6c82-bfa87b59881d" testName="UserService.UnitTest.Domain.UserAddressExtensionsTests.ObterEnderecoFormatado_QuandoEstadoECidadeDiferentes_DeveRetornarFormatoCorreto" computerName="iMac-de-Bruno" duration="00:00:00.0030188" startTime="2025-09-25T19:11:56.8837100-03:00" endTime="2025-09-25T19:11:56.8837100-03:00" testType="13cdc9d9-ddb5-4fa4-a97d-d965ccfc6d4b" outcome="Passed" testListId="8c84fa94-04c1-424b-9868-57a2d4851a1d" relativeResultsDirectory="1832aab8-736c-457b-be0e-8fe649475059" />
    <UnitTestResult executionId="23921a9c-33de-4027-b4fe-a9a8e86d9650" testId="ef5e933d-b171-60ad-09e1-408e70e7e01e" testName="UserService.UnitTest.Application.Dtos.Keycloak.CreateUserKeycloakTests.CreateUserKeycloak_ComNomeNulo_DevePermitirCriacao" computerName="iMac-de-Bruno" duration="00:00:00.0268296" startTime="2025-09-25T19:11:56.9731210-03:00" endTime="2025-09-25T19:11:56.9731210-03:00" testType="13cdc9d9-ddb5-4fa4-a97d-d965ccfc6d4b" outcome="Passed" testListId="8c84fa94-04c1-424b-9868-57a2d4851a1d" relativeResultsDirectory="23921a9c-33de-4027-b4fe-a9a8e86d9650" />
    <UnitTestResult executionId="da81c866-c38b-4c12-b0b9-59d6bf29c3ef" testId="3d0f690d-1546-6c6f-ab8b-cba4d994071b" testName="UserService.UnitTest.Application.Dtos.Responses.CreateUserResponseTests.CreateUserResponse_ComDiferentesCombinacoesDeDados_DeveDefinirPropriedadesCorretamente(email: &quot;admin@company.net&quot;, firstName: &quot;Pedro&quot;, lastName: &quot;Oliveira&quot;, phoneNumber: &quot;31777777777&quot;)" computerName="iMac-de-Bruno" duration="00:00:00.0097964" startTime="2025-09-25T19:11:56.8920640-03:00" endTime="2025-09-25T19:11:56.8920640-03:00" testType="13cdc9d9-ddb5-4fa4-a97d-d965ccfc6d4b" outcome="Passed" testListId="8c84fa94-04c1-424b-9868-57a2d4851a1d" relativeResultsDirectory="da81c866-c38b-4c12-b0b9-59d6bf29c3ef" />
    <UnitTestResult executionId="4a7a54b0-4eb9-43df-97c3-25d5ae1ca9b1" testId="c6a80189-81d8-ce21-9aeb-1becdbf04d47" testName="UserService.UnitTest.Application.Dtos.Responses.LoginUserResponseTests.LoginUserResponse_ComTokenTypeVazioOuEspacos_DevePermitirAtribuicao(tokenType: &quot; &quot;)" computerName="iMac-de-Bruno" duration="00:00:00.0159146" startTime="2025-09-25T19:11:56.9664260-03:00" endTime="2025-09-25T19:11:56.9664260-03:00" testType="13cdc9d9-ddb5-4fa4-a97d-d965ccfc6d4b" outcome="Passed" testListId="8c84fa94-04c1-424b-9868-57a2d4851a1d" relativeResultsDirectory="4a7a54b0-4eb9-43df-97c3-25d5ae1ca9b1" />
    <UnitTestResult executionId="91bf95e3-76c3-45d9-a9b4-19537bd1eb2a" testId="c9ed4de0-edb4-2421-4a75-550bc1b97f3e" testName="UserService.UnitTest.Application.Dtos.Responses.LoginUserResponseTests.LoginUserResponse_ComExpiresInPositivo_DevePermitirAtribuicao(expiresIn: 2147483647)" computerName="iMac-de-Bruno" duration="00:00:00.0024774" startTime="2025-09-25T19:11:56.9032280-03:00" endTime="2025-09-25T19:11:56.9032280-03:00" testType="13cdc9d9-ddb5-4fa4-a97d-d965ccfc6d4b" outcome="Passed" testListId="8c84fa94-04c1-424b-9868-57a2d4851a1d" relativeResultsDirectory="91bf95e3-76c3-45d9-a9b4-19537bd1eb2a" />
    <UnitTestResult executionId="cac8bf36-716d-4b48-bc95-13daf43095ca" testId="5a16a19d-db28-a783-60f7-38ea9759e1ca" testName="UserService.UnitTest.Application.Dtos.Keycloak.LoginUserKeycloakTests.LoginUserKeycloak_ComEmailsDeComprimentosVariados_DevePermitirCriacao" computerName="iMac-de-Bruno" duration="00:00:00.0024199" startTime="2025-09-25T19:11:57.1830630-03:00" endTime="2025-09-25T19:11:57.1830640-03:00" testType="13cdc9d9-ddb5-4fa4-a97d-d965ccfc6d4b" outcome="Passed" testListId="8c84fa94-04c1-424b-9868-57a2d4851a1d" relativeResultsDirectory="cac8bf36-716d-4b48-bc95-13daf43095ca" />
    <UnitTestResult executionId="7e0fa06b-1140-4faa-900a-a47b76eee1aa" testId="c755b11b-f466-4e23-50af-e38908de93f6" testName="UserService.UnitTest.Domain.UserExtensionsTests.ObterNomeCompleto_QuandoApenasUltimoNome_DeveRetornarUltimoNomeLimpo" computerName="iMac-de-Bruno" duration="00:00:00.0211381" startTime="2025-09-25T19:11:57.0048740-03:00" endTime="2025-09-25T19:11:57.0048740-03:00" testType="13cdc9d9-ddb5-4fa4-a97d-d965ccfc6d4b" outcome="Passed" testListId="8c84fa94-04c1-424b-9868-57a2d4851a1d" relativeResultsDirectory="7e0fa06b-1140-4faa-900a-a47b76eee1aa" />
    <UnitTestResult executionId="ab9f787b-9572-4cb9-bb5b-bc60246e5227" testId="0af16215-3a39-209d-efb8-6a04305b77c8" testName="UserService.UnitTest.Application.Dtos.Requests.CreateUserRequestTests.CreateUserRequest_ComDiferentesValoresNewsletterOptIn_DeveDefinirCorretamente(newsletterOptIn: False)" computerName="iMac-de-Bruno" duration="00:00:00.0024228" startTime="2025-09-25T19:11:57.0162200-03:00" endTime="2025-09-25T19:11:57.0162200-03:00" testType="13cdc9d9-ddb5-4fa4-a97d-d965ccfc6d4b" outcome="Passed" testListId="8c84fa94-04c1-424b-9868-57a2d4851a1d" relativeResultsDirectory="ab9f787b-9572-4cb9-bb5b-bc60246e5227" />
    <UnitTestResult executionId="362f0a8b-748a-4b8f-a8d6-5f4f66a1e002" testId="21f55e48-a0cb-c565-6b08-f52556623633" testName="UserService.UnitTest.Application.Dtos.Responses.LoginUserResponseTests.LoginUserResponse_ComModificacaoAposInicializacao_DevePermitirAlteracao" computerName="iMac-de-Bruno" duration="00:00:00.0025955" startTime="2025-09-25T19:11:56.9284500-03:00" endTime="2025-09-25T19:11:56.9284500-03:00" testType="13cdc9d9-ddb5-4fa4-a97d-d965ccfc6d4b" outcome="Passed" testListId="8c84fa94-04c1-424b-9868-57a2d4851a1d" relativeResultsDirectory="362f0a8b-748a-4b8f-a8d6-5f4f66a1e002" />
    <UnitTestResult executionId="5d985d3a-fbd7-410e-ae79-2c240941818c" testId="d25a2280-e4df-068e-ba83-2e9ea0e06963" testName="UserService.UnitTest.Application.Commands.LoginUserCommandTests.CriarComando_ComSenhaVazia_DevePermitirAtribuicao" computerName="iMac-de-Bruno" duration="00:00:00.0003316" startTime="2025-09-25T19:11:56.8363940-03:00" endTime="2025-09-25T19:11:56.8363940-03:00" testType="13cdc9d9-ddb5-4fa4-a97d-d965ccfc6d4b" outcome="Passed" testListId="8c84fa94-04c1-424b-9868-57a2d4851a1d" relativeResultsDirectory="5d985d3a-fbd7-410e-ae79-2c240941818c" />
    <UnitTestResult executionId="417c22cc-7381-46b7-b932-26bbf3fd8cbb" testId="faefb261-f41f-8e5b-71a1-227183d9ce70" testName="UserService.UnitTest.Application.Dtos.Responses.LoginUserResponseTests.LoginUserResponse_ComDadosGeradosPorFaker_DeveDefinirPropriedadesCorretamente" computerName="iMac-de-Bruno" duration="00:00:00.0151147" startTime="2025-09-25T19:11:57.0314110-03:00" endTime="2025-09-25T19:11:57.0314110-03:00" testType="13cdc9d9-ddb5-4fa4-a97d-d965ccfc6d4b" outcome="Passed" testListId="8c84fa94-04c1-424b-9868-57a2d4851a1d" relativeResultsDirectory="417c22cc-7381-46b7-b932-26bbf3fd8cbb" />
    <UnitTestResult executionId="1dc4f39f-6494-4ba6-bee9-02adcef7fd2e" testId="196aa29c-052f-4f3b-5b2a-8b52428522fd" testName="UserService.UnitTest.Application.Dtos.Responses.CreateUserResponseTests.CreateUserResponse_ComDadosValidos_DeveDefinirPropriedadesCorretamente" computerName="iMac-de-Bruno" duration="00:00:00.0217054" startTime="2025-09-25T19:11:56.9262900-03:00" endTime="2025-09-25T19:11:56.9262900-03:00" testType="13cdc9d9-ddb5-4fa4-a97d-d965ccfc6d4b" outcome="Passed" testListId="8c84fa94-04c1-424b-9868-57a2d4851a1d" relativeResultsDirectory="1dc4f39f-6494-4ba6-bee9-02adcef7fd2e" />
    <UnitTestResult executionId="fb19ea5c-1a4f-41ca-a961-52e0193ad1cb" testId="afad3490-a86c-bf7f-cb49-696755a40d21" testName="UserService.UnitTest.Application.Commands.LoginUserCommandHandlerTests.Handle_ComDiferentesCredenciais_DeveProcessarCorretamente(email: &quot;admin@sistema.com&quot;, password: &quot;AdminPass@2024&quot;)" computerName="iMac-de-Bruno" duration="00:00:00.0091148" startTime="2025-09-25T19:11:57.1886480-03:00" endTime="2025-09-25T19:11:57.1886490-03:00" testType="13cdc9d9-ddb5-4fa4-a97d-d965ccfc6d4b" outcome="Passed" testListId="8c84fa94-04c1-424b-9868-57a2d4851a1d" relativeResultsDirectory="fb19ea5c-1a4f-41ca-a961-52e0193ad1cb" />
    <UnitTestResult executionId="4fb5f99d-9a24-4484-9138-25e839e3d316" testId="12b0a882-1523-5493-37d9-a3daeaab53d7" testName="UserService.UnitTest.Application.Dtos.Responses.LoginUserResponseTests.LoginUserResponse_ComDiferentesTiposDeToken_DevePermitirAtribuicao(tokenType: &quot;Bearer&quot;)" computerName="iMac-de-Bruno" duration="00:00:00.0143657" startTime="2025-09-25T19:11:56.8809790-03:00" endTime="2025-09-25T19:11:56.8809790-03:00" testType="13cdc9d9-ddb5-4fa4-a97d-d965ccfc6d4b" outcome="Passed" testListId="8c84fa94-04c1-424b-9868-57a2d4851a1d" relativeResultsDirectory="4fb5f99d-9a24-4484-9138-25e839e3d316" />
    <UnitTestResult executionId="c17bbd76-6693-4738-b0c3-c2281398e232" testId="46e0884c-ae3b-4d83-aeb1-d47418a639bb" testName="UserService.UnitTest.Application.Dtos.Requests.LoginUserRequestTests.LoginUserRequest_ComDadosValidos_DeveDefinirPropriedadesCorretamente" computerName="iMac-de-Bruno" duration="00:00:00.0083746" startTime="2025-09-25T19:11:57.0898460-03:00" endTime="2025-09-25T19:11:57.0898460-03:00" testType="13cdc9d9-ddb5-4fa4-a97d-d965ccfc6d4b" outcome="Passed" testListId="8c84fa94-04c1-424b-9868-57a2d4851a1d" relativeResultsDirectory="c17bbd76-6693-4738-b0c3-c2281398e232" />
    <UnitTestResult executionId="bfaea1fb-9065-4ff8-818b-46f02b1eaa5d" testId="a162fb02-6727-1347-585a-e2195cf4b9d9" testName="UserService.UnitTest.Application.Services.KeycloakServiceTests.CreateUserAsync_ComDadosValidos_DeveRetornarIdDoUsuario" computerName="iMac-de-Bruno" duration="00:00:00.0238119" startTime="2025-09-25T19:11:57.2268780-03:00" endTime="2025-09-25T19:11:57.2268780-03:00" testType="13cdc9d9-ddb5-4fa4-a97d-d965ccfc6d4b" outcome="Passed" testListId="8c84fa94-04c1-424b-9868-57a2d4851a1d" relativeResultsDirectory="bfaea1fb-9065-4ff8-818b-46f02b1eaa5d" />
    <UnitTestResult executionId="f2bf53f8-ee64-4b74-bea4-2bd50e3d8af7" testId="762466d0-457e-6010-61fb-66fa35b7091d" testName="UserService.UnitTest.Application.Dtos.Requests.LoginUserRequestTests.LoginUserRequest_ComDiferentesCombinacoesDeDados_DeveDefinirPropriedadesCorretamente(email: &quot;test@example.com&quot;, password: &quot;password123&quot;)" computerName="iMac-de-Bruno" duration="00:00:00.0077711" startTime="2025-09-25T19:11:57.0147340-03:00" endTime="2025-09-25T19:11:57.0147340-03:00" testType="13cdc9d9-ddb5-4fa4-a97d-d965ccfc6d4b" outcome="Passed" testListId="8c84fa94-04c1-424b-9868-57a2d4851a1d" relativeResultsDirectory="f2bf53f8-ee64-4b74-bea4-2bd50e3d8af7" />
    <UnitTestResult executionId="f2f0f510-8ba1-4d93-9a90-c3abee50d720" testId="69eb78fd-0d27-b104-5384-38065d4960ea" testName="UserService.UnitTest.Application.Services.KeycloakServiceTests.GetUserByEmailAsync_ComEmailExistente_DeveRetornarUsuario" computerName="iMac-de-Bruno" duration="00:00:00.0205323" startTime="2025-09-25T19:11:57.2819160-03:00" endTime="2025-09-25T19:11:57.2819160-03:00" testType="13cdc9d9-ddb5-4fa4-a97d-d965ccfc6d4b" outcome="Passed" testListId="8c84fa94-04c1-424b-9868-57a2d4851a1d" relativeResultsDirectory="f2f0f510-8ba1-4d93-9a90-c3abee50d720" />
    <UnitTestResult executionId="f6bb3998-0743-4237-b2a8-1b72d369be87" testId="11dec80e-4942-7ddf-1040-87ce1993a7ec" testName="UserService.UnitTest.Application.Dtos.Keycloak.CreateUserKeycloakTests.CreateUserKeycloak_ComSenhaLonga_DevePermitirCriacao" computerName="iMac-de-Bruno" duration="00:00:00.0049710" startTime="2025-09-25T19:11:57.0976180-03:00" endTime="2025-09-25T19:11:57.0976180-03:00" testType="13cdc9d9-ddb5-4fa4-a97d-d965ccfc6d4b" outcome="Passed" testListId="8c84fa94-04c1-424b-9868-57a2d4851a1d" relativeResultsDirectory="f6bb3998-0743-4237-b2a8-1b72d369be87" />
    <UnitTestResult executionId="dd699f97-f602-4e7b-8750-fc60a8a463e9" testId="579b5bed-355d-f06a-3878-0843fd9bf111" testName="UserService.UnitTest.Domain.UserAddressExtensionsTests.ObterEnderecoFormatado_QuandoComplementoEspacosVazios_DeveRetornarEnderecoFormatadoSemComplemento" computerName="iMac-de-Bruno" duration="00:00:00.0095696" startTime="2025-09-25T19:11:56.8557410-03:00" endTime="2025-09-25T19:11:56.8557410-03:00" testType="13cdc9d9-ddb5-4fa4-a97d-d965ccfc6d4b" outcome="Passed" testListId="8c84fa94-04c1-424b-9868-57a2d4851a1d" relativeResultsDirectory="dd699f97-f602-4e7b-8750-fc60a8a463e9" />
    <UnitTestResult executionId="3c482c35-6b65-46b2-8843-b100548b87d4" testId="82f90efb-2a5a-b512-1e2b-542fb4c0c77d" testName="UserService.UnitTest.Application.Commands.LoginUserCommandHandlerTests.Handle_ComErroDeConexao_DeveRetornarFalha" computerName="iMac-de-Bruno" duration="00:00:00.0131072" startTime="2025-09-25T19:11:57.2019050-03:00" endTime="2025-09-25T19:11:57.2019050-03:00" testType="13cdc9d9-ddb5-4fa4-a97d-d965ccfc6d4b" outcome="Passed" testListId="8c84fa94-04c1-424b-9868-57a2d4851a1d" relativeResultsDirectory="3c482c35-6b65-46b2-8843-b100548b87d4" />
    <UnitTestResult executionId="ea05eecd-bb4b-482f-bfe4-a3e2f848d837" testId="886d0801-1cdc-bf20-ec21-62fa42239b79" testName="UserService.UnitTest.Application.Dtos.Responses.LoginUserResponseTests.LoginUserResponse_ComExpiresInNegativoOuZero_DevePermitirAtribuicao(expiresIn: 0)" computerName="iMac-de-Bruno" duration="00:00:00.0048883" startTime="2025-09-25T19:11:57.0585370-03:00" endTime="2025-09-25T19:11:57.0585370-03:00" testType="13cdc9d9-ddb5-4fa4-a97d-d965ccfc6d4b" outcome="Passed" testListId="8c84fa94-04c1-424b-9868-57a2d4851a1d" relativeResultsDirectory="ea05eecd-bb4b-482f-bfe4-a3e2f848d837" />
    <UnitTestResult executionId="80da657f-e966-40e0-bbe9-b681648f3124" testId="edcaa81b-5da7-b2f8-7b08-62b73bfcfb3b" testName="UserService.UnitTest.Application.Dtos.Responses.LoginUserResponseTests.LoginUserResponse_ComExpiresInPositivo_DevePermitirAtribuicao(expiresIn: 7200)" computerName="iMac-de-Bruno" duration="00:00:00.0068754" startTime="2025-09-25T19:11:56.9101800-03:00" endTime="2025-09-25T19:11:56.9101800-03:00" testType="13cdc9d9-ddb5-4fa4-a97d-d965ccfc6d4b" outcome="Passed" testListId="8c84fa94-04c1-424b-9868-57a2d4851a1d" relativeResultsDirectory="80da657f-e966-40e0-bbe9-b681648f3124" />
    <UnitTestResult executionId="d65a8ba7-60b8-47ac-ae16-414dc8d3cd74" testId="fc3482e3-2884-5135-2840-da422505e3a5" testName="UserService.UnitTest.Application.Dtos.Responses.LoginUserResponseTests.LoginUserResponse_ComTokensJWT_DevePermitirAtribuicao" computerName="iMac-de-Bruno" duration="00:00:00.0032390" startTime="2025-09-25T19:11:57.0931620-03:00" endTime="2025-09-25T19:11:57.0931620-03:00" testType="13cdc9d9-ddb5-4fa4-a97d-d965ccfc6d4b" outcome="Passed" testListId="8c84fa94-04c1-424b-9868-57a2d4851a1d" relativeResultsDirectory="d65a8ba7-60b8-47ac-ae16-414dc8d3cd74" />
    <UnitTestResult executionId="3ffaadbb-68cb-4807-991c-bc3328424b39" testId="744291e4-2147-88d0-85fe-fccdcda5c85a" testName="UserService.UnitTest.Application.Dtos.Keycloak.CreateUserKeycloakTests.CreateUserKeycloak_ComNomeVazioOuEspacos_DevePermitirCriacao(firstName: &quot;&quot;)" computerName="iMac-de-Bruno" duration="00:00:00.0090616" startTime="2025-09-25T19:11:56.9832820-03:00" endTime="2025-09-25T19:11:56.9832820-03:00" testType="13cdc9d9-ddb5-4fa4-a97d-d965ccfc6d4b" outcome="Passed" testListId="8c84fa94-04c1-424b-9868-57a2d4851a1d" relativeResultsDirectory="3ffaadbb-68cb-4807-991c-bc3328424b39" />
    <UnitTestResult executionId="348c9ad1-db2d-4d34-b373-c8fcdcb9707f" testId="d1d36e1b-6b66-412c-9ac8-f0b2dd2bf67a" testName="UserService.UnitTest.Domain.UserExtensionsTests.ContaEstaBloqueada_QuandoBloqueioContaExpirado_DeveRetornarFalso" computerName="iMac-de-Bruno" duration="00:00:00.0118583" startTime="2025-09-25T19:11:56.9382490-03:00" endTime="2025-09-25T19:11:56.9382490-03:00" testType="13cdc9d9-ddb5-4fa4-a97d-d965ccfc6d4b" outcome="Passed" testListId="8c84fa94-04c1-424b-9868-57a2d4851a1d" relativeResultsDirectory="348c9ad1-db2d-4d34-b373-c8fcdcb9707f" />
    <UnitTestResult executionId="383d7b65-bfbf-4060-8645-beae78602cf8" testId="4d1201e1-a22a-3599-02cd-1e29c29de1df" testName="UserService.UnitTest.Domain.UserTests.Usuario_QuandoEmailVerificado_DeveDefinirTempoVerificacao" computerName="iMac-de-Bruno" duration="00:00:00.1561591" startTime="2025-09-25T19:11:56.9246480-03:00" endTime="2025-09-25T19:11:56.9246480-03:00" testType="13cdc9d9-ddb5-4fa4-a97d-d965ccfc6d4b" outcome="Passed" testListId="8c84fa94-04c1-424b-9868-57a2d4851a1d" relativeResultsDirectory="383d7b65-bfbf-4060-8645-beae78602cf8" />
    <UnitTestResult executionId="e1ff6d8d-d564-4dbf-8319-985b5b8afde3" testId="60e7a40c-2559-e1f7-74cf-3fabd83a399a" testName="UserService.UnitTest.Application.Dtos.Keycloak.CreateUserKeycloakTests.CreateUserKeycloak_ComCaracteresUnicode_DevePermitirCriacao" computerName="iMac-de-Bruno" duration="00:00:00.0073396" startTime="2025-09-25T19:11:56.8999360-03:00" endTime="2025-09-25T19:11:56.8999360-03:00" testType="13cdc9d9-ddb5-4fa4-a97d-d965ccfc6d4b" outcome="Passed" testListId="8c84fa94-04c1-424b-9868-57a2d4851a1d" relativeResultsDirectory="e1ff6d8d-d564-4dbf-8319-985b5b8afde3" />
    <UnitTestResult executionId="c7509a20-2d00-48ee-92c0-070cf640630d" testId="d615c036-bfee-2e66-fa83-8efa087e47ad" testName="UserService.UnitTest.Domain.UserTests.Usuario_QuandoMultiplosUsuariosCriados_DeveConterIdsUnicos" computerName="iMac-de-Bruno" duration="00:00:00.0282390" startTime="2025-09-25T19:11:57.1910190-03:00" endTime="2025-09-25T19:11:57.1910190-03:00" testType="13cdc9d9-ddb5-4fa4-a97d-d965ccfc6d4b" outcome="Passed" testListId="8c84fa94-04c1-424b-9868-57a2d4851a1d" relativeResultsDirectory="c7509a20-2d00-48ee-92c0-070cf640630d" />
    <UnitTestResult executionId="bf96c620-d4c8-4d06-9b3d-3ad50e4fe03a" testId="27c79a35-e4d6-9afe-a6d3-d329dddd2aab" testName="UserService.UnitTest.Application.Commands.CreateUserCommandTests.CriarComando_ComValoresPadrao_DeveInicializarPropriedadesVazias" computerName="iMac-de-Bruno" duration="00:00:00.0116810" startTime="2025-09-25T19:11:56.8363480-03:00" endTime="2025-09-25T19:11:56.8363480-03:00" testType="13cdc9d9-ddb5-4fa4-a97d-d965ccfc6d4b" outcome="Passed" testListId="8c84fa94-04c1-424b-9868-57a2d4851a1d" relativeResultsDirectory="bf96c620-d4c8-4d06-9b3d-3ad50e4fe03a" />
    <UnitTestResult executionId="1572a945-5355-46b8-995e-80ba752d88da" testId="c08ccbd0-b0b1-8315-a738-556c67c488ab" testName="UserService.UnitTest.Application.Dtos.Responses.CreateUserResponseTests.CreateUserResponse_ComDataAtual_DeveDefinirCorretamente" computerName="iMac-de-Bruno" duration="00:00:00.0106932" startTime="2025-09-25T19:11:56.8572970-03:00" endTime="2025-09-25T19:11:56.8572970-03:00" testType="13cdc9d9-ddb5-4fa4-a97d-d965ccfc6d4b" outcome="Passed" testListId="8c84fa94-04c1-424b-9868-57a2d4851a1d" relativeResultsDirectory="1572a945-5355-46b8-995e-80ba752d88da" />
    <UnitTestResult executionId="408778a8-0f8e-47b9-ada1-20c8e4c92bba" testId="5d0b24fd-7155-7d7a-5557-3161f872b660" testName="UserService.UnitTest.Application.Commands.CreateUserCommandHandlerTests.Handle_QuandoBancoDadosFalha_DeveExcluirUsuarioDoKeycloakERetornarErro" computerName="iMac-de-Bruno" duration="00:00:00.0076313" startTime="2025-09-25T19:11:58.0733240-03:00" endTime="2025-09-25T19:11:58.0733240-03:00" testType="13cdc9d9-ddb5-4fa4-a97d-d965ccfc6d4b" outcome="Passed" testListId="8c84fa94-04c1-424b-9868-57a2d4851a1d" relativeResultsDirectory="408778a8-0f8e-47b9-ada1-20c8e4c92bba" />
    <UnitTestResult executionId="39930552-5ca2-4823-9891-c19ae3d873f3" testId="8e65df34-fb75-1ca3-79e1-1466c62e6424" testName="UserService.UnitTest.Application.Services.KeycloakServiceTests.CreateUserAsync_QuandoUsuarioJaExiste_DeveLancarKeycloakException" computerName="iMac-de-Bruno" duration="00:00:00.0134559" startTime="2025-09-25T19:11:57.2612570-03:00" endTime="2025-09-25T19:11:57.2612580-03:00" testType="13cdc9d9-ddb5-4fa4-a97d-d965ccfc6d4b" outcome="Passed" testListId="8c84fa94-04c1-424b-9868-57a2d4851a1d" relativeResultsDirectory="39930552-5ca2-4823-9891-c19ae3d873f3" />
    <UnitTestResult executionId="ef6c3383-8d2a-4ca9-85d6-6402de63e048" testId="cedc76c1-a4d8-b8aa-f434-d87082eaf67b" testName="UserService.UnitTest.Application.Commands.LoginUserCommandTests.CriarComando_ComEmailNulo_DevePermitirAtribuicao" computerName="iMac-de-Bruno" duration="00:00:00.0198966" startTime="2025-09-25T19:11:56.7959970-03:00" endTime="2025-09-25T19:11:56.7960460-03:00" testType="13cdc9d9-ddb5-4fa4-a97d-d965ccfc6d4b" outcome="Passed" testListId="8c84fa94-04c1-424b-9868-57a2d4851a1d" relativeResultsDirectory="ef6c3383-8d2a-4ca9-85d6-6402de63e048" />
    <UnitTestResult executionId="8c7a65ce-1841-4623-9b2b-19c90f5466d9" testId="26079af3-3e3f-8f3b-a42e-328097e80d6a" testName="UserService.UnitTest.Application.Commands.CreateUserCommandTests.CriarComando_ComEmailNulo_DevePermitirAtribuicao" computerName="iMac-de-Bruno" duration="00:00:00.0198787" startTime="2025-09-25T19:11:56.8174350-03:00" endTime="2025-09-25T19:11:56.8174350-03:00" testType="13cdc9d9-ddb5-4fa4-a97d-d965ccfc6d4b" outcome="Passed" testListId="8c84fa94-04c1-424b-9868-57a2d4851a1d" relativeResultsDirectory="8c7a65ce-1841-4623-9b2b-19c90f5466d9" />
    <UnitTestResult executionId="eaa11ae6-ffd8-42d2-a14e-68b7278994e3" testId="d67fc309-5de0-ad1c-c75e-133e682e42ef" testName="UserService.UnitTest.Application.Dtos.Responses.LoginUserResponseTests.LoginUserResponse_ComTokenTypeNulo_DevePermitirAtribuicao" computerName="iMac-de-Bruno" duration="00:00:00.0077602" startTime="2025-09-25T19:11:57.0663650-03:00" endTime="2025-09-25T19:11:57.0663650-03:00" testType="13cdc9d9-ddb5-4fa4-a97d-d965ccfc6d4b" outcome="Passed" testListId="8c84fa94-04c1-424b-9868-57a2d4851a1d" relativeResultsDirectory="eaa11ae6-ffd8-42d2-a14e-68b7278994e3" />
    <UnitTestResult executionId="19ade87e-1420-4828-a6cc-9769a6e8b50b" testId="bb295f3e-a215-64d0-04ce-1e667f89b126" testName="UserService.UnitTest.Application.Commands.CreateUserCommandTests.CriarComando_ComSenhaNula_DevePermitirAtribuicao" computerName="iMac-de-Bruno" duration="00:00:00.0001457" startTime="2025-09-25T19:11:56.8381400-03:00" endTime="2025-09-25T19:11:56.8381400-03:00" testType="13cdc9d9-ddb5-4fa4-a97d-d965ccfc6d4b" outcome="Passed" testListId="8c84fa94-04c1-424b-9868-57a2d4851a1d" relativeResultsDirectory="19ade87e-1420-4828-a6cc-9769a6e8b50b" />
    <UnitTestResult executionId="48fd2d1f-1378-4da1-b4f8-630168ab6dc6" testId="db4284d8-875f-34c1-8ceb-995f4fcededb" testName="UserService.UnitTest.Application.Dtos.Requests.LoginUserRequestTests.LoginUserRequest_ComModificacaoAposInicializacao_DevePermitirAlteracao" computerName="iMac-de-Bruno" duration="00:00:00.0088621" startTime="2025-09-25T19:11:56.9833290-03:00" endTime="2025-09-25T19:11:56.9833290-03:00" testType="13cdc9d9-ddb5-4fa4-a97d-d965ccfc6d4b" outcome="Passed" testListId="8c84fa94-04c1-424b-9868-57a2d4851a1d" relativeResultsDirectory="48fd2d1f-1378-4da1-b4f8-630168ab6dc6" />
    <UnitTestResult executionId="92081876-75bf-4556-9eca-628518f18c21" testId="ff10f1fb-9148-fd50-0d1e-8fe2d3c731fc" testName="UserService.UnitTest.Application.Dtos.Responses.LoginUserResponseTests.LoginUserResponse_ComAccessTokenVazioOuEspacos_DevePermitirAtribuicao(accessToken: &quot;&quot;)" computerName="iMac-de-Bruno" duration="00:00:00.0135553" startTime="2025-09-25T19:11:56.9989100-03:00" endTime="2025-09-25T19:11:56.9989100-03:00" testType="13cdc9d9-ddb5-4fa4-a97d-d965ccfc6d4b" outcome="Passed" testListId="8c84fa94-04c1-424b-9868-57a2d4851a1d" relativeResultsDirectory="92081876-75bf-4556-9eca-628518f18c21" />
    <UnitTestResult executionId="62c1c720-4f3f-4e40-8f13-4886c1650ae9" testId="26064631-63e7-bc93-4193-399fdd33c0b2" testName="UserService.UnitTest.Domain.UserTests.Usuario_QuandoStatusDefinido_DeveAceitarStatusValidos(status: Banido)" computerName="iMac-de-Bruno" duration="00:00:00.0056317" startTime="2025-09-25T19:11:57.1626750-03:00" endTime="2025-09-25T19:11:57.1626750-03:00" testType="13cdc9d9-ddb5-4fa4-a97d-d965ccfc6d4b" outcome="Passed" testListId="8c84fa94-04c1-424b-9868-57a2d4851a1d" relativeResultsDirectory="62c1c720-4f3f-4e40-8f13-4886c1650ae9" />
    <UnitTestResult executionId="93b8805d-9906-4b7f-bd77-c087c07e2485" testId="d73eb999-7432-4af9-c8e2-b1ec06fbd0ba" testName="UserService.UnitTest.Domain.UserTests.Usuario_QuandoEmailDefinido_DeveAceitarFormatosValidos(email: &quot;test@email.com&quot;)" computerName="iMac-de-Bruno" duration="00:00:00.0034926" startTime="2025-09-25T19:11:57.2057280-03:00" endTime="2025-09-25T19:11:57.2057280-03:00" testType="13cdc9d9-ddb5-4fa4-a97d-d965ccfc6d4b" outcome="Passed" testListId="8c84fa94-04c1-424b-9868-57a2d4851a1d" relativeResultsDirectory="93b8805d-9906-4b7f-bd77-c087c07e2485" />
    <UnitTestResult executionId="f0430806-904d-47b1-b968-e4d93c0555ab" testId="4a0fee84-a0e9-6e91-946c-e3024a3d1804" testName="UserService.UnitTest.Domain.UserTests.Usuario_QuandoEmailDefinido_DeveAceitarFormatosValidos(email: &quot;test+tag@example.org&quot;)" computerName="iMac-de-Bruno" duration="00:00:00.0033064" startTime="2025-09-25T19:11:57.2184050-03:00" endTime="2025-09-25T19:11:57.2184050-03:00" testType="13cdc9d9-ddb5-4fa4-a97d-d965ccfc6d4b" outcome="Passed" testListId="8c84fa94-04c1-424b-9868-57a2d4851a1d" relativeResultsDirectory="f0430806-904d-47b1-b968-e4d93c0555ab" />
    <UnitTestResult executionId="5bec3b91-a5c2-47f9-9c12-fb52d8b1d4fa" testId="9d369a17-d75d-c80a-d5fc-0a698e0e67e6" testName="UserService.UnitTest.Domain.UserTests.Usuario_QuandoPerfilDefinido_DeveAceitarPerfisValidos(role: Customer)" computerName="iMac-de-Bruno" duration="00:00:00.0095302" startTime="2025-09-25T19:11:57.2835450-03:00" endTime="2025-09-25T19:11:57.2835450-03:00" testType="13cdc9d9-ddb5-4fa4-a97d-d965ccfc6d4b" outcome="Passed" testListId="8c84fa94-04c1-424b-9868-57a2d4851a1d" relativeResultsDirectory="5bec3b91-a5c2-47f9-9c12-fb52d8b1d4fa" />
    <UnitTestResult executionId="f9380088-d649-42e9-95d5-c282ecbeeaf6" testId="5b99c489-2c2b-0bf8-861d-b6b55d7c0637" testName="UserService.UnitTest.Application.Services.KeycloakServiceTests.DeleteUserAsync_ComIdValido_DeveExcluirUsuario" computerName="iMac-de-Bruno" duration="00:00:00.0053872" startTime="2025-09-25T19:11:57.2323550-03:00" endTime="2025-09-25T19:11:57.2323550-03:00" testType="13cdc9d9-ddb5-4fa4-a97d-d965ccfc6d4b" outcome="Passed" testListId="8c84fa94-04c1-424b-9868-57a2d4851a1d" relativeResultsDirectory="f9380088-d649-42e9-95d5-c282ecbeeaf6" />
    <UnitTestResult executionId="838c41f9-28c5-4f71-9134-a14e8ae8f311" testId="8a8ab9a9-624d-93c7-93fa-9953d8835bdd" testName="UserService.UnitTest.Application.Commands.LoginUserCommandHandlerTests.Handle_ComDiferentesCredenciais_DeveProcessarCorretamente(email: &quot;usuario2@teste.com&quot;, password: &quot;OutraSenh@456&quot;)" computerName="iMac-de-Bruno" duration="00:00:00.4064184" startTime="2025-09-25T19:11:57.1749770-03:00" endTime="2025-09-25T19:11:57.1749770-03:00" testType="13cdc9d9-ddb5-4fa4-a97d-d965ccfc6d4b" outcome="Passed" testListId="8c84fa94-04c1-424b-9868-57a2d4851a1d" relativeResultsDirectory="838c41f9-28c5-4f71-9134-a14e8ae8f311" />
    <UnitTestResult executionId="000c7416-2a53-4157-894b-511596aeb914" testId="54376db2-25bf-2edb-cd9f-93033e9bb5e9" testName="UserService.UnitTest.Application.Dtos.Keycloak.CreateUserKeycloakTests.CreateUserKeycloak_ComEmailVazioOuEspacos_DevePermitirCriacao(email: &quot; &quot;)" computerName="iMac-de-Bruno" duration="00:00:00.0028509" startTime="2025-09-25T19:11:56.8573930-03:00" endTime="2025-09-25T19:11:56.8573930-03:00" testType="13cdc9d9-ddb5-4fa4-a97d-d965ccfc6d4b" outcome="Passed" testListId="8c84fa94-04c1-424b-9868-57a2d4851a1d" relativeResultsDirectory="000c7416-2a53-4157-894b-511596aeb914" />
    <UnitTestResult executionId="55818563-7755-4c4a-b9b3-2b912fc14b58" testId="1b308ed0-4249-aeaf-a5c6-a42fc7e35ef2" testName="UserService.UnitTest.Domain.UserTests.Usuario_QuandoCriadoComDadosValidos_DeveDefinirPropriedadesCorretamente" computerName="iMac-de-Bruno" duration="00:00:00.0069421" startTime="2025-09-25T19:11:57.2619390-03:00" endTime="2025-09-25T19:11:57.2619390-03:00" testType="13cdc9d9-ddb5-4fa4-a97d-d965ccfc6d4b" outcome="Passed" testListId="8c84fa94-04c1-424b-9868-57a2d4851a1d" relativeResultsDirectory="55818563-7755-4c4a-b9b3-2b912fc14b58" />
    <UnitTestResult executionId="eda17ae2-d63f-46df-ac9b-f17c59038893" testId="71279174-e79a-ca21-5900-ba860d67dd79" testName="UserService.UnitTest.Application.Services.PasswordEncripterTests.EncryptPassword_ComSenhaLonga_DeveProcessarCorretamente" computerName="iMac-de-Bruno" duration="00:00:00.2659524" startTime="2025-09-25T19:12:01.0797730-03:00" endTime="2025-09-25T19:12:01.0797740-03:00" testType="13cdc9d9-ddb5-4fa4-a97d-d965ccfc6d4b" outcome="Passed" testListId="8c84fa94-04c1-424b-9868-57a2d4851a1d" relativeResultsDirectory="eda17ae2-d63f-46df-ac9b-f17c59038893" />
    <UnitTestResult executionId="1e388a9f-4a6c-4782-b543-70ad5a880e06" testId="3b57956c-e654-1644-49d6-a98f07644b37" testName="UserService.UnitTest.Application.Dtos.Responses.CreateUserResponseTests.CreateUserResponse_ComNomesComCaracteresEspeciais_DevePermitirAtribuicao" computerName="iMac-de-Bruno" duration="00:00:00.0027880" startTime="2025-09-25T19:11:56.9970800-03:00" endTime="2025-09-25T19:11:56.9970800-03:00" testType="13cdc9d9-ddb5-4fa4-a97d-d965ccfc6d4b" outcome="Passed" testListId="8c84fa94-04c1-424b-9868-57a2d4851a1d" relativeResultsDirectory="1e388a9f-4a6c-4782-b543-70ad5a880e06" />
    <UnitTestResult executionId="e42edcda-9959-4f20-a63d-b994df6f5e63" testId="cb09e10a-cb2e-1b8e-3daa-72534fbd5126" testName="UserService.UnitTest.Application.Dtos.Requests.CreateUserRequestTests.CreateUserRequest_ComEmailsEspeciais_DevePermitirAtribuicao" computerName="iMac-de-Bruno" duration="00:00:00.0108075" startTime="2025-09-25T19:11:56.9846540-03:00" endTime="2025-09-25T19:11:56.9846540-03:00" testType="13cdc9d9-ddb5-4fa4-a97d-d965ccfc6d4b" outcome="Passed" testListId="8c84fa94-04c1-424b-9868-57a2d4851a1d" relativeResultsDirectory="e42edcda-9959-4f20-a63d-b994df6f5e63" />
    <UnitTestResult executionId="a4d6e158-692c-4d3f-9aab-7e9338626044" testId="c583d44d-cb65-5444-4a7b-6bfc282c0edb" testName="UserService.UnitTest.Application.Dtos.Keycloak.LoginUserKeycloakTests.LoginUserKeycloak_ComEmailVazioOuEspacos_DevePermitirCriacao(email: &quot;&quot;)" computerName="iMac-de-Bruno" duration="00:00:00.0129222" startTime="2025-09-25T19:11:56.9673820-03:00" endTime="2025-09-25T19:11:56.9673820-03:00" testType="13cdc9d9-ddb5-4fa4-a97d-d965ccfc6d4b" outcome="Passed" testListId="8c84fa94-04c1-424b-9868-57a2d4851a1d" relativeResultsDirectory="a4d6e158-692c-4d3f-9aab-7e9338626044" />
    <UnitTestResult executionId="2708dbd0-215c-4189-a529-5c58721fccbd" testId="7ec66689-aa2d-ed93-e94a-32ea19a0b6cd" testName="UserService.UnitTest.Application.Dtos.Responses.LoginUserResponseTests.LoginUserResponse_ComDiferentesCombinacoesDeDados_DeveDefinirPropriedadesCorretamente(accessToken: &quot;eyJhbGciOiJIUzI1NiIsInR5cCI6IkpXVCJ9&quot;, refreshToken: &quot;refresh_token_123&quot;, tokenType: &quot;Bearer&quot;, expiresIn: 3600)" computerName="iMac-de-Bruno" duration="00:00:00.0070866" startTime="2025-09-25T19:11:57.0059670-03:00" endTime="2025-09-25T19:11:57.0059670-03:00" testType="13cdc9d9-ddb5-4fa4-a97d-d965ccfc6d4b" outcome="Passed" testListId="8c84fa94-04c1-424b-9868-57a2d4851a1d" relativeResultsDirectory="2708dbd0-215c-4189-a529-5c58721fccbd" />
    <UnitTestResult executionId="168ace58-e781-436f-92ff-1ea487295e36" testId="48bd79a2-cd27-17a1-11f4-ccc204ac86fe" testName="UserService.UnitTest.Domain.UserExtensionsTests.ObterNomeCompleto_QuandoAmbosNomesPreenchidos_DeveRetornarNomesConcatenados" computerName="iMac-de-Bruno" duration="00:00:00.0133956" startTime="2025-09-25T19:11:57.0815770-03:00" endTime="2025-09-25T19:11:57.0815770-03:00" testType="13cdc9d9-ddb5-4fa4-a97d-d965ccfc6d4b" outcome="Passed" testListId="8c84fa94-04c1-424b-9868-57a2d4851a1d" relativeResultsDirectory="168ace58-e781-436f-92ff-1ea487295e36" />
    <UnitTestResult executionId="98ff077b-bff4-40cc-b673-953bd05ec2ff" testId="d3ffaa66-2f24-2166-2b50-3115a0a23863" testName="UserService.UnitTest.Application.Dtos.Requests.CreateUserRequestTests.CreateUserRequest_ComDiferentesCombinacoesDeDados_DeveDefinirPropriedadesCorretamente(email: &quot;test@test.com&quot;, password: &quot;MyPassword456@&quot;, firstName: &quot;Maria&quot;, lastName: &quot;Santos&quot;, newsletterOptIn: False)" computerName="iMac-de-Bruno" duration="00:00:00.0074718" startTime="2025-09-25T19:11:56.9734000-03:00" endTime="2025-09-25T19:11:56.9734000-03:00" testType="13cdc9d9-ddb5-4fa4-a97d-d965ccfc6d4b" outcome="Passed" testListId="8c84fa94-04c1-424b-9868-57a2d4851a1d" relativeResultsDirectory="98ff077b-bff4-40cc-b673-953bd05ec2ff" />
    <UnitTestResult executionId="96521aa5-449f-477e-ae02-8c5c877dab56" testId="7eae36c3-ee24-af2b-4dea-08e2bb1fce66" testName="UserService.UnitTest.Application.Dtos.Keycloak.LoginUserKeycloakTests.LoginUserKeycloak_ComTodosValoresVazios_DevePermitirCriacao" computerName="iMac-de-Bruno" duration="00:00:00.0076431" startTime="2025-09-25T19:11:56.9739030-03:00" endTime="2025-09-25T19:11:56.9739030-03:00" testType="13cdc9d9-ddb5-4fa4-a97d-d965ccfc6d4b" outcome="Passed" testListId="8c84fa94-04c1-424b-9868-57a2d4851a1d" relativeResultsDirectory="96521aa5-449f-477e-ae02-8c5c877dab56" />
    <UnitTestResult executionId="dffd6824-180e-4cd3-8781-8b005cdfdd9b" testId="411ae6e3-411d-bed2-74f1-79868b4b9025" testName="UserService.UnitTest.Application.Dtos.Keycloak.CreateUserKeycloakTests.CreateUserKeycloak_ComEmailNulo_DevePermitirCriacao" computerName="iMac-de-Bruno" duration="00:00:00.0082119" startTime="2025-09-25T19:11:57.0900080-03:00" endTime="2025-09-25T19:11:57.0900080-03:00" testType="13cdc9d9-ddb5-4fa4-a97d-d965ccfc6d4b" outcome="Passed" testListId="8c84fa94-04c1-424b-9868-57a2d4851a1d" relativeResultsDirectory="dffd6824-180e-4cd3-8781-8b005cdfdd9b" />
    <UnitTestResult executionId="c435d247-c128-4a0f-9897-d83a94200443" testId="7c721a92-dfd1-4b2a-435e-f0420f1fa1bf" testName="UserService.UnitTest.Application.Dtos.Responses.LoginUserResponseTests.LoginUserResponse_ComRefreshTokenVazioOuEspacos_DevePermitirAtribuicao(refreshToken: &quot;&quot;)" computerName="iMac-de-Bruno" duration="00:00:00.0024837" startTime="2025-09-25T19:11:56.9207830-03:00" endTime="2025-09-25T19:11:56.9207830-03:00" testType="13cdc9d9-ddb5-4fa4-a97d-d965ccfc6d4b" outcome="Passed" testListId="8c84fa94-04c1-424b-9868-57a2d4851a1d" relativeResultsDirectory="c435d247-c128-4a0f-9897-d83a94200443" />
    <UnitTestResult executionId="e1a0d86c-f04f-4bc9-9f8a-cf2b9d6a773d" testId="99ce01d7-0310-a92e-fac7-c4d886c40f40" testName="UserService.UnitTest.Application.Services.PasswordEncripterTests.EncryptPassword_ComSenhaNula_DeveLancarExcecao" computerName="iMac-de-Bruno" duration="00:00:00.0004296" startTime="2025-09-25T19:12:01.2106500-03:00" endTime="2025-09-25T19:12:01.2106510-03:00" testType="13cdc9d9-ddb5-4fa4-a97d-d965ccfc6d4b" outcome="Passed" testListId="8c84fa94-04c1-424b-9868-57a2d4851a1d" relativeResultsDirectory="e1a0d86c-f04f-4bc9-9f8a-cf2b9d6a773d" />
    <UnitTestResult executionId="b3adcb71-b3b1-4930-b07e-829a943d46b6" testId="62906a2d-c9a3-7ca2-ff02-ff62630e8f77" testName="UserService.UnitTest.Domain.UserTests.Usuario_QuandoTentativasLoginFalhadasIncrementadas_DeveAtualizarCorretamente" computerName="iMac-de-Bruno" duration="00:00:00.0173129" startTime="2025-09-25T19:11:57.2497470-03:00" endTime="2025-09-25T19:11:57.2497480-03:00" testType="13cdc9d9-ddb5-4fa4-a97d-d965ccfc6d4b" outcome="Passed" testListId="8c84fa94-04c1-424b-9868-57a2d4851a1d" relativeResultsDirectory="b3adcb71-b3b1-4930-b07e-829a943d46b6" />
    <UnitTestResult executionId="9d6619d8-ec1c-4140-a223-0019e4322ad2" testId="d588092e-c472-cb56-3280-6b4137fa6cd2" testName="UserService.UnitTest.Application.Services.PasswordEncripterTests.EncryptPassword_ComSenhaVazia_DeveRetornarHashValido" computerName="iMac-de-Bruno" duration="00:00:00.1294727" startTime="2025-09-25T19:12:01.2101550-03:00" endTime="2025-09-25T19:12:01.2101550-03:00" testType="13cdc9d9-ddb5-4fa4-a97d-d965ccfc6d4b" outcome="Passed" testListId="8c84fa94-04c1-424b-9868-57a2d4851a1d" relativeResultsDirectory="9d6619d8-ec1c-4140-a223-0019e4322ad2" />
    <UnitTestResult executionId="11c34660-6ddc-4cbf-9c12-06a1d1c457a3" testId="de151c58-4467-4a44-0aaa-73fe7dfaabe6" testName="UserService.UnitTest.Domain.UserAddressExtensionsTests.ObterEnderecoFormatado_QuandoNumeroRuaAlfanumerico_DeveTratarCorretamente" computerName="iMac-de-Bruno" duration="00:00:00.0771111" startTime="2025-09-25T19:11:56.8455410-03:00" endTime="2025-09-25T19:11:56.8455410-03:00" testType="13cdc9d9-ddb5-4fa4-a97d-d965ccfc6d4b" outcome="Passed" testListId="8c84fa94-04c1-424b-9868-57a2d4851a1d" relativeResultsDirectory="11c34660-6ddc-4cbf-9c12-06a1d1c457a3" />
    <UnitTestResult executionId="1d6c116a-5aaf-45fd-a163-3fefe5ce0818" testId="455cce1f-5d9c-b7d3-8180-a6a1c0a52a90" testName="UserService.UnitTest.Application.Dtos.Keycloak.LoginUserKeycloakTests.LoginUserKeycloak_ComDiferentesCombinacoesDeDados_DeveDefinirPropriedadesCorretamente(email: &quot;test@example.com&quot;, password: &quot;password123&quot;)" computerName="iMac-de-Bruno" duration="00:00:00.0022922" startTime="2025-09-25T19:11:56.9995160-03:00" endTime="2025-09-25T19:11:56.9995160-03:00" testType="13cdc9d9-ddb5-4fa4-a97d-d965ccfc6d4b" outcome="Passed" testListId="8c84fa94-04c1-424b-9868-57a2d4851a1d" relativeResultsDirectory="1d6c116a-5aaf-45fd-a163-3fefe5ce0818" />
    <UnitTestResult executionId="a6fee519-2aee-4473-957b-228cf3ef993a" testId="26a1e3f4-4540-430c-31e0-ad5c7e3416b4" testName="UserService.UnitTest.Application.Dtos.Responses.LoginUserResponseTests.LoginUserResponse_ComAccessTokenVazioOuEspacos_DevePermitirAtribuicao(accessToken: &quot; &quot;)" computerName="iMac-de-Bruno" duration="00:00:00.0081486" startTime="2025-09-25T19:11:56.9757130-03:00" endTime="2025-09-25T19:11:56.9757130-03:00" testType="13cdc9d9-ddb5-4fa4-a97d-d965ccfc6d4b" outcome="Passed" testListId="8c84fa94-04c1-424b-9868-57a2d4851a1d" relativeResultsDirectory="a6fee519-2aee-4473-957b-228cf3ef993a" />
    <UnitTestResult executionId="2264fd10-97d7-4915-8da7-c810cf40255d" testId="5d428a58-f006-fd3d-634c-486ac9ab59ac" testName="UserService.UnitTest.Application.Dtos.Requests.LoginUserRequestTests.LoginUserRequest_ComSenhaVaziaOuEspacos_DevePermitirAtribuicao(password: &quot;   &quot;)" computerName="iMac-de-Bruno" duration="00:00:00.0067675" startTime="2025-09-25T19:11:57.0329170-03:00" endTime="2025-09-25T19:11:57.0329170-03:00" testType="13cdc9d9-ddb5-4fa4-a97d-d965ccfc6d4b" outcome="Passed" testListId="8c84fa94-04c1-424b-9868-57a2d4851a1d" relativeResultsDirectory="2264fd10-97d7-4915-8da7-c810cf40255d" />
    <UnitTestResult executionId="90429623-3f24-45c8-ac5e-d011ec16c73a" testId="a7175ca1-e111-14da-b787-1aa39b5a9e4f" testName="UserService.UnitTest.Application.Services.PasswordEncripterTests.EncryptPassword_ComDiferentesSenhas_DeveRetornarHashesValidos(password: &quot;MinhaSenh@123&quot;)" computerName="iMac-de-Bruno" duration="00:00:00.1307693" startTime="2025-09-25T19:11:59.8273810-03:00" endTime="2025-09-25T19:11:59.8273810-03:00" testType="13cdc9d9-ddb5-4fa4-a97d-d965ccfc6d4b" outcome="Passed" testListId="8c84fa94-04c1-424b-9868-57a2d4851a1d" relativeResultsDirectory="90429623-3f24-45c8-ac5e-d011ec16c73a" />
    <UnitTestResult executionId="ff055edf-3084-4ab4-8075-b9078b5b4102" testId="03d95fe1-ceef-4489-acd8-3edec8b039fb" testName="UserService.UnitTest.Application.Dtos.Requests.CreateUserRequestTests.CreateUserRequest_ComTelefonesDiferentes_DevePermitirAtribuicao" computerName="iMac-de-Bruno" duration="00:00:00.0142700" startTime="2025-09-25T19:11:56.9985020-03:00" endTime="2025-09-25T19:11:56.9985020-03:00" testType="13cdc9d9-ddb5-4fa4-a97d-d965ccfc6d4b" outcome="Passed" testListId="8c84fa94-04c1-424b-9868-57a2d4851a1d" relativeResultsDirectory="ff055edf-3084-4ab4-8075-b9078b5b4102" />
    <UnitTestResult executionId="f614bf81-bf67-4df3-99df-4d893425258f" testId="056bffb9-bb7c-2664-0173-299ed12f750f" testName="UserService.UnitTest.Application.Commands.CreateUserCommandTests.CriarComando_ComDiferentesCombinacoes_DeveDefinirPropriedadesCorretamente(firstName: &quot;João&quot;, lastName: &quot;Silva&quot;, email: &quot;joao@email.com&quot;, password: &quot;Senha@123&quot;, newsletterOptIn: True)" computerName="iMac-de-Bruno" duration="00:00:00.0000160" startTime="2025-09-25T19:11:56.8380980-03:00" endTime="2025-09-25T19:11:56.8380980-03:00" testType="13cdc9d9-ddb5-4fa4-a97d-d965ccfc6d4b" outcome="Passed" testListId="8c84fa94-04c1-424b-9868-57a2d4851a1d" relativeResultsDirectory="f614bf81-bf67-4df3-99df-4d893425258f" />
    <UnitTestResult executionId="f9daf6a3-6a47-43da-85db-24d02ccc2687" testId="52dc71a2-de98-fb95-adf4-bf37edbf17ea" testName="UserService.UnitTest.Application.Commands.CreateUserCommandHandlerTests.Handle_ComDiferentesNomes_DeveCriarUsuarioCorretamente(firstName: &quot;João&quot;, lastName: &quot;Silva&quot;, email: &quot;joao@email.com&quot;)" computerName="iMac-de-Bruno" duration="00:00:01.2222256" startTime="2025-09-25T19:11:57.9907170-03:00" endTime="2025-09-25T19:11:57.9907170-03:00" testType="13cdc9d9-ddb5-4fa4-a97d-d965ccfc6d4b" outcome="Passed" testListId="8c84fa94-04c1-424b-9868-57a2d4851a1d" relativeResultsDirectory="f9daf6a3-6a47-43da-85db-24d02ccc2687" />
    <UnitTestResult executionId="d74f84e1-995a-441f-857e-437462d4d76f" testId="1fc346ea-fc82-e479-51b5-1538e7b4e1d0" testName="UserService.UnitTest.Application.Dtos.Keycloak.CreateUserKeycloakTests.CreateUserKeycloak_ComEmailVazioOuEspacos_DevePermitirCriacao(email: &quot;   &quot;)" computerName="iMac-de-Bruno" duration="00:00:00.0761342" startTime="2025-09-25T19:11:56.8445770-03:00" endTime="2025-09-25T19:11:56.8445770-03:00" testType="13cdc9d9-ddb5-4fa4-a97d-d965ccfc6d4b" outcome="Passed" testListId="8c84fa94-04c1-424b-9868-57a2d4851a1d" relativeResultsDirectory="d74f84e1-995a-441f-857e-437462d4d76f" />
    <UnitTestResult executionId="c63ad6db-6fba-4161-8cd1-25737afed4a6" testId="bf68a559-d665-c831-c945-a09fc53e9224" testName="UserService.UnitTest.Application.Dtos.Responses.LoginUserResponseTests.LoginUserResponse_ComRefreshTokenNulo_DevePermitirAtribuicao" computerName="iMac-de-Bruno" duration="00:00:00.0108115" startTime="2025-09-25T19:11:57.0796820-03:00" endTime="2025-09-25T19:11:57.0796820-03:00" testType="13cdc9d9-ddb5-4fa4-a97d-d965ccfc6d4b" outcome="Passed" testListId="8c84fa94-04c1-424b-9868-57a2d4851a1d" relativeResultsDirectory="c63ad6db-6fba-4161-8cd1-25737afed4a6" />
    <UnitTestResult executionId="1173b1e2-71f9-45ab-85f4-94039c0ade50" testId="7ede7779-72d1-6379-5aa2-3b4e10425f37" testName="UserService.UnitTest.Application.Dtos.Keycloak.CreateUserKeycloakTests.CreateUserKeycloak_ComSobrenomeVazioOuEspacos_DevePermitirCriacao(lastName: &quot;&quot;)" computerName="iMac-de-Bruno" duration="00:00:00.0087677" startTime="2025-09-25T19:11:57.0227530-03:00" endTime="2025-09-25T19:11:57.0227540-03:00" testType="13cdc9d9-ddb5-4fa4-a97d-d965ccfc6d4b" outcome="Passed" testListId="8c84fa94-04c1-424b-9868-57a2d4851a1d" relativeResultsDirectory="1173b1e2-71f9-45ab-85f4-94039c0ade50" />
    <UnitTestResult executionId="73d11408-5c2b-4c93-aa3e-4a94ba2132ae" testId="416c1b16-fe7b-bcee-e981-d48a8e82fc3c" testName="UserService.UnitTest.Application.Services.PasswordEncripterTests.EncryptPassword_ComDiferentesSenhas_DeveRetornarHashesValidos(password: &quot;SenhaComCaracteresEspeciais!@#$%^&amp;*()&quot;)" computerName="iMac-de-Bruno" duration="00:00:00.1310786" startTime="2025-09-25T19:11:59.9585810-03:00" endTime="2025-09-25T19:11:59.9585810-03:00" testType="13cdc9d9-ddb5-4fa4-a97d-d965ccfc6d4b" outcome="Passed" testListId="8c84fa94-04c1-424b-9868-57a2d4851a1d" relativeResultsDirectory="73d11408-5c2b-4c93-aa3e-4a94ba2132ae" />
    <UnitTestResult executionId="dbc9d792-067c-4599-a585-65c3b2363053" testId="4b5865a6-7130-4ee3-4f6a-51455f5ae41c" testName="UserService.UnitTest.Application.Dtos.Responses.LoginUserResponseTests.LoginUserResponse_ComTokenTypeVazioOuEspacos_DevePermitirAtribuicao(tokenType: &quot;&quot;)" computerName="iMac-de-Bruno" duration="00:00:00.0132043" startTime="2025-09-25T19:11:56.9733450-03:00" endTime="2025-09-25T19:11:56.9733450-03:00" testType="13cdc9d9-ddb5-4fa4-a97d-d965ccfc6d4b" outcome="Passed" testListId="8c84fa94-04c1-424b-9868-57a2d4851a1d" relativeResultsDirectory="dbc9d792-067c-4599-a585-65c3b2363053" />
    <UnitTestResult executionId="e9da99eb-3c4e-49ce-8091-d0bd02746614" testId="f257391b-3a40-c27b-61ef-2e778289cdae" testName="UserService.UnitTest.Application.Dtos.Keycloak.LoginUserKeycloakTests.LoginUserKeycloak_ComEmailNulo_DevePermitirCriacao" computerName="iMac-de-Bruno" duration="00:00:00.0016459" startTime="2025-09-25T19:11:57.1952820-03:00" endTime="2025-09-25T19:11:57.1952820-03:00" testType="13cdc9d9-ddb5-4fa4-a97d-d965ccfc6d4b" outcome="Passed" testListId="8c84fa94-04c1-424b-9868-57a2d4851a1d" relativeResultsDirectory="e9da99eb-3c4e-49ce-8091-d0bd02746614" />
    <UnitTestResult executionId="408ec01f-330e-4699-9054-6de8878636a2" testId="0ba21bfd-2612-6a9e-d512-e76f7cdd53a9" testName="UserService.UnitTest.Application.Commands.CreateUserCommandHandlerTests.Handle_ComDiferentesNomes_DeveCriarUsuarioCorretamente(firstName: &quot;Pedro&quot;, lastName: &quot;Oliveira&quot;, email: &quot;pedro@exemplo.com&quot;)" computerName="iMac-de-Bruno" duration="00:00:00.0346106" startTime="2025-09-25T19:11:58.0453390-03:00" endTime="2025-09-25T19:11:58.0453390-03:00" testType="13cdc9d9-ddb5-4fa4-a97d-d965ccfc6d4b" outcome="Passed" testListId="8c84fa94-04c1-424b-9868-57a2d4851a1d" relativeResultsDirectory="408ec01f-330e-4699-9054-6de8878636a2" />
    <UnitTestResult executionId="96c88462-a700-4116-aba7-3276114a4a75" testId="52ed97e2-360f-9d0a-658b-04f22e2f374f" testName="UserService.UnitTest.Application.Dtos.Responses.LoginUserResponseTests.LoginUserResponse_ComDiferentesTiposDeToken_DevePermitirAtribuicao(tokenType: &quot;bearer&quot;)" computerName="iMac-de-Bruno" duration="00:00:00.0094748" startTime="2025-09-25T19:11:56.8557990-03:00" endTime="2025-09-25T19:11:56.8557990-03:00" testType="13cdc9d9-ddb5-4fa4-a97d-d965ccfc6d4b" outcome="Passed" testListId="8c84fa94-04c1-424b-9868-57a2d4851a1d" relativeResultsDirectory="96c88462-a700-4116-aba7-3276114a4a75" />
    <UnitTestResult executionId="1baa7b0e-632e-47b2-9cb4-eb6057b4f26f" testId="94c2b6de-5241-d485-ac8e-41560f178d01" testName="UserService.UnitTest.Application.Dtos.Responses.CreateUserResponseTests.CreateUserResponse_ComDataCreatedAtMaxValue_DevePermitirAtribuicao" computerName="iMac-de-Bruno" duration="00:00:00.0251170" startTime="2025-09-25T19:11:56.8465280-03:00" endTime="2025-09-25T19:11:56.8465280-03:00" testType="13cdc9d9-ddb5-4fa4-a97d-d965ccfc6d4b" outcome="Passed" testListId="8c84fa94-04c1-424b-9868-57a2d4851a1d" relativeResultsDirectory="1baa7b0e-632e-47b2-9cb4-eb6057b4f26f" />
    <UnitTestResult executionId="9b2644ad-c5aa-43ae-b699-9bccd2f27462" testId="de239b90-b605-59bc-881a-9849b83cab21" testName="UserService.UnitTest.Application.Dtos.Responses.LoginUserResponseTests.LoginUserResponse_ComExpiresInPositivo_DevePermitirAtribuicao(expiresIn: 1)" computerName="iMac-de-Bruno" duration="00:00:00.0013173" startTime="2025-09-25T19:11:56.9162460-03:00" endTime="2025-09-25T19:11:56.9162460-03:00" testType="13cdc9d9-ddb5-4fa4-a97d-d965ccfc6d4b" outcome="Passed" testListId="8c84fa94-04c1-424b-9868-57a2d4851a1d" relativeResultsDirectory="9b2644ad-c5aa-43ae-b699-9bccd2f27462" />
    <UnitTestResult executionId="527e4dc0-d0aa-41b6-84cc-4eed502a5c23" testId="fa0a95aa-2c09-8e24-ee1f-90b644f6c541" testName="UserService.UnitTest.Application.Dtos.Keycloak.LoginUserKeycloakTests.LoginUserKeycloak_ComEspacosNoMeio_DevePermitirCriacao" computerName="iMac-de-Bruno" duration="00:00:00.0076012" startTime="2025-09-25T19:11:57.2029550-03:00" endTime="2025-09-25T19:11:57.2029550-03:00" testType="13cdc9d9-ddb5-4fa4-a97d-d965ccfc6d4b" outcome="Passed" testListId="8c84fa94-04c1-424b-9868-57a2d4851a1d" relativeResultsDirectory="527e4dc0-d0aa-41b6-84cc-4eed502a5c23" />
    <UnitTestResult executionId="4ab805ae-6ad5-4179-8d52-0e40faf52c37" testId="6db8dbd3-7b5f-7324-b691-1ab92965e592" testName="UserService.UnitTest.Application.Commands.LoginUserCommandHandlerTests.Handle_ComUsuarioInexistente_DeveRetornarFalha" computerName="iMac-de-Bruno" duration="00:00:00.0057412" startTime="2025-09-25T19:11:57.2311290-03:00" endTime="2025-09-25T19:11:57.2311290-03:00" testType="13cdc9d9-ddb5-4fa4-a97d-d965ccfc6d4b" outcome="Passed" testListId="8c84fa94-04c1-424b-9868-57a2d4851a1d" relativeResultsDirectory="4ab805ae-6ad5-4179-8d52-0e40faf52c37" />
    <UnitTestResult executionId="ef9d7133-829d-4f22-858d-6c9d35a2ebc7" testId="5844cf9d-d151-80a2-e86b-d98f9de3c340" testName="UserService.UnitTest.Application.Dtos.Keycloak.LoginUserKeycloakTests.LoginUserKeycloak_ComMultiplosArroba_DevePermitirCriacao" computerName="iMac-de-Bruno" duration="00:00:00.0018427" startTime="2025-09-25T19:11:57.1805690-03:00" endTime="2025-09-25T19:11:57.1805690-03:00" testType="13cdc9d9-ddb5-4fa4-a97d-d965ccfc6d4b" outcome="Passed" testListId="8c84fa94-04c1-424b-9868-57a2d4851a1d" relativeResultsDirectory="ef9d7133-829d-4f22-858d-6c9d35a2ebc7" />
    <UnitTestResult executionId="7cbdf27b-c82f-48d8-a18b-42e76f031f20" testId="fb095c6b-ef89-7c80-525c-de74a5eb5df3" testName="UserService.UnitTest.Application.Commands.LoginUserCommandTests.CriarComando_ComDadosValidos_DeveDefinirPropriedadesCorretamente" computerName="iMac-de-Bruno" duration="00:00:00.0002113" startTime="2025-09-25T19:11:56.8362550-03:00" endTime="2025-09-25T19:11:56.8362550-03:00" testType="13cdc9d9-ddb5-4fa4-a97d-d965ccfc6d4b" outcome="Passed" testListId="8c84fa94-04c1-424b-9868-57a2d4851a1d" relativeResultsDirectory="7cbdf27b-c82f-48d8-a18b-42e76f031f20" />
    <UnitTestResult executionId="4067ccfe-9241-4708-bedd-249a3dea6f08" testId="6da30459-8d51-b30f-28ae-6a40ce6af825" testName="UserService.UnitTest.Domain.UserExtensionsTests.ContaEstaBloqueada_QuandoContaBloqueadaNoFuturo_DeveRetornarVerdadeiro" computerName="iMac-de-Bruno" duration="00:00:00.0109382" startTime="2025-09-25T19:11:57.0926010-03:00" endTime="2025-09-25T19:11:57.0926010-03:00" testType="13cdc9d9-ddb5-4fa4-a97d-d965ccfc6d4b" outcome="Passed" testListId="8c84fa94-04c1-424b-9868-57a2d4851a1d" relativeResultsDirectory="4067ccfe-9241-4708-bedd-249a3dea6f08" />
    <UnitTestResult executionId="ecbf415c-38e4-4e8b-b6d9-c3525b96a506" testId="a655f03f-04ab-3f43-8793-397ba77d999a" testName="UserService.UnitTest.Application.Services.PasswordEncripterTests.EncryptPassword_ComCaracteresUnicode_DeveProcessarCorretamente" computerName="iMac-de-Bruno" duration="00:00:00.2595771" startTime="2025-09-25T19:12:00.8133550-03:00" endTime="2025-09-25T19:12:00.8133560-03:00" testType="13cdc9d9-ddb5-4fa4-a97d-d965ccfc6d4b" outcome="Passed" testListId="8c84fa94-04c1-424b-9868-57a2d4851a1d" relativeResultsDirectory="ecbf415c-38e4-4e8b-b6d9-c3525b96a506" />
    <UnitTestResult executionId="1fb0827d-76c1-4ae2-82d7-bb8a0f23cc93" testId="6e09464b-843d-f2ce-e00c-4cd1a0bc9135" testName="UserService.UnitTest.Application.Dtos.Requests.LoginUserRequestTests.LoginUserRequest_ComEmailVazioOuEspacos_DevePermitirAtribuicao(email: &quot; &quot;)" computerName="iMac-de-Bruno" duration="00:00:00.0135935" startTime="2025-09-25T19:11:56.9535390-03:00" endTime="2025-09-25T19:11:56.9535390-03:00" testType="13cdc9d9-ddb5-4fa4-a97d-d965ccfc6d4b" outcome="Passed" testListId="8c84fa94-04c1-424b-9868-57a2d4851a1d" relativeResultsDirectory="1fb0827d-76c1-4ae2-82d7-bb8a0f23cc93" />
    <UnitTestResult executionId="acdbeda4-de9b-487a-96ff-2c653cc56252" testId="4a8777a8-dccb-6e9c-0f8a-78e986de79cb" testName="UserService.UnitTest.Application.Dtos.Responses.LoginUserResponseTests.LoginUserResponse_ComDiferentesTiposDeToken_DevePermitirAtribuicao(tokenType: &quot;Basic&quot;)" computerName="iMac-de-Bruno" duration="00:00:00.0773991" startTime="2025-09-25T19:11:56.8458400-03:00" endTime="2025-09-25T19:11:56.8458400-03:00" testType="13cdc9d9-ddb5-4fa4-a97d-d965ccfc6d4b" outcome="Passed" testListId="8c84fa94-04c1-424b-9868-57a2d4851a1d" relativeResultsDirectory="acdbeda4-de9b-487a-96ff-2c653cc56252" />
    <UnitTestResult executionId="72bfc5fa-9d94-4e0d-8a0d-aeead028f327" testId="5472f781-1150-479a-0d10-2e5fabc0b72f" testName="UserService.UnitTest.Application.Dtos.Requests.LoginUserRequestTests.LoginUserRequest_ComSenhaLonga_DevePermitirAtribuicao" computerName="iMac-de-Bruno" duration="00:00:00.0025994" startTime="2025-09-25T19:11:57.0680640-03:00" endTime="2025-09-25T19:11:57.0680640-03:00" testType="13cdc9d9-ddb5-4fa4-a97d-d965ccfc6d4b" outcome="Passed" testListId="8c84fa94-04c1-424b-9868-57a2d4851a1d" relativeResultsDirectory="72bfc5fa-9d94-4e0d-8a0d-aeead028f327" />
    <UnitTestResult executionId="bf5fd37b-d0d8-47ef-b4c7-0704ba2ed521" testId="414134f3-58d7-42a3-8133-e2dd29b54451" testName="UserService.UnitTest.Domain.UserExtensionsTests.ContaEstaBloqueada_QuandoContaNaoBloqueada_DeveRetornarFalso" computerName="iMac-de-Bruno" duration="00:00:00.1579297" startTime="2025-09-25T19:11:56.9263460-03:00" endTime="2025-09-25T19:11:56.9263460-03:00" testType="13cdc9d9-ddb5-4fa4-a97d-d965ccfc6d4b" outcome="Passed" testListId="8c84fa94-04c1-424b-9868-57a2d4851a1d" relativeResultsDirectory="bf5fd37b-d0d8-47ef-b4c7-0704ba2ed521" />
    <UnitTestResult executionId="60a2676e-65e3-4d8a-95ab-1febe17e4b26" testId="cc234b36-f0df-dc23-3cca-bb9fc67efa0f" testName="UserService.UnitTest.Application.Dtos.Requests.LoginUserRequestTests.LoginUserRequest_ComEmailVazioOuEspacos_DevePermitirAtribuicao(email: &quot;&quot;)" computerName="iMac-de-Bruno" duration="00:00:00.0131793" startTime="2025-09-25T19:11:56.9732920-03:00" endTime="2025-09-25T19:11:56.9732920-03:00" testType="13cdc9d9-ddb5-4fa4-a97d-d965ccfc6d4b" outcome="Passed" testListId="8c84fa94-04c1-424b-9868-57a2d4851a1d" relativeResultsDirectory="60a2676e-65e3-4d8a-95ab-1febe17e4b26" />
    <UnitTestResult executionId="96cb9187-fde0-4fcc-b179-ec8a4319223f" testId="cf5a24a9-4080-92c2-4e30-103efe359ce9" testName="UserService.UnitTest.Application.Dtos.Keycloak.LoginUserKeycloakTests.LoginUserKeycloak_ComDadosGeradosPorFaker_DeveDefinirPropriedadesCorretamente" computerName="iMac-de-Bruno" duration="00:00:00.0924346" startTime="2025-09-25T19:11:56.9371020-03:00" endTime="2025-09-25T19:11:56.9371020-03:00" testType="13cdc9d9-ddb5-4fa4-a97d-d965ccfc6d4b" outcome="Passed" testListId="8c84fa94-04c1-424b-9868-57a2d4851a1d" relativeResultsDirectory="96cb9187-fde0-4fcc-b179-ec8a4319223f" />
    <UnitTestResult executionId="b5f023ec-28c3-40f4-93a3-cac9e392838a" testId="9c766e7e-ae27-4f8f-2f21-9970a9ba61fb" testName="UserService.UnitTest.Application.Dtos.Requests.LoginUserRequestTests.LoginUserRequest_ComValoresPadrao_DeveInicializarPropriedadesCorretamente" computerName="iMac-de-Bruno" duration="00:00:00.0023503" startTime="2025-09-25T19:11:57.0813790-03:00" endTime="2025-09-25T19:11:57.0813800-03:00" testType="13cdc9d9-ddb5-4fa4-a97d-d965ccfc6d4b" outcome="Passed" testListId="8c84fa94-04c1-424b-9868-57a2d4851a1d" relativeResultsDirectory="b5f023ec-28c3-40f4-93a3-cac9e392838a" />
    <UnitTestResult executionId="4f9cbb49-6385-46a8-ab7c-abf12dd6c944" testId="6ac0c70b-d31f-4e55-f241-059d9fc6af8d" testName="UserService.UnitTest.Application.Dtos.Responses.CreateUserResponseTests.CreateUserResponse_ComDiferentesCombinacoesDeDados_DeveDefinirPropriedadesCorretamente(email: &quot;user@domain.org&quot;, firstName: &quot;Maria&quot;, lastName: &quot;Santos&quot;, phoneNumber: &quot;21888888888&quot;)" computerName="iMac-de-Bruno" duration="00:00:00.0022581" startTime="2025-09-25T19:11:56.8942790-03:00" endTime="2025-09-25T19:11:56.8942790-03:00" testType="13cdc9d9-ddb5-4fa4-a97d-d965ccfc6d4b" outcome="Passed" testListId="8c84fa94-04c1-424b-9868-57a2d4851a1d" relativeResultsDirectory="4f9cbb49-6385-46a8-ab7c-abf12dd6c944" />
    <UnitTestResult executionId="2772aadc-9f3c-4920-865e-e4264db6dd96" testId="40267795-dc66-6ccc-4acd-9fb940d31784" testName="UserService.UnitTest.Application.Dtos.Keycloak.LoginUserKeycloakTests.LoginUserKeycloak_ComSenhaLonga_DevePermitirCriacao" computerName="iMac-de-Bruno" duration="00:00:00.0028018" startTime="2025-09-25T19:11:57.1609350-03:00" endTime="2025-09-25T19:11:57.1609350-03:00" testType="13cdc9d9-ddb5-4fa4-a97d-d965ccfc6d4b" outcome="Passed" testListId="8c84fa94-04c1-424b-9868-57a2d4851a1d" relativeResultsDirectory="2772aadc-9f3c-4920-865e-e4264db6dd96" />
    <UnitTestResult executionId="05b5d5de-5610-48c9-9edf-30ef7421a73d" testId="63366a20-6db0-419c-82ee-cfc1077912c7" testName="UserService.UnitTest.Application.Services.KeycloakServiceTests.DeleteUserAsync_ComIdInvalido_DeveLancarKeycloakException" computerName="iMac-de-Bruno" duration="00:00:00.0032285" startTime="2025-09-25T19:11:57.2907050-03:00" endTime="2025-09-25T19:11:57.2907050-03:00" testType="13cdc9d9-ddb5-4fa4-a97d-d965ccfc6d4b" outcome="Passed" testListId="8c84fa94-04c1-424b-9868-57a2d4851a1d" relativeResultsDirectory="05b5d5de-5610-48c9-9edf-30ef7421a73d" />
    <UnitTestResult executionId="07917220-b32a-484d-9dc7-c1c94e1cc564" testId="b2a3e007-cd49-208a-a870-adc8ac444bd3" testName="UserService.UnitTest.Application.Dtos.Keycloak.CreateUserKeycloakTests.CreateUserKeycloak_ComNomeVazioOuEspacos_DevePermitirCriacao(firstName: &quot; &quot;)" computerName="iMac-de-Bruno" duration="00:00:00.0030414" startTime="2025-09-25T19:11:56.9971480-03:00" endTime="2025-09-25T19:11:56.9971480-03:00" testType="13cdc9d9-ddb5-4fa4-a97d-d965ccfc6d4b" outcome="Passed" testListId="8c84fa94-04c1-424b-9868-57a2d4851a1d" relativeResultsDirectory="07917220-b32a-484d-9dc7-c1c94e1cc564" />
    <UnitTestResult executionId="b9978ab0-5569-4605-8611-3d36f253b815" testId="2be66668-c2f3-3050-1567-934895ed4271" testName="UserService.UnitTest.Application.Dtos.Keycloak.LoginUserKeycloakTests.LoginUserKeycloak_ComSenhaVaziaOuEspacos_DevePermitirCriacao(password: &quot; &quot;)" computerName="iMac-de-Bruno" duration="00:00:00.0065950" startTime="2025-09-25T19:11:57.1738790-03:00" endTime="2025-09-25T19:11:57.1738790-03:00" testType="13cdc9d9-ddb5-4fa4-a97d-d965ccfc6d4b" outcome="Passed" testListId="8c84fa94-04c1-424b-9868-57a2d4851a1d" relativeResultsDirectory="b9978ab0-5569-4605-8611-3d36f253b815" />
    <UnitTestResult executionId="c9f3da9f-b059-41a3-b1b7-175fd1ae5e42" testId="090d0a31-3c26-6ead-5f5a-dd50f9b42ffc" testName="UserService.UnitTest.Application.Dtos.Responses.LoginUserResponseTests.LoginUserResponse_ComValoresPadrao_DeveInicializarPropriedadesCorretamente" computerName="iMac-de-Bruno" duration="00:00:00.0074440" startTime="2025-09-25T19:11:56.9006940-03:00" endTime="2025-09-25T19:11:56.9006940-03:00" testType="13cdc9d9-ddb5-4fa4-a97d-d965ccfc6d4b" outcome="Passed" testListId="8c84fa94-04c1-424b-9868-57a2d4851a1d" relativeResultsDirectory="c9f3da9f-b059-41a3-b1b7-175fd1ae5e42" />
    <UnitTestResult executionId="20afe3c4-c3f8-430b-92a2-709b80212ede" testId="c8b241df-b57a-7afc-ce65-bc6f4fe57d65" testName="UserService.UnitTest.Application.Dtos.Keycloak.LoginUserKeycloakTests.LoginUserKeycloak_ComCaracteresDeControle_DevePermitirCriacao(email: &quot;\t&quot;, password: &quot;\t&quot;)" computerName="iMac-de-Bruno" duration="00:00:00.0023685" startTime="2025-09-25T19:11:57.1562590-03:00" endTime="2025-09-25T19:11:57.1562590-03:00" testType="13cdc9d9-ddb5-4fa4-a97d-d965ccfc6d4b" outcome="Passed" testListId="8c84fa94-04c1-424b-9868-57a2d4851a1d" relativeResultsDirectory="20afe3c4-c3f8-430b-92a2-709b80212ede" />
    <UnitTestResult executionId="b8f8ca05-df50-4578-bfd5-79b1801112b2" testId="5e8a1a7b-63fd-ef39-f9dc-927456d0cd7a" testName="UserService.UnitTest.Application.Commands.LoginUserCommandTests.CriarComando_ComDiferentesCredenciais_DeveDefinirPropriedadesCorretamente(email: &quot;joao@email.com&quot;, password: &quot;Senha123@&quot;)" computerName="iMac-de-Bruno" duration="00:00:00.0091139" startTime="2025-09-25T19:11:56.8194520-03:00" endTime="2025-09-25T19:11:56.8194520-03:00" testType="13cdc9d9-ddb5-4fa4-a97d-d965ccfc6d4b" outcome="Passed" testListId="8c84fa94-04c1-424b-9868-57a2d4851a1d" relativeResultsDirectory="b8f8ca05-df50-4578-bfd5-79b1801112b2" />
    <UnitTestResult executionId="4908eb23-6177-4746-9e96-1ea503021acd" testId="a02ff287-97b3-5f57-60b5-31628fd9cbb4" testName="UserService.UnitTest.Application.Dtos.Requests.LoginUserRequestTests.LoginUserRequest_ComSenhaVaziaOuEspacos_DevePermitirAtribuicao(password: &quot;&quot;)" computerName="iMac-de-Bruno" duration="00:00:00.0027386" startTime="2025-09-25T19:11:57.0260350-03:00" endTime="2025-09-25T19:11:57.0260350-03:00" testType="13cdc9d9-ddb5-4fa4-a97d-d965ccfc6d4b" outcome="Passed" testListId="8c84fa94-04c1-424b-9868-57a2d4851a1d" relativeResultsDirectory="4908eb23-6177-4746-9e96-1ea503021acd" />
    <UnitTestResult executionId="385da0cb-5413-46c4-8ece-7416c60f3b8b" testId="ed8fd7b5-fd68-aba1-5990-e3b2c6e291bd" testName="UserService.UnitTest.Application.Dtos.Keycloak.CreateUserKeycloakTests.CreateUserKeycloak_ComSobrenomeNulo_DevePermitirCriacao" computerName="iMac-de-Bruno" duration="00:00:00.0025911" startTime="2025-09-25T19:11:56.9026110-03:00" endTime="2025-09-25T19:11:56.9026110-03:00" testType="13cdc9d9-ddb5-4fa4-a97d-d965ccfc6d4b" outcome="Passed" testListId="8c84fa94-04c1-424b-9868-57a2d4851a1d" relativeResultsDirectory="385da0cb-5413-46c4-8ece-7416c60f3b8b" />
    <UnitTestResult executionId="ad5a55bf-8142-4c51-93a3-f20d9648ccd6" testId="3853b90a-2672-1f1c-cb47-9a8657691f74" testName="UserService.UnitTest.Application.Services.PasswordEncripterTests.VerifyPassword_ComHashVazio_DeveRetornarFalse" computerName="iMac-de-Bruno" duration="00:00:00.0001916" startTime="2025-09-25T19:12:00.2935410-03:00" endTime="2025-09-25T19:12:00.2935410-03:00" testType="13cdc9d9-ddb5-4fa4-a97d-d965ccfc6d4b" outcome="Passed" testListId="8c84fa94-04c1-424b-9868-57a2d4851a1d" relativeResultsDirectory="ad5a55bf-8142-4c51-93a3-f20d9648ccd6" />
    <UnitTestResult executionId="8c1d723c-64d6-4d91-b9b1-32a34e4a2719" testId="04460148-2641-a79d-220c-bb2c293f100f" testName="UserService.UnitTest.Application.Dtos.Requests.LoginUserRequestTests.LoginUserRequest_ComAmbosValoresNulos_DevePermitirAtribuicao" computerName="iMac-de-Bruno" duration="00:00:00.0107824" startTime="2025-09-25T19:11:57.0789450-03:00" endTime="2025-09-25T19:11:57.0789460-03:00" testType="13cdc9d9-ddb5-4fa4-a97d-d965ccfc6d4b" outcome="Passed" testListId="8c84fa94-04c1-424b-9868-57a2d4851a1d" relativeResultsDirectory="8c1d723c-64d6-4d91-b9b1-32a34e4a2719" />
    <UnitTestResult executionId="0635ebe6-8832-4044-9633-fd79e5e17379" testId="bc5c4759-edfa-f30e-f4d0-0354fe026593" testName="UserService.UnitTest.Application.Services.KeycloakServiceTests.GetUserByEmailAsync_ComEmailInexistente_DeveRetornarNull" computerName="iMac-de-Bruno" duration="00:00:00.3811513" startTime="2025-09-25T19:11:57.2030230-03:00" endTime="2025-09-25T19:11:57.2030230-03:00" testType="13cdc9d9-ddb5-4fa4-a97d-d965ccfc6d4b" outcome="Passed" testListId="8c84fa94-04c1-424b-9868-57a2d4851a1d" relativeResultsDirectory="0635ebe6-8832-4044-9633-fd79e5e17379" />
    <UnitTestResult executionId="240d1d98-6f15-46a8-bbbb-75d23d87ed45" testId="f729a349-2432-6996-746c-8014e568a6b3" testName="UserService.UnitTest.Application.Dtos.Responses.LoginUserResponseTests.LoginUserResponse_ComExpiresInPositivo_DevePermitirAtribuicao(expiresIn: 3600)" computerName="iMac-de-Bruno" duration="00:00:00.0013768" startTime="2025-09-25T19:11:56.9134460-03:00" endTime="2025-09-25T19:11:56.9134460-03:00" testType="13cdc9d9-ddb5-4fa4-a97d-d965ccfc6d4b" outcome="Passed" testListId="8c84fa94-04c1-424b-9868-57a2d4851a1d" relativeResultsDirectory="240d1d98-6f15-46a8-bbbb-75d23d87ed45" />
    <UnitTestResult executionId="5095fb81-12d9-4efe-8d53-7347cd8267bd" testId="6415e2ed-39aa-afa9-bb78-ac012cc586fb" testName="UserService.UnitTest.Application.Dtos.Requests.CreateUserRequestTests.CreateUserRequest_ComSenhaVaziaOuEspacos_DevePermitirAtribuicao(password: &quot;   &quot;)" computerName="iMac-de-Bruno" duration="00:00:00.0099620" startTime="2025-09-25T19:11:56.8910410-03:00" endTime="2025-09-25T19:11:56.8910410-03:00" testType="13cdc9d9-ddb5-4fa4-a97d-d965ccfc6d4b" outcome="Passed" testListId="8c84fa94-04c1-424b-9868-57a2d4851a1d" relativeResultsDirectory="5095fb81-12d9-4efe-8d53-7347cd8267bd" />
    <UnitTestResult executionId="24343e38-59c1-40b2-9a37-f290359035da" testId="34a07d72-0db6-b075-6ccb-662b30076737" testName="UserService.UnitTest.Application.Services.PasswordEncripterTests.EncryptPassword_ComSenhaValida_DeveRetornarHashBCrypt" computerName="iMac-de-Bruno" duration="00:00:00.1300044" startTime="2025-09-25T19:12:01.7323250-03:00" endTime="2025-09-25T19:12:01.7323250-03:00" testType="13cdc9d9-ddb5-4fa4-a97d-d965ccfc6d4b" outcome="Passed" testListId="8c84fa94-04c1-424b-9868-57a2d4851a1d" relativeResultsDirectory="24343e38-59c1-40b2-9a37-f290359035da" />
    <UnitTestResult executionId="45d29c3d-93f1-4a1a-96a9-57a0772039a3" testId="8e4d3555-f949-af94-befc-35b2d860fb59" testName="UserService.UnitTest.Application.Commands.LoginUserCommandHandlerTests.Handle_ComDiferentesCredenciais_DeveProcessarCorretamente(email: &quot;usuario1@email.com&quot;, password: &quot;Senha123@&quot;)" computerName="iMac-de-Bruno" duration="00:00:00.0044092" startTime="2025-09-25T19:11:57.1794570-03:00" endTime="2025-09-25T19:11:57.1794570-03:00" testType="13cdc9d9-ddb5-4fa4-a97d-d965ccfc6d4b" outcome="Passed" testListId="8c84fa94-04c1-424b-9868-57a2d4851a1d" relativeResultsDirectory="45d29c3d-93f1-4a1a-96a9-57a0772039a3" />
    <UnitTestResult executionId="e044e4ba-a3cd-46a9-b272-7bff13f4a0bb" testId="388b6e0c-13dd-b7a5-2fc2-3731d54c42f3" testName="UserService.UnitTest.Application.Dtos.Keycloak.CreateUserKeycloakTests.CreateUserKeycloak_ComSobrenomeVazioOuEspacos_DevePermitirCriacao(lastName: &quot;   &quot;)" computerName="iMac-de-Bruno" duration="00:00:00.0085641" startTime="2025-09-25T19:11:57.0138410-03:00" endTime="2025-09-25T19:11:57.0138410-03:00" testType="13cdc9d9-ddb5-4fa4-a97d-d965ccfc6d4b" outcome="Passed" testListId="8c84fa94-04c1-424b-9868-57a2d4851a1d" relativeResultsDirectory="e044e4ba-a3cd-46a9-b272-7bff13f4a0bb" />
    <UnitTestResult executionId="91da559e-e90d-499a-872b-f3fd507e931d" testId="a9e38d59-78a4-c80b-44bd-54e6e0d52647" testName="UserService.UnitTest.Domain.UserTests.Usuario_QuandoEmailDefinido_DeveAceitarFormatosValidos(email: &quot;user.name@domain.com.br&quot;)" computerName="iMac-de-Bruno" duration="00:00:00.0092295" startTime="2025-09-25T19:11:57.2150130-03:00" endTime="2025-09-25T19:11:57.2150130-03:00" testType="13cdc9d9-ddb5-4fa4-a97d-d965ccfc6d4b" outcome="Passed" testListId="8c84fa94-04c1-424b-9868-57a2d4851a1d" relativeResultsDirectory="91da559e-e90d-499a-872b-f3fd507e931d" />
    <UnitTestResult executionId="0723f59b-3f8e-40e0-b815-54a30c7f8b59" testId="6c9747e9-bd57-8249-8a7f-864315c9ac24" testName="UserService.UnitTest.Application.Dtos.Responses.LoginUserResponseTests.LoginUserResponse_ComDiferentesTiposDeToken_DevePermitirAtribuicao(tokenType: &quot;Token&quot;)" computerName="iMac-de-Bruno" duration="00:00:00.0027502" startTime="2025-09-25T19:11:56.8837890-03:00" endTime="2025-09-25T19:11:56.8837890-03:00" testType="13cdc9d9-ddb5-4fa4-a97d-d965ccfc6d4b" outcome="Passed" testListId="8c84fa94-04c1-424b-9868-57a2d4851a1d" relativeResultsDirectory="0723f59b-3f8e-40e0-b815-54a30c7f8b59" />
    <UnitTestResult executionId="726d5724-3835-46d3-a272-da71c837d53c" testId="ca84de6c-cf9f-5b23-afbf-1743b69cec30" testName="UserService.UnitTest.Domain.UserTests.Usuario_QuandoContaBloqueada_DeveDefinirTempoBloqueio" computerName="iMac-de-Bruno" duration="00:00:00.0033629" startTime="2025-09-25T19:11:57.2653710-03:00" endTime="2025-09-25T19:11:57.2653720-03:00" testType="13cdc9d9-ddb5-4fa4-a97d-d965ccfc6d4b" outcome="Passed" testListId="8c84fa94-04c1-424b-9868-57a2d4851a1d" relativeResultsDirectory="726d5724-3835-46d3-a272-da71c837d53c" />
    <UnitTestResult executionId="f4a07e5b-e757-4b02-9e5f-2ebac2f51af0" testId="63697932-2986-880a-55c5-32c06b77f11b" testName="UserService.UnitTest.Application.Dtos.Responses.LoginUserResponseTests.LoginUserResponse_ComExpiresInNegativoOuZero_DevePermitirAtribuicao(expiresIn: -2147483648)" computerName="iMac-de-Bruno" duration="00:00:00.0076966" startTime="2025-09-25T19:11:57.0417190-03:00" endTime="2025-09-25T19:11:57.0417190-03:00" testType="13cdc9d9-ddb5-4fa4-a97d-d965ccfc6d4b" outcome="Passed" testListId="8c84fa94-04c1-424b-9868-57a2d4851a1d" relativeResultsDirectory="f4a07e5b-e757-4b02-9e5f-2ebac2f51af0" />
    <UnitTestResult executionId="926753ff-cee2-4fe9-b72c-d7a8414c3c98" testId="cdbf9444-aba6-6b34-3425-8f44fe4f52b2" testName="UserService.UnitTest.Application.Dtos.Keycloak.CreateUserKeycloakTests.CreateUserKeycloak_ComDadosGeradosPorFaker_DeveDefinirPropriedadesCorretamente" computerName="iMac-de-Bruno" duration="00:00:00.0026983" startTime="2025-09-25T19:11:57.1013260-03:00" endTime="2025-09-25T19:11:57.1013260-03:00" testType="13cdc9d9-ddb5-4fa4-a97d-d965ccfc6d4b" outcome="Passed" testListId="8c84fa94-04c1-424b-9868-57a2d4851a1d" relativeResultsDirectory="926753ff-cee2-4fe9-b72c-d7a8414c3c98" />
    <UnitTestResult executionId="7e954a8c-6cfc-4bf8-8474-ab042f3358f8" testId="1971d78d-d90b-8b5b-2193-80ba0ab46f86" testName="UserService.UnitTest.Domain.UserExtensionsTests.ObterNomeCompleto_QuandoApenasPrimeiroNome_DeveRetornarPrimeiroNomeLimpo" computerName="iMac-de-Bruno" duration="00:00:00.0149658" startTime="2025-09-25T19:11:57.0681370-03:00" endTime="2025-09-25T19:11:57.0681370-03:00" testType="13cdc9d9-ddb5-4fa4-a97d-d965ccfc6d4b" outcome="Passed" testListId="8c84fa94-04c1-424b-9868-57a2d4851a1d" relativeResultsDirectory="7e954a8c-6cfc-4bf8-8474-ab042f3358f8" />
    <UnitTestResult executionId="a03b59dc-c059-4fe8-acc6-77e6f849ab2d" testId="beed8b53-967c-b437-29a7-7caedf262cbb" testName="UserService.UnitTest.Application.Commands.CreateUserCommandHandlerTests.Handle_ComDadosValidos_DeveCriarUsuarioComSucesso" computerName="iMac-de-Bruno" duration="00:00:00.0085413" startTime="2025-09-25T19:11:58.0539640-03:00" endTime="2025-09-25T19:11:58.0539640-03:00" testType="13cdc9d9-ddb5-4fa4-a97d-d965ccfc6d4b" outcome="Passed" testListId="8c84fa94-04c1-424b-9868-57a2d4851a1d" relativeResultsDirectory="a03b59dc-c059-4fe8-acc6-77e6f849ab2d" />
    <UnitTestResult executionId="4c1211c5-44dc-4ab8-80d7-afaaa3544706" testId="85e97acb-11de-08df-905a-21d5d5888d29" testName="UserService.UnitTest.Application.Dtos.Requests.LoginUserRequestTests.LoginUserRequest_ComAmbosValoresVazios_DevePermitirAtribuicao" computerName="iMac-de-Bruno" duration="00:00:00.0022571" startTime="2025-09-25T19:11:57.0922320-03:00" endTime="2025-09-25T19:11:57.0922320-03:00" testType="13cdc9d9-ddb5-4fa4-a97d-d965ccfc6d4b" outcome="Passed" testListId="8c84fa94-04c1-424b-9868-57a2d4851a1d" relativeResultsDirectory="4c1211c5-44dc-4ab8-80d7-afaaa3544706" />
    <UnitTestResult executionId="f2c1fb05-4ec1-4bcf-bf33-e89839ae6f52" testId="61f1e916-f7d2-9c70-1f9f-c8fae1845eae" testName="UserService.UnitTest.Application.Dtos.Keycloak.LoginUserKeycloakTests.LoginUserKeycloak_ComEmailVazioOuEspacos_DevePermitirCriacao(email: &quot;   &quot;)" computerName="iMac-de-Bruno" duration="00:00:00.0134463" startTime="2025-09-25T19:11:56.9527650-03:00" endTime="2025-09-25T19:11:56.9527650-03:00" testType="13cdc9d9-ddb5-4fa4-a97d-d965ccfc6d4b" outcome="Passed" testListId="8c84fa94-04c1-424b-9868-57a2d4851a1d" relativeResultsDirectory="f2c1fb05-4ec1-4bcf-bf33-e89839ae6f52" />
    <UnitTestResult executionId="ca48f219-221a-4fa7-8726-fa009ef4af01" testId="4981f8ca-67b0-28b7-16fb-bd68d0fadc37" testName="UserService.UnitTest.Application.Dtos.Requests.CreateUserRequestTests.CreateUserRequest_ComSenhaNula_DevePermitirAtribuicao" computerName="iMac-de-Bruno" duration="00:00:00.0077559" startTime="2025-09-25T19:11:56.8657760-03:00" endTime="2025-09-25T19:11:56.8657760-03:00" testType="13cdc9d9-ddb5-4fa4-a97d-d965ccfc6d4b" outcome="Passed" testListId="8c84fa94-04c1-424b-9868-57a2d4851a1d" relativeResultsDirectory="ca48f219-221a-4fa7-8726-fa009ef4af01" />
    <UnitTestResult executionId="71728f9b-8ad6-4471-aac5-4f6552ad90af" testId="754684df-2078-e9d9-05ec-2216a102cf01" testName="UserService.UnitTest.Application.Commands.CreateUserCommandHandlerTests.Handle_ComDiferentesNomes_DeveCriarUsuarioCorretamente(firstName: &quot;Maria&quot;, lastName: &quot;Santos&quot;, email: &quot;maria@teste.com&quot;)" computerName="iMac-de-Bruno" duration="00:00:00.0198357" startTime="2025-09-25T19:11:58.0106330-03:00" endTime="2025-09-25T19:11:58.0106330-03:00" testType="13cdc9d9-ddb5-4fa4-a97d-d965ccfc6d4b" outcome="Passed" testListId="8c84fa94-04c1-424b-9868-57a2d4851a1d" relativeResultsDirectory="71728f9b-8ad6-4471-aac5-4f6552ad90af" />
    <UnitTestResult executionId="baab9751-e7af-4b55-bc17-9d3bf033a5ee" testId="48561c54-6a4b-b8c4-7322-8c229edf3aee" testName="UserService.UnitTest.Application.Commands.LoginUserCommandTests.CriarComando_ComDiferentesCredenciais_DeveDefinirPropriedadesCorretamente(email: &quot;pedro@exemplo.com&quot;, password: &quot;MinhaSenh@789&quot;)" computerName="iMac-de-Bruno" duration="00:00:00.0000150" startTime="2025-09-25T19:11:56.8195300-03:00" endTime="2025-09-25T19:11:56.8195300-03:00" testType="13cdc9d9-ddb5-4fa4-a97d-d965ccfc6d4b" outcome="Passed" testListId="8c84fa94-04c1-424b-9868-57a2d4851a1d" relativeResultsDirectory="baab9751-e7af-4b55-bc17-9d3bf033a5ee" />
    <UnitTestResult executionId="c386d2de-1dee-4f5b-8faf-11c11ae834e3" testId="f004bd56-4237-fb56-b159-57cfea5e0649" testName="UserService.UnitTest.Application.Services.PasswordEncripterTests.VerifyPassword_ComDiferentesCombinacoes_DeveRetornarResultadoCorreto(originalPassword: &quot;senha123&quot;, testPassword: &quot;senha124&quot;, expectedResult: False)" computerName="iMac-de-Bruno" duration="00:00:00.8835249" startTime="2025-09-25T19:11:57.6558210-03:00" endTime="2025-09-25T19:11:57.6558210-03:00" testType="13cdc9d9-ddb5-4fa4-a97d-d965ccfc6d4b" outcome="Passed" testListId="8c84fa94-04c1-424b-9868-57a2d4851a1d" relativeResultsDirectory="c386d2de-1dee-4f5b-8faf-11c11ae834e3" />
    <UnitTestResult executionId="1359b843-9bc8-4c38-8103-4be838dfede2" testId="d07ea7a5-c866-35f6-fba6-bbeb61c2cbd4" testName="UserService.UnitTest.Application.Services.PasswordEncripterTests.EncryptPassword_ComDiferentesSenhas_DeveRetornarHashesValidos(password: &quot;senha123&quot;)" computerName="iMac-de-Bruno" duration="00:00:00.2039989" startTime="2025-09-25T19:12:00.1628080-03:00" endTime="2025-09-25T19:12:00.1628090-03:00" testType="13cdc9d9-ddb5-4fa4-a97d-d965ccfc6d4b" outcome="Passed" testListId="8c84fa94-04c1-424b-9868-57a2d4851a1d" relativeResultsDirectory="1359b843-9bc8-4c38-8103-4be838dfede2" />
    <UnitTestResult executionId="694a4852-5dc5-467e-b76f-16469459e3fb" testId="a6b1b7ac-423b-b64b-51be-ac14931efb88" testName="UserService.UnitTest.Domain.UserTests.Usuario_QuandoOptInNewsletterDefinido_DeveSerVerdadeiro" computerName="iMac-de-Bruno" duration="00:00:00.0051002" startTime="2025-09-25T19:11:57.2549370-03:00" endTime="2025-09-25T19:11:57.2549370-03:00" testType="13cdc9d9-ddb5-4fa4-a97d-d965ccfc6d4b" outcome="Passed" testListId="8c84fa94-04c1-424b-9868-57a2d4851a1d" relativeResultsDirectory="694a4852-5dc5-467e-b76f-16469459e3fb" />
    <UnitTestResult executionId="7ac80f84-6ca3-418f-b032-751496d6a093" testId="8605a51f-5b53-b458-2eee-61ca30b6c49e" testName="UserService.UnitTest.Application.Dtos.Requests.CreateUserRequestTests.CreateUserRequest_ComSenhaVaziaOuEspacos_DevePermitirAtribuicao(password: &quot; &quot;)" computerName="iMac-de-Bruno" duration="00:00:00.0025918" startTime="2025-09-25T19:11:56.8937120-03:00" endTime="2025-09-25T19:11:56.8937120-03:00" testType="13cdc9d9-ddb5-4fa4-a97d-d965ccfc6d4b" outcome="Passed" testListId="8c84fa94-04c1-424b-9868-57a2d4851a1d" relativeResultsDirectory="7ac80f84-6ca3-418f-b032-751496d6a093" />
    <UnitTestResult executionId="610fed50-967d-4132-b3a6-34fc2475205b" testId="64e11116-f5cb-bd3b-2e3c-4f33a15a2949" testName="UserService.UnitTest.Domain.UserTests.Usuario_QuandoDataNascimentoDefinida_DeveAceitarDataValida" computerName="iMac-de-Bruno" duration="00:00:00.0094334" startTime="2025-09-25T19:11:57.2279190-03:00" endTime="2025-09-25T19:11:57.2279190-03:00" testType="13cdc9d9-ddb5-4fa4-a97d-d965ccfc6d4b" outcome="Passed" testListId="8c84fa94-04c1-424b-9868-57a2d4851a1d" relativeResultsDirectory="610fed50-967d-4132-b3a6-34fc2475205b" />
    <UnitTestResult executionId="fca45273-5b08-4146-b16f-e3552a70ff37" testId="ee8dd72d-e27b-e47a-e9ab-ea48b4ee24c7" testName="UserService.UnitTest.Application.Services.PasswordEncripterTests.VerifyPassword_ComDiferentesCombinacoes_DeveRetornarResultadoCorreto(originalPassword: &quot;MinhaSenh@123&quot;, testPassword: &quot;MinhaSenh@124&quot;, expectedResult: False)" computerName="iMac-de-Bruno" duration="00:00:00.2609849" startTime="2025-09-25T19:11:59.3015580-03:00" endTime="2025-09-25T19:11:59.3015590-03:00" testType="13cdc9d9-ddb5-4fa4-a97d-d965ccfc6d4b" outcome="Passed" testListId="8c84fa94-04c1-424b-9868-57a2d4851a1d" relativeResultsDirectory="fca45273-5b08-4146-b16f-e3552a70ff37" />
    <UnitTestResult executionId="d269a9d7-95c4-407b-ac75-8eaa6e0d22b0" testId="c4ff8b3d-e919-3d50-b132-1b2dbc4179a6" testName="UserService.UnitTest.Domain.UserExtensionsTests.ObterNomeCompleto_QuandoNomesComEspacosExtras_DeveRetornarResultadoLimpo" computerName="iMac-de-Bruno" duration="00:00:00.0106477" startTime="2025-09-25T19:11:57.0152810-03:00" endTime="2025-09-25T19:11:57.0152820-03:00" testType="13cdc9d9-ddb5-4fa4-a97d-d965ccfc6d4b" outcome="Passed" testListId="8c84fa94-04c1-424b-9868-57a2d4851a1d" relativeResultsDirectory="d269a9d7-95c4-407b-ac75-8eaa6e0d22b0" />
    <UnitTestResult executionId="5298728c-565a-4556-bc3c-b0b46682fa6a" testId="1bdb6140-e78c-1d86-2209-d2ec03185fc5" testName="UserService.UnitTest.Application.Dtos.Requests.LoginUserRequestTests.LoginUserRequest_ComSenhasEspeciais_DevePermitirAtribuicao" computerName="iMac-de-Bruno" duration="00:00:00.0026583" startTime="2025-09-25T19:11:57.0429180-03:00" endTime="2025-09-25T19:11:57.0429180-03:00" testType="13cdc9d9-ddb5-4fa4-a97d-d965ccfc6d4b" outcome="Passed" testListId="8c84fa94-04c1-424b-9868-57a2d4851a1d" relativeResultsDirectory="5298728c-565a-4556-bc3c-b0b46682fa6a" />
    <UnitTestResult executionId="23505bff-0e21-46cd-867e-334296328736" testId="0e5fcfee-bd6d-f45f-061a-0b8ebdec31cd" testName="UserService.UnitTest.Application.Commands.CreateUserCommandHandlerTests.Handle_ComNewsletterOptInFalse_DeveCriarUsuarioSemNewsletter" computerName="iMac-de-Bruno" duration="00:00:00.0053811" startTime="2025-09-25T19:11:58.0787760-03:00" endTime="2025-09-25T19:11:58.0787770-03:00" testType="13cdc9d9-ddb5-4fa4-a97d-d965ccfc6d4b" outcome="Passed" testListId="8c84fa94-04c1-424b-9868-57a2d4851a1d" relativeResultsDirectory="23505bff-0e21-46cd-867e-334296328736" />
    <UnitTestResult executionId="59f134d9-cf76-4007-9263-5007ab781d13" testId="bb35b0ea-0a5f-40e6-f51d-49c9b4409aee" testName="UserService.UnitTest.Application.Dtos.Responses.CreateUserResponseTests.CreateUserResponse_ComValoresPadrao_DeveInicializarPropriedadesCorretamente" computerName="iMac-de-Bruno" duration="00:00:00.0193252" startTime="2025-09-25T19:11:56.9740050-03:00" endTime="2025-09-25T19:11:56.9740050-03:00" testType="13cdc9d9-ddb5-4fa4-a97d-d965ccfc6d4b" outcome="Passed" testListId="8c84fa94-04c1-424b-9868-57a2d4851a1d" relativeResultsDirectory="59f134d9-cf76-4007-9263-5007ab781d13" />
    <UnitTestResult executionId="8d09e078-cb9c-40e2-80dd-289b38b733ea" testId="f7068f37-243f-6241-9d48-0587635c77e0" testName="UserService.UnitTest.Application.Dtos.Keycloak.CreateUserKeycloakTests.CreateUserKeycloak_ComSenhaVaziaOuEspacos_DevePermitirCriacao(password: &quot; &quot;)" computerName="iMac-de-Bruno" duration="00:00:00.0070079" startTime="2025-09-25T19:11:57.0513990-03:00" endTime="2025-09-25T19:11:57.0513990-03:00" testType="13cdc9d9-ddb5-4fa4-a97d-d965ccfc6d4b" outcome="Passed" testListId="8c84fa94-04c1-424b-9868-57a2d4851a1d" relativeResultsDirectory="8d09e078-cb9c-40e2-80dd-289b38b733ea" />
    <UnitTestResult executionId="26a260dd-2688-43d2-bede-329319fa9091" testId="8bc2d5de-2e39-fb3e-290f-c92f9624e7e3" testName="UserService.UnitTest.Application.Dtos.Requests.LoginUserRequestTests.LoginUserRequest_ComEmailLongo_DevePermitirAtribuicao" computerName="iMac-de-Bruno" duration="00:00:00.0139563" startTime="2025-09-25T19:11:56.9977050-03:00" endTime="2025-09-25T19:11:56.9977050-03:00" testType="13cdc9d9-ddb5-4fa4-a97d-d965ccfc6d4b" outcome="Passed" testListId="8c84fa94-04c1-424b-9868-57a2d4851a1d" relativeResultsDirectory="26a260dd-2688-43d2-bede-329319fa9091" />
    <UnitTestResult executionId="a53e4780-3b3f-4e0d-98b0-8f8d5305f210" testId="ff68200b-b0bf-e5fc-2918-72089de7bd93" testName="UserService.UnitTest.Application.Services.PasswordEncripterTests.VerifyPassword_ComHashNulo_DeveLancarExcecao" computerName="iMac-de-Bruno" duration="00:00:00.0006510" startTime="2025-09-25T19:12:01.0805920-03:00" endTime="2025-09-25T19:12:01.0805920-03:00" testType="13cdc9d9-ddb5-4fa4-a97d-d965ccfc6d4b" outcome="Passed" testListId="8c84fa94-04c1-424b-9868-57a2d4851a1d" relativeResultsDirectory="a53e4780-3b3f-4e0d-98b0-8f8d5305f210" />
    <UnitTestResult executionId="d91065c1-3104-485a-add8-ee16294b53bd" testId="0c3f05e8-f904-c7ee-3d10-d355752717ad" testName="UserService.UnitTest.Application.Dtos.Responses.LoginUserResponseTests.LoginUserResponse_ComRefreshTokenVazioOuEspacos_DevePermitirAtribuicao(refreshToken: &quot; &quot;)" computerName="iMac-de-Bruno" duration="00:00:00.0018981" startTime="2025-09-25T19:11:56.9182300-03:00" endTime="2025-09-25T19:11:56.9182300-03:00" testType="13cdc9d9-ddb5-4fa4-a97d-d965ccfc6d4b" outcome="Passed" testListId="8c84fa94-04c1-424b-9868-57a2d4851a1d" relativeResultsDirectory="d91065c1-3104-485a-add8-ee16294b53bd" />
    <UnitTestResult executionId="87659d21-fe75-4d5b-af3f-137047a025c9" testId="3585b56d-a5f1-f683-7400-c0bfac8126e5" testName="UserService.UnitTest.Application.Dtos.Responses.LoginUserResponseTests.LoginUserResponse_ComTokenTypeVazioOuEspacos_DevePermitirAtribuicao(tokenType: &quot;   &quot;)" computerName="iMac-de-Bruno" duration="00:00:00.0096601" startTime="2025-09-25T19:11:56.9381940-03:00" endTime="2025-09-25T19:11:56.9381940-03:00" testType="13cdc9d9-ddb5-4fa4-a97d-d965ccfc6d4b" outcome="Passed" testListId="8c84fa94-04c1-424b-9868-57a2d4851a1d" relativeResultsDirectory="87659d21-fe75-4d5b-af3f-137047a025c9" />
    <UnitTestResult executionId="05e7725c-7035-4d62-9f9c-a5eb40631477" testId="52610562-4e87-9bc0-3f6e-3a8d1eb26cfc" testName="UserService.UnitTest.Domain.UserExtensionsTests.EstaAtivo_QuandoUsuarioBanido_DeveRetornarFalso" computerName="iMac-de-Bruno" duration="00:00:00.0276242" startTime="2025-09-25T19:11:56.9731950-03:00" endTime="2025-09-25T19:11:56.9731950-03:00" testType="13cdc9d9-ddb5-4fa4-a97d-d965ccfc6d4b" outcome="Passed" testListId="8c84fa94-04c1-424b-9868-57a2d4851a1d" relativeResultsDirectory="05e7725c-7035-4d62-9f9c-a5eb40631477" />
    <UnitTestResult executionId="589be519-007b-4438-bbf9-628732a18603" testId="b69a7e55-e708-888c-36a6-d240809edd1d" testName="UserService.UnitTest.Application.Dtos.Keycloak.CreateUserKeycloakTests.CreateUserKeycloak_ComDiferentesCombinacoesDeDados_DeveDefinirPropriedadesCorretamente(email: &quot;test@example.com&quot;, password: &quot;password123&quot;, firstName: &quot;João&quot;, lastName: &quot;Silva&quot;, enabled: True)" computerName="iMac-de-Bruno" duration="00:00:00.0150778" startTime="2025-09-25T19:11:56.8809360-03:00" endTime="2025-09-25T19:11:56.8809360-03:00" testType="13cdc9d9-ddb5-4fa4-a97d-d965ccfc6d4b" outcome="Passed" testListId="8c84fa94-04c1-424b-9868-57a2d4851a1d" relativeResultsDirectory="589be519-007b-4438-bbf9-628732a18603" />
    <UnitTestResult executionId="1ddd5b61-495a-42e5-9272-004dd993505e" testId="b0f95758-67ad-2207-a23b-1a1ecc3898ca" testName="UserService.UnitTest.Application.Services.PasswordEncripterTests.EncryptPassword_ComMesmaSenha_DeveGerarHashesDiferentes" computerName="iMac-de-Bruno" duration="00:00:00.2595878" startTime="2025-09-25T19:12:01.6022250-03:00" endTime="2025-09-25T19:12:01.6022250-03:00" testType="13cdc9d9-ddb5-4fa4-a97d-d965ccfc6d4b" outcome="Passed" testListId="8c84fa94-04c1-424b-9868-57a2d4851a1d" relativeResultsDirectory="1ddd5b61-495a-42e5-9272-004dd993505e" />
    <UnitTestResult executionId="be0c8bc4-1131-48c4-99db-114eb58447bc" testId="b624b957-033e-f1f6-e698-ab5559eeeca7" testName="UserService.UnitTest.Application.Commands.CreateUserCommandTests.CriarComando_ComDadosValidos_DeveDefinirPropriedadesCorretamente" computerName="iMac-de-Bruno" duration="00:00:00.0100912" startTime="2025-09-25T19:11:56.8362130-03:00" endTime="2025-09-25T19:11:56.8362130-03:00" testType="13cdc9d9-ddb5-4fa4-a97d-d965ccfc6d4b" outcome="Passed" testListId="8c84fa94-04c1-424b-9868-57a2d4851a1d" relativeResultsDirectory="be0c8bc4-1131-48c4-99db-114eb58447bc" />
  </Results>
  <TestDefinitions>
    <UnitTest name="UserService.UnitTest.Application.Dtos.Requests.CreateUserRequestTests.CreateUserRequest_ComTelefonesDiferentes_DevePermitirAtribuicao" storage="/users/diasbruno/documents/programacao/codigos/dotnet/bcommerce/backend/src/services/userservice/userservice.unittest/bin/debug/net8.0/userservice.unittest.dll" id="03d95fe1-ceef-4489-acd8-3edec8b039fb">
      <Execution id="ff055edf-3084-4ab4-8075-b9078b5b4102" />
      <TestMethod codeBase="/Users/diasbruno/Documents/programacao/codigos/dotnet/bcommerce/backend/src/Services/UserService/UserService.UnitTest/bin/Debug/net8.0/UserService.UnitTest.dll" adapterTypeName="executor://xunit/VsTestRunner2/netcoreapp" className="UserService.UnitTest.Application.Dtos.Requests.CreateUserRequestTests" name="CreateUserRequest_ComTelefonesDiferentes_DevePermitirAtribuicao" />
    </UnitTest>
    <UnitTest name="UserService.UnitTest.Application.Dtos.Keycloak.CreateUserKeycloakTests.CreateUserKeycloak_ComTodosValoresVazios_DevePermitirCriacao" storage="/users/diasbruno/documents/programacao/codigos/dotnet/bcommerce/backend/src/services/userservice/userservice.unittest/bin/debug/net8.0/userservice.unittest.dll" id="5dff643f-cbf4-e0e0-57b8-42bc26c22629">
      <Execution id="462d6794-109f-496e-8cf7-1cb2b0a490a1" />
      <TestMethod codeBase="/Users/diasbruno/Documents/programacao/codigos/dotnet/bcommerce/backend/src/Services/UserService/UserService.UnitTest/bin/Debug/net8.0/UserService.UnitTest.dll" adapterTypeName="executor://xunit/VsTestRunner2/netcoreapp" className="UserService.UnitTest.Application.Dtos.Keycloak.CreateUserKeycloakTests" name="CreateUserKeycloak_ComTodosValoresVazios_DevePermitirCriacao" />
    </UnitTest>
    <UnitTest name="UserService.UnitTest.Application.Services.PasswordEncripterTests.VerifyPassword_ComSenhaVazia_DeveRetornarFalse" storage="/users/diasbruno/documents/programacao/codigos/dotnet/bcommerce/backend/src/services/userservice/userservice.unittest/bin/debug/net8.0/userservice.unittest.dll" id="ef2bade2-f40a-f79a-d71d-087306ed8868">
      <Execution id="1ca87966-cfb4-483b-9ff1-2ecf664f947e" />
      <TestMethod codeBase="/Users/diasbruno/Documents/programacao/codigos/dotnet/bcommerce/backend/src/Services/UserService/UserService.UnitTest/bin/Debug/net8.0/UserService.UnitTest.dll" adapterTypeName="executor://xunit/VsTestRunner2/netcoreapp" className="UserService.UnitTest.Application.Services.PasswordEncripterTests" name="VerifyPassword_ComSenhaVazia_DeveRetornarFalse" />
    </UnitTest>
    <UnitTest name="UserService.UnitTest.Application.Dtos.Requests.LoginUserRequestTests.LoginUserRequest_ComDadosGeradosPorFaker_DeveDefinirPropriedadesCorretamente" storage="/users/diasbruno/documents/programacao/codigos/dotnet/bcommerce/backend/src/services/userservice/userservice.unittest/bin/debug/net8.0/userservice.unittest.dll" id="6c2097a4-bfd2-7cff-6d6c-a01d2699075f">
      <Execution id="fc3212d7-c1c4-4cac-908b-0f5cf302af58" />
      <TestMethod codeBase="/Users/diasbruno/Documents/programacao/codigos/dotnet/bcommerce/backend/src/Services/UserService/UserService.UnitTest/bin/Debug/net8.0/UserService.UnitTest.dll" adapterTypeName="executor://xunit/VsTestRunner2/netcoreapp" className="UserService.UnitTest.Application.Dtos.Requests.LoginUserRequestTests" name="LoginUserRequest_ComDadosGeradosPorFaker_DeveDefinirPropriedadesCorretamente" />
    </UnitTest>
    <UnitTest name="UserService.UnitTest.Application.Dtos.Requests.CreateUserRequestTests.CreateUserRequest_ComTelefoneNulo_DevePermitirAtribuicao" storage="/users/diasbruno/documents/programacao/codigos/dotnet/bcommerce/backend/src/services/userservice/userservice.unittest/bin/debug/net8.0/userservice.unittest.dll" id="415ca712-1aa2-06e2-e263-63f760b6c085">
      <Execution id="76c0acce-4ce0-4697-8689-cac32e7d76cb" />
      <TestMethod codeBase="/Users/diasbruno/Documents/programacao/codigos/dotnet/bcommerce/backend/src/Services/UserService/UserService.UnitTest/bin/Debug/net8.0/UserService.UnitTest.dll" adapterTypeName="executor://xunit/VsTestRunner2/netcoreapp" className="UserService.UnitTest.Application.Dtos.Requests.CreateUserRequestTests" name="CreateUserRequest_ComTelefoneNulo_DevePermitirAtribuicao" />
    </UnitTest>
    <UnitTest name="UserService.UnitTest.Application.Dtos.Responses.LoginUserResponseTests.LoginUserResponse_ComAccessTokenVazioOuEspacos_DevePermitirAtribuicao(accessToken: &quot;   &quot;)" storage="/users/diasbruno/documents/programacao/codigos/dotnet/bcommerce/backend/src/services/userservice/userservice.unittest/bin/debug/net8.0/userservice.unittest.dll" id="88a92719-9263-71f9-7f23-706865eca76f">
      <Execution id="fde1e7f7-85c6-47cd-82ea-bd87e457a025" />
      <TestMethod codeBase="/Users/diasbruno/Documents/programacao/codigos/dotnet/bcommerce/backend/src/Services/UserService/UserService.UnitTest/bin/Debug/net8.0/UserService.UnitTest.dll" adapterTypeName="executor://xunit/VsTestRunner2/netcoreapp" className="UserService.UnitTest.Application.Dtos.Responses.LoginUserResponseTests" name="LoginUserResponse_ComAccessTokenVazioOuEspacos_DevePermitirAtribuicao" />
    </UnitTest>
    <UnitTest name="UserService.UnitTest.Application.Commands.CreateUserCommandTests.CriarComando_ComSenhaNula_DevePermitirAtribuicao" storage="/users/diasbruno/documents/programacao/codigos/dotnet/bcommerce/backend/src/services/userservice/userservice.unittest/bin/debug/net8.0/userservice.unittest.dll" id="bb295f3e-a215-64d0-04ce-1e667f89b126">
      <Execution id="19ade87e-1420-4828-a6cc-9769a6e8b50b" />
      <TestMethod codeBase="/Users/diasbruno/Documents/programacao/codigos/dotnet/bcommerce/backend/src/Services/UserService/UserService.UnitTest/bin/Debug/net8.0/UserService.UnitTest.dll" adapterTypeName="executor://xunit/VsTestRunner2/netcoreapp" className="UserService.UnitTest.Application.Commands.CreateUserCommandTests" name="CriarComando_ComSenhaNula_DevePermitirAtribuicao" />
    </UnitTest>
    <UnitTest name="UserService.UnitTest.Application.Dtos.Requests.LoginUserRequestTests.LoginUserRequest_ComCaracteresUnicode_DevePermitirAtribuicao" storage="/users/diasbruno/documents/programacao/codigos/dotnet/bcommerce/backend/src/services/userservice/userservice.unittest/bin/debug/net8.0/userservice.unittest.dll" id="425043c5-33b2-bd82-3d9f-363f8cb440bb">
      <Execution id="212406fe-77fd-4455-8b70-e07dd0e5007d" />
      <TestMethod codeBase="/Users/diasbruno/Documents/programacao/codigos/dotnet/bcommerce/backend/src/Services/UserService/UserService.UnitTest/bin/Debug/net8.0/UserService.UnitTest.dll" adapterTypeName="executor://xunit/VsTestRunner2/netcoreapp" className="UserService.UnitTest.Application.Dtos.Requests.LoginUserRequestTests" name="LoginUserRequest_ComCaracteresUnicode_DevePermitirAtribuicao" />
    </UnitTest>
    <UnitTest name="UserService.UnitTest.Application.Dtos.Responses.CreateUserResponseTests.CreateUserResponse_ComDataAtual_DeveDefinirCorretamente" storage="/users/diasbruno/documents/programacao/codigos/dotnet/bcommerce/backend/src/services/userservice/userservice.unittest/bin/debug/net8.0/userservice.unittest.dll" id="c08ccbd0-b0b1-8315-a738-556c67c488ab">
      <Execution id="1572a945-5355-46b8-995e-80ba752d88da" />
      <TestMethod codeBase="/Users/diasbruno/Documents/programacao/codigos/dotnet/bcommerce/backend/src/Services/UserService/UserService.UnitTest/bin/Debug/net8.0/UserService.UnitTest.dll" adapterTypeName="executor://xunit/VsTestRunner2/netcoreapp" className="UserService.UnitTest.Application.Dtos.Responses.CreateUserResponseTests" name="CreateUserResponse_ComDataAtual_DeveDefinirCorretamente" />
    </UnitTest>
    <UnitTest name="UserService.UnitTest.Domain.UserTests.Usuario_QuandoEmailDefinido_DeveAceitarFormatosValidos(email: &quot;user.name@domain.com.br&quot;)" storage="/users/diasbruno/documents/programacao/codigos/dotnet/bcommerce/backend/src/services/userservice/userservice.unittest/bin/debug/net8.0/userservice.unittest.dll" id="a9e38d59-78a4-c80b-44bd-54e6e0d52647">
      <Execution id="91da559e-e90d-499a-872b-f3fd507e931d" />
      <TestMethod codeBase="/Users/diasbruno/Documents/programacao/codigos/dotnet/bcommerce/backend/src/Services/UserService/UserService.UnitTest/bin/Debug/net8.0/UserService.UnitTest.dll" adapterTypeName="executor://xunit/VsTestRunner2/netcoreapp" className="UserService.UnitTest.Domain.UserTests" name="Usuario_QuandoEmailDefinido_DeveAceitarFormatosValidos" />
    </UnitTest>
    <UnitTest name="UserService.UnitTest.Application.Dtos.Keycloak.CreateUserKeycloakTests.CreateUserKeycloak_ComSenhaNula_DevePermitirCriacao" storage="/users/diasbruno/documents/programacao/codigos/dotnet/bcommerce/backend/src/services/userservice/userservice.unittest/bin/debug/net8.0/userservice.unittest.dll" id="800ab87e-4e31-82bd-9e61-5fa311d33f8d">
      <Execution id="29a6ad7d-7d69-4e30-9389-a9830e852c50" />
      <TestMethod codeBase="/Users/diasbruno/Documents/programacao/codigos/dotnet/bcommerce/backend/src/Services/UserService/UserService.UnitTest/bin/Debug/net8.0/UserService.UnitTest.dll" adapterTypeName="executor://xunit/VsTestRunner2/netcoreapp" className="UserService.UnitTest.Application.Dtos.Keycloak.CreateUserKeycloakTests" name="CreateUserKeycloak_ComSenhaNula_DevePermitirCriacao" />
    </UnitTest>
    <UnitTest name="UserService.UnitTest.Domain.UserExtensionsTests.EstaAtivo_QuandoUsuarioAtivoMasExcluido_DeveRetornarFalso" storage="/users/diasbruno/documents/programacao/codigos/dotnet/bcommerce/backend/src/services/userservice/userservice.unittest/bin/debug/net8.0/userservice.unittest.dll" id="79348a23-39f7-ae80-156c-06b1524027de">
      <Execution id="670a6217-187c-4dee-8da9-7b3500f97d95" />
      <TestMethod codeBase="/Users/diasbruno/Documents/programacao/codigos/dotnet/bcommerce/backend/src/Services/UserService/UserService.UnitTest/bin/Debug/net8.0/UserService.UnitTest.dll" adapterTypeName="executor://xunit/VsTestRunner2/netcoreapp" className="UserService.UnitTest.Domain.UserExtensionsTests" name="EstaAtivo_QuandoUsuarioAtivoMasExcluido_DeveRetornarFalso" />
    </UnitTest>
    <UnitTest name="UserService.UnitTest.Application.Dtos.Keycloak.CreateUserKeycloakTests.CreateUserKeycloak_ComNomeNulo_DevePermitirCriacao" storage="/users/diasbruno/documents/programacao/codigos/dotnet/bcommerce/backend/src/services/userservice/userservice.unittest/bin/debug/net8.0/userservice.unittest.dll" id="ef5e933d-b171-60ad-09e1-408e70e7e01e">
      <Execution id="23921a9c-33de-4027-b4fe-a9a8e86d9650" />
      <TestMethod codeBase="/Users/diasbruno/Documents/programacao/codigos/dotnet/bcommerce/backend/src/Services/UserService/UserService.UnitTest/bin/Debug/net8.0/UserService.UnitTest.dll" adapterTypeName="executor://xunit/VsTestRunner2/netcoreapp" className="UserService.UnitTest.Application.Dtos.Keycloak.CreateUserKeycloakTests" name="CreateUserKeycloak_ComNomeNulo_DevePermitirCriacao" />
    </UnitTest>
    <UnitTest name="UserService.UnitTest.Domain.UserTests.Usuario_QuandoContaBloqueada_DeveDefinirTempoBloqueio" storage="/users/diasbruno/documents/programacao/codigos/dotnet/bcommerce/backend/src/services/userservice/userservice.unittest/bin/debug/net8.0/userservice.unittest.dll" id="ca84de6c-cf9f-5b23-afbf-1743b69cec30">
      <Execution id="726d5724-3835-46d3-a272-da71c837d53c" />
      <TestMethod codeBase="/Users/diasbruno/Documents/programacao/codigos/dotnet/bcommerce/backend/src/Services/UserService/UserService.UnitTest/bin/Debug/net8.0/UserService.UnitTest.dll" adapterTypeName="executor://xunit/VsTestRunner2/netcoreapp" className="UserService.UnitTest.Domain.UserTests" name="Usuario_QuandoContaBloqueada_DeveDefinirTempoBloqueio" />
    </UnitTest>
    <UnitTest name="UserService.UnitTest.Domain.UserTests.Usuario_QuandoOptInNewsletterDefinido_DeveSerVerdadeiro" storage="/users/diasbruno/documents/programacao/codigos/dotnet/bcommerce/backend/src/services/userservice/userservice.unittest/bin/debug/net8.0/userservice.unittest.dll" id="a6b1b7ac-423b-b64b-51be-ac14931efb88">
      <Execution id="694a4852-5dc5-467e-b76f-16469459e3fb" />
      <TestMethod codeBase="/Users/diasbruno/Documents/programacao/codigos/dotnet/bcommerce/backend/src/Services/UserService/UserService.UnitTest/bin/Debug/net8.0/UserService.UnitTest.dll" adapterTypeName="executor://xunit/VsTestRunner2/netcoreapp" className="UserService.UnitTest.Domain.UserTests" name="Usuario_QuandoOptInNewsletterDefinido_DeveSerVerdadeiro" />
    </UnitTest>
    <UnitTest name="UserService.UnitTest.Application.Dtos.Keycloak.LoginUserKeycloakTests.LoginUserKeycloak_ComCaracteresEspeciaisNoEmail_DevePermitirCriacao" storage="/users/diasbruno/documents/programacao/codigos/dotnet/bcommerce/backend/src/services/userservice/userservice.unittest/bin/debug/net8.0/userservice.unittest.dll" id="64e1aecb-9e30-c5d0-5a75-78b9e973ebdf">
      <Execution id="0b463f0f-43c9-4a62-b32a-171ea7f1867b" />
      <TestMethod codeBase="/Users/diasbruno/Documents/programacao/codigos/dotnet/bcommerce/backend/src/Services/UserService/UserService.UnitTest/bin/Debug/net8.0/UserService.UnitTest.dll" adapterTypeName="executor://xunit/VsTestRunner2/netcoreapp" className="UserService.UnitTest.Application.Dtos.Keycloak.LoginUserKeycloakTests" name="LoginUserKeycloak_ComCaracteresEspeciaisNoEmail_DevePermitirCriacao" />
    </UnitTest>
    <UnitTest name="UserService.UnitTest.Domain.UserAddressExtensionsTests.ObterEnderecoFormatado_QuandoEstadoECidadeDiferentes_DeveRetornarFormatoCorreto" storage="/users/diasbruno/documents/programacao/codigos/dotnet/bcommerce/backend/src/services/userservice/userservice.unittest/bin/debug/net8.0/userservice.unittest.dll" id="1f3e13c8-fdf2-431b-6c82-bfa87b59881d">
      <Execution id="1832aab8-736c-457b-be0e-8fe649475059" />
      <TestMethod codeBase="/Users/diasbruno/Documents/programacao/codigos/dotnet/bcommerce/backend/src/Services/UserService/UserService.UnitTest/bin/Debug/net8.0/UserService.UnitTest.dll" adapterTypeName="executor://xunit/VsTestRunner2/netcoreapp" className="UserService.UnitTest.Domain.UserAddressExtensionsTests" name="ObterEnderecoFormatado_QuandoEstadoECidadeDiferentes_DeveRetornarFormatoCorreto" />
    </UnitTest>
    <UnitTest name="UserService.UnitTest.Domain.UserTests.Usuario_QuandoEmailVerificado_DeveDefinirTempoVerificacao" storage="/users/diasbruno/documents/programacao/codigos/dotnet/bcommerce/backend/src/services/userservice/userservice.unittest/bin/debug/net8.0/userservice.unittest.dll" id="4d1201e1-a22a-3599-02cd-1e29c29de1df">
      <Execution id="383d7b65-bfbf-4060-8645-beae78602cf8" />
      <TestMethod codeBase="/Users/diasbruno/Documents/programacao/codigos/dotnet/bcommerce/backend/src/Services/UserService/UserService.UnitTest/bin/Debug/net8.0/UserService.UnitTest.dll" adapterTypeName="executor://xunit/VsTestRunner2/netcoreapp" className="UserService.UnitTest.Domain.UserTests" name="Usuario_QuandoEmailVerificado_DeveDefinirTempoVerificacao" />
    </UnitTest>
    <UnitTest name="UserService.UnitTest.Application.Commands.CreateUserCommandTests.CriarComando_ComEmailNulo_DevePermitirAtribuicao" storage="/users/diasbruno/documents/programacao/codigos/dotnet/bcommerce/backend/src/services/userservice/userservice.unittest/bin/debug/net8.0/userservice.unittest.dll" id="26079af3-3e3f-8f3b-a42e-328097e80d6a">
      <Execution id="8c7a65ce-1841-4623-9b2b-19c90f5466d9" />
      <TestMethod codeBase="/Users/diasbruno/Documents/programacao/codigos/dotnet/bcommerce/backend/src/Services/UserService/UserService.UnitTest/bin/Debug/net8.0/UserService.UnitTest.dll" adapterTypeName="executor://xunit/VsTestRunner2/netcoreapp" className="UserService.UnitTest.Application.Commands.CreateUserCommandTests" name="CriarComando_ComEmailNulo_DevePermitirAtribuicao" />
    </UnitTest>
    <UnitTest name="UserService.UnitTest.Domain.UserExtensionsTests.ContaEstaBloqueada_QuandoBloqueioContaExpirado_DeveRetornarFalso" storage="/users/diasbruno/documents/programacao/codigos/dotnet/bcommerce/backend/src/services/userservice/userservice.unittest/bin/debug/net8.0/userservice.unittest.dll" id="d1d36e1b-6b66-412c-9ac8-f0b2dd2bf67a">
      <Execution id="348c9ad1-db2d-4d34-b373-c8fcdcb9707f" />
      <TestMethod codeBase="/Users/diasbruno/Documents/programacao/codigos/dotnet/bcommerce/backend/src/Services/UserService/UserService.UnitTest/bin/Debug/net8.0/UserService.UnitTest.dll" adapterTypeName="executor://xunit/VsTestRunner2/netcoreapp" className="UserService.UnitTest.Domain.UserExtensionsTests" name="ContaEstaBloqueada_QuandoBloqueioContaExpirado_DeveRetornarFalso" />
    </UnitTest>
    <UnitTest name="UserService.UnitTest.Application.Dtos.Keycloak.CreateUserKeycloakTests.CreateUserKeycloak_ComSenhaVaziaOuEspacos_DevePermitirCriacao(password: &quot;&quot;)" storage="/users/diasbruno/documents/programacao/codigos/dotnet/bcommerce/backend/src/services/userservice/userservice.unittest/bin/debug/net8.0/userservice.unittest.dll" id="c9b85c87-edd6-fc28-1d79-33437f107ab8">
      <Execution id="9219a577-27af-4529-a026-1978b97614ca" />
      <TestMethod codeBase="/Users/diasbruno/Documents/programacao/codigos/dotnet/bcommerce/backend/src/Services/UserService/UserService.UnitTest/bin/Debug/net8.0/UserService.UnitTest.dll" adapterTypeName="executor://xunit/VsTestRunner2/netcoreapp" className="UserService.UnitTest.Application.Dtos.Keycloak.CreateUserKeycloakTests" name="CreateUserKeycloak_ComSenhaVaziaOuEspacos_DevePermitirCriacao" />
    </UnitTest>
    <UnitTest name="UserService.UnitTest.Application.Dtos.Responses.LoginUserResponseTests.LoginUserResponse_ComDiferentesCombinacoesDeDados_DeveDefinirPropriedadesCorretamente(accessToken: &quot;token_789&quot;, refreshToken: &quot;refresh_789&quot;, tokenType: &quot;JWT&quot;, expiresIn: 1800)" storage="/users/diasbruno/documents/programacao/codigos/dotnet/bcommerce/backend/src/services/userservice/userservice.unittest/bin/debug/net8.0/userservice.unittest.dll" id="aae218ae-567e-23fa-54aa-9977c35ea489">
      <Execution id="2d3bb478-264c-45df-94fa-82f8eeacb3ec" />
      <TestMethod codeBase="/Users/diasbruno/Documents/programacao/codigos/dotnet/bcommerce/backend/src/Services/UserService/UserService.UnitTest/bin/Debug/net8.0/UserService.UnitTest.dll" adapterTypeName="executor://xunit/VsTestRunner2/netcoreapp" className="UserService.UnitTest.Application.Dtos.Responses.LoginUserResponseTests" name="LoginUserResponse_ComDiferentesCombinacoesDeDados_DeveDefinirPropriedadesCorretamente" />
    </UnitTest>
    <UnitTest name="UserService.UnitTest.Application.Dtos.Requests.LoginUserRequestTests.LoginUserRequest_ComValoresPadrao_DeveInicializarPropriedadesCorretamente" storage="/users/diasbruno/documents/programacao/codigos/dotnet/bcommerce/backend/src/services/userservice/userservice.unittest/bin/debug/net8.0/userservice.unittest.dll" id="9c766e7e-ae27-4f8f-2f21-9970a9ba61fb">
      <Execution id="b5f023ec-28c3-40f4-93a3-cac9e392838a" />
      <TestMethod codeBase="/Users/diasbruno/Documents/programacao/codigos/dotnet/bcommerce/backend/src/Services/UserService/UserService.UnitTest/bin/Debug/net8.0/UserService.UnitTest.dll" adapterTypeName="executor://xunit/VsTestRunner2/netcoreapp" className="UserService.UnitTest.Application.Dtos.Requests.LoginUserRequestTests" name="LoginUserRequest_ComValoresPadrao_DeveInicializarPropriedadesCorretamente" />
    </UnitTest>
    <UnitTest name="UserService.UnitTest.Application.Dtos.Responses.LoginUserResponseTests.LoginUserResponse_ComValoresPadrao_DeveInicializarPropriedadesCorretamente" storage="/users/diasbruno/documents/programacao/codigos/dotnet/bcommerce/backend/src/services/userservice/userservice.unittest/bin/debug/net8.0/userservice.unittest.dll" id="090d0a31-3c26-6ead-5f5a-dd50f9b42ffc">
      <Execution id="c9f3da9f-b059-41a3-b1b7-175fd1ae5e42" />
      <TestMethod codeBase="/Users/diasbruno/Documents/programacao/codigos/dotnet/bcommerce/backend/src/Services/UserService/UserService.UnitTest/bin/Debug/net8.0/UserService.UnitTest.dll" adapterTypeName="executor://xunit/VsTestRunner2/netcoreapp" className="UserService.UnitTest.Application.Dtos.Responses.LoginUserResponseTests" name="LoginUserResponse_ComValoresPadrao_DeveInicializarPropriedadesCorretamente" />
    </UnitTest>
    <UnitTest name="UserService.UnitTest.Application.Dtos.Requests.LoginUserRequestTests.LoginUserRequest_ComDiferentesCombinacoesDeDados_DeveDefinirPropriedadesCorretamente(email: &quot;test@example.com&quot;, password: &quot;password123&quot;)" storage="/users/diasbruno/documents/programacao/codigos/dotnet/bcommerce/backend/src/services/userservice/userservice.unittest/bin/debug/net8.0/userservice.unittest.dll" id="762466d0-457e-6010-61fb-66fa35b7091d">
      <Execution id="f2bf53f8-ee64-4b74-bea4-2bd50e3d8af7" />
      <TestMethod codeBase="/Users/diasbruno/Documents/programacao/codigos/dotnet/bcommerce/backend/src/Services/UserService/UserService.UnitTest/bin/Debug/net8.0/UserService.UnitTest.dll" adapterTypeName="executor://xunit/VsTestRunner2/netcoreapp" className="UserService.UnitTest.Application.Dtos.Requests.LoginUserRequestTests" name="LoginUserRequest_ComDiferentesCombinacoesDeDados_DeveDefinirPropriedadesCorretamente" />
    </UnitTest>
    <UnitTest name="UserService.UnitTest.Application.Dtos.Requests.CreateUserRequestTests.CreateUserRequest_ComDiferentesCombinacoesDeDados_DeveDefinirPropriedadesCorretamente(email: &quot;user@example.com&quot;, password: &quot;Password123!&quot;, firstName: &quot;João&quot;, lastName: &quot;Silva&quot;, newsletterOptIn: True)" storage="/users/diasbruno/documents/programacao/codigos/dotnet/bcommerce/backend/src/services/userservice/userservice.unittest/bin/debug/net8.0/userservice.unittest.dll" id="4aaa9357-1d22-5091-fa57-cbefdb70b12e">
      <Execution id="9798130a-23e9-4340-85fb-0ef0ce4c576d" />
      <TestMethod codeBase="/Users/diasbruno/Documents/programacao/codigos/dotnet/bcommerce/backend/src/Services/UserService/UserService.UnitTest/bin/Debug/net8.0/UserService.UnitTest.dll" adapterTypeName="executor://xunit/VsTestRunner2/netcoreapp" className="UserService.UnitTest.Application.Dtos.Requests.CreateUserRequestTests" name="CreateUserRequest_ComDiferentesCombinacoesDeDados_DeveDefinirPropriedadesCorretamente" />
    </UnitTest>
    <UnitTest name="UserService.UnitTest.Domain.UserExtensionsTests.ObterNomeCompleto_QuandoApenasUltimoNome_DeveRetornarUltimoNomeLimpo" storage="/users/diasbruno/documents/programacao/codigos/dotnet/bcommerce/backend/src/services/userservice/userservice.unittest/bin/debug/net8.0/userservice.unittest.dll" id="c755b11b-f466-4e23-50af-e38908de93f6">
      <Execution id="7e0fa06b-1140-4faa-900a-a47b76eee1aa" />
      <TestMethod codeBase="/Users/diasbruno/Documents/programacao/codigos/dotnet/bcommerce/backend/src/Services/UserService/UserService.UnitTest/bin/Debug/net8.0/UserService.UnitTest.dll" adapterTypeName="executor://xunit/VsTestRunner2/netcoreapp" className="UserService.UnitTest.Domain.UserExtensionsTests" name="ObterNomeCompleto_QuandoApenasUltimoNome_DeveRetornarUltimoNomeLimpo" />
    </UnitTest>
    <UnitTest name="UserService.UnitTest.Application.Dtos.Keycloak.LoginUserKeycloakTests.LoginUserKeycloak_ComEmailsComDominiosVariados_DevePermitirCriacao" storage="/users/diasbruno/documents/programacao/codigos/dotnet/bcommerce/backend/src/services/userservice/userservice.unittest/bin/debug/net8.0/userservice.unittest.dll" id="fb4e8043-1be8-a3b6-ace5-e1812c7d0171">
      <Execution id="4c699ee3-88e7-437d-ae4b-c04f7f340612" />
      <TestMethod codeBase="/Users/diasbruno/Documents/programacao/codigos/dotnet/bcommerce/backend/src/Services/UserService/UserService.UnitTest/bin/Debug/net8.0/UserService.UnitTest.dll" adapterTypeName="executor://xunit/VsTestRunner2/netcoreapp" className="UserService.UnitTest.Application.Dtos.Keycloak.LoginUserKeycloakTests" name="LoginUserKeycloak_ComEmailsComDominiosVariados_DevePermitirCriacao" />
    </UnitTest>
    <UnitTest name="UserService.UnitTest.Application.Services.PasswordEncripterTests.VerifyPassword_ComDiferentesCombinacoes_DeveRetornarResultadoCorreto(originalPassword: &quot;MinhaSenh@123&quot;, testPassword: &quot;MinhaSenh@123&quot;, expectedResult: True)" storage="/users/diasbruno/documents/programacao/codigos/dotnet/bcommerce/backend/src/services/userservice/userservice.unittest/bin/debug/net8.0/userservice.unittest.dll" id="ad5f916d-7de8-7fad-1705-26caca99041f">
      <Execution id="a34dcaf2-d601-4766-b3de-4d50d4693fcd" />
      <TestMethod codeBase="/Users/diasbruno/Documents/programacao/codigos/dotnet/bcommerce/backend/src/Services/UserService/UserService.UnitTest/bin/Debug/net8.0/UserService.UnitTest.dll" adapterTypeName="executor://xunit/VsTestRunner2/netcoreapp" className="UserService.UnitTest.Application.Services.PasswordEncripterTests" name="VerifyPassword_ComDiferentesCombinacoes_DeveRetornarResultadoCorreto" />
    </UnitTest>
    <UnitTest name="UserService.UnitTest.Application.Commands.CreateUserCommandHandlerTests.Handle_ComDiferentesNomes_DeveCriarUsuarioCorretamente(firstName: &quot;Pedro&quot;, lastName: &quot;Oliveira&quot;, email: &quot;pedro@exemplo.com&quot;)" storage="/users/diasbruno/documents/programacao/codigos/dotnet/bcommerce/backend/src/services/userservice/userservice.unittest/bin/debug/net8.0/userservice.unittest.dll" id="0ba21bfd-2612-6a9e-d512-e76f7cdd53a9">
      <Execution id="408ec01f-330e-4699-9054-6de8878636a2" />
      <TestMethod codeBase="/Users/diasbruno/Documents/programacao/codigos/dotnet/bcommerce/backend/src/Services/UserService/UserService.UnitTest/bin/Debug/net8.0/UserService.UnitTest.dll" adapterTypeName="executor://xunit/VsTestRunner2/netcoreapp" className="UserService.UnitTest.Application.Commands.CreateUserCommandHandlerTests" name="Handle_ComDiferentesNomes_DeveCriarUsuarioCorretamente" />
    </UnitTest>
    <UnitTest name="UserService.UnitTest.Domain.UserTests.Usuario_QuandoTelefoneDefinido_DeveAceitarFormatoValido" storage="/users/diasbruno/documents/programacao/codigos/dotnet/bcommerce/backend/src/services/userservice/userservice.unittest/bin/debug/net8.0/userservice.unittest.dll" id="9587565c-e707-a92a-0a82-b6d084a96cdd">
      <Execution id="4a7f4baa-bf43-4c75-9b40-759f539cb6aa" />
      <TestMethod codeBase="/Users/diasbruno/Documents/programacao/codigos/dotnet/bcommerce/backend/src/Services/UserService/UserService.UnitTest/bin/Debug/net8.0/UserService.UnitTest.dll" adapterTypeName="executor://xunit/VsTestRunner2/netcoreapp" className="UserService.UnitTest.Domain.UserTests" name="Usuario_QuandoTelefoneDefinido_DeveAceitarFormatoValido" />
    </UnitTest>
    <UnitTest name="UserService.UnitTest.Application.Dtos.Responses.LoginUserResponseTests.LoginUserResponse_ComTodosValoresVazios_DevePermitirAtribuicao" storage="/users/diasbruno/documents/programacao/codigos/dotnet/bcommerce/backend/src/services/userservice/userservice.unittest/bin/debug/net8.0/userservice.unittest.dll" id="2d6ddca9-e5c9-26e1-c1f8-c0aa5e28dd96">
      <Execution id="c0b4d072-2710-46f1-8e0d-240b8ca57f2c" />
      <TestMethod codeBase="/Users/diasbruno/Documents/programacao/codigos/dotnet/bcommerce/backend/src/Services/UserService/UserService.UnitTest/bin/Debug/net8.0/UserService.UnitTest.dll" adapterTypeName="executor://xunit/VsTestRunner2/netcoreapp" className="UserService.UnitTest.Application.Dtos.Responses.LoginUserResponseTests" name="LoginUserResponse_ComTodosValoresVazios_DevePermitirAtribuicao" />
    </UnitTest>
    <UnitTest name="UserService.UnitTest.Application.Dtos.Requests.LoginUserRequestTests.LoginUserRequest_ComEmailVazioOuEspacos_DevePermitirAtribuicao(email: &quot;   &quot;)" storage="/users/diasbruno/documents/programacao/codigos/dotnet/bcommerce/backend/src/services/userservice/userservice.unittest/bin/debug/net8.0/userservice.unittest.dll" id="7edfa15f-a405-492f-f256-aeeef35b1c52">
      <Execution id="f846db63-4cf0-4e77-af22-2e6045e85fe2" />
      <TestMethod codeBase="/Users/diasbruno/Documents/programacao/codigos/dotnet/bcommerce/backend/src/Services/UserService/UserService.UnitTest/bin/Debug/net8.0/UserService.UnitTest.dll" adapterTypeName="executor://xunit/VsTestRunner2/netcoreapp" className="UserService.UnitTest.Application.Dtos.Requests.LoginUserRequestTests" name="LoginUserRequest_ComEmailVazioOuEspacos_DevePermitirAtribuicao" />
    </UnitTest>
    <UnitTest name="UserService.UnitTest.Application.Dtos.Responses.LoginUserResponseTests.LoginUserResponse_ComTokenTypeVazioOuEspacos_DevePermitirAtribuicao(tokenType: &quot; &quot;)" storage="/users/diasbruno/documents/programacao/codigos/dotnet/bcommerce/backend/src/services/userservice/userservice.unittest/bin/debug/net8.0/userservice.unittest.dll" id="c6a80189-81d8-ce21-9aeb-1becdbf04d47">
      <Execution id="4a7a54b0-4eb9-43df-97c3-25d5ae1ca9b1" />
      <TestMethod codeBase="/Users/diasbruno/Documents/programacao/codigos/dotnet/bcommerce/backend/src/Services/UserService/UserService.UnitTest/bin/Debug/net8.0/UserService.UnitTest.dll" adapterTypeName="executor://xunit/VsTestRunner2/netcoreapp" className="UserService.UnitTest.Application.Dtos.Responses.LoginUserResponseTests" name="LoginUserResponse_ComTokenTypeVazioOuEspacos_DevePermitirAtribuicao" />
    </UnitTest>
    <UnitTest name="UserService.UnitTest.Application.Services.PasswordEncripterTests.VerifyPassword_ComDiferentesCombinacoes_DeveRetornarResultadoCorreto(originalPassword: &quot;P@ssw0rd!&quot;, testPassword: &quot;P@ssw0rd!&quot;, expectedResult: True)" storage="/users/diasbruno/documents/programacao/codigos/dotnet/bcommerce/backend/src/services/userservice/userservice.unittest/bin/debug/net8.0/userservice.unittest.dll" id="43b820b7-5647-d132-d063-6da9f9b3371e">
      <Execution id="44c7b83f-943f-4e44-8708-4daa6c59f01a" />
      <TestMethod codeBase="/Users/diasbruno/Documents/programacao/codigos/dotnet/bcommerce/backend/src/Services/UserService/UserService.UnitTest/bin/Debug/net8.0/UserService.UnitTest.dll" adapterTypeName="executor://xunit/VsTestRunner2/netcoreapp" className="UserService.UnitTest.Application.Services.PasswordEncripterTests" name="VerifyPassword_ComDiferentesCombinacoes_DeveRetornarResultadoCorreto" />
    </UnitTest>
    <UnitTest name="UserService.UnitTest.Domain.UserTests.Usuario_QuandoEmailDefinido_DeveAceitarFormatosValidos(email: &quot;test+tag@example.org&quot;)" storage="/users/diasbruno/documents/programacao/codigos/dotnet/bcommerce/backend/src/services/userservice/userservice.unittest/bin/debug/net8.0/userservice.unittest.dll" id="4a0fee84-a0e9-6e91-946c-e3024a3d1804">
      <Execution id="f0430806-904d-47b1-b968-e4d93c0555ab" />
      <TestMethod codeBase="/Users/diasbruno/Documents/programacao/codigos/dotnet/bcommerce/backend/src/Services/UserService/UserService.UnitTest/bin/Debug/net8.0/UserService.UnitTest.dll" adapterTypeName="executor://xunit/VsTestRunner2/netcoreapp" className="UserService.UnitTest.Domain.UserTests" name="Usuario_QuandoEmailDefinido_DeveAceitarFormatosValidos" />
    </UnitTest>
    <UnitTest name="UserService.UnitTest.Application.Commands.LoginUserCommandHandlerTests.Handle_ComDiferentesCredenciais_DeveProcessarCorretamente(email: &quot;usuario2@teste.com&quot;, password: &quot;OutraSenh@456&quot;)" storage="/users/diasbruno/documents/programacao/codigos/dotnet/bcommerce/backend/src/services/userservice/userservice.unittest/bin/debug/net8.0/userservice.unittest.dll" id="8a8ab9a9-624d-93c7-93fa-9953d8835bdd">
      <Execution id="838c41f9-28c5-4f71-9134-a14e8ae8f311" />
      <TestMethod codeBase="/Users/diasbruno/Documents/programacao/codigos/dotnet/bcommerce/backend/src/Services/UserService/UserService.UnitTest/bin/Debug/net8.0/UserService.UnitTest.dll" adapterTypeName="executor://xunit/VsTestRunner2/netcoreapp" className="UserService.UnitTest.Application.Commands.LoginUserCommandHandlerTests" name="Handle_ComDiferentesCredenciais_DeveProcessarCorretamente" />
    </UnitTest>
    <UnitTest name="UserService.UnitTest.Application.Dtos.Responses.LoginUserResponseTests.LoginUserResponse_ComDiferentesTiposDeToken_DevePermitirAtribuicao(tokenType: &quot;Bearer&quot;)" storage="/users/diasbruno/documents/programacao/codigos/dotnet/bcommerce/backend/src/services/userservice/userservice.unittest/bin/debug/net8.0/userservice.unittest.dll" id="12b0a882-1523-5493-37d9-a3daeaab53d7">
      <Execution id="4fb5f99d-9a24-4484-9138-25e839e3d316" />
      <TestMethod codeBase="/Users/diasbruno/Documents/programacao/codigos/dotnet/bcommerce/backend/src/Services/UserService/UserService.UnitTest/bin/Debug/net8.0/UserService.UnitTest.dll" adapterTypeName="executor://xunit/VsTestRunner2/netcoreapp" className="UserService.UnitTest.Application.Dtos.Responses.LoginUserResponseTests" name="LoginUserResponse_ComDiferentesTiposDeToken_DevePermitirAtribuicao" />
    </UnitTest>
    <UnitTest name="UserService.UnitTest.Application.Dtos.Responses.LoginUserResponseTests.LoginUserResponse_ComDadosValidos_DeveDefinirPropriedadesCorretamente" storage="/users/diasbruno/documents/programacao/codigos/dotnet/bcommerce/backend/src/services/userservice/userservice.unittest/bin/debug/net8.0/userservice.unittest.dll" id="f601ccbc-f153-73b7-b905-98210b7bdf42">
      <Execution id="77681e59-2bf2-48b8-a0fe-d5b53557f559" />
      <TestMethod codeBase="/Users/diasbruno/Documents/programacao/codigos/dotnet/bcommerce/backend/src/Services/UserService/UserService.UnitTest/bin/Debug/net8.0/UserService.UnitTest.dll" adapterTypeName="executor://xunit/VsTestRunner2/netcoreapp" className="UserService.UnitTest.Application.Dtos.Responses.LoginUserResponseTests" name="LoginUserResponse_ComDadosValidos_DeveDefinirPropriedadesCorretamente" />
    </UnitTest>
    <UnitTest name="UserService.UnitTest.Domain.UserExtensionsTests.ObterNomeCompleto_QuandoApenasPrimeiroNome_DeveRetornarPrimeiroNomeLimpo" storage="/users/diasbruno/documents/programacao/codigos/dotnet/bcommerce/backend/src/services/userservice/userservice.unittest/bin/debug/net8.0/userservice.unittest.dll" id="1971d78d-d90b-8b5b-2193-80ba0ab46f86">
      <Execution id="7e954a8c-6cfc-4bf8-8474-ab042f3358f8" />
      <TestMethod codeBase="/Users/diasbruno/Documents/programacao/codigos/dotnet/bcommerce/backend/src/Services/UserService/UserService.UnitTest/bin/Debug/net8.0/UserService.UnitTest.dll" adapterTypeName="executor://xunit/VsTestRunner2/netcoreapp" className="UserService.UnitTest.Domain.UserExtensionsTests" name="ObterNomeCompleto_QuandoApenasPrimeiroNome_DeveRetornarPrimeiroNomeLimpo" />
    </UnitTest>
    <UnitTest name="UserService.UnitTest.Domain.UserTests.Usuario_QuandoOptInNewsletterNaoDefinido_DeveSerFalso" storage="/users/diasbruno/documents/programacao/codigos/dotnet/bcommerce/backend/src/services/userservice/userservice.unittest/bin/debug/net8.0/userservice.unittest.dll" id="9040559d-3d05-8a7d-2668-cc2dfe090132">
      <Execution id="0f700aea-b67f-461f-9947-9ac64445d3ef" />
      <TestMethod codeBase="/Users/diasbruno/Documents/programacao/codigos/dotnet/bcommerce/backend/src/Services/UserService/UserService.UnitTest/bin/Debug/net8.0/UserService.UnitTest.dll" adapterTypeName="executor://xunit/VsTestRunner2/netcoreapp" className="UserService.UnitTest.Domain.UserTests" name="Usuario_QuandoOptInNewsletterNaoDefinido_DeveSerFalso" />
    </UnitTest>
    <UnitTest name="UserService.UnitTest.Application.Dtos.Responses.LoginUserResponseTests.LoginUserResponse_ComRefreshTokenVazioOuEspacos_DevePermitirAtribuicao(refreshToken: &quot; &quot;)" storage="/users/diasbruno/documents/programacao/codigos/dotnet/bcommerce/backend/src/services/userservice/userservice.unittest/bin/debug/net8.0/userservice.unittest.dll" id="0c3f05e8-f904-c7ee-3d10-d355752717ad">
      <Execution id="d91065c1-3104-485a-add8-ee16294b53bd" />
      <TestMethod codeBase="/Users/diasbruno/Documents/programacao/codigos/dotnet/bcommerce/backend/src/Services/UserService/UserService.UnitTest/bin/Debug/net8.0/UserService.UnitTest.dll" adapterTypeName="executor://xunit/VsTestRunner2/netcoreapp" className="UserService.UnitTest.Application.Dtos.Responses.LoginUserResponseTests" name="LoginUserResponse_ComRefreshTokenVazioOuEspacos_DevePermitirAtribuicao" />
    </UnitTest>
    <UnitTest name="UserService.UnitTest.Domain.UserTests.Usuario_QuandoCriadoComDadosValidos_DeveDefinirPropriedadesCorretamente" storage="/users/diasbruno/documents/programacao/codigos/dotnet/bcommerce/backend/src/services/userservice/userservice.unittest/bin/debug/net8.0/userservice.unittest.dll" id="1b308ed0-4249-aeaf-a5c6-a42fc7e35ef2">
      <Execution id="55818563-7755-4c4a-b9b3-2b912fc14b58" />
      <TestMethod codeBase="/Users/diasbruno/Documents/programacao/codigos/dotnet/bcommerce/backend/src/Services/UserService/UserService.UnitTest/bin/Debug/net8.0/UserService.UnitTest.dll" adapterTypeName="executor://xunit/VsTestRunner2/netcoreapp" className="UserService.UnitTest.Domain.UserTests" name="Usuario_QuandoCriadoComDadosValidos_DeveDefinirPropriedadesCorretamente" />
    </UnitTest>
    <UnitTest name="UserService.UnitTest.Application.Commands.LoginUserCommandTests.CriarComando_ComEmailVazio_DevePermitirAtribuicao" storage="/users/diasbruno/documents/programacao/codigos/dotnet/bcommerce/backend/src/services/userservice/userservice.unittest/bin/debug/net8.0/userservice.unittest.dll" id="68cdc102-0b78-aded-7650-e7456cd3fc45">
      <Execution id="8764c3ad-f96f-4901-a474-1e5ed900acd3" />
      <TestMethod codeBase="/Users/diasbruno/Documents/programacao/codigos/dotnet/bcommerce/backend/src/Services/UserService/UserService.UnitTest/bin/Debug/net8.0/UserService.UnitTest.dll" adapterTypeName="executor://xunit/VsTestRunner2/netcoreapp" className="UserService.UnitTest.Application.Commands.LoginUserCommandTests" name="CriarComando_ComEmailVazio_DevePermitirAtribuicao" />
    </UnitTest>
    <UnitTest name="UserService.UnitTest.Application.Services.PasswordEncripterTests.VerifyPassword_ComSenhaNula_DeveLancarExcecao" storage="/users/diasbruno/documents/programacao/codigos/dotnet/bcommerce/backend/src/services/userservice/userservice.unittest/bin/debug/net8.0/userservice.unittest.dll" id="f1dfa061-45cf-ad83-4ed2-9af27658c2d2">
      <Execution id="b9971280-ea7f-442a-9450-ec9e9b6563c0" />
      <TestMethod codeBase="/Users/diasbruno/Documents/programacao/codigos/dotnet/bcommerce/backend/src/Services/UserService/UserService.UnitTest/bin/Debug/net8.0/UserService.UnitTest.dll" adapterTypeName="executor://xunit/VsTestRunner2/netcoreapp" className="UserService.UnitTest.Application.Services.PasswordEncripterTests" name="VerifyPassword_ComSenhaNula_DeveLancarExcecao" />
    </UnitTest>
    <UnitTest name="UserService.UnitTest.Application.Dtos.Keycloak.LoginUserKeycloakTests.LoginUserKeycloak_ComSenhaNula_DevePermitirCriacao" storage="/users/diasbruno/documents/programacao/codigos/dotnet/bcommerce/backend/src/services/userservice/userservice.unittest/bin/debug/net8.0/userservice.unittest.dll" id="0c48391f-be0c-8965-413f-2e78d8b8e6c2">
      <Execution id="61a2081b-6314-426c-8e4e-51c8bc6aa6af" />
      <TestMethod codeBase="/Users/diasbruno/Documents/programacao/codigos/dotnet/bcommerce/backend/src/Services/UserService/UserService.UnitTest/bin/Debug/net8.0/UserService.UnitTest.dll" adapterTypeName="executor://xunit/VsTestRunner2/netcoreapp" className="UserService.UnitTest.Application.Dtos.Keycloak.LoginUserKeycloakTests" name="LoginUserKeycloak_ComSenhaNula_DevePermitirCriacao" />
    </UnitTest>
    <UnitTest name="UserService.UnitTest.Application.Dtos.Keycloak.CreateUserKeycloakTests.CreateUserKeycloak_ComSobrenomeVazioOuEspacos_DevePermitirCriacao(lastName: &quot;   &quot;)" storage="/users/diasbruno/documents/programacao/codigos/dotnet/bcommerce/backend/src/services/userservice/userservice.unittest/bin/debug/net8.0/userservice.unittest.dll" id="388b6e0c-13dd-b7a5-2fc2-3731d54c42f3">
      <Execution id="e044e4ba-a3cd-46a9-b272-7bff13f4a0bb" />
      <TestMethod codeBase="/Users/diasbruno/Documents/programacao/codigos/dotnet/bcommerce/backend/src/Services/UserService/UserService.UnitTest/bin/Debug/net8.0/UserService.UnitTest.dll" adapterTypeName="executor://xunit/VsTestRunner2/netcoreapp" className="UserService.UnitTest.Application.Dtos.Keycloak.CreateUserKeycloakTests" name="CreateUserKeycloak_ComSobrenomeVazioOuEspacos_DevePermitirCriacao" />
    </UnitTest>
    <UnitTest name="UserService.UnitTest.Application.Commands.CreateUserCommandTests.CriarComando_ComDadosValidos_DeveDefinirPropriedadesCorretamente" storage="/users/diasbruno/documents/programacao/codigos/dotnet/bcommerce/backend/src/services/userservice/userservice.unittest/bin/debug/net8.0/userservice.unittest.dll" id="b624b957-033e-f1f6-e698-ab5559eeeca7">
      <Execution id="be0c8bc4-1131-48c4-99db-114eb58447bc" />
      <TestMethod codeBase="/Users/diasbruno/Documents/programacao/codigos/dotnet/bcommerce/backend/src/Services/UserService/UserService.UnitTest/bin/Debug/net8.0/UserService.UnitTest.dll" adapterTypeName="executor://xunit/VsTestRunner2/netcoreapp" className="UserService.UnitTest.Application.Commands.CreateUserCommandTests" name="CriarComando_ComDadosValidos_DeveDefinirPropriedadesCorretamente" />
    </UnitTest>
    <UnitTest name="UserService.UnitTest.Application.Commands.CreateUserCommandTests.CriarComando_ComDiferentesCombinacoes_DeveDefinirPropriedadesCorretamente(firstName: &quot;Pedro&quot;, lastName: &quot;Oliveira&quot;, email: &quot;pedro@exemplo.com&quot;, password: &quot;MinhaSenh@789&quot;, newsletterOptIn: True)" storage="/users/diasbruno/documents/programacao/codigos/dotnet/bcommerce/backend/src/services/userservice/userservice.unittest/bin/debug/net8.0/userservice.unittest.dll" id="87e23f8d-e70f-363d-9c8c-54c8a64e43d4">
      <Execution id="8789f61a-2873-4585-8b0e-d4bd39b2bd95" />
      <TestMethod codeBase="/Users/diasbruno/Documents/programacao/codigos/dotnet/bcommerce/backend/src/Services/UserService/UserService.UnitTest/bin/Debug/net8.0/UserService.UnitTest.dll" adapterTypeName="executor://xunit/VsTestRunner2/netcoreapp" className="UserService.UnitTest.Application.Commands.CreateUserCommandTests" name="CriarComando_ComDiferentesCombinacoes_DeveDefinirPropriedadesCorretamente" />
    </UnitTest>
    <UnitTest name="UserService.UnitTest.Application.Dtos.Keycloak.CreateUserKeycloakTests.CreateUserKeycloak_ComDiferentesValoresEnabled_DeveDefinirCorretamente(enabled: False)" storage="/users/diasbruno/documents/programacao/codigos/dotnet/bcommerce/backend/src/services/userservice/userservice.unittest/bin/debug/net8.0/userservice.unittest.dll" id="e33addc7-21b5-57ef-72f7-0fff7fcb126d">
      <Execution id="0ea2b692-1836-408b-8ddc-f108763cf8ee" />
      <TestMethod codeBase="/Users/diasbruno/Documents/programacao/codigos/dotnet/bcommerce/backend/src/Services/UserService/UserService.UnitTest/bin/Debug/net8.0/UserService.UnitTest.dll" adapterTypeName="executor://xunit/VsTestRunner2/netcoreapp" className="UserService.UnitTest.Application.Dtos.Keycloak.CreateUserKeycloakTests" name="CreateUserKeycloak_ComDiferentesValoresEnabled_DeveDefinirCorretamente" />
    </UnitTest>
    <UnitTest name="UserService.UnitTest.Application.Dtos.Keycloak.CreateUserKeycloakTests.CreateUserKeycloak_ComSobrenomeNulo_DevePermitirCriacao" storage="/users/diasbruno/documents/programacao/codigos/dotnet/bcommerce/backend/src/services/userservice/userservice.unittest/bin/debug/net8.0/userservice.unittest.dll" id="ed8fd7b5-fd68-aba1-5990-e3b2c6e291bd">
      <Execution id="385da0cb-5413-46c4-8ece-7416c60f3b8b" />
      <TestMethod codeBase="/Users/diasbruno/Documents/programacao/codigos/dotnet/bcommerce/backend/src/Services/UserService/UserService.UnitTest/bin/Debug/net8.0/UserService.UnitTest.dll" adapterTypeName="executor://xunit/VsTestRunner2/netcoreapp" className="UserService.UnitTest.Application.Dtos.Keycloak.CreateUserKeycloakTests" name="CreateUserKeycloak_ComSobrenomeNulo_DevePermitirCriacao" />
    </UnitTest>
    <UnitTest name="UserService.UnitTest.Application.Dtos.Keycloak.CreateUserKeycloakTests.CreateUserKeycloak_ComNomesComCaracteresEspeciais_DevePermitirCriacao" storage="/users/diasbruno/documents/programacao/codigos/dotnet/bcommerce/backend/src/services/userservice/userservice.unittest/bin/debug/net8.0/userservice.unittest.dll" id="c4988668-44b7-6e24-5ea0-95fef931415f">
      <Execution id="d834f243-ecc8-4892-ae8b-1632cd135bba" />
      <TestMethod codeBase="/Users/diasbruno/Documents/programacao/codigos/dotnet/bcommerce/backend/src/Services/UserService/UserService.UnitTest/bin/Debug/net8.0/UserService.UnitTest.dll" adapterTypeName="executor://xunit/VsTestRunner2/netcoreapp" className="UserService.UnitTest.Application.Dtos.Keycloak.CreateUserKeycloakTests" name="CreateUserKeycloak_ComNomesComCaracteresEspeciais_DevePermitirCriacao" />
    </UnitTest>
    <UnitTest name="UserService.UnitTest.Application.Services.PasswordEncripterTests.EncryptPassword_ComDiferentesSenhas_DeveRetornarHashesValidos(password: &quot;senha123&quot;)" storage="/users/diasbruno/documents/programacao/codigos/dotnet/bcommerce/backend/src/services/userservice/userservice.unittest/bin/debug/net8.0/userservice.unittest.dll" id="d07ea7a5-c866-35f6-fba6-bbeb61c2cbd4">
      <Execution id="1359b843-9bc8-4c38-8103-4be838dfede2" />
      <TestMethod codeBase="/Users/diasbruno/Documents/programacao/codigos/dotnet/bcommerce/backend/src/Services/UserService/UserService.UnitTest/bin/Debug/net8.0/UserService.UnitTest.dll" adapterTypeName="executor://xunit/VsTestRunner2/netcoreapp" className="UserService.UnitTest.Application.Services.PasswordEncripterTests" name="EncryptPassword_ComDiferentesSenhas_DeveRetornarHashesValidos" />
    </UnitTest>
    <UnitTest name="UserService.UnitTest.Application.Commands.LoginUserCommandTests.CriarComando_ComEmailNulo_DevePermitirAtribuicao" storage="/users/diasbruno/documents/programacao/codigos/dotnet/bcommerce/backend/src/services/userservice/userservice.unittest/bin/debug/net8.0/userservice.unittest.dll" id="cedc76c1-a4d8-b8aa-f434-d87082eaf67b">
      <Execution id="ef6c3383-8d2a-4ca9-85d6-6402de63e048" />
      <TestMethod codeBase="/Users/diasbruno/Documents/programacao/codigos/dotnet/bcommerce/backend/src/Services/UserService/UserService.UnitTest/bin/Debug/net8.0/UserService.UnitTest.dll" adapterTypeName="executor://xunit/VsTestRunner2/netcoreapp" className="UserService.UnitTest.Application.Commands.LoginUserCommandTests" name="CriarComando_ComEmailNulo_DevePermitirAtribuicao" />
    </UnitTest>
    <UnitTest name="UserService.UnitTest.Application.Commands.LoginUserCommandHandlerTests.Handle_ComCredenciaisValidas_DeveRetornarTokenComSucesso" storage="/users/diasbruno/documents/programacao/codigos/dotnet/bcommerce/backend/src/services/userservice/userservice.unittest/bin/debug/net8.0/userservice.unittest.dll" id="f2e7343d-6d78-f1e1-176c-353e3e9faddd">
      <Execution id="5ea2ed29-9df7-4709-a510-3e16ad0e2360" />
      <TestMethod codeBase="/Users/diasbruno/Documents/programacao/codigos/dotnet/bcommerce/backend/src/Services/UserService/UserService.UnitTest/bin/Debug/net8.0/UserService.UnitTest.dll" adapterTypeName="executor://xunit/VsTestRunner2/netcoreapp" className="UserService.UnitTest.Application.Commands.LoginUserCommandHandlerTests" name="Handle_ComCredenciaisValidas_DeveRetornarTokenComSucesso" />
    </UnitTest>
    <UnitTest name="UserService.UnitTest.Application.Dtos.Keycloak.LoginUserKeycloakTests.LoginUserKeycloak_ComTodosValoresVazios_DevePermitirCriacao" storage="/users/diasbruno/documents/programacao/codigos/dotnet/bcommerce/backend/src/services/userservice/userservice.unittest/bin/debug/net8.0/userservice.unittest.dll" id="7eae36c3-ee24-af2b-4dea-08e2bb1fce66">
      <Execution id="96521aa5-449f-477e-ae02-8c5c877dab56" />
      <TestMethod codeBase="/Users/diasbruno/Documents/programacao/codigos/dotnet/bcommerce/backend/src/Services/UserService/UserService.UnitTest/bin/Debug/net8.0/UserService.UnitTest.dll" adapterTypeName="executor://xunit/VsTestRunner2/netcoreapp" className="UserService.UnitTest.Application.Dtos.Keycloak.LoginUserKeycloakTests" name="LoginUserKeycloak_ComTodosValoresVazios_DevePermitirCriacao" />
    </UnitTest>
    <UnitTest name="UserService.UnitTest.Application.Dtos.Keycloak.CreateUserKeycloakTests.CreateUserKeycloak_ComNomeVazioOuEspacos_DevePermitirCriacao(firstName: &quot;   &quot;)" storage="/users/diasbruno/documents/programacao/codigos/dotnet/bcommerce/backend/src/services/userservice/userservice.unittest/bin/debug/net8.0/userservice.unittest.dll" id="dfffac1e-78f0-5445-18b0-a7609894571f">
      <Execution id="8ca80096-4d08-4a45-9a47-92b5895ccec0" />
      <TestMethod codeBase="/Users/diasbruno/Documents/programacao/codigos/dotnet/bcommerce/backend/src/Services/UserService/UserService.UnitTest/bin/Debug/net8.0/UserService.UnitTest.dll" adapterTypeName="executor://xunit/VsTestRunner2/netcoreapp" className="UserService.UnitTest.Application.Dtos.Keycloak.CreateUserKeycloakTests" name="CreateUserKeycloak_ComNomeVazioOuEspacos_DevePermitirCriacao" />
    </UnitTest>
    <UnitTest name="UserService.UnitTest.Domain.UserTests.Usuario_QuandoEmailDefinido_DeveAceitarFormatosValidos(email: &quot;test@email.com&quot;)" storage="/users/diasbruno/documents/programacao/codigos/dotnet/bcommerce/backend/src/services/userservice/userservice.unittest/bin/debug/net8.0/userservice.unittest.dll" id="d73eb999-7432-4af9-c8e2-b1ec06fbd0ba">
      <Execution id="93b8805d-9906-4b7f-bd77-c087c07e2485" />
      <TestMethod codeBase="/Users/diasbruno/Documents/programacao/codigos/dotnet/bcommerce/backend/src/Services/UserService/UserService.UnitTest/bin/Debug/net8.0/UserService.UnitTest.dll" adapterTypeName="executor://xunit/VsTestRunner2/netcoreapp" className="UserService.UnitTest.Domain.UserTests" name="Usuario_QuandoEmailDefinido_DeveAceitarFormatosValidos" />
    </UnitTest>
    <UnitTest name="UserService.UnitTest.Application.Dtos.Responses.LoginUserResponseTests.LoginUserResponse_ComTokensJWT_DevePermitirAtribuicao" storage="/users/diasbruno/documents/programacao/codigos/dotnet/bcommerce/backend/src/services/userservice/userservice.unittest/bin/debug/net8.0/userservice.unittest.dll" id="fc3482e3-2884-5135-2840-da422505e3a5">
      <Execution id="d65a8ba7-60b8-47ac-ae16-414dc8d3cd74" />
      <TestMethod codeBase="/Users/diasbruno/Documents/programacao/codigos/dotnet/bcommerce/backend/src/Services/UserService/UserService.UnitTest/bin/Debug/net8.0/UserService.UnitTest.dll" adapterTypeName="executor://xunit/VsTestRunner2/netcoreapp" className="UserService.UnitTest.Application.Dtos.Responses.LoginUserResponseTests" name="LoginUserResponse_ComTokensJWT_DevePermitirAtribuicao" />
    </UnitTest>
    <UnitTest name="UserService.UnitTest.Application.Services.KeycloakServiceTests.LoginAsync_ComCredenciaisValidas_DeveRetornarToken" storage="/users/diasbruno/documents/programacao/codigos/dotnet/bcommerce/backend/src/services/userservice/userservice.unittest/bin/debug/net8.0/userservice.unittest.dll" id="b05efab7-1ebd-bef8-6ba5-abf4e1e5530e">
      <Execution id="7c70f47f-01fb-42b3-8ce4-fd5ff88e8f88" />
      <TestMethod codeBase="/Users/diasbruno/Documents/programacao/codigos/dotnet/bcommerce/backend/src/Services/UserService/UserService.UnitTest/bin/Debug/net8.0/UserService.UnitTest.dll" adapterTypeName="executor://xunit/VsTestRunner2/netcoreapp" className="UserService.UnitTest.Application.Services.KeycloakServiceTests" name="LoginAsync_ComCredenciaisValidas_DeveRetornarToken" />
    </UnitTest>
    <UnitTest name="UserService.UnitTest.Application.Services.PasswordEncripterTests.VerifyPassword_ComDiferentesCombinacoes_DeveRetornarResultadoCorreto(originalPassword: &quot;senha123&quot;, testPassword: &quot;senha123&quot;, expectedResult: True)" storage="/users/diasbruno/documents/programacao/codigos/dotnet/bcommerce/backend/src/services/userservice/userservice.unittest/bin/debug/net8.0/userservice.unittest.dll" id="742be29e-54ad-e490-38da-22b62f24307c">
      <Execution id="69ba6e30-395b-4841-85cc-e920545a993a" />
      <TestMethod codeBase="/Users/diasbruno/Documents/programacao/codigos/dotnet/bcommerce/backend/src/Services/UserService/UserService.UnitTest/bin/Debug/net8.0/UserService.UnitTest.dll" adapterTypeName="executor://xunit/VsTestRunner2/netcoreapp" className="UserService.UnitTest.Application.Services.PasswordEncripterTests" name="VerifyPassword_ComDiferentesCombinacoes_DeveRetornarResultadoCorreto" />
    </UnitTest>
    <UnitTest name="UserService.UnitTest.Application.Dtos.Keycloak.LoginUserKeycloakTests.LoginUserKeycloak_ComSenhasComCaracteresEspeciais_DevePermitirCriacao" storage="/users/diasbruno/documents/programacao/codigos/dotnet/bcommerce/backend/src/services/userservice/userservice.unittest/bin/debug/net8.0/userservice.unittest.dll" id="c456ba12-b1e4-9738-717f-8bfea1b5b728">
      <Execution id="5b465290-567b-4728-b1bf-cb71c352fc39" />
      <TestMethod codeBase="/Users/diasbruno/Documents/programacao/codigos/dotnet/bcommerce/backend/src/Services/UserService/UserService.UnitTest/bin/Debug/net8.0/UserService.UnitTest.dll" adapterTypeName="executor://xunit/VsTestRunner2/netcoreapp" className="UserService.UnitTest.Application.Dtos.Keycloak.LoginUserKeycloakTests" name="LoginUserKeycloak_ComSenhasComCaracteresEspeciais_DevePermitirCriacao" />
    </UnitTest>
    <UnitTest name="UserService.UnitTest.Application.Dtos.Requests.CreateUserRequestTests.CreateUserRequest_ComNomesComCaracteresEspeciais_DevePermitirAtribuicao" storage="/users/diasbruno/documents/programacao/codigos/dotnet/bcommerce/backend/src/services/userservice/userservice.unittest/bin/debug/net8.0/userservice.unittest.dll" id="2e34d629-a46e-48e7-0407-be18d7e17c76">
      <Execution id="1c4adde4-bc8a-48ce-9288-26f4ff3a5d19" />
      <TestMethod codeBase="/Users/diasbruno/Documents/programacao/codigos/dotnet/bcommerce/backend/src/Services/UserService/UserService.UnitTest/bin/Debug/net8.0/UserService.UnitTest.dll" adapterTypeName="executor://xunit/VsTestRunner2/netcoreapp" className="UserService.UnitTest.Application.Dtos.Requests.CreateUserRequestTests" name="CreateUserRequest_ComNomesComCaracteresEspeciais_DevePermitirAtribuicao" />
    </UnitTest>
    <UnitTest name="UserService.UnitTest.Application.Dtos.Keycloak.CreateUserKeycloakTests.CreateUserKeycloak_ComSenhasEspeciais_DevePermitirCriacao" storage="/users/diasbruno/documents/programacao/codigos/dotnet/bcommerce/backend/src/services/userservice/userservice.unittest/bin/debug/net8.0/userservice.unittest.dll" id="f926bebb-7b15-fc0a-b671-c48777b3d530">
      <Execution id="d472c887-e971-4835-a999-957c4c312b80" />
      <TestMethod codeBase="/Users/diasbruno/Documents/programacao/codigos/dotnet/bcommerce/backend/src/Services/UserService/UserService.UnitTest/bin/Debug/net8.0/UserService.UnitTest.dll" adapterTypeName="executor://xunit/VsTestRunner2/netcoreapp" className="UserService.UnitTest.Application.Dtos.Keycloak.CreateUserKeycloakTests" name="CreateUserKeycloak_ComSenhasEspeciais_DevePermitirCriacao" />
    </UnitTest>
    <UnitTest name="UserService.UnitTest.Application.Dtos.Requests.LoginUserRequestTests.LoginUserRequest_ComEmailVazioOuEspacos_DevePermitirAtribuicao(email: &quot;&quot;)" storage="/users/diasbruno/documents/programacao/codigos/dotnet/bcommerce/backend/src/services/userservice/userservice.unittest/bin/debug/net8.0/userservice.unittest.dll" id="cc234b36-f0df-dc23-3cca-bb9fc67efa0f">
      <Execution id="60a2676e-65e3-4d8a-95ab-1febe17e4b26" />
      <TestMethod codeBase="/Users/diasbruno/Documents/programacao/codigos/dotnet/bcommerce/backend/src/Services/UserService/UserService.UnitTest/bin/Debug/net8.0/UserService.UnitTest.dll" adapterTypeName="executor://xunit/VsTestRunner2/netcoreapp" className="UserService.UnitTest.Application.Dtos.Requests.LoginUserRequestTests" name="LoginUserRequest_ComEmailVazioOuEspacos_DevePermitirAtribuicao" />
    </UnitTest>
    <UnitTest name="UserService.UnitTest.Application.Services.PasswordEncripterTests.EncryptPassword_ComDiferentesSenhas_DeveRetornarHashesValidos(password: &quot;SenhaComCaracteresEspeciais!@#$%^&amp;*()&quot;)" storage="/users/diasbruno/documents/programacao/codigos/dotnet/bcommerce/backend/src/services/userservice/userservice.unittest/bin/debug/net8.0/userservice.unittest.dll" id="416c1b16-fe7b-bcee-e981-d48a8e82fc3c">
      <Execution id="73d11408-5c2b-4c93-aa3e-4a94ba2132ae" />
      <TestMethod codeBase="/Users/diasbruno/Documents/programacao/codigos/dotnet/bcommerce/backend/src/Services/UserService/UserService.UnitTest/bin/Debug/net8.0/UserService.UnitTest.dll" adapterTypeName="executor://xunit/VsTestRunner2/netcoreapp" className="UserService.UnitTest.Application.Services.PasswordEncripterTests" name="EncryptPassword_ComDiferentesSenhas_DeveRetornarHashesValidos" />
    </UnitTest>
    <UnitTest name="UserService.UnitTest.Application.Services.KeycloakServiceTests.GetUserByEmailAsync_ComEmailExistente_DeveRetornarUsuario" storage="/users/diasbruno/documents/programacao/codigos/dotnet/bcommerce/backend/src/services/userservice/userservice.unittest/bin/debug/net8.0/userservice.unittest.dll" id="69eb78fd-0d27-b104-5384-38065d4960ea">
      <Execution id="f2f0f510-8ba1-4d93-9a90-c3abee50d720" />
      <TestMethod codeBase="/Users/diasbruno/Documents/programacao/codigos/dotnet/bcommerce/backend/src/Services/UserService/UserService.UnitTest/bin/Debug/net8.0/UserService.UnitTest.dll" adapterTypeName="executor://xunit/VsTestRunner2/netcoreapp" className="UserService.UnitTest.Application.Services.KeycloakServiceTests" name="GetUserByEmailAsync_ComEmailExistente_DeveRetornarUsuario" />
    </UnitTest>
    <UnitTest name="UserService.UnitTest.Application.Dtos.Responses.LoginUserResponseTests.LoginUserResponse_ComDiferentesTiposDeToken_DevePermitirAtribuicao(tokenType: &quot;BEARER&quot;)" storage="/users/diasbruno/documents/programacao/codigos/dotnet/bcommerce/backend/src/services/userservice/userservice.unittest/bin/debug/net8.0/userservice.unittest.dll" id="5dd926b3-7dcc-5adb-6291-fac7f1fedccb">
      <Execution id="1dbb908c-e31b-4c0e-b98b-c5e197ef1757" />
      <TestMethod codeBase="/Users/diasbruno/Documents/programacao/codigos/dotnet/bcommerce/backend/src/Services/UserService/UserService.UnitTest/bin/Debug/net8.0/UserService.UnitTest.dll" adapterTypeName="executor://xunit/VsTestRunner2/netcoreapp" className="UserService.UnitTest.Application.Dtos.Responses.LoginUserResponseTests" name="LoginUserResponse_ComDiferentesTiposDeToken_DevePermitirAtribuicao" />
    </UnitTest>
    <UnitTest name="UserService.UnitTest.Application.Dtos.Responses.LoginUserResponseTests.LoginUserResponse_ComDiferentesTiposDeToken_DevePermitirAtribuicao(tokenType: &quot;bearer&quot;)" storage="/users/diasbruno/documents/programacao/codigos/dotnet/bcommerce/backend/src/services/userservice/userservice.unittest/bin/debug/net8.0/userservice.unittest.dll" id="52ed97e2-360f-9d0a-658b-04f22e2f374f">
      <Execution id="96c88462-a700-4116-aba7-3276114a4a75" />
      <TestMethod codeBase="/Users/diasbruno/Documents/programacao/codigos/dotnet/bcommerce/backend/src/Services/UserService/UserService.UnitTest/bin/Debug/net8.0/UserService.UnitTest.dll" adapterTypeName="executor://xunit/VsTestRunner2/netcoreapp" className="UserService.UnitTest.Application.Dtos.Responses.LoginUserResponseTests" name="LoginUserResponse_ComDiferentesTiposDeToken_DevePermitirAtribuicao" />
    </UnitTest>
    <UnitTest name="UserService.UnitTest.Application.Dtos.Responses.CreateUserResponseTests.CreateUserResponse_ComDiferentesCombinacoesDeDados_DeveDefinirPropriedadesCorretamente(email: &quot;admin@company.net&quot;, firstName: &quot;Pedro&quot;, lastName: &quot;Oliveira&quot;, phoneNumber: &quot;31777777777&quot;)" storage="/users/diasbruno/documents/programacao/codigos/dotnet/bcommerce/backend/src/services/userservice/userservice.unittest/bin/debug/net8.0/userservice.unittest.dll" id="3d0f690d-1546-6c6f-ab8b-cba4d994071b">
      <Execution id="da81c866-c38b-4c12-b0b9-59d6bf29c3ef" />
      <TestMethod codeBase="/Users/diasbruno/Documents/programacao/codigos/dotnet/bcommerce/backend/src/Services/UserService/UserService.UnitTest/bin/Debug/net8.0/UserService.UnitTest.dll" adapterTypeName="executor://xunit/VsTestRunner2/netcoreapp" className="UserService.UnitTest.Application.Dtos.Responses.CreateUserResponseTests" name="CreateUserResponse_ComDiferentesCombinacoesDeDados_DeveDefinirPropriedadesCorretamente" />
    </UnitTest>
    <UnitTest name="UserService.UnitTest.Application.Commands.LoginUserCommandTests.CriarComando_ComSenhaNula_DevePermitirAtribuicao" storage="/users/diasbruno/documents/programacao/codigos/dotnet/bcommerce/backend/src/services/userservice/userservice.unittest/bin/debug/net8.0/userservice.unittest.dll" id="e17b7cb9-2e37-5171-bf20-8e757d62d918">
      <Execution id="90edce16-90f2-4c2a-b093-d0dd06b48f8c" />
      <TestMethod codeBase="/Users/diasbruno/Documents/programacao/codigos/dotnet/bcommerce/backend/src/Services/UserService/UserService.UnitTest/bin/Debug/net8.0/UserService.UnitTest.dll" adapterTypeName="executor://xunit/VsTestRunner2/netcoreapp" className="UserService.UnitTest.Application.Commands.LoginUserCommandTests" name="CriarComando_ComSenhaNula_DevePermitirAtribuicao" />
    </UnitTest>
    <UnitTest name="UserService.UnitTest.Application.Services.KeycloakServiceTests.LoginAsync_ComCredenciaisInvalidas_DeveLancarKeycloakException" storage="/users/diasbruno/documents/programacao/codigos/dotnet/bcommerce/backend/src/services/userservice/userservice.unittest/bin/debug/net8.0/userservice.unittest.dll" id="62979e70-b562-7bcf-8302-f965de4271f9">
      <Execution id="2037981b-71ba-4fdd-bddd-36e3101d8b8a" />
      <TestMethod codeBase="/Users/diasbruno/Documents/programacao/codigos/dotnet/bcommerce/backend/src/Services/UserService/UserService.UnitTest/bin/Debug/net8.0/UserService.UnitTest.dll" adapterTypeName="executor://xunit/VsTestRunner2/netcoreapp" className="UserService.UnitTest.Application.Services.KeycloakServiceTests" name="LoginAsync_ComCredenciaisInvalidas_DeveLancarKeycloakException" />
    </UnitTest>
    <UnitTest name="UserService.UnitTest.Application.Dtos.Keycloak.LoginUserKeycloakTests.LoginUserKeycloak_ComSenhasDeComprimentosVariados_DevePermitirCriacao" storage="/users/diasbruno/documents/programacao/codigos/dotnet/bcommerce/backend/src/services/userservice/userservice.unittest/bin/debug/net8.0/userservice.unittest.dll" id="bc52523d-1094-382a-cf53-85f7b7340e87">
      <Execution id="bcffec17-d8c5-4977-b4f5-54a3edff975b" />
      <TestMethod codeBase="/Users/diasbruno/Documents/programacao/codigos/dotnet/bcommerce/backend/src/Services/UserService/UserService.UnitTest/bin/Debug/net8.0/UserService.UnitTest.dll" adapterTypeName="executor://xunit/VsTestRunner2/netcoreapp" className="UserService.UnitTest.Application.Dtos.Keycloak.LoginUserKeycloakTests" name="LoginUserKeycloak_ComSenhasDeComprimentosVariados_DevePermitirCriacao" />
    </UnitTest>
    <UnitTest name="UserService.UnitTest.Application.Dtos.Requests.LoginUserRequestTests.LoginUserRequest_ComDiferentesCombinacoesDeDados_DeveDefinirPropriedadesCorretamente(email: &quot;admin@company.net&quot;, password: &quot;admin123&quot;)" storage="/users/diasbruno/documents/programacao/codigos/dotnet/bcommerce/backend/src/services/userservice/userservice.unittest/bin/debug/net8.0/userservice.unittest.dll" id="704e5cb4-d810-ebf8-c7a7-7bec5914c853">
      <Execution id="c26a3dcb-a1f4-410a-93f0-5435c2e45e6b" />
      <TestMethod codeBase="/Users/diasbruno/Documents/programacao/codigos/dotnet/bcommerce/backend/src/Services/UserService/UserService.UnitTest/bin/Debug/net8.0/UserService.UnitTest.dll" adapterTypeName="executor://xunit/VsTestRunner2/netcoreapp" className="UserService.UnitTest.Application.Dtos.Requests.LoginUserRequestTests" name="LoginUserRequest_ComDiferentesCombinacoesDeDados_DeveDefinirPropriedadesCorretamente" />
    </UnitTest>
    <UnitTest name="UserService.UnitTest.Application.Services.PasswordEncripterTests.VerifyPassword_ComHashVazio_DeveRetornarFalse" storage="/users/diasbruno/documents/programacao/codigos/dotnet/bcommerce/backend/src/services/userservice/userservice.unittest/bin/debug/net8.0/userservice.unittest.dll" id="3853b90a-2672-1f1c-cb47-9a8657691f74">
      <Execution id="ad5a55bf-8142-4c51-93a3-f20d9648ccd6" />
      <TestMethod codeBase="/Users/diasbruno/Documents/programacao/codigos/dotnet/bcommerce/backend/src/Services/UserService/UserService.UnitTest/bin/Debug/net8.0/UserService.UnitTest.dll" adapterTypeName="executor://xunit/VsTestRunner2/netcoreapp" className="UserService.UnitTest.Application.Services.PasswordEncripterTests" name="VerifyPassword_ComHashVazio_DeveRetornarFalse" />
    </UnitTest>
    <UnitTest name="UserService.UnitTest.Application.Dtos.Responses.CreateUserResponseTests.CreateUserResponse_ComDiferentesCombinacoesDeDados_DeveDefinirPropriedadesCorretamente(email: &quot;test@example.com&quot;, firstName: &quot;João&quot;, lastName: &quot;Silva&quot;, phoneNumber: &quot;11999999999&quot;)" storage="/users/diasbruno/documents/programacao/codigos/dotnet/bcommerce/backend/src/services/userservice/userservice.unittest/bin/debug/net8.0/userservice.unittest.dll" id="e7609c01-9db8-7c78-36f4-866ca84178af">
      <Execution id="a6565405-b2f7-434a-ba8a-6676a6c81bfd" />
      <TestMethod codeBase="/Users/diasbruno/Documents/programacao/codigos/dotnet/bcommerce/backend/src/Services/UserService/UserService.UnitTest/bin/Debug/net8.0/UserService.UnitTest.dll" adapterTypeName="executor://xunit/VsTestRunner2/netcoreapp" className="UserService.UnitTest.Application.Dtos.Responses.CreateUserResponseTests" name="CreateUserResponse_ComDiferentesCombinacoesDeDados_DeveDefinirPropriedadesCorretamente" />
    </UnitTest>
    <UnitTest name="UserService.UnitTest.Application.Services.KeycloakServiceTests.GetUserByEmailAsync_ComEmailInexistente_DeveRetornarNull" storage="/users/diasbruno/documents/programacao/codigos/dotnet/bcommerce/backend/src/services/userservice/userservice.unittest/bin/debug/net8.0/userservice.unittest.dll" id="bc5c4759-edfa-f30e-f4d0-0354fe026593">
      <Execution id="0635ebe6-8832-4044-9633-fd79e5e17379" />
      <TestMethod codeBase="/Users/diasbruno/Documents/programacao/codigos/dotnet/bcommerce/backend/src/Services/UserService/UserService.UnitTest/bin/Debug/net8.0/UserService.UnitTest.dll" adapterTypeName="executor://xunit/VsTestRunner2/netcoreapp" className="UserService.UnitTest.Application.Services.KeycloakServiceTests" name="GetUserByEmailAsync_ComEmailInexistente_DeveRetornarNull" />
    </UnitTest>
    <UnitTest name="UserService.UnitTest.Domain.UserExtensionsTests.EstaAtivo_QuandoUsuarioInativo_DeveRetornarFalso" storage="/users/diasbruno/documents/programacao/codigos/dotnet/bcommerce/backend/src/services/userservice/userservice.unittest/bin/debug/net8.0/userservice.unittest.dll" id="685f973e-3db8-7bb4-f100-0e47ca648e30">
      <Execution id="66b2859d-19ea-468e-bda7-47f45b73d6ef" />
      <TestMethod codeBase="/Users/diasbruno/Documents/programacao/codigos/dotnet/bcommerce/backend/src/Services/UserService/UserService.UnitTest/bin/Debug/net8.0/UserService.UnitTest.dll" adapterTypeName="executor://xunit/VsTestRunner2/netcoreapp" className="UserService.UnitTest.Domain.UserExtensionsTests" name="EstaAtivo_QuandoUsuarioInativo_DeveRetornarFalso" />
    </UnitTest>
    <UnitTest name="UserService.UnitTest.Application.Dtos.Responses.LoginUserResponseTests.LoginUserResponse_ComRefreshTokenVazioOuEspacos_DevePermitirAtribuicao(refreshToken: &quot;   &quot;)" storage="/users/diasbruno/documents/programacao/codigos/dotnet/bcommerce/backend/src/services/userservice/userservice.unittest/bin/debug/net8.0/userservice.unittest.dll" id="174b90df-372c-c4b4-5d45-c7118ef3adc9">
      <Execution id="6bb9de33-78c2-4021-814b-aadab9f6e4fb" />
      <TestMethod codeBase="/Users/diasbruno/Documents/programacao/codigos/dotnet/bcommerce/backend/src/Services/UserService/UserService.UnitTest/bin/Debug/net8.0/UserService.UnitTest.dll" adapterTypeName="executor://xunit/VsTestRunner2/netcoreapp" className="UserService.UnitTest.Application.Dtos.Responses.LoginUserResponseTests" name="LoginUserResponse_ComRefreshTokenVazioOuEspacos_DevePermitirAtribuicao" />
    </UnitTest>
    <UnitTest name="UserService.UnitTest.Domain.UserAddressExtensionsTests.ObterEnderecoFormatado_QuandoNumeroRuaAlfanumerico_DeveTratarCorretamente" storage="/users/diasbruno/documents/programacao/codigos/dotnet/bcommerce/backend/src/services/userservice/userservice.unittest/bin/debug/net8.0/userservice.unittest.dll" id="de151c58-4467-4a44-0aaa-73fe7dfaabe6">
      <Execution id="11c34660-6ddc-4cbf-9c12-06a1d1c457a3" />
      <TestMethod codeBase="/Users/diasbruno/Documents/programacao/codigos/dotnet/bcommerce/backend/src/Services/UserService/UserService.UnitTest/bin/Debug/net8.0/UserService.UnitTest.dll" adapterTypeName="executor://xunit/VsTestRunner2/netcoreapp" className="UserService.UnitTest.Domain.UserAddressExtensionsTests" name="ObterEnderecoFormatado_QuandoNumeroRuaAlfanumerico_DeveTratarCorretamente" />
    </UnitTest>
    <UnitTest name="UserService.UnitTest.Application.Services.PasswordEncripterTests.EncryptPassword_ComSenhaLonga_DeveProcessarCorretamente" storage="/users/diasbruno/documents/programacao/codigos/dotnet/bcommerce/backend/src/services/userservice/userservice.unittest/bin/debug/net8.0/userservice.unittest.dll" id="71279174-e79a-ca21-5900-ba860d67dd79">
      <Execution id="eda17ae2-d63f-46df-ac9b-f17c59038893" />
      <TestMethod codeBase="/Users/diasbruno/Documents/programacao/codigos/dotnet/bcommerce/backend/src/Services/UserService/UserService.UnitTest/bin/Debug/net8.0/UserService.UnitTest.dll" adapterTypeName="executor://xunit/VsTestRunner2/netcoreapp" className="UserService.UnitTest.Application.Services.PasswordEncripterTests" name="EncryptPassword_ComSenhaLonga_DeveProcessarCorretamente" />
    </UnitTest>
    <UnitTest name="UserService.UnitTest.Application.Dtos.Responses.LoginUserResponseTests.LoginUserResponse_ComExpiresInNegativoOuZero_DevePermitirAtribuicao(expiresIn: 0)" storage="/users/diasbruno/documents/programacao/codigos/dotnet/bcommerce/backend/src/services/userservice/userservice.unittest/bin/debug/net8.0/userservice.unittest.dll" id="886d0801-1cdc-bf20-ec21-62fa42239b79">
      <Execution id="ea05eecd-bb4b-482f-bfe4-a3e2f848d837" />
      <TestMethod codeBase="/Users/diasbruno/Documents/programacao/codigos/dotnet/bcommerce/backend/src/Services/UserService/UserService.UnitTest/bin/Debug/net8.0/UserService.UnitTest.dll" adapterTypeName="executor://xunit/VsTestRunner2/netcoreapp" className="UserService.UnitTest.Application.Dtos.Responses.LoginUserResponseTests" name="LoginUserResponse_ComExpiresInNegativoOuZero_DevePermitirAtribuicao" />
    </UnitTest>
    <UnitTest name="UserService.UnitTest.Application.Dtos.Keycloak.LoginUserKeycloakTests.LoginUserKeycloak_ComDiferentesCombinacoesDeDados_DeveDefinirPropriedadesCorretamente(email: &quot;usuario@empresa.com.br&quot;, password: &quot;senha456&quot;)" storage="/users/diasbruno/documents/programacao/codigos/dotnet/bcommerce/backend/src/services/userservice/userservice.unittest/bin/debug/net8.0/userservice.unittest.dll" id="5f112932-e4a3-e21b-c96c-cffdbc816fb8">
      <Execution id="17b45be2-44bf-4046-b28d-9f5b94b8382b" />
      <TestMethod codeBase="/Users/diasbruno/Documents/programacao/codigos/dotnet/bcommerce/backend/src/Services/UserService/UserService.UnitTest/bin/Debug/net8.0/UserService.UnitTest.dll" adapterTypeName="executor://xunit/VsTestRunner2/netcoreapp" className="UserService.UnitTest.Application.Dtos.Keycloak.LoginUserKeycloakTests" name="LoginUserKeycloak_ComDiferentesCombinacoesDeDados_DeveDefinirPropriedadesCorretamente" />
    </UnitTest>
    <UnitTest name="UserService.UnitTest.Application.Services.PasswordEncripterTests.EncryptPassword_ComSenhaNula_DeveLancarExcecao" storage="/users/diasbruno/documents/programacao/codigos/dotnet/bcommerce/backend/src/services/userservice/userservice.unittest/bin/debug/net8.0/userservice.unittest.dll" id="99ce01d7-0310-a92e-fac7-c4d886c40f40">
      <Execution id="e1a0d86c-f04f-4bc9-9f8a-cf2b9d6a773d" />
      <TestMethod codeBase="/Users/diasbruno/Documents/programacao/codigos/dotnet/bcommerce/backend/src/Services/UserService/UserService.UnitTest/bin/Debug/net8.0/UserService.UnitTest.dll" adapterTypeName="executor://xunit/VsTestRunner2/netcoreapp" className="UserService.UnitTest.Application.Services.PasswordEncripterTests" name="EncryptPassword_ComSenhaNula_DeveLancarExcecao" />
    </UnitTest>
    <UnitTest name="UserService.UnitTest.Application.Dtos.Keycloak.LoginUserKeycloakTests.LoginUserKeycloak_ComDadosGeradosPorFaker_DeveDefinirPropriedadesCorretamente" storage="/users/diasbruno/documents/programacao/codigos/dotnet/bcommerce/backend/src/services/userservice/userservice.unittest/bin/debug/net8.0/userservice.unittest.dll" id="cf5a24a9-4080-92c2-4e30-103efe359ce9">
      <Execution id="96cb9187-fde0-4fcc-b179-ec8a4319223f" />
      <TestMethod codeBase="/Users/diasbruno/Documents/programacao/codigos/dotnet/bcommerce/backend/src/Services/UserService/UserService.UnitTest/bin/Debug/net8.0/UserService.UnitTest.dll" adapterTypeName="executor://xunit/VsTestRunner2/netcoreapp" className="UserService.UnitTest.Application.Dtos.Keycloak.LoginUserKeycloakTests" name="LoginUserKeycloak_ComDadosGeradosPorFaker_DeveDefinirPropriedadesCorretamente" />
    </UnitTest>
    <UnitTest name="UserService.UnitTest.Application.Dtos.Keycloak.LoginUserKeycloakTests.LoginUserKeycloak_ComTodosValoresNulos_DevePermitirCriacao" storage="/users/diasbruno/documents/programacao/codigos/dotnet/bcommerce/backend/src/services/userservice/userservice.unittest/bin/debug/net8.0/userservice.unittest.dll" id="c50df869-b3c4-1b8a-0bad-e772087c3927">
      <Execution id="3e0a7c87-784d-4233-8c9b-9ffa14f9338c" />
      <TestMethod codeBase="/Users/diasbruno/Documents/programacao/codigos/dotnet/bcommerce/backend/src/Services/UserService/UserService.UnitTest/bin/Debug/net8.0/UserService.UnitTest.dll" adapterTypeName="executor://xunit/VsTestRunner2/netcoreapp" className="UserService.UnitTest.Application.Dtos.Keycloak.LoginUserKeycloakTests" name="LoginUserKeycloak_ComTodosValoresNulos_DevePermitirCriacao" />
    </UnitTest>
    <UnitTest name="UserService.UnitTest.Application.Dtos.Keycloak.CreateUserKeycloakTests.CreateUserKeycloak_ComEmailsEspeciais_DevePermitirCriacao" storage="/users/diasbruno/documents/programacao/codigos/dotnet/bcommerce/backend/src/services/userservice/userservice.unittest/bin/debug/net8.0/userservice.unittest.dll" id="7943d811-31a2-060e-ca85-3b49082e0953">
      <Execution id="a282be36-d425-47bf-b3cb-2490ee4163ef" />
      <TestMethod codeBase="/Users/diasbruno/Documents/programacao/codigos/dotnet/bcommerce/backend/src/Services/UserService/UserService.UnitTest/bin/Debug/net8.0/UserService.UnitTest.dll" adapterTypeName="executor://xunit/VsTestRunner2/netcoreapp" className="UserService.UnitTest.Application.Dtos.Keycloak.CreateUserKeycloakTests" name="CreateUserKeycloak_ComEmailsEspeciais_DevePermitirCriacao" />
    </UnitTest>
    <UnitTest name="UserService.UnitTest.Domain.UserTests.Usuario_QuandoStatusDefinido_DeveAceitarStatusValidos(status: Ativo)" storage="/users/diasbruno/documents/programacao/codigos/dotnet/bcommerce/backend/src/services/userservice/userservice.unittest/bin/debug/net8.0/userservice.unittest.dll" id="39c83dc9-bff9-8f55-ddbe-fe65559349c5">
      <Execution id="255de587-9b0c-4838-a85a-97be88e7c6fa" />
      <TestMethod codeBase="/Users/diasbruno/Documents/programacao/codigos/dotnet/bcommerce/backend/src/Services/UserService/UserService.UnitTest/bin/Debug/net8.0/UserService.UnitTest.dll" adapterTypeName="executor://xunit/VsTestRunner2/netcoreapp" className="UserService.UnitTest.Domain.UserTests" name="Usuario_QuandoStatusDefinido_DeveAceitarStatusValidos" />
    </UnitTest>
    <UnitTest name="UserService.UnitTest.Application.Dtos.Keycloak.CreateUserKeycloakTests.CreateUserKeycloak_ComTodosValoresNulos_DevePermitirCriacao" storage="/users/diasbruno/documents/programacao/codigos/dotnet/bcommerce/backend/src/services/userservice/userservice.unittest/bin/debug/net8.0/userservice.unittest.dll" id="aeb58abd-f3e4-0504-34c7-844f95ce41e7">
      <Execution id="65fa1aa4-1d67-452d-832b-e0968e254015" />
      <TestMethod codeBase="/Users/diasbruno/Documents/programacao/codigos/dotnet/bcommerce/backend/src/Services/UserService/UserService.UnitTest/bin/Debug/net8.0/UserService.UnitTest.dll" adapterTypeName="executor://xunit/VsTestRunner2/netcoreapp" className="UserService.UnitTest.Application.Dtos.Keycloak.CreateUserKeycloakTests" name="CreateUserKeycloak_ComTodosValoresNulos_DevePermitirCriacao" />
    </UnitTest>
    <UnitTest name="UserService.UnitTest.Domain.UserTests.Usuario_QuandoMultiplosUsuariosCriados_DeveConterIdsUnicos" storage="/users/diasbruno/documents/programacao/codigos/dotnet/bcommerce/backend/src/services/userservice/userservice.unittest/bin/debug/net8.0/userservice.unittest.dll" id="d615c036-bfee-2e66-fa83-8efa087e47ad">
      <Execution id="c7509a20-2d00-48ee-92c0-070cf640630d" />
      <TestMethod codeBase="/Users/diasbruno/Documents/programacao/codigos/dotnet/bcommerce/backend/src/Services/UserService/UserService.UnitTest/bin/Debug/net8.0/UserService.UnitTest.dll" adapterTypeName="executor://xunit/VsTestRunner2/netcoreapp" className="UserService.UnitTest.Domain.UserTests" name="Usuario_QuandoMultiplosUsuariosCriados_DeveConterIdsUnicos" />
    </UnitTest>
    <UnitTest name="UserService.UnitTest.Application.Dtos.Responses.LoginUserResponseTests.LoginUserResponse_ComDiferentesCombinacoesDeDados_DeveDefinirPropriedadesCorretamente(accessToken: &quot;eyJhbGciOiJIUzI1NiIsInR5cCI6IkpXVCJ9&quot;, refreshToken: &quot;refresh_token_123&quot;, tokenType: &quot;Bearer&quot;, expiresIn: 3600)" storage="/users/diasbruno/documents/programacao/codigos/dotnet/bcommerce/backend/src/services/userservice/userservice.unittest/bin/debug/net8.0/userservice.unittest.dll" id="7ec66689-aa2d-ed93-e94a-32ea19a0b6cd">
      <Execution id="2708dbd0-215c-4189-a529-5c58721fccbd" />
      <TestMethod codeBase="/Users/diasbruno/Documents/programacao/codigos/dotnet/bcommerce/backend/src/Services/UserService/UserService.UnitTest/bin/Debug/net8.0/UserService.UnitTest.dll" adapterTypeName="executor://xunit/VsTestRunner2/netcoreapp" className="UserService.UnitTest.Application.Dtos.Responses.LoginUserResponseTests" name="LoginUserResponse_ComDiferentesCombinacoesDeDados_DeveDefinirPropriedadesCorretamente" />
    </UnitTest>
    <UnitTest name="UserService.UnitTest.Application.Dtos.Keycloak.LoginUserKeycloakTests.LoginUserKeycloak_ComEmailVazioOuEspacos_DevePermitirCriacao(email: &quot; &quot;)" storage="/users/diasbruno/documents/programacao/codigos/dotnet/bcommerce/backend/src/services/userservice/userservice.unittest/bin/debug/net8.0/userservice.unittest.dll" id="3d3b9104-58df-c60e-7604-16031cc31e72">
      <Execution id="16f487fc-893f-4edc-b5c1-6a467f1912ca" />
      <TestMethod codeBase="/Users/diasbruno/Documents/programacao/codigos/dotnet/bcommerce/backend/src/Services/UserService/UserService.UnitTest/bin/Debug/net8.0/UserService.UnitTest.dll" adapterTypeName="executor://xunit/VsTestRunner2/netcoreapp" className="UserService.UnitTest.Application.Dtos.Keycloak.LoginUserKeycloakTests" name="LoginUserKeycloak_ComEmailVazioOuEspacos_DevePermitirCriacao" />
    </UnitTest>
    <UnitTest name="UserService.UnitTest.Application.Dtos.Requests.CreateUserRequestTests.CreateUserRequest_ComDiferentesValoresNewsletterOptIn_DeveDefinirCorretamente(newsletterOptIn: True)" storage="/users/diasbruno/documents/programacao/codigos/dotnet/bcommerce/backend/src/services/userservice/userservice.unittest/bin/debug/net8.0/userservice.unittest.dll" id="5419300a-98b1-ab73-bf98-3b97b18b7197">
      <Execution id="3710be3d-a97f-4308-82ce-9761303ac6ab" />
      <TestMethod codeBase="/Users/diasbruno/Documents/programacao/codigos/dotnet/bcommerce/backend/src/Services/UserService/UserService.UnitTest/bin/Debug/net8.0/UserService.UnitTest.dll" adapterTypeName="executor://xunit/VsTestRunner2/netcoreapp" className="UserService.UnitTest.Application.Dtos.Requests.CreateUserRequestTests" name="CreateUserRequest_ComDiferentesValoresNewsletterOptIn_DeveDefinirCorretamente" />
    </UnitTest>
    <UnitTest name="UserService.UnitTest.Application.Commands.CreateUserCommandTests.CriarComando_ComDiferentesCombinacoes_DeveDefinirPropriedadesCorretamente(firstName: &quot;João&quot;, lastName: &quot;Silva&quot;, email: &quot;joao@email.com&quot;, password: &quot;Senha@123&quot;, newsletterOptIn: True)" storage="/users/diasbruno/documents/programacao/codigos/dotnet/bcommerce/backend/src/services/userservice/userservice.unittest/bin/debug/net8.0/userservice.unittest.dll" id="056bffb9-bb7c-2664-0173-299ed12f750f">
      <Execution id="f614bf81-bf67-4df3-99df-4d893425258f" />
      <TestMethod codeBase="/Users/diasbruno/Documents/programacao/codigos/dotnet/bcommerce/backend/src/Services/UserService/UserService.UnitTest/bin/Debug/net8.0/UserService.UnitTest.dll" adapterTypeName="executor://xunit/VsTestRunner2/netcoreapp" className="UserService.UnitTest.Application.Commands.CreateUserCommandTests" name="CriarComando_ComDiferentesCombinacoes_DeveDefinirPropriedadesCorretamente" />
    </UnitTest>
    <UnitTest name="UserService.UnitTest.Application.Dtos.Responses.CreateUserResponseTests.CreateUserResponse_ComNomesComCaracteresEspeciais_DevePermitirAtribuicao" storage="/users/diasbruno/documents/programacao/codigos/dotnet/bcommerce/backend/src/services/userservice/userservice.unittest/bin/debug/net8.0/userservice.unittest.dll" id="3b57956c-e654-1644-49d6-a98f07644b37">
      <Execution id="1e388a9f-4a6c-4782-b543-70ad5a880e06" />
      <TestMethod codeBase="/Users/diasbruno/Documents/programacao/codigos/dotnet/bcommerce/backend/src/Services/UserService/UserService.UnitTest/bin/Debug/net8.0/UserService.UnitTest.dll" adapterTypeName="executor://xunit/VsTestRunner2/netcoreapp" className="UserService.UnitTest.Application.Dtos.Responses.CreateUserResponseTests" name="CreateUserResponse_ComNomesComCaracteresEspeciais_DevePermitirAtribuicao" />
    </UnitTest>
    <UnitTest name="UserService.UnitTest.Application.Commands.LoginUserCommandHandlerTests.Handle_ComCredenciaisInvalidas_DeveRetornarFalha" storage="/users/diasbruno/documents/programacao/codigos/dotnet/bcommerce/backend/src/services/userservice/userservice.unittest/bin/debug/net8.0/userservice.unittest.dll" id="9275a646-add3-ee8d-c809-ecb8a8e3f3fc">
      <Execution id="db76a0f6-e639-4f50-8ea2-4d3f68254173" />
      <TestMethod codeBase="/Users/diasbruno/Documents/programacao/codigos/dotnet/bcommerce/backend/src/Services/UserService/UserService.UnitTest/bin/Debug/net8.0/UserService.UnitTest.dll" adapterTypeName="executor://xunit/VsTestRunner2/netcoreapp" className="UserService.UnitTest.Application.Commands.LoginUserCommandHandlerTests" name="Handle_ComCredenciaisInvalidas_DeveRetornarFalha" />
    </UnitTest>
    <UnitTest name="UserService.UnitTest.Application.Dtos.Responses.CreateUserResponseTests.CreateUserResponse_ComDiferentesCombinacoesDeDados_DeveDefinirPropriedadesCorretamente(email: &quot;user@domain.org&quot;, firstName: &quot;Maria&quot;, lastName: &quot;Santos&quot;, phoneNumber: &quot;21888888888&quot;)" storage="/users/diasbruno/documents/programacao/codigos/dotnet/bcommerce/backend/src/services/userservice/userservice.unittest/bin/debug/net8.0/userservice.unittest.dll" id="6ac0c70b-d31f-4e55-f241-059d9fc6af8d">
      <Execution id="4f9cbb49-6385-46a8-ab7c-abf12dd6c944" />
      <TestMethod codeBase="/Users/diasbruno/Documents/programacao/codigos/dotnet/bcommerce/backend/src/Services/UserService/UserService.UnitTest/bin/Debug/net8.0/UserService.UnitTest.dll" adapterTypeName="executor://xunit/VsTestRunner2/netcoreapp" className="UserService.UnitTest.Application.Dtos.Responses.CreateUserResponseTests" name="CreateUserResponse_ComDiferentesCombinacoesDeDados_DeveDefinirPropriedadesCorretamente" />
    </UnitTest>
    <UnitTest name="UserService.UnitTest.Application.Dtos.Keycloak.LoginUserKeycloakTests.LoginUserKeycloak_ComSenhaVaziaOuEspacos_DevePermitirCriacao(password: &quot;&quot;)" storage="/users/diasbruno/documents/programacao/codigos/dotnet/bcommerce/backend/src/services/userservice/userservice.unittest/bin/debug/net8.0/userservice.unittest.dll" id="a59e1625-fe42-9ffa-bcbd-f929f28211e5">
      <Execution id="41822f4a-b310-44f0-8d3f-78b612851c6f" />
      <TestMethod codeBase="/Users/diasbruno/Documents/programacao/codigos/dotnet/bcommerce/backend/src/Services/UserService/UserService.UnitTest/bin/Debug/net8.0/UserService.UnitTest.dll" adapterTypeName="executor://xunit/VsTestRunner2/netcoreapp" className="UserService.UnitTest.Application.Dtos.Keycloak.LoginUserKeycloakTests" name="LoginUserKeycloak_ComSenhaVaziaOuEspacos_DevePermitirCriacao" />
    </UnitTest>
    <UnitTest name="UserService.UnitTest.Application.Dtos.Keycloak.LoginUserKeycloakTests.LoginUserKeycloak_ComEmailLongo_DevePermitirCriacao" storage="/users/diasbruno/documents/programacao/codigos/dotnet/bcommerce/backend/src/services/userservice/userservice.unittest/bin/debug/net8.0/userservice.unittest.dll" id="d9e444cf-8e9b-8caf-5fd4-b02fbc20ebc7">
      <Execution id="e4c72d30-2e1b-4274-b4bc-05af8f47dd25" />
      <TestMethod codeBase="/Users/diasbruno/Documents/programacao/codigos/dotnet/bcommerce/backend/src/Services/UserService/UserService.UnitTest/bin/Debug/net8.0/UserService.UnitTest.dll" adapterTypeName="executor://xunit/VsTestRunner2/netcoreapp" className="UserService.UnitTest.Application.Dtos.Keycloak.LoginUserKeycloakTests" name="LoginUserKeycloak_ComEmailLongo_DevePermitirCriacao" />
    </UnitTest>
    <UnitTest name="UserService.UnitTest.Application.Dtos.Requests.LoginUserRequestTests.LoginUserRequest_ComEmailNulo_DevePermitirAtribuicao" storage="/users/diasbruno/documents/programacao/codigos/dotnet/bcommerce/backend/src/services/userservice/userservice.unittest/bin/debug/net8.0/userservice.unittest.dll" id="c48f3693-24b9-b9f1-3b52-fe0f40af0c26">
      <Execution id="c29d6ce9-1bcf-4add-a94f-7dc01e46bcfc" />
      <TestMethod codeBase="/Users/diasbruno/Documents/programacao/codigos/dotnet/bcommerce/backend/src/Services/UserService/UserService.UnitTest/bin/Debug/net8.0/UserService.UnitTest.dll" adapterTypeName="executor://xunit/VsTestRunner2/netcoreapp" className="UserService.UnitTest.Application.Dtos.Requests.LoginUserRequestTests" name="LoginUserRequest_ComEmailNulo_DevePermitirAtribuicao" />
    </UnitTest>
    <UnitTest name="UserService.UnitTest.Application.Services.KeycloakServiceTests.CreateUserAsync_QuandoUsuarioJaExiste_DeveLancarKeycloakException" storage="/users/diasbruno/documents/programacao/codigos/dotnet/bcommerce/backend/src/services/userservice/userservice.unittest/bin/debug/net8.0/userservice.unittest.dll" id="8e65df34-fb75-1ca3-79e1-1466c62e6424">
      <Execution id="39930552-5ca2-4823-9891-c19ae3d873f3" />
      <TestMethod codeBase="/Users/diasbruno/Documents/programacao/codigos/dotnet/bcommerce/backend/src/Services/UserService/UserService.UnitTest/bin/Debug/net8.0/UserService.UnitTest.dll" adapterTypeName="executor://xunit/VsTestRunner2/netcoreapp" className="UserService.UnitTest.Application.Services.KeycloakServiceTests" name="CreateUserAsync_QuandoUsuarioJaExiste_DeveLancarKeycloakException" />
    </UnitTest>
    <UnitTest name="UserService.UnitTest.Application.Services.KeycloakServiceTests.DeleteUserAsync_ComIdInvalido_DeveLancarKeycloakException" storage="/users/diasbruno/documents/programacao/codigos/dotnet/bcommerce/backend/src/services/userservice/userservice.unittest/bin/debug/net8.0/userservice.unittest.dll" id="63366a20-6db0-419c-82ee-cfc1077912c7">
      <Execution id="05b5d5de-5610-48c9-9edf-30ef7421a73d" />
      <TestMethod codeBase="/Users/diasbruno/Documents/programacao/codigos/dotnet/bcommerce/backend/src/Services/UserService/UserService.UnitTest/bin/Debug/net8.0/UserService.UnitTest.dll" adapterTypeName="executor://xunit/VsTestRunner2/netcoreapp" className="UserService.UnitTest.Application.Services.KeycloakServiceTests" name="DeleteUserAsync_ComIdInvalido_DeveLancarKeycloakException" />
    </UnitTest>
    <UnitTest name="UserService.UnitTest.Application.Dtos.Requests.CreateUserRequestTests.CreateUserRequest_ComDiferentesCombinacoesDeDados_DeveDefinirPropriedadesCorretamente(email: &quot;admin@company.net&quot;, password: &quot;Admin123!&quot;, firstName: &quot;Pedro&quot;, lastName: &quot;Oliveira&quot;, newsletterOptIn: True)" storage="/users/diasbruno/documents/programacao/codigos/dotnet/bcommerce/backend/src/services/userservice/userservice.unittest/bin/debug/net8.0/userservice.unittest.dll" id="086109bb-4851-86ac-8048-855ebf2ac4dd">
      <Execution id="6426e2d4-c47f-4e0c-9756-41bcec3b8186" />
      <TestMethod codeBase="/Users/diasbruno/Documents/programacao/codigos/dotnet/bcommerce/backend/src/Services/UserService/UserService.UnitTest/bin/Debug/net8.0/UserService.UnitTest.dll" adapterTypeName="executor://xunit/VsTestRunner2/netcoreapp" className="UserService.UnitTest.Application.Dtos.Requests.CreateUserRequestTests" name="CreateUserRequest_ComDiferentesCombinacoesDeDados_DeveDefinirPropriedadesCorretamente" />
    </UnitTest>
    <UnitTest name="UserService.UnitTest.Application.Dtos.Keycloak.LoginUserKeycloakTests.LoginUserKeycloak_ComSenhaVaziaOuEspacos_DevePermitirCriacao(password: &quot;   &quot;)" storage="/users/diasbruno/documents/programacao/codigos/dotnet/bcommerce/backend/src/services/userservice/userservice.unittest/bin/debug/net8.0/userservice.unittest.dll" id="0b5edc04-4e18-c4ac-4387-717b7ddaaef2">
      <Execution id="cdbc8bfd-e72e-4498-b45b-16841909a604" />
      <TestMethod codeBase="/Users/diasbruno/Documents/programacao/codigos/dotnet/bcommerce/backend/src/Services/UserService/UserService.UnitTest/bin/Debug/net8.0/UserService.UnitTest.dll" adapterTypeName="executor://xunit/VsTestRunner2/netcoreapp" className="UserService.UnitTest.Application.Dtos.Keycloak.LoginUserKeycloakTests" name="LoginUserKeycloak_ComSenhaVaziaOuEspacos_DevePermitirCriacao" />
    </UnitTest>
    <UnitTest name="UserService.UnitTest.Application.Dtos.Responses.LoginUserResponseTests.LoginUserResponse_ComAccessTokenNulo_DevePermitirAtribuicao" storage="/users/diasbruno/documents/programacao/codigos/dotnet/bcommerce/backend/src/services/userservice/userservice.unittest/bin/debug/net8.0/userservice.unittest.dll" id="e94e9e48-4109-66a8-d8d8-eba19f7e0e5d">
      <Execution id="86cac421-d198-4665-bf30-53327ebb5e54" />
      <TestMethod codeBase="/Users/diasbruno/Documents/programacao/codigos/dotnet/bcommerce/backend/src/Services/UserService/UserService.UnitTest/bin/Debug/net8.0/UserService.UnitTest.dll" adapterTypeName="executor://xunit/VsTestRunner2/netcoreapp" className="UserService.UnitTest.Application.Dtos.Responses.LoginUserResponseTests" name="LoginUserResponse_ComAccessTokenNulo_DevePermitirAtribuicao" />
    </UnitTest>
    <UnitTest name="UserService.UnitTest.Application.Dtos.Keycloak.LoginUserKeycloakTests.LoginUserKeycloak_ComEmailVazioOuEspacos_DevePermitirCriacao(email: &quot;&quot;)" storage="/users/diasbruno/documents/programacao/codigos/dotnet/bcommerce/backend/src/services/userservice/userservice.unittest/bin/debug/net8.0/userservice.unittest.dll" id="c583d44d-cb65-5444-4a7b-6bfc282c0edb">
      <Execution id="a4d6e158-692c-4d3f-9aab-7e9338626044" />
      <TestMethod codeBase="/Users/diasbruno/Documents/programacao/codigos/dotnet/bcommerce/backend/src/Services/UserService/UserService.UnitTest/bin/Debug/net8.0/UserService.UnitTest.dll" adapterTypeName="executor://xunit/VsTestRunner2/netcoreapp" className="UserService.UnitTest.Application.Dtos.Keycloak.LoginUserKeycloakTests" name="LoginUserKeycloak_ComEmailVazioOuEspacos_DevePermitirCriacao" />
    </UnitTest>
    <UnitTest name="UserService.UnitTest.Application.Dtos.Keycloak.LoginUserKeycloakTests.LoginUserKeycloak_ComEmailNulo_DevePermitirCriacao" storage="/users/diasbruno/documents/programacao/codigos/dotnet/bcommerce/backend/src/services/userservice/userservice.unittest/bin/debug/net8.0/userservice.unittest.dll" id="f257391b-3a40-c27b-61ef-2e778289cdae">
      <Execution id="e9da99eb-3c4e-49ce-8091-d0bd02746614" />
      <TestMethod codeBase="/Users/diasbruno/Documents/programacao/codigos/dotnet/bcommerce/backend/src/Services/UserService/UserService.UnitTest/bin/Debug/net8.0/UserService.UnitTest.dll" adapterTypeName="executor://xunit/VsTestRunner2/netcoreapp" className="UserService.UnitTest.Application.Dtos.Keycloak.LoginUserKeycloakTests" name="LoginUserKeycloak_ComEmailNulo_DevePermitirCriacao" />
    </UnitTest>
    <UnitTest name="UserService.UnitTest.Application.Dtos.Responses.LoginUserResponseTests.LoginUserResponse_ComExpiresInPositivo_DevePermitirAtribuicao(expiresIn: 3600)" storage="/users/diasbruno/documents/programacao/codigos/dotnet/bcommerce/backend/src/services/userservice/userservice.unittest/bin/debug/net8.0/userservice.unittest.dll" id="f729a349-2432-6996-746c-8014e568a6b3">
      <Execution id="240d1d98-6f15-46a8-bbbb-75d23d87ed45" />
      <TestMethod codeBase="/Users/diasbruno/Documents/programacao/codigos/dotnet/bcommerce/backend/src/Services/UserService/UserService.UnitTest/bin/Debug/net8.0/UserService.UnitTest.dll" adapterTypeName="executor://xunit/VsTestRunner2/netcoreapp" className="UserService.UnitTest.Application.Dtos.Responses.LoginUserResponseTests" name="LoginUserResponse_ComExpiresInPositivo_DevePermitirAtribuicao" />
    </UnitTest>
    <UnitTest name="UserService.UnitTest.Application.Services.PasswordEncripterTests.EncryptPassword_ComMesmaSenha_DeveGerarHashesDiferentes" storage="/users/diasbruno/documents/programacao/codigos/dotnet/bcommerce/backend/src/services/userservice/userservice.unittest/bin/debug/net8.0/userservice.unittest.dll" id="b0f95758-67ad-2207-a23b-1a1ecc3898ca">
      <Execution id="1ddd5b61-495a-42e5-9272-004dd993505e" />
      <TestMethod codeBase="/Users/diasbruno/Documents/programacao/codigos/dotnet/bcommerce/backend/src/Services/UserService/UserService.UnitTest/bin/Debug/net8.0/UserService.UnitTest.dll" adapterTypeName="executor://xunit/VsTestRunner2/netcoreapp" className="UserService.UnitTest.Application.Services.PasswordEncripterTests" name="EncryptPassword_ComMesmaSenha_DeveGerarHashesDiferentes" />
    </UnitTest>
    <UnitTest name="UserService.UnitTest.Application.Dtos.Keycloak.CreateUserKeycloakTests.CreateUserKeycloak_ComDadosValidos_DeveDefinirPropriedadesCorretamente" storage="/users/diasbruno/documents/programacao/codigos/dotnet/bcommerce/backend/src/services/userservice/userservice.unittest/bin/debug/net8.0/userservice.unittest.dll" id="43c647ac-36a5-f495-7f58-968313b51a91">
      <Execution id="8fc86809-6f2c-47f6-8c35-f43a48b5581e" />
      <TestMethod codeBase="/Users/diasbruno/Documents/programacao/codigos/dotnet/bcommerce/backend/src/Services/UserService/UserService.UnitTest/bin/Debug/net8.0/UserService.UnitTest.dll" adapterTypeName="executor://xunit/VsTestRunner2/netcoreapp" className="UserService.UnitTest.Application.Dtos.Keycloak.CreateUserKeycloakTests" name="CreateUserKeycloak_ComDadosValidos_DeveDefinirPropriedadesCorretamente" />
    </UnitTest>
    <UnitTest name="UserService.UnitTest.Application.Dtos.Requests.LoginUserRequestTests.LoginUserRequest_ComEmailLongo_DevePermitirAtribuicao" storage="/users/diasbruno/documents/programacao/codigos/dotnet/bcommerce/backend/src/services/userservice/userservice.unittest/bin/debug/net8.0/userservice.unittest.dll" id="8bc2d5de-2e39-fb3e-290f-c92f9624e7e3">
      <Execution id="26a260dd-2688-43d2-bede-329319fa9091" />
      <TestMethod codeBase="/Users/diasbruno/Documents/programacao/codigos/dotnet/bcommerce/backend/src/Services/UserService/UserService.UnitTest/bin/Debug/net8.0/UserService.UnitTest.dll" adapterTypeName="executor://xunit/VsTestRunner2/netcoreapp" className="UserService.UnitTest.Application.Dtos.Requests.LoginUserRequestTests" name="LoginUserRequest_ComEmailLongo_DevePermitirAtribuicao" />
    </UnitTest>
    <UnitTest name="UserService.UnitTest.Application.Dtos.Keycloak.LoginUserKeycloakTests.LoginUserKeycloak_ComMultiplosArroba_DevePermitirCriacao" storage="/users/diasbruno/documents/programacao/codigos/dotnet/bcommerce/backend/src/services/userservice/userservice.unittest/bin/debug/net8.0/userservice.unittest.dll" id="5844cf9d-d151-80a2-e86b-d98f9de3c340">
      <Execution id="ef9d7133-829d-4f22-858d-6c9d35a2ebc7" />
      <TestMethod codeBase="/Users/diasbruno/Documents/programacao/codigos/dotnet/bcommerce/backend/src/Services/UserService/UserService.UnitTest/bin/Debug/net8.0/UserService.UnitTest.dll" adapterTypeName="executor://xunit/VsTestRunner2/netcoreapp" className="UserService.UnitTest.Application.Dtos.Keycloak.LoginUserKeycloakTests" name="LoginUserKeycloak_ComMultiplosArroba_DevePermitirCriacao" />
    </UnitTest>
    <UnitTest name="UserService.UnitTest.Application.Dtos.Responses.LoginUserResponseTests.LoginUserResponse_ComAccessTokenVazioOuEspacos_DevePermitirAtribuicao(accessToken: &quot;&quot;)" storage="/users/diasbruno/documents/programacao/codigos/dotnet/bcommerce/backend/src/services/userservice/userservice.unittest/bin/debug/net8.0/userservice.unittest.dll" id="ff10f1fb-9148-fd50-0d1e-8fe2d3c731fc">
      <Execution id="92081876-75bf-4556-9eca-628518f18c21" />
      <TestMethod codeBase="/Users/diasbruno/Documents/programacao/codigos/dotnet/bcommerce/backend/src/Services/UserService/UserService.UnitTest/bin/Debug/net8.0/UserService.UnitTest.dll" adapterTypeName="executor://xunit/VsTestRunner2/netcoreapp" className="UserService.UnitTest.Application.Dtos.Responses.LoginUserResponseTests" name="LoginUserResponse_ComAccessTokenVazioOuEspacos_DevePermitirAtribuicao" />
    </UnitTest>
    <UnitTest name="UserService.UnitTest.Application.Commands.LoginUserCommandHandlerTests.Handle_ComDiferentesCredenciais_DeveProcessarCorretamente(email: &quot;admin@sistema.com&quot;, password: &quot;AdminPass@2024&quot;)" storage="/users/diasbruno/documents/programacao/codigos/dotnet/bcommerce/backend/src/services/userservice/userservice.unittest/bin/debug/net8.0/userservice.unittest.dll" id="afad3490-a86c-bf7f-cb49-696755a40d21">
      <Execution id="fb19ea5c-1a4f-41ca-a961-52e0193ad1cb" />
      <TestMethod codeBase="/Users/diasbruno/Documents/programacao/codigos/dotnet/bcommerce/backend/src/Services/UserService/UserService.UnitTest/bin/Debug/net8.0/UserService.UnitTest.dll" adapterTypeName="executor://xunit/VsTestRunner2/netcoreapp" className="UserService.UnitTest.Application.Commands.LoginUserCommandHandlerTests" name="Handle_ComDiferentesCredenciais_DeveProcessarCorretamente" />
    </UnitTest>
    <UnitTest name="UserService.UnitTest.Application.Commands.LoginUserCommandHandlerTests.Handle_ComErroDeConexao_DeveRetornarFalha" storage="/users/diasbruno/documents/programacao/codigos/dotnet/bcommerce/backend/src/services/userservice/userservice.unittest/bin/debug/net8.0/userservice.unittest.dll" id="82f90efb-2a5a-b512-1e2b-542fb4c0c77d">
      <Execution id="3c482c35-6b65-46b2-8843-b100548b87d4" />
      <TestMethod codeBase="/Users/diasbruno/Documents/programacao/codigos/dotnet/bcommerce/backend/src/Services/UserService/UserService.UnitTest/bin/Debug/net8.0/UserService.UnitTest.dll" adapterTypeName="executor://xunit/VsTestRunner2/netcoreapp" className="UserService.UnitTest.Application.Commands.LoginUserCommandHandlerTests" name="Handle_ComErroDeConexao_DeveRetornarFalha" />
    </UnitTest>
    <UnitTest name="UserService.UnitTest.Application.Commands.LoginUserCommandTests.CriarComando_ComDiferentesCredenciais_DeveDefinirPropriedadesCorretamente(email: &quot;pedro@exemplo.com&quot;, password: &quot;MinhaSenh@789&quot;)" storage="/users/diasbruno/documents/programacao/codigos/dotnet/bcommerce/backend/src/services/userservice/userservice.unittest/bin/debug/net8.0/userservice.unittest.dll" id="48561c54-6a4b-b8c4-7322-8c229edf3aee">
      <Execution id="baab9751-e7af-4b55-bc17-9d3bf033a5ee" />
      <TestMethod codeBase="/Users/diasbruno/Documents/programacao/codigos/dotnet/bcommerce/backend/src/Services/UserService/UserService.UnitTest/bin/Debug/net8.0/UserService.UnitTest.dll" adapterTypeName="executor://xunit/VsTestRunner2/netcoreapp" className="UserService.UnitTest.Application.Commands.LoginUserCommandTests" name="CriarComando_ComDiferentesCredenciais_DeveDefinirPropriedadesCorretamente" />
    </UnitTest>
    <UnitTest name="UserService.UnitTest.Domain.UserExtensionsTests.ObterNomeCompleto_QuandoAmbosNomesVazios_DeveRetornarStringVazia" storage="/users/diasbruno/documents/programacao/codigos/dotnet/bcommerce/backend/src/services/userservice/userservice.unittest/bin/debug/net8.0/userservice.unittest.dll" id="6d19f980-ef8d-bc1f-5044-1e73e326a8c9">
      <Execution id="cc7ef503-3d25-4245-b0df-00f607e4aca8" />
      <TestMethod codeBase="/Users/diasbruno/Documents/programacao/codigos/dotnet/bcommerce/backend/src/Services/UserService/UserService.UnitTest/bin/Debug/net8.0/UserService.UnitTest.dll" adapterTypeName="executor://xunit/VsTestRunner2/netcoreapp" className="UserService.UnitTest.Domain.UserExtensionsTests" name="ObterNomeCompleto_QuandoAmbosNomesVazios_DeveRetornarStringVazia" />
    </UnitTest>
    <UnitTest name="UserService.UnitTest.Domain.UserExtensionsTests.ContaEstaBloqueada_QuandoContaBloqueadaNoFuturo_DeveRetornarVerdadeiro" storage="/users/diasbruno/documents/programacao/codigos/dotnet/bcommerce/backend/src/services/userservice/userservice.unittest/bin/debug/net8.0/userservice.unittest.dll" id="6da30459-8d51-b30f-28ae-6a40ce6af825">
      <Execution id="4067ccfe-9241-4708-bedd-249a3dea6f08" />
      <TestMethod codeBase="/Users/diasbruno/Documents/programacao/codigos/dotnet/bcommerce/backend/src/Services/UserService/UserService.UnitTest/bin/Debug/net8.0/UserService.UnitTest.dll" adapterTypeName="executor://xunit/VsTestRunner2/netcoreapp" className="UserService.UnitTest.Domain.UserExtensionsTests" name="ContaEstaBloqueada_QuandoContaBloqueadaNoFuturo_DeveRetornarVerdadeiro" />
    </UnitTest>
    <UnitTest name="UserService.UnitTest.Domain.UserTests.Usuario_QuandoTentativasLoginFalhadasIncrementadas_DeveAtualizarCorretamente" storage="/users/diasbruno/documents/programacao/codigos/dotnet/bcommerce/backend/src/services/userservice/userservice.unittest/bin/debug/net8.0/userservice.unittest.dll" id="62906a2d-c9a3-7ca2-ff02-ff62630e8f77">
      <Execution id="b3adcb71-b3b1-4930-b07e-829a943d46b6" />
      <TestMethod codeBase="/Users/diasbruno/Documents/programacao/codigos/dotnet/bcommerce/backend/src/Services/UserService/UserService.UnitTest/bin/Debug/net8.0/UserService.UnitTest.dll" adapterTypeName="executor://xunit/VsTestRunner2/netcoreapp" className="UserService.UnitTest.Domain.UserTests" name="Usuario_QuandoTentativasLoginFalhadasIncrementadas_DeveAtualizarCorretamente" />
    </UnitTest>
    <UnitTest name="UserService.UnitTest.Application.Dtos.Responses.LoginUserResponseTests.LoginUserResponse_ComDiferentesTiposDeToken_DevePermitirAtribuicao(tokenType: &quot;jwt&quot;)" storage="/users/diasbruno/documents/programacao/codigos/dotnet/bcommerce/backend/src/services/userservice/userservice.unittest/bin/debug/net8.0/userservice.unittest.dll" id="c9240ac8-7223-b2ae-8354-f3ae56247b3c">
      <Execution id="b00570bc-5e23-490c-9897-69ce87cab978" />
      <TestMethod codeBase="/Users/diasbruno/Documents/programacao/codigos/dotnet/bcommerce/backend/src/Services/UserService/UserService.UnitTest/bin/Debug/net8.0/UserService.UnitTest.dll" adapterTypeName="executor://xunit/VsTestRunner2/netcoreapp" className="UserService.UnitTest.Application.Dtos.Responses.LoginUserResponseTests" name="LoginUserResponse_ComDiferentesTiposDeToken_DevePermitirAtribuicao" />
    </UnitTest>
    <UnitTest name="UserService.UnitTest.Domain.UserTests.Usuario_QuandoDataNascimentoDefinida_DeveAceitarDataValida" storage="/users/diasbruno/documents/programacao/codigos/dotnet/bcommerce/backend/src/services/userservice/userservice.unittest/bin/debug/net8.0/userservice.unittest.dll" id="64e11116-f5cb-bd3b-2e3c-4f33a15a2949">
      <Execution id="610fed50-967d-4132-b3a6-34fc2475205b" />
      <TestMethod codeBase="/Users/diasbruno/Documents/programacao/codigos/dotnet/bcommerce/backend/src/Services/UserService/UserService.UnitTest/bin/Debug/net8.0/UserService.UnitTest.dll" adapterTypeName="executor://xunit/VsTestRunner2/netcoreapp" className="UserService.UnitTest.Domain.UserTests" name="Usuario_QuandoDataNascimentoDefinida_DeveAceitarDataValida" />
    </UnitTest>
    <UnitTest name="UserService.UnitTest.Application.Dtos.Requests.LoginUserRequestTests.LoginUserRequest_ComDiferentesCombinacoesDeDados_DeveDefinirPropriedadesCorretamente(email: &quot;cliente@loja.com.br&quot;, password: &quot;senha456&quot;)" storage="/users/diasbruno/documents/programacao/codigos/dotnet/bcommerce/backend/src/services/userservice/userservice.unittest/bin/debug/net8.0/userservice.unittest.dll" id="eee2f393-fda3-ea94-c73b-e4971c0ece61">
      <Execution id="24f16c82-d1b1-4431-9a91-c58d21a69fc3" />
      <TestMethod codeBase="/Users/diasbruno/Documents/programacao/codigos/dotnet/bcommerce/backend/src/Services/UserService/UserService.UnitTest/bin/Debug/net8.0/UserService.UnitTest.dll" adapterTypeName="executor://xunit/VsTestRunner2/netcoreapp" className="UserService.UnitTest.Application.Dtos.Requests.LoginUserRequestTests" name="LoginUserRequest_ComDiferentesCombinacoesDeDados_DeveDefinirPropriedadesCorretamente" />
    </UnitTest>
    <UnitTest name="UserService.UnitTest.Application.Dtos.Keycloak.LoginUserKeycloakTests.LoginUserKeycloak_ComCaracteresUnicode_DevePermitirCriacao" storage="/users/diasbruno/documents/programacao/codigos/dotnet/bcommerce/backend/src/services/userservice/userservice.unittest/bin/debug/net8.0/userservice.unittest.dll" id="b7851f75-cf1b-778a-1103-796d63a4420d">
      <Execution id="ec3ddf04-cc98-4634-812a-833b55bfb797" />
      <TestMethod codeBase="/Users/diasbruno/Documents/programacao/codigos/dotnet/bcommerce/backend/src/Services/UserService/UserService.UnitTest/bin/Debug/net8.0/UserService.UnitTest.dll" adapterTypeName="executor://xunit/VsTestRunner2/netcoreapp" className="UserService.UnitTest.Application.Dtos.Keycloak.LoginUserKeycloakTests" name="LoginUserKeycloak_ComCaracteresUnicode_DevePermitirCriacao" />
    </UnitTest>
    <UnitTest name="UserService.UnitTest.Domain.UserTests.Usuario_QuandoStatusDefinido_DeveAceitarStatusValidos(status: Inativo)" storage="/users/diasbruno/documents/programacao/codigos/dotnet/bcommerce/backend/src/services/userservice/userservice.unittest/bin/debug/net8.0/userservice.unittest.dll" id="7ecbc807-4ca7-8eb2-8a35-043115ffccdd">
      <Execution id="e2c71c69-84a9-4c51-b81e-c3f62e51333d" />
      <TestMethod codeBase="/Users/diasbruno/Documents/programacao/codigos/dotnet/bcommerce/backend/src/Services/UserService/UserService.UnitTest/bin/Debug/net8.0/UserService.UnitTest.dll" adapterTypeName="executor://xunit/VsTestRunner2/netcoreapp" className="UserService.UnitTest.Domain.UserTests" name="Usuario_QuandoStatusDefinido_DeveAceitarStatusValidos" />
    </UnitTest>
    <UnitTest name="UserService.UnitTest.Application.Commands.LoginUserCommandTests.CriarComando_ComDiferentesCredenciais_DeveDefinirPropriedadesCorretamente(email: &quot;joao@email.com&quot;, password: &quot;Senha123@&quot;)" storage="/users/diasbruno/documents/programacao/codigos/dotnet/bcommerce/backend/src/services/userservice/userservice.unittest/bin/debug/net8.0/userservice.unittest.dll" id="5e8a1a7b-63fd-ef39-f9dc-927456d0cd7a">
      <Execution id="b8f8ca05-df50-4578-bfd5-79b1801112b2" />
      <TestMethod codeBase="/Users/diasbruno/Documents/programacao/codigos/dotnet/bcommerce/backend/src/Services/UserService/UserService.UnitTest/bin/Debug/net8.0/UserService.UnitTest.dll" adapterTypeName="executor://xunit/VsTestRunner2/netcoreapp" className="UserService.UnitTest.Application.Commands.LoginUserCommandTests" name="CriarComando_ComDiferentesCredenciais_DeveDefinirPropriedadesCorretamente" />
    </UnitTest>
    <UnitTest name="UserService.UnitTest.Application.Dtos.Requests.LoginUserRequestTests.LoginUserRequest_ComDadosValidos_DeveDefinirPropriedadesCorretamente" storage="/users/diasbruno/documents/programacao/codigos/dotnet/bcommerce/backend/src/services/userservice/userservice.unittest/bin/debug/net8.0/userservice.unittest.dll" id="46e0884c-ae3b-4d83-aeb1-d47418a639bb">
      <Execution id="c17bbd76-6693-4738-b0c3-c2281398e232" />
      <TestMethod codeBase="/Users/diasbruno/Documents/programacao/codigos/dotnet/bcommerce/backend/src/Services/UserService/UserService.UnitTest/bin/Debug/net8.0/UserService.UnitTest.dll" adapterTypeName="executor://xunit/VsTestRunner2/netcoreapp" className="UserService.UnitTest.Application.Dtos.Requests.LoginUserRequestTests" name="LoginUserRequest_ComDadosValidos_DeveDefinirPropriedadesCorretamente" />
    </UnitTest>
    <UnitTest name="UserService.UnitTest.Application.Dtos.Requests.LoginUserRequestTests.LoginUserRequest_ComAmbosValoresVazios_DevePermitirAtribuicao" storage="/users/diasbruno/documents/programacao/codigos/dotnet/bcommerce/backend/src/services/userservice/userservice.unittest/bin/debug/net8.0/userservice.unittest.dll" id="85e97acb-11de-08df-905a-21d5d5888d29">
      <Execution id="4c1211c5-44dc-4ab8-80d7-afaaa3544706" />
      <TestMethod codeBase="/Users/diasbruno/Documents/programacao/codigos/dotnet/bcommerce/backend/src/Services/UserService/UserService.UnitTest/bin/Debug/net8.0/UserService.UnitTest.dll" adapterTypeName="executor://xunit/VsTestRunner2/netcoreapp" className="UserService.UnitTest.Application.Dtos.Requests.LoginUserRequestTests" name="LoginUserRequest_ComAmbosValoresVazios_DevePermitirAtribuicao" />
    </UnitTest>
    <UnitTest name="UserService.UnitTest.Application.Dtos.Keycloak.LoginUserKeycloakTests.LoginUserKeycloak_ComDiferentesCombinacoesDeDados_DeveDefinirPropriedadesCorretamente(email: &quot;test@example.com&quot;, password: &quot;password123&quot;)" storage="/users/diasbruno/documents/programacao/codigos/dotnet/bcommerce/backend/src/services/userservice/userservice.unittest/bin/debug/net8.0/userservice.unittest.dll" id="455cce1f-5d9c-b7d3-8180-a6a1c0a52a90">
      <Execution id="1d6c116a-5aaf-45fd-a163-3fefe5ce0818" />
      <TestMethod codeBase="/Users/diasbruno/Documents/programacao/codigos/dotnet/bcommerce/backend/src/Services/UserService/UserService.UnitTest/bin/Debug/net8.0/UserService.UnitTest.dll" adapterTypeName="executor://xunit/VsTestRunner2/netcoreapp" className="UserService.UnitTest.Application.Dtos.Keycloak.LoginUserKeycloakTests" name="LoginUserKeycloak_ComDiferentesCombinacoesDeDados_DeveDefinirPropriedadesCorretamente" />
    </UnitTest>
    <UnitTest name="UserService.UnitTest.Application.Dtos.Requests.LoginUserRequestTests.LoginUserRequest_ComDiferentesCombinacoesDeDados_DeveDefinirPropriedadesCorretamente(email: &quot;user@domain.org&quot;, password: &quot;mypassword&quot;)" storage="/users/diasbruno/documents/programacao/codigos/dotnet/bcommerce/backend/src/services/userservice/userservice.unittest/bin/debug/net8.0/userservice.unittest.dll" id="84b86d7e-0f77-e8bb-8ca8-882d441f0046">
      <Execution id="96038ed8-ca93-4b03-968d-5cf8f5c42071" />
      <TestMethod codeBase="/Users/diasbruno/Documents/programacao/codigos/dotnet/bcommerce/backend/src/Services/UserService/UserService.UnitTest/bin/Debug/net8.0/UserService.UnitTest.dll" adapterTypeName="executor://xunit/VsTestRunner2/netcoreapp" className="UserService.UnitTest.Application.Dtos.Requests.LoginUserRequestTests" name="LoginUserRequest_ComDiferentesCombinacoesDeDados_DeveDefinirPropriedadesCorretamente" />
    </UnitTest>
    <UnitTest name="UserService.UnitTest.Application.Dtos.Responses.LoginUserResponseTests.LoginUserResponse_ComExpiresInPositivo_DevePermitirAtribuicao(expiresIn: 1)" storage="/users/diasbruno/documents/programacao/codigos/dotnet/bcommerce/backend/src/services/userservice/userservice.unittest/bin/debug/net8.0/userservice.unittest.dll" id="de239b90-b605-59bc-881a-9849b83cab21">
      <Execution id="9b2644ad-c5aa-43ae-b699-9bccd2f27462" />
      <TestMethod codeBase="/Users/diasbruno/Documents/programacao/codigos/dotnet/bcommerce/backend/src/Services/UserService/UserService.UnitTest/bin/Debug/net8.0/UserService.UnitTest.dll" adapterTypeName="executor://xunit/VsTestRunner2/netcoreapp" className="UserService.UnitTest.Application.Dtos.Responses.LoginUserResponseTests" name="LoginUserResponse_ComExpiresInPositivo_DevePermitirAtribuicao" />
    </UnitTest>
    <UnitTest name="UserService.UnitTest.Application.Dtos.Responses.LoginUserResponseTests.LoginUserResponse_ComRefreshTokenVazioOuEspacos_DevePermitirAtribuicao(refreshToken: &quot;&quot;)" storage="/users/diasbruno/documents/programacao/codigos/dotnet/bcommerce/backend/src/services/userservice/userservice.unittest/bin/debug/net8.0/userservice.unittest.dll" id="7c721a92-dfd1-4b2a-435e-f0420f1fa1bf">
      <Execution id="c435d247-c128-4a0f-9897-d83a94200443" />
      <TestMethod codeBase="/Users/diasbruno/Documents/programacao/codigos/dotnet/bcommerce/backend/src/Services/UserService/UserService.UnitTest/bin/Debug/net8.0/UserService.UnitTest.dll" adapterTypeName="executor://xunit/VsTestRunner2/netcoreapp" className="UserService.UnitTest.Application.Dtos.Responses.LoginUserResponseTests" name="LoginUserResponse_ComRefreshTokenVazioOuEspacos_DevePermitirAtribuicao" />
    </UnitTest>
    <UnitTest name="UserService.UnitTest.Application.Dtos.Keycloak.CreateUserKeycloakTests.CreateUserKeycloak_ComEmailVazioOuEspacos_DevePermitirCriacao(email: &quot;&quot;)" storage="/users/diasbruno/documents/programacao/codigos/dotnet/bcommerce/backend/src/services/userservice/userservice.unittest/bin/debug/net8.0/userservice.unittest.dll" id="90c63f74-3282-2911-4a3a-7a9b7bbc7867">
      <Execution id="22c08930-5700-41bc-90d7-483be96b3040" />
      <TestMethod codeBase="/Users/diasbruno/Documents/programacao/codigos/dotnet/bcommerce/backend/src/Services/UserService/UserService.UnitTest/bin/Debug/net8.0/UserService.UnitTest.dll" adapterTypeName="executor://xunit/VsTestRunner2/netcoreapp" className="UserService.UnitTest.Application.Dtos.Keycloak.CreateUserKeycloakTests" name="CreateUserKeycloak_ComEmailVazioOuEspacos_DevePermitirCriacao" />
    </UnitTest>
    <UnitTest name="UserService.UnitTest.Application.Dtos.Responses.LoginUserResponseTests.LoginUserResponse_ComTodosValoresNulos_DevePermitirAtribuicao" storage="/users/diasbruno/documents/programacao/codigos/dotnet/bcommerce/backend/src/services/userservice/userservice.unittest/bin/debug/net8.0/userservice.unittest.dll" id="159104f6-eb79-1c15-6755-1a4755d7ed51">
      <Execution id="db501acd-50c5-4ab5-92f1-cb1c1b44dc54" />
      <TestMethod codeBase="/Users/diasbruno/Documents/programacao/codigos/dotnet/bcommerce/backend/src/Services/UserService/UserService.UnitTest/bin/Debug/net8.0/UserService.UnitTest.dll" adapterTypeName="executor://xunit/VsTestRunner2/netcoreapp" className="UserService.UnitTest.Application.Dtos.Responses.LoginUserResponseTests" name="LoginUserResponse_ComTodosValoresNulos_DevePermitirAtribuicao" />
    </UnitTest>
    <UnitTest name="UserService.UnitTest.Application.Dtos.Responses.CreateUserResponseTests.CreateUserResponse_ComNomesNulos_DevePermitirAtribuicao" storage="/users/diasbruno/documents/programacao/codigos/dotnet/bcommerce/backend/src/services/userservice/userservice.unittest/bin/debug/net8.0/userservice.unittest.dll" id="98212644-d194-40f8-f990-1100931aab24">
      <Execution id="6a63c751-d8b2-4a9d-97f4-1fb943fb5202" />
      <TestMethod codeBase="/Users/diasbruno/Documents/programacao/codigos/dotnet/bcommerce/backend/src/Services/UserService/UserService.UnitTest/bin/Debug/net8.0/UserService.UnitTest.dll" adapterTypeName="executor://xunit/VsTestRunner2/netcoreapp" className="UserService.UnitTest.Application.Dtos.Responses.CreateUserResponseTests" name="CreateUserResponse_ComNomesNulos_DevePermitirAtribuicao" />
    </UnitTest>
    <UnitTest name="UserService.UnitTest.Application.Dtos.Responses.LoginUserResponseTests.LoginUserResponse_ComAccessTokenVazioOuEspacos_DevePermitirAtribuicao(accessToken: &quot; &quot;)" storage="/users/diasbruno/documents/programacao/codigos/dotnet/bcommerce/backend/src/services/userservice/userservice.unittest/bin/debug/net8.0/userservice.unittest.dll" id="26a1e3f4-4540-430c-31e0-ad5c7e3416b4">
      <Execution id="a6fee519-2aee-4473-957b-228cf3ef993a" />
      <TestMethod codeBase="/Users/diasbruno/Documents/programacao/codigos/dotnet/bcommerce/backend/src/Services/UserService/UserService.UnitTest/bin/Debug/net8.0/UserService.UnitTest.dll" adapterTypeName="executor://xunit/VsTestRunner2/netcoreapp" className="UserService.UnitTest.Application.Dtos.Responses.LoginUserResponseTests" name="LoginUserResponse_ComAccessTokenVazioOuEspacos_DevePermitirAtribuicao" />
    </UnitTest>
    <UnitTest name="UserService.UnitTest.Application.Dtos.Responses.CreateUserResponseTests.CreateUserResponse_ComDadosValidos_DeveDefinirPropriedadesCorretamente" storage="/users/diasbruno/documents/programacao/codigos/dotnet/bcommerce/backend/src/services/userservice/userservice.unittest/bin/debug/net8.0/userservice.unittest.dll" id="196aa29c-052f-4f3b-5b2a-8b52428522fd">
      <Execution id="1dc4f39f-6494-4ba6-bee9-02adcef7fd2e" />
      <TestMethod codeBase="/Users/diasbruno/Documents/programacao/codigos/dotnet/bcommerce/backend/src/Services/UserService/UserService.UnitTest/bin/Debug/net8.0/UserService.UnitTest.dll" adapterTypeName="executor://xunit/VsTestRunner2/netcoreapp" className="UserService.UnitTest.Application.Dtos.Responses.CreateUserResponseTests" name="CreateUserResponse_ComDadosValidos_DeveDefinirPropriedadesCorretamente" />
    </UnitTest>
    <UnitTest name="UserService.UnitTest.Application.Dtos.Keycloak.CreateUserKeycloakTests.CreateUserKeycloak_ComNomeVazioOuEspacos_DevePermitirCriacao(firstName: &quot; &quot;)" storage="/users/diasbruno/documents/programacao/codigos/dotnet/bcommerce/backend/src/services/userservice/userservice.unittest/bin/debug/net8.0/userservice.unittest.dll" id="b2a3e007-cd49-208a-a870-adc8ac444bd3">
      <Execution id="07917220-b32a-484d-9dc7-c1c94e1cc564" />
      <TestMethod codeBase="/Users/diasbruno/Documents/programacao/codigos/dotnet/bcommerce/backend/src/Services/UserService/UserService.UnitTest/bin/Debug/net8.0/UserService.UnitTest.dll" adapterTypeName="executor://xunit/VsTestRunner2/netcoreapp" className="UserService.UnitTest.Application.Dtos.Keycloak.CreateUserKeycloakTests" name="CreateUserKeycloak_ComNomeVazioOuEspacos_DevePermitirCriacao" />
    </UnitTest>
    <UnitTest name="UserService.UnitTest.Application.Dtos.Keycloak.LoginUserKeycloakTests.LoginUserKeycloak_ComEmailVazioOuEspacos_DevePermitirCriacao(email: &quot;   &quot;)" storage="/users/diasbruno/documents/programacao/codigos/dotnet/bcommerce/backend/src/services/userservice/userservice.unittest/bin/debug/net8.0/userservice.unittest.dll" id="61f1e916-f7d2-9c70-1f9f-c8fae1845eae">
      <Execution id="f2c1fb05-4ec1-4bcf-bf33-e89839ae6f52" />
      <TestMethod codeBase="/Users/diasbruno/Documents/programacao/codigos/dotnet/bcommerce/backend/src/Services/UserService/UserService.UnitTest/bin/Debug/net8.0/UserService.UnitTest.dll" adapterTypeName="executor://xunit/VsTestRunner2/netcoreapp" className="UserService.UnitTest.Application.Dtos.Keycloak.LoginUserKeycloakTests" name="LoginUserKeycloak_ComEmailVazioOuEspacos_DevePermitirCriacao" />
    </UnitTest>
    <UnitTest name="UserService.UnitTest.Application.Dtos.Responses.LoginUserResponseTests.LoginUserResponse_ComExpiresInPositivo_DevePermitirAtribuicao(expiresIn: 86400)" storage="/users/diasbruno/documents/programacao/codigos/dotnet/bcommerce/backend/src/services/userservice/userservice.unittest/bin/debug/net8.0/userservice.unittest.dll" id="4436b52f-e223-af1e-ebed-65a03d230b7b">
      <Execution id="0af550de-6033-4ae7-84f1-146af827e154" />
      <TestMethod codeBase="/Users/diasbruno/Documents/programacao/codigos/dotnet/bcommerce/backend/src/Services/UserService/UserService.UnitTest/bin/Debug/net8.0/UserService.UnitTest.dll" adapterTypeName="executor://xunit/VsTestRunner2/netcoreapp" className="UserService.UnitTest.Application.Dtos.Responses.LoginUserResponseTests" name="LoginUserResponse_ComExpiresInPositivo_DevePermitirAtribuicao" />
    </UnitTest>
    <UnitTest name="UserService.UnitTest.Application.Dtos.Requests.CreateUserRequestTests.CreateUserRequest_ComNomeNulo_DevePermitirAtribuicao" storage="/users/diasbruno/documents/programacao/codigos/dotnet/bcommerce/backend/src/services/userservice/userservice.unittest/bin/debug/net8.0/userservice.unittest.dll" id="438d9816-90e7-c5aa-584c-a5a27cabf72a">
      <Execution id="0015e6e0-e2ea-405c-8652-7b0e68255a98" />
      <TestMethod codeBase="/Users/diasbruno/Documents/programacao/codigos/dotnet/bcommerce/backend/src/Services/UserService/UserService.UnitTest/bin/Debug/net8.0/UserService.UnitTest.dll" adapterTypeName="executor://xunit/VsTestRunner2/netcoreapp" className="UserService.UnitTest.Application.Dtos.Requests.CreateUserRequestTests" name="CreateUserRequest_ComNomeNulo_DevePermitirAtribuicao" />
    </UnitTest>
    <UnitTest name="UserService.UnitTest.Application.Dtos.Keycloak.CreateUserKeycloakTests.CreateUserKeycloak_ComEmailNulo_DevePermitirCriacao" storage="/users/diasbruno/documents/programacao/codigos/dotnet/bcommerce/backend/src/services/userservice/userservice.unittest/bin/debug/net8.0/userservice.unittest.dll" id="411ae6e3-411d-bed2-74f1-79868b4b9025">
      <Execution id="dffd6824-180e-4cd3-8781-8b005cdfdd9b" />
      <TestMethod codeBase="/Users/diasbruno/Documents/programacao/codigos/dotnet/bcommerce/backend/src/Services/UserService/UserService.UnitTest/bin/Debug/net8.0/UserService.UnitTest.dll" adapterTypeName="executor://xunit/VsTestRunner2/netcoreapp" className="UserService.UnitTest.Application.Dtos.Keycloak.CreateUserKeycloakTests" name="CreateUserKeycloak_ComEmailNulo_DevePermitirCriacao" />
    </UnitTest>
    <UnitTest name="UserService.UnitTest.Application.Services.PasswordEncripterTests.VerifyPassword_ComSenhaIncorreta_DeveRetornarFalse" storage="/users/diasbruno/documents/programacao/codigos/dotnet/bcommerce/backend/src/services/userservice/userservice.unittest/bin/debug/net8.0/userservice.unittest.dll" id="0a819944-3627-6320-8a60-5c8e3670cd38">
      <Execution id="a0e23094-31a3-45b9-996d-7a678251d1d1" />
      <TestMethod codeBase="/Users/diasbruno/Documents/programacao/codigos/dotnet/bcommerce/backend/src/Services/UserService/UserService.UnitTest/bin/Debug/net8.0/UserService.UnitTest.dll" adapterTypeName="executor://xunit/VsTestRunner2/netcoreapp" className="UserService.UnitTest.Application.Services.PasswordEncripterTests" name="VerifyPassword_ComSenhaIncorreta_DeveRetornarFalse" />
    </UnitTest>
    <UnitTest name="UserService.UnitTest.Application.Dtos.Responses.LoginUserResponseTests.LoginUserResponse_ComExpiresInPositivo_DevePermitirAtribuicao(expiresIn: 7200)" storage="/users/diasbruno/documents/programacao/codigos/dotnet/bcommerce/backend/src/services/userservice/userservice.unittest/bin/debug/net8.0/userservice.unittest.dll" id="edcaa81b-5da7-b2f8-7b08-62b73bfcfb3b">
      <Execution id="80da657f-e966-40e0-bbe9-b681648f3124" />
      <TestMethod codeBase="/Users/diasbruno/Documents/programacao/codigos/dotnet/bcommerce/backend/src/Services/UserService/UserService.UnitTest/bin/Debug/net8.0/UserService.UnitTest.dll" adapterTypeName="executor://xunit/VsTestRunner2/netcoreapp" className="UserService.UnitTest.Application.Dtos.Responses.LoginUserResponseTests" name="LoginUserResponse_ComExpiresInPositivo_DevePermitirAtribuicao" />
    </UnitTest>
    <UnitTest name="UserService.UnitTest.Application.Dtos.Requests.LoginUserRequestTests.LoginUserRequest_ComSenhaVaziaOuEspacos_DevePermitirAtribuicao(password: &quot;&quot;)" storage="/users/diasbruno/documents/programacao/codigos/dotnet/bcommerce/backend/src/services/userservice/userservice.unittest/bin/debug/net8.0/userservice.unittest.dll" id="a02ff287-97b3-5f57-60b5-31628fd9cbb4">
      <Execution id="4908eb23-6177-4746-9e96-1ea503021acd" />
      <TestMethod codeBase="/Users/diasbruno/Documents/programacao/codigos/dotnet/bcommerce/backend/src/Services/UserService/UserService.UnitTest/bin/Debug/net8.0/UserService.UnitTest.dll" adapterTypeName="executor://xunit/VsTestRunner2/netcoreapp" className="UserService.UnitTest.Application.Dtos.Requests.LoginUserRequestTests" name="LoginUserRequest_ComSenhaVaziaOuEspacos_DevePermitirAtribuicao" />
    </UnitTest>
    <UnitTest name="UserService.UnitTest.Application.Dtos.Requests.LoginUserRequestTests.LoginUserRequest_ComSenhaNula_DevePermitirAtribuicao" storage="/users/diasbruno/documents/programacao/codigos/dotnet/bcommerce/backend/src/services/userservice/userservice.unittest/bin/debug/net8.0/userservice.unittest.dll" id="27959c8b-f4d6-bcae-f560-fc37c4b787a5">
      <Execution id="5498fab0-54a5-40b2-94eb-897e85ea01ff" />
      <TestMethod codeBase="/Users/diasbruno/Documents/programacao/codigos/dotnet/bcommerce/backend/src/Services/UserService/UserService.UnitTest/bin/Debug/net8.0/UserService.UnitTest.dll" adapterTypeName="executor://xunit/VsTestRunner2/netcoreapp" className="UserService.UnitTest.Application.Dtos.Requests.LoginUserRequestTests" name="LoginUserRequest_ComSenhaNula_DevePermitirAtribuicao" />
    </UnitTest>
    <UnitTest name="UserService.UnitTest.Domain.UserExtensionsTests.ObterNomeCompleto_QuandoAmbosNomesPreenchidos_DeveRetornarNomesConcatenados" storage="/users/diasbruno/documents/programacao/codigos/dotnet/bcommerce/backend/src/services/userservice/userservice.unittest/bin/debug/net8.0/userservice.unittest.dll" id="48bd79a2-cd27-17a1-11f4-ccc204ac86fe">
      <Execution id="168ace58-e781-436f-92ff-1ea487295e36" />
      <TestMethod codeBase="/Users/diasbruno/Documents/programacao/codigos/dotnet/bcommerce/backend/src/Services/UserService/UserService.UnitTest/bin/Debug/net8.0/UserService.UnitTest.dll" adapterTypeName="executor://xunit/VsTestRunner2/netcoreapp" className="UserService.UnitTest.Domain.UserExtensionsTests" name="ObterNomeCompleto_QuandoAmbosNomesPreenchidos_DeveRetornarNomesConcatenados" />
    </UnitTest>
    <UnitTest name="UserService.UnitTest.Application.Dtos.Responses.LoginUserResponseTests.LoginUserResponse_ComTokensLongos_DevePermitirAtribuicao" storage="/users/diasbruno/documents/programacao/codigos/dotnet/bcommerce/backend/src/services/userservice/userservice.unittest/bin/debug/net8.0/userservice.unittest.dll" id="fc494b64-1641-291d-8211-f4797e8db9a4">
      <Execution id="860a22f1-bf98-46a2-8b9e-fa225a2595b9" />
      <TestMethod codeBase="/Users/diasbruno/Documents/programacao/codigos/dotnet/bcommerce/backend/src/Services/UserService/UserService.UnitTest/bin/Debug/net8.0/UserService.UnitTest.dll" adapterTypeName="executor://xunit/VsTestRunner2/netcoreapp" className="UserService.UnitTest.Application.Dtos.Responses.LoginUserResponseTests" name="LoginUserResponse_ComTokensLongos_DevePermitirAtribuicao" />
    </UnitTest>
    <UnitTest name="UserService.UnitTest.Application.Services.PasswordEncripterTests.EncryptPassword_ComDiferentesSenhas_DeveRetornarHashesValidos(password: &quot;123456789&quot;)" storage="/users/diasbruno/documents/programacao/codigos/dotnet/bcommerce/backend/src/services/userservice/userservice.unittest/bin/debug/net8.0/userservice.unittest.dll" id="06eb3a68-60dc-b444-9f0c-a9219a04835f">
      <Execution id="7d50094d-a888-46f8-9e6f-a968bd51e73d" />
      <TestMethod codeBase="/Users/diasbruno/Documents/programacao/codigos/dotnet/bcommerce/backend/src/Services/UserService/UserService.UnitTest/bin/Debug/net8.0/UserService.UnitTest.dll" adapterTypeName="executor://xunit/VsTestRunner2/netcoreapp" className="UserService.UnitTest.Application.Services.PasswordEncripterTests" name="EncryptPassword_ComDiferentesSenhas_DeveRetornarHashesValidos" />
    </UnitTest>
    <UnitTest name="UserService.UnitTest.Application.Services.PasswordEncripterTests.VerifyPassword_ComDiferentesCombinacoes_DeveRetornarResultadoCorreto(originalPassword: &quot;senha123&quot;, testPassword: &quot;senha124&quot;, expectedResult: False)" storage="/users/diasbruno/documents/programacao/codigos/dotnet/bcommerce/backend/src/services/userservice/userservice.unittest/bin/debug/net8.0/userservice.unittest.dll" id="f004bd56-4237-fb56-b159-57cfea5e0649">
      <Execution id="c386d2de-1dee-4f5b-8faf-11c11ae834e3" />
      <TestMethod codeBase="/Users/diasbruno/Documents/programacao/codigos/dotnet/bcommerce/backend/src/Services/UserService/UserService.UnitTest/bin/Debug/net8.0/UserService.UnitTest.dll" adapterTypeName="executor://xunit/VsTestRunner2/netcoreapp" className="UserService.UnitTest.Application.Services.PasswordEncripterTests" name="VerifyPassword_ComDiferentesCombinacoes_DeveRetornarResultadoCorreto" />
    </UnitTest>
    <UnitTest name="UserService.UnitTest.Domain.UserExtensionsTests.ContaEstaBloqueada_QuandoContaNaoBloqueada_DeveRetornarFalso" storage="/users/diasbruno/documents/programacao/codigos/dotnet/bcommerce/backend/src/services/userservice/userservice.unittest/bin/debug/net8.0/userservice.unittest.dll" id="414134f3-58d7-42a3-8133-e2dd29b54451">
      <Execution id="bf5fd37b-d0d8-47ef-b4c7-0704ba2ed521" />
      <TestMethod codeBase="/Users/diasbruno/Documents/programacao/codigos/dotnet/bcommerce/backend/src/Services/UserService/UserService.UnitTest/bin/Debug/net8.0/UserService.UnitTest.dll" adapterTypeName="executor://xunit/VsTestRunner2/netcoreapp" className="UserService.UnitTest.Domain.UserExtensionsTests" name="ContaEstaBloqueada_QuandoContaNaoBloqueada_DeveRetornarFalso" />
    </UnitTest>
    <UnitTest name="UserService.UnitTest.Application.Dtos.Responses.CreateUserResponseTests.CreateUserResponse_ComPropriedadesBasicas_DeveDefinirCorretamente" storage="/users/diasbruno/documents/programacao/codigos/dotnet/bcommerce/backend/src/services/userservice/userservice.unittest/bin/debug/net8.0/userservice.unittest.dll" id="63551efc-83f9-ad65-fc6c-5aba8aad3785">
      <Execution id="55f4af5d-d7c5-447d-ae54-a1f2d0371734" />
      <TestMethod codeBase="/Users/diasbruno/Documents/programacao/codigos/dotnet/bcommerce/backend/src/Services/UserService/UserService.UnitTest/bin/Debug/net8.0/UserService.UnitTest.dll" adapterTypeName="executor://xunit/VsTestRunner2/netcoreapp" className="UserService.UnitTest.Application.Dtos.Responses.CreateUserResponseTests" name="CreateUserResponse_ComPropriedadesBasicas_DeveDefinirCorretamente" />
    </UnitTest>
    <UnitTest name="UserService.UnitTest.Application.Dtos.Responses.LoginUserResponseTests.LoginUserResponse_ComExpiresInPositivo_DevePermitirAtribuicao(expiresIn: 2147483647)" storage="/users/diasbruno/documents/programacao/codigos/dotnet/bcommerce/backend/src/services/userservice/userservice.unittest/bin/debug/net8.0/userservice.unittest.dll" id="c9ed4de0-edb4-2421-4a75-550bc1b97f3e">
      <Execution id="91bf95e3-76c3-45d9-a9b4-19537bd1eb2a" />
      <TestMethod codeBase="/Users/diasbruno/Documents/programacao/codigos/dotnet/bcommerce/backend/src/Services/UserService/UserService.UnitTest/bin/Debug/net8.0/UserService.UnitTest.dll" adapterTypeName="executor://xunit/VsTestRunner2/netcoreapp" className="UserService.UnitTest.Application.Dtos.Responses.LoginUserResponseTests" name="LoginUserResponse_ComExpiresInPositivo_DevePermitirAtribuicao" />
    </UnitTest>
    <UnitTest name="UserService.UnitTest.Application.Commands.LoginUserCommandTests.CriarComando_ComValoresPadrao_DeveInicializarPropriedadesVazias" storage="/users/diasbruno/documents/programacao/codigos/dotnet/bcommerce/backend/src/services/userservice/userservice.unittest/bin/debug/net8.0/userservice.unittest.dll" id="7387758e-7526-9d26-2c7f-e947817f37cd">
      <Execution id="99936102-54b4-4020-825a-e3e62ec10015" />
      <TestMethod codeBase="/Users/diasbruno/Documents/programacao/codigos/dotnet/bcommerce/backend/src/Services/UserService/UserService.UnitTest/bin/Debug/net8.0/UserService.UnitTest.dll" adapterTypeName="executor://xunit/VsTestRunner2/netcoreapp" className="UserService.UnitTest.Application.Commands.LoginUserCommandTests" name="CriarComando_ComValoresPadrao_DeveInicializarPropriedadesVazias" />
    </UnitTest>
    <UnitTest name="UserService.UnitTest.Application.Dtos.Requests.CreateUserRequestTests.CreateUserRequest_ComEmailVazioOuEspacos_DevePermitirAtribuicao(email: &quot;   &quot;)" storage="/users/diasbruno/documents/programacao/codigos/dotnet/bcommerce/backend/src/services/userservice/userservice.unittest/bin/debug/net8.0/userservice.unittest.dll" id="93cf9568-02cf-a7ef-7bf3-1c1b12265775">
      <Execution id="0045e48a-0a5a-4344-b9a2-5c8de6f1454d" />
      <TestMethod codeBase="/Users/diasbruno/Documents/programacao/codigos/dotnet/bcommerce/backend/src/Services/UserService/UserService.UnitTest/bin/Debug/net8.0/UserService.UnitTest.dll" adapterTypeName="executor://xunit/VsTestRunner2/netcoreapp" className="UserService.UnitTest.Application.Dtos.Requests.CreateUserRequestTests" name="CreateUserRequest_ComEmailVazioOuEspacos_DevePermitirAtribuicao" />
    </UnitTest>
    <UnitTest name="UserService.UnitTest.Application.Dtos.Keycloak.CreateUserKeycloakTests.CreateUserKeycloak_ComSenhaLonga_DevePermitirCriacao" storage="/users/diasbruno/documents/programacao/codigos/dotnet/bcommerce/backend/src/services/userservice/userservice.unittest/bin/debug/net8.0/userservice.unittest.dll" id="11dec80e-4942-7ddf-1040-87ce1993a7ec">
      <Execution id="f6bb3998-0743-4237-b2a8-1b72d369be87" />
      <TestMethod codeBase="/Users/diasbruno/Documents/programacao/codigos/dotnet/bcommerce/backend/src/Services/UserService/UserService.UnitTest/bin/Debug/net8.0/UserService.UnitTest.dll" adapterTypeName="executor://xunit/VsTestRunner2/netcoreapp" className="UserService.UnitTest.Application.Dtos.Keycloak.CreateUserKeycloakTests" name="CreateUserKeycloak_ComSenhaLonga_DevePermitirCriacao" />
    </UnitTest>
    <UnitTest name="UserService.UnitTest.Application.Dtos.Requests.CreateUserRequestTests.CreateUserRequest_ComValoresPadrao_DeveInicializarPropriedadesCorretamente" storage="/users/diasbruno/documents/programacao/codigos/dotnet/bcommerce/backend/src/services/userservice/userservice.unittest/bin/debug/net8.0/userservice.unittest.dll" id="009779f3-5c3d-dc58-740e-b1f2d7abf61c">
      <Execution id="4e190554-fa1c-4bcf-ba16-514cd389ed64" />
      <TestMethod codeBase="/Users/diasbruno/Documents/programacao/codigos/dotnet/bcommerce/backend/src/Services/UserService/UserService.UnitTest/bin/Debug/net8.0/UserService.UnitTest.dll" adapterTypeName="executor://xunit/VsTestRunner2/netcoreapp" className="UserService.UnitTest.Application.Dtos.Requests.CreateUserRequestTests" name="CreateUserRequest_ComValoresPadrao_DeveInicializarPropriedadesCorretamente" />
    </UnitTest>
    <UnitTest name="UserService.UnitTest.Application.Services.PasswordEncripterTests.EncryptPassword_ComSenhaValida_DeveRetornarHashBCrypt" storage="/users/diasbruno/documents/programacao/codigos/dotnet/bcommerce/backend/src/services/userservice/userservice.unittest/bin/debug/net8.0/userservice.unittest.dll" id="34a07d72-0db6-b075-6ccb-662b30076737">
      <Execution id="24343e38-59c1-40b2-9a37-f290359035da" />
      <TestMethod codeBase="/Users/diasbruno/Documents/programacao/codigos/dotnet/bcommerce/backend/src/Services/UserService/UserService.UnitTest/bin/Debug/net8.0/UserService.UnitTest.dll" adapterTypeName="executor://xunit/VsTestRunner2/netcoreapp" className="UserService.UnitTest.Application.Services.PasswordEncripterTests" name="EncryptPassword_ComSenhaValida_DeveRetornarHashBCrypt" />
    </UnitTest>
    <UnitTest name="UserService.UnitTest.Application.Services.PasswordEncripterTests.EncryptPassword_ComDiferentesSenhas_DeveRetornarHashesValidos(password: &quot;P@ssw0rd!&quot;)" storage="/users/diasbruno/documents/programacao/codigos/dotnet/bcommerce/backend/src/services/userservice/userservice.unittest/bin/debug/net8.0/userservice.unittest.dll" id="c5503723-d274-6d3e-f29b-d6aa6e37dd4d">
      <Execution id="447f2289-f351-4287-9f7a-eb665c4e782d" />
      <TestMethod codeBase="/Users/diasbruno/Documents/programacao/codigos/dotnet/bcommerce/backend/src/Services/UserService/UserService.UnitTest/bin/Debug/net8.0/UserService.UnitTest.dll" adapterTypeName="executor://xunit/VsTestRunner2/netcoreapp" className="UserService.UnitTest.Application.Services.PasswordEncripterTests" name="EncryptPassword_ComDiferentesSenhas_DeveRetornarHashesValidos" />
    </UnitTest>
    <UnitTest name="UserService.UnitTest.Application.Services.PasswordEncripterTests.EncryptPassword_ComCaracteresUnicode_DeveProcessarCorretamente" storage="/users/diasbruno/documents/programacao/codigos/dotnet/bcommerce/backend/src/services/userservice/userservice.unittest/bin/debug/net8.0/userservice.unittest.dll" id="a655f03f-04ab-3f43-8793-397ba77d999a">
      <Execution id="ecbf415c-38e4-4e8b-b6d9-c3525b96a506" />
      <TestMethod codeBase="/Users/diasbruno/Documents/programacao/codigos/dotnet/bcommerce/backend/src/Services/UserService/UserService.UnitTest/bin/Debug/net8.0/UserService.UnitTest.dll" adapterTypeName="executor://xunit/VsTestRunner2/netcoreapp" className="UserService.UnitTest.Application.Services.PasswordEncripterTests" name="EncryptPassword_ComCaracteresUnicode_DeveProcessarCorretamente" />
    </UnitTest>
    <UnitTest name="UserService.UnitTest.Application.Dtos.Requests.LoginUserRequestTests.LoginUserRequest_ComSenhaVaziaOuEspacos_DevePermitirAtribuicao(password: &quot; &quot;)" storage="/users/diasbruno/documents/programacao/codigos/dotnet/bcommerce/backend/src/services/userservice/userservice.unittest/bin/debug/net8.0/userservice.unittest.dll" id="b9ac6a1b-ee8a-094a-ffba-407fb51c3368">
      <Execution id="a1809c83-0be7-47e4-a098-12ca217bbf33" />
      <TestMethod codeBase="/Users/diasbruno/Documents/programacao/codigos/dotnet/bcommerce/backend/src/Services/UserService/UserService.UnitTest/bin/Debug/net8.0/UserService.UnitTest.dll" adapterTypeName="executor://xunit/VsTestRunner2/netcoreapp" className="UserService.UnitTest.Application.Dtos.Requests.LoginUserRequestTests" name="LoginUserRequest_ComSenhaVaziaOuEspacos_DevePermitirAtribuicao" />
    </UnitTest>
    <UnitTest name="UserService.UnitTest.Application.Dtos.Keycloak.CreateUserKeycloakTests.CreateUserKeycloak_ComCaracteresUnicode_DevePermitirCriacao" storage="/users/diasbruno/documents/programacao/codigos/dotnet/bcommerce/backend/src/services/userservice/userservice.unittest/bin/debug/net8.0/userservice.unittest.dll" id="60e7a40c-2559-e1f7-74cf-3fabd83a399a">
      <Execution id="e1ff6d8d-d564-4dbf-8319-985b5b8afde3" />
      <TestMethod codeBase="/Users/diasbruno/Documents/programacao/codigos/dotnet/bcommerce/backend/src/Services/UserService/UserService.UnitTest/bin/Debug/net8.0/UserService.UnitTest.dll" adapterTypeName="executor://xunit/VsTestRunner2/netcoreapp" className="UserService.UnitTest.Application.Dtos.Keycloak.CreateUserKeycloakTests" name="CreateUserKeycloak_ComCaracteresUnicode_DevePermitirCriacao" />
    </UnitTest>
    <UnitTest name="UserService.UnitTest.Application.Dtos.Requests.CreateUserRequestTests.CreateUserRequest_ComDiferentesValoresNewsletterOptIn_DeveDefinirCorretamente(newsletterOptIn: False)" storage="/users/diasbruno/documents/programacao/codigos/dotnet/bcommerce/backend/src/services/userservice/userservice.unittest/bin/debug/net8.0/userservice.unittest.dll" id="0af16215-3a39-209d-efb8-6a04305b77c8">
      <Execution id="ab9f787b-9572-4cb9-bb5b-bc60246e5227" />
      <TestMethod codeBase="/Users/diasbruno/Documents/programacao/codigos/dotnet/bcommerce/backend/src/Services/UserService/UserService.UnitTest/bin/Debug/net8.0/UserService.UnitTest.dll" adapterTypeName="executor://xunit/VsTestRunner2/netcoreapp" className="UserService.UnitTest.Application.Dtos.Requests.CreateUserRequestTests" name="CreateUserRequest_ComDiferentesValoresNewsletterOptIn_DeveDefinirCorretamente" />
    </UnitTest>
    <UnitTest name="UserService.UnitTest.Application.Dtos.Requests.CreateUserRequestTests.CreateUserRequest_ComSenhaVaziaOuEspacos_DevePermitirAtribuicao(password: &quot; &quot;)" storage="/users/diasbruno/documents/programacao/codigos/dotnet/bcommerce/backend/src/services/userservice/userservice.unittest/bin/debug/net8.0/userservice.unittest.dll" id="8605a51f-5b53-b458-2eee-61ca30b6c49e">
      <Execution id="7ac80f84-6ca3-418f-b032-751496d6a093" />
      <TestMethod codeBase="/Users/diasbruno/Documents/programacao/codigos/dotnet/bcommerce/backend/src/Services/UserService/UserService.UnitTest/bin/Debug/net8.0/UserService.UnitTest.dll" adapterTypeName="executor://xunit/VsTestRunner2/netcoreapp" className="UserService.UnitTest.Application.Dtos.Requests.CreateUserRequestTests" name="CreateUserRequest_ComSenhaVaziaOuEspacos_DevePermitirAtribuicao" />
    </UnitTest>
    <UnitTest name="UserService.UnitTest.Domain.UserTests.Usuario_QuandoPerfilDefinido_DeveAceitarPerfisValidos(role: Customer)" storage="/users/diasbruno/documents/programacao/codigos/dotnet/bcommerce/backend/src/services/userservice/userservice.unittest/bin/debug/net8.0/userservice.unittest.dll" id="9d369a17-d75d-c80a-d5fc-0a698e0e67e6">
      <Execution id="5bec3b91-a5c2-47f9-9c12-fb52d8b1d4fa" />
      <TestMethod codeBase="/Users/diasbruno/Documents/programacao/codigos/dotnet/bcommerce/backend/src/Services/UserService/UserService.UnitTest/bin/Debug/net8.0/UserService.UnitTest.dll" adapterTypeName="executor://xunit/VsTestRunner2/netcoreapp" className="UserService.UnitTest.Domain.UserTests" name="Usuario_QuandoPerfilDefinido_DeveAceitarPerfisValidos" />
    </UnitTest>
    <UnitTest name="UserService.UnitTest.Application.Commands.LoginUserCommandHandlerTests.Handle_ComDiferentesCredenciais_DeveProcessarCorretamente(email: &quot;usuario1@email.com&quot;, password: &quot;Senha123@&quot;)" storage="/users/diasbruno/documents/programacao/codigos/dotnet/bcommerce/backend/src/services/userservice/userservice.unittest/bin/debug/net8.0/userservice.unittest.dll" id="8e4d3555-f949-af94-befc-35b2d860fb59">
      <Execution id="45d29c3d-93f1-4a1a-96a9-57a0772039a3" />
      <TestMethod codeBase="/Users/diasbruno/Documents/programacao/codigos/dotnet/bcommerce/backend/src/Services/UserService/UserService.UnitTest/bin/Debug/net8.0/UserService.UnitTest.dll" adapterTypeName="executor://xunit/VsTestRunner2/netcoreapp" className="UserService.UnitTest.Application.Commands.LoginUserCommandHandlerTests" name="Handle_ComDiferentesCredenciais_DeveProcessarCorretamente" />
    </UnitTest>
    <UnitTest name="UserService.UnitTest.Application.Dtos.Responses.LoginUserResponseTests.LoginUserResponse_ComExpiresInNegativoOuZero_DevePermitirAtribuicao(expiresIn: -1)" storage="/users/diasbruno/documents/programacao/codigos/dotnet/bcommerce/backend/src/services/userservice/userservice.unittest/bin/debug/net8.0/userservice.unittest.dll" id="bb0d1e24-a3f4-bb68-7cb3-7cb15a9260e0">
      <Execution id="3a92221f-a3c3-464b-92b4-b6b7472c860e" />
      <TestMethod codeBase="/Users/diasbruno/Documents/programacao/codigos/dotnet/bcommerce/backend/src/Services/UserService/UserService.UnitTest/bin/Debug/net8.0/UserService.UnitTest.dll" adapterTypeName="executor://xunit/VsTestRunner2/netcoreapp" className="UserService.UnitTest.Application.Dtos.Responses.LoginUserResponseTests" name="LoginUserResponse_ComExpiresInNegativoOuZero_DevePermitirAtribuicao" />
    </UnitTest>
    <UnitTest name="UserService.UnitTest.Application.Dtos.Responses.LoginUserResponseTests.LoginUserResponse_ComDiferentesTiposDeToken_DevePermitirAtribuicao(tokenType: &quot;JWT&quot;)" storage="/users/diasbruno/documents/programacao/codigos/dotnet/bcommerce/backend/src/services/userservice/userservice.unittest/bin/debug/net8.0/userservice.unittest.dll" id="6765ccef-ec2d-9a3b-bf9d-f6ba1b86f954">
      <Execution id="0f084cfb-ece3-4f78-8205-317d9761b29e" />
      <TestMethod codeBase="/Users/diasbruno/Documents/programacao/codigos/dotnet/bcommerce/backend/src/Services/UserService/UserService.UnitTest/bin/Debug/net8.0/UserService.UnitTest.dll" adapterTypeName="executor://xunit/VsTestRunner2/netcoreapp" className="UserService.UnitTest.Application.Dtos.Responses.LoginUserResponseTests" name="LoginUserResponse_ComDiferentesTiposDeToken_DevePermitirAtribuicao" />
    </UnitTest>
    <UnitTest name="UserService.UnitTest.Application.Commands.CreateUserCommandTests.CriarComando_ComValoresPadrao_DeveInicializarPropriedadesVazias" storage="/users/diasbruno/documents/programacao/codigos/dotnet/bcommerce/backend/src/services/userservice/userservice.unittest/bin/debug/net8.0/userservice.unittest.dll" id="27c79a35-e4d6-9afe-a6d3-d329dddd2aab">
      <Execution id="bf96c620-d4c8-4d06-9b3d-3ad50e4fe03a" />
      <TestMethod codeBase="/Users/diasbruno/Documents/programacao/codigos/dotnet/bcommerce/backend/src/Services/UserService/UserService.UnitTest/bin/Debug/net8.0/UserService.UnitTest.dll" adapterTypeName="executor://xunit/VsTestRunner2/netcoreapp" className="UserService.UnitTest.Application.Commands.CreateUserCommandTests" name="CriarComando_ComValoresPadrao_DeveInicializarPropriedadesVazias" />
    </UnitTest>
    <UnitTest name="UserService.UnitTest.Application.Commands.CreateUserCommandHandlerTests.Handle_QuandoBancoDadosFalha_DeveExcluirUsuarioDoKeycloakERetornarErro" storage="/users/diasbruno/documents/programacao/codigos/dotnet/bcommerce/backend/src/services/userservice/userservice.unittest/bin/debug/net8.0/userservice.unittest.dll" id="5d0b24fd-7155-7d7a-5557-3161f872b660">
      <Execution id="408778a8-0f8e-47b9-ada1-20c8e4c92bba" />
      <TestMethod codeBase="/Users/diasbruno/Documents/programacao/codigos/dotnet/bcommerce/backend/src/Services/UserService/UserService.UnitTest/bin/Debug/net8.0/UserService.UnitTest.dll" adapterTypeName="executor://xunit/VsTestRunner2/netcoreapp" className="UserService.UnitTest.Application.Commands.CreateUserCommandHandlerTests" name="Handle_QuandoBancoDadosFalha_DeveExcluirUsuarioDoKeycloakERetornarErro" />
    </UnitTest>
    <UnitTest name="UserService.UnitTest.Domain.UserTests.Usuario_QuandoPerfilDefinido_DeveAceitarPerfisValidos(role: Admin)" storage="/users/diasbruno/documents/programacao/codigos/dotnet/bcommerce/backend/src/services/userservice/userservice.unittest/bin/debug/net8.0/userservice.unittest.dll" id="671947d4-fe02-9f57-6838-91768cf202dc">
      <Execution id="b651b3df-2b48-4e86-b4cc-5e53833d1496" />
      <TestMethod codeBase="/Users/diasbruno/Documents/programacao/codigos/dotnet/bcommerce/backend/src/Services/UserService/UserService.UnitTest/bin/Debug/net8.0/UserService.UnitTest.dll" adapterTypeName="executor://xunit/VsTestRunner2/netcoreapp" className="UserService.UnitTest.Domain.UserTests" name="Usuario_QuandoPerfilDefinido_DeveAceitarPerfisValidos" />
    </UnitTest>
    <UnitTest name="UserService.UnitTest.Application.Dtos.Keycloak.CreateUserKeycloakTests.CreateUserKeycloak_ComSobrenomeVazioOuEspacos_DevePermitirCriacao(lastName: &quot; &quot;)" storage="/users/diasbruno/documents/programacao/codigos/dotnet/bcommerce/backend/src/services/userservice/userservice.unittest/bin/debug/net8.0/userservice.unittest.dll" id="292a0587-9db2-78cd-7bbb-972a0e245863">
      <Execution id="70b278c4-bb81-4185-a37e-57b3a6eef85b" />
      <TestMethod codeBase="/Users/diasbruno/Documents/programacao/codigos/dotnet/bcommerce/backend/src/Services/UserService/UserService.UnitTest/bin/Debug/net8.0/UserService.UnitTest.dll" adapterTypeName="executor://xunit/VsTestRunner2/netcoreapp" className="UserService.UnitTest.Application.Dtos.Keycloak.CreateUserKeycloakTests" name="CreateUserKeycloak_ComSobrenomeVazioOuEspacos_DevePermitirCriacao" />
    </UnitTest>
    <UnitTest name="UserService.UnitTest.Application.Services.PasswordEncripterTests.VerifyPassword_ComDiferentesCombinacoes_DeveRetornarResultadoCorreto(originalPassword: &quot;MinhaSenh@123&quot;, testPassword: &quot;MinhaSenh@124&quot;, expectedResult: False)" storage="/users/diasbruno/documents/programacao/codigos/dotnet/bcommerce/backend/src/services/userservice/userservice.unittest/bin/debug/net8.0/userservice.unittest.dll" id="ee8dd72d-e27b-e47a-e9ab-ea48b4ee24c7">
      <Execution id="fca45273-5b08-4146-b16f-e3552a70ff37" />
      <TestMethod codeBase="/Users/diasbruno/Documents/programacao/codigos/dotnet/bcommerce/backend/src/Services/UserService/UserService.UnitTest/bin/Debug/net8.0/UserService.UnitTest.dll" adapterTypeName="executor://xunit/VsTestRunner2/netcoreapp" className="UserService.UnitTest.Application.Services.PasswordEncripterTests" name="VerifyPassword_ComDiferentesCombinacoes_DeveRetornarResultadoCorreto" />
    </UnitTest>
    <UnitTest name="UserService.UnitTest.Application.Dtos.Requests.CreateUserRequestTests.CreateUserRequest_ComEmailsEspeciais_DevePermitirAtribuicao" storage="/users/diasbruno/documents/programacao/codigos/dotnet/bcommerce/backend/src/services/userservice/userservice.unittest/bin/debug/net8.0/userservice.unittest.dll" id="cb09e10a-cb2e-1b8e-3daa-72534fbd5126">
      <Execution id="e42edcda-9959-4f20-a63d-b994df6f5e63" />
      <TestMethod codeBase="/Users/diasbruno/Documents/programacao/codigos/dotnet/bcommerce/backend/src/Services/UserService/UserService.UnitTest/bin/Debug/net8.0/UserService.UnitTest.dll" adapterTypeName="executor://xunit/VsTestRunner2/netcoreapp" className="UserService.UnitTest.Application.Dtos.Requests.CreateUserRequestTests" name="CreateUserRequest_ComEmailsEspeciais_DevePermitirAtribuicao" />
    </UnitTest>
    <UnitTest name="UserService.UnitTest.Application.Dtos.Keycloak.CreateUserKeycloakTests.CreateUserKeycloak_ComNomeVazioOuEspacos_DevePermitirCriacao(firstName: &quot;&quot;)" storage="/users/diasbruno/documents/programacao/codigos/dotnet/bcommerce/backend/src/services/userservice/userservice.unittest/bin/debug/net8.0/userservice.unittest.dll" id="744291e4-2147-88d0-85fe-fccdcda5c85a">
      <Execution id="3ffaadbb-68cb-4807-991c-bc3328424b39" />
      <TestMethod codeBase="/Users/diasbruno/Documents/programacao/codigos/dotnet/bcommerce/backend/src/Services/UserService/UserService.UnitTest/bin/Debug/net8.0/UserService.UnitTest.dll" adapterTypeName="executor://xunit/VsTestRunner2/netcoreapp" className="UserService.UnitTest.Application.Dtos.Keycloak.CreateUserKeycloakTests" name="CreateUserKeycloak_ComNomeVazioOuEspacos_DevePermitirCriacao" />
    </UnitTest>
    <UnitTest name="UserService.UnitTest.Application.Commands.CreateUserCommandHandlerTests.Handle_QuandoKeycloakFalha_DeveRetornarErroSemCriarUsuarioNoBanco" storage="/users/diasbruno/documents/programacao/codigos/dotnet/bcommerce/backend/src/services/userservice/userservice.unittest/bin/debug/net8.0/userservice.unittest.dll" id="321b1e81-3b6f-125b-b35e-2cc7a19e0114">
      <Execution id="9979c3ba-0d7f-4dc8-83d1-93ed918bbb5e" />
      <TestMethod codeBase="/Users/diasbruno/Documents/programacao/codigos/dotnet/bcommerce/backend/src/Services/UserService/UserService.UnitTest/bin/Debug/net8.0/UserService.UnitTest.dll" adapterTypeName="executor://xunit/VsTestRunner2/netcoreapp" className="UserService.UnitTest.Application.Commands.CreateUserCommandHandlerTests" name="Handle_QuandoKeycloakFalha_DeveRetornarErroSemCriarUsuarioNoBanco" />
    </UnitTest>
    <UnitTest name="UserService.UnitTest.Application.Services.PasswordEncripterTests.EncryptPassword_ComDiferentesSenhas_DeveRetornarHashesValidos(password: &quot;MinhaSenh@123&quot;)" storage="/users/diasbruno/documents/programacao/codigos/dotnet/bcommerce/backend/src/services/userservice/userservice.unittest/bin/debug/net8.0/userservice.unittest.dll" id="a7175ca1-e111-14da-b787-1aa39b5a9e4f">
      <Execution id="90429623-3f24-45c8-ac5e-d011ec16c73a" />
      <TestMethod codeBase="/Users/diasbruno/Documents/programacao/codigos/dotnet/bcommerce/backend/src/Services/UserService/UserService.UnitTest/bin/Debug/net8.0/UserService.UnitTest.dll" adapterTypeName="executor://xunit/VsTestRunner2/netcoreapp" className="UserService.UnitTest.Application.Services.PasswordEncripterTests" name="EncryptPassword_ComDiferentesSenhas_DeveRetornarHashesValidos" />
    </UnitTest>
    <UnitTest name="UserService.UnitTest.Application.Dtos.Responses.LoginUserResponseTests.LoginUserResponse_ComTokenTypeNulo_DevePermitirAtribuicao" storage="/users/diasbruno/documents/programacao/codigos/dotnet/bcommerce/backend/src/services/userservice/userservice.unittest/bin/debug/net8.0/userservice.unittest.dll" id="d67fc309-5de0-ad1c-c75e-133e682e42ef">
      <Execution id="eaa11ae6-ffd8-42d2-a14e-68b7278994e3" />
      <TestMethod codeBase="/Users/diasbruno/Documents/programacao/codigos/dotnet/bcommerce/backend/src/Services/UserService/UserService.UnitTest/bin/Debug/net8.0/UserService.UnitTest.dll" adapterTypeName="executor://xunit/VsTestRunner2/netcoreapp" className="UserService.UnitTest.Application.Dtos.Responses.LoginUserResponseTests" name="LoginUserResponse_ComTokenTypeNulo_DevePermitirAtribuicao" />
    </UnitTest>
    <UnitTest name="UserService.UnitTest.Domain.UserExtensionsTests.ObterNomeCompleto_QuandoNomesComEspacosExtras_DeveRetornarResultadoLimpo" storage="/users/diasbruno/documents/programacao/codigos/dotnet/bcommerce/backend/src/services/userservice/userservice.unittest/bin/debug/net8.0/userservice.unittest.dll" id="c4ff8b3d-e919-3d50-b132-1b2dbc4179a6">
      <Execution id="d269a9d7-95c4-407b-ac75-8eaa6e0d22b0" />
      <TestMethod codeBase="/Users/diasbruno/Documents/programacao/codigos/dotnet/bcommerce/backend/src/Services/UserService/UserService.UnitTest/bin/Debug/net8.0/UserService.UnitTest.dll" adapterTypeName="executor://xunit/VsTestRunner2/netcoreapp" className="UserService.UnitTest.Domain.UserExtensionsTests" name="ObterNomeCompleto_QuandoNomesComEspacosExtras_DeveRetornarResultadoLimpo" />
    </UnitTest>
    <UnitTest name="UserService.UnitTest.Application.Dtos.Keycloak.CreateUserKeycloakTests.CreateUserKeycloak_DeveSerRecord_ComIgualdadeCorreta" storage="/users/diasbruno/documents/programacao/codigos/dotnet/bcommerce/backend/src/services/userservice/userservice.unittest/bin/debug/net8.0/userservice.unittest.dll" id="8ad9e2fc-bb4a-628d-20d6-9b682849afbc">
      <Execution id="a6f54b51-207e-47a2-ab07-711ed42faa6a" />
      <TestMethod codeBase="/Users/diasbruno/Documents/programacao/codigos/dotnet/bcommerce/backend/src/Services/UserService/UserService.UnitTest/bin/Debug/net8.0/UserService.UnitTest.dll" adapterTypeName="executor://xunit/VsTestRunner2/netcoreapp" className="UserService.UnitTest.Application.Dtos.Keycloak.CreateUserKeycloakTests" name="CreateUserKeycloak_DeveSerRecord_ComIgualdadeCorreta" />
    </UnitTest>
    <UnitTest name="UserService.UnitTest.Application.Dtos.Keycloak.LoginUserKeycloakTests.LoginUserKeycloak_ComEmailsDeComprimentosVariados_DevePermitirCriacao" storage="/users/diasbruno/documents/programacao/codigos/dotnet/bcommerce/backend/src/services/userservice/userservice.unittest/bin/debug/net8.0/userservice.unittest.dll" id="5a16a19d-db28-a783-60f7-38ea9759e1ca">
      <Execution id="cac8bf36-716d-4b48-bc95-13daf43095ca" />
      <TestMethod codeBase="/Users/diasbruno/Documents/programacao/codigos/dotnet/bcommerce/backend/src/Services/UserService/UserService.UnitTest/bin/Debug/net8.0/UserService.UnitTest.dll" adapterTypeName="executor://xunit/VsTestRunner2/netcoreapp" className="UserService.UnitTest.Application.Dtos.Keycloak.LoginUserKeycloakTests" name="LoginUserKeycloak_ComEmailsDeComprimentosVariados_DevePermitirCriacao" />
    </UnitTest>
    <UnitTest name="UserService.UnitTest.Application.Dtos.Responses.LoginUserResponseTests.LoginUserResponse_ComExpiresInNegativoOuZero_DevePermitirAtribuicao(expiresIn: -2147483648)" storage="/users/diasbruno/documents/programacao/codigos/dotnet/bcommerce/backend/src/services/userservice/userservice.unittest/bin/debug/net8.0/userservice.unittest.dll" id="63697932-2986-880a-55c5-32c06b77f11b">
      <Execution id="f4a07e5b-e757-4b02-9e5f-2ebac2f51af0" />
      <TestMethod codeBase="/Users/diasbruno/Documents/programacao/codigos/dotnet/bcommerce/backend/src/Services/UserService/UserService.UnitTest/bin/Debug/net8.0/UserService.UnitTest.dll" adapterTypeName="executor://xunit/VsTestRunner2/netcoreapp" className="UserService.UnitTest.Application.Dtos.Responses.LoginUserResponseTests" name="LoginUserResponse_ComExpiresInNegativoOuZero_DevePermitirAtribuicao" />
    </UnitTest>
    <UnitTest name="UserService.UnitTest.Domain.UserAddressExtensionsTests.ObterEnderecoFormatado_QuandoComplementoVazio_DeveRetornarEnderecoFormatadoSemComplemento" storage="/users/diasbruno/documents/programacao/codigos/dotnet/bcommerce/backend/src/services/userservice/userservice.unittest/bin/debug/net8.0/userservice.unittest.dll" id="57a41fb6-ad6a-e4d4-d70e-2b7b58d9ebe6">
      <Execution id="8806204c-cb94-4e00-b5f0-691f2f3f9daf" />
      <TestMethod codeBase="/Users/diasbruno/Documents/programacao/codigos/dotnet/bcommerce/backend/src/Services/UserService/UserService.UnitTest/bin/Debug/net8.0/UserService.UnitTest.dll" adapterTypeName="executor://xunit/VsTestRunner2/netcoreapp" className="UserService.UnitTest.Domain.UserAddressExtensionsTests" name="ObterEnderecoFormatado_QuandoComplementoVazio_DeveRetornarEnderecoFormatadoSemComplemento" />
    </UnitTest>
    <UnitTest name="UserService.UnitTest.Application.Dtos.Keycloak.CreateUserKeycloakTests.CreateUserKeycloak_ComEmailVazioOuEspacos_DevePermitirCriacao(email: &quot; &quot;)" storage="/users/diasbruno/documents/programacao/codigos/dotnet/bcommerce/backend/src/services/userservice/userservice.unittest/bin/debug/net8.0/userservice.unittest.dll" id="54376db2-25bf-2edb-cd9f-93033e9bb5e9">
      <Execution id="000c7416-2a53-4157-894b-511596aeb914" />
      <TestMethod codeBase="/Users/diasbruno/Documents/programacao/codigos/dotnet/bcommerce/backend/src/Services/UserService/UserService.UnitTest/bin/Debug/net8.0/UserService.UnitTest.dll" adapterTypeName="executor://xunit/VsTestRunner2/netcoreapp" className="UserService.UnitTest.Application.Dtos.Keycloak.CreateUserKeycloakTests" name="CreateUserKeycloak_ComEmailVazioOuEspacos_DevePermitirCriacao" />
    </UnitTest>
    <UnitTest name="UserService.UnitTest.Domain.UserAddressExtensionsTests.ObterEnderecoFormatado_QuandoTodosCamposPreenchidos_DeveRetornarEnderecoCompletoFormatado" storage="/users/diasbruno/documents/programacao/codigos/dotnet/bcommerce/backend/src/services/userservice/userservice.unittest/bin/debug/net8.0/userservice.unittest.dll" id="6ec4b983-e011-ac76-c70f-ccb20e8cd36d">
      <Execution id="ced11559-27bf-4365-ac39-ed8c212eb2b1" />
      <TestMethod codeBase="/Users/diasbruno/Documents/programacao/codigos/dotnet/bcommerce/backend/src/Services/UserService/UserService.UnitTest/bin/Debug/net8.0/UserService.UnitTest.dll" adapterTypeName="executor://xunit/VsTestRunner2/netcoreapp" className="UserService.UnitTest.Domain.UserAddressExtensionsTests" name="ObterEnderecoFormatado_QuandoTodosCamposPreenchidos_DeveRetornarEnderecoCompletoFormatado" />
    </UnitTest>
    <UnitTest name="UserService.UnitTest.Domain.UserTests.Usuario_QuandoCriado_DeveConterValoresPadrao" storage="/users/diasbruno/documents/programacao/codigos/dotnet/bcommerce/backend/src/services/userservice/userservice.unittest/bin/debug/net8.0/userservice.unittest.dll" id="bd897cf6-b359-a5cf-c938-32be8844fb0a">
      <Execution id="41d58317-1fe4-4fd9-9e49-32c9c152cabb" />
      <TestMethod codeBase="/Users/diasbruno/Documents/programacao/codigos/dotnet/bcommerce/backend/src/Services/UserService/UserService.UnitTest/bin/Debug/net8.0/UserService.UnitTest.dll" adapterTypeName="executor://xunit/VsTestRunner2/netcoreapp" className="UserService.UnitTest.Domain.UserTests" name="Usuario_QuandoCriado_DeveConterValoresPadrao" />
    </UnitTest>
    <UnitTest name="UserService.UnitTest.Application.Dtos.Keycloak.CreateUserKeycloakTests.CreateUserKeycloak_ComSenhaVaziaOuEspacos_DevePermitirCriacao(password: &quot; &quot;)" storage="/users/diasbruno/documents/programacao/codigos/dotnet/bcommerce/backend/src/services/userservice/userservice.unittest/bin/debug/net8.0/userservice.unittest.dll" id="f7068f37-243f-6241-9d48-0587635c77e0">
      <Execution id="8d09e078-cb9c-40e2-80dd-289b38b733ea" />
      <TestMethod codeBase="/Users/diasbruno/Documents/programacao/codigos/dotnet/bcommerce/backend/src/Services/UserService/UserService.UnitTest/bin/Debug/net8.0/UserService.UnitTest.dll" adapterTypeName="executor://xunit/VsTestRunner2/netcoreapp" className="UserService.UnitTest.Application.Dtos.Keycloak.CreateUserKeycloakTests" name="CreateUserKeycloak_ComSenhaVaziaOuEspacos_DevePermitirCriacao" />
    </UnitTest>
    <UnitTest name="UserService.UnitTest.Application.Dtos.Responses.LoginUserResponseTests.LoginUserResponse_ComModificacaoAposInicializacao_DevePermitirAlteracao" storage="/users/diasbruno/documents/programacao/codigos/dotnet/bcommerce/backend/src/services/userservice/userservice.unittest/bin/debug/net8.0/userservice.unittest.dll" id="21f55e48-a0cb-c565-6b08-f52556623633">
      <Execution id="362f0a8b-748a-4b8f-a8d6-5f4f66a1e002" />
      <TestMethod codeBase="/Users/diasbruno/Documents/programacao/codigos/dotnet/bcommerce/backend/src/Services/UserService/UserService.UnitTest/bin/Debug/net8.0/UserService.UnitTest.dll" adapterTypeName="executor://xunit/VsTestRunner2/netcoreapp" className="UserService.UnitTest.Application.Dtos.Responses.LoginUserResponseTests" name="LoginUserResponse_ComModificacaoAposInicializacao_DevePermitirAlteracao" />
    </UnitTest>
    <UnitTest name="UserService.UnitTest.Application.Dtos.Responses.CreateUserResponseTests.CreateUserResponse_ComDataCreatedAtMinValue_DevePermitirAtribuicao" storage="/users/diasbruno/documents/programacao/codigos/dotnet/bcommerce/backend/src/services/userservice/userservice.unittest/bin/debug/net8.0/userservice.unittest.dll" id="177c4f00-d318-dd96-9df5-bf4c4ce41fca">
      <Execution id="5e1fe0c5-8875-42c5-9a54-d2bfc4faf846" />
      <TestMethod codeBase="/Users/diasbruno/Documents/programacao/codigos/dotnet/bcommerce/backend/src/Services/UserService/UserService.UnitTest/bin/Debug/net8.0/UserService.UnitTest.dll" adapterTypeName="executor://xunit/VsTestRunner2/netcoreapp" className="UserService.UnitTest.Application.Dtos.Responses.CreateUserResponseTests" name="CreateUserResponse_ComDataCreatedAtMinValue_DevePermitirAtribuicao" />
    </UnitTest>
    <UnitTest name="UserService.UnitTest.Application.Dtos.Responses.CreateUserResponseTests.CreateUserResponse_ComTelefoneNulo_DevePermitirAtribuicao" storage="/users/diasbruno/documents/programacao/codigos/dotnet/bcommerce/backend/src/services/userservice/userservice.unittest/bin/debug/net8.0/userservice.unittest.dll" id="594efe64-66ef-f3fa-a651-622da975ad06">
      <Execution id="250fcd71-6f7c-46ca-98ce-8d039191abd2" />
      <TestMethod codeBase="/Users/diasbruno/Documents/programacao/codigos/dotnet/bcommerce/backend/src/Services/UserService/UserService.UnitTest/bin/Debug/net8.0/UserService.UnitTest.dll" adapterTypeName="executor://xunit/VsTestRunner2/netcoreapp" className="UserService.UnitTest.Application.Dtos.Responses.CreateUserResponseTests" name="CreateUserResponse_ComTelefoneNulo_DevePermitirAtribuicao" />
    </UnitTest>
    <UnitTest name="UserService.UnitTest.Application.Commands.CreateUserCommandHandlerTests.Handle_ComDadosValidos_DeveCriarUsuarioComSucesso" storage="/users/diasbruno/documents/programacao/codigos/dotnet/bcommerce/backend/src/services/userservice/userservice.unittest/bin/debug/net8.0/userservice.unittest.dll" id="beed8b53-967c-b437-29a7-7caedf262cbb">
      <Execution id="a03b59dc-c059-4fe8-acc6-77e6f849ab2d" />
      <TestMethod codeBase="/Users/diasbruno/Documents/programacao/codigos/dotnet/bcommerce/backend/src/Services/UserService/UserService.UnitTest/bin/Debug/net8.0/UserService.UnitTest.dll" adapterTypeName="executor://xunit/VsTestRunner2/netcoreapp" className="UserService.UnitTest.Application.Commands.CreateUserCommandHandlerTests" name="Handle_ComDadosValidos_DeveCriarUsuarioComSucesso" />
    </UnitTest>
    <UnitTest name="UserService.UnitTest.Application.Dtos.Responses.CreateUserResponseTests.CreateUserResponse_ComModificacaoAposInicializacao_DevePermitirAlteracao" storage="/users/diasbruno/documents/programacao/codigos/dotnet/bcommerce/backend/src/services/userservice/userservice.unittest/bin/debug/net8.0/userservice.unittest.dll" id="9299e862-b0a5-f8a1-d40d-507b3a421874">
      <Execution id="83247547-86f5-40da-905f-f435e10b30a5" />
      <TestMethod codeBase="/Users/diasbruno/Documents/programacao/codigos/dotnet/bcommerce/backend/src/Services/UserService/UserService.UnitTest/bin/Debug/net8.0/UserService.UnitTest.dll" adapterTypeName="executor://xunit/VsTestRunner2/netcoreapp" className="UserService.UnitTest.Application.Dtos.Responses.CreateUserResponseTests" name="CreateUserResponse_ComModificacaoAposInicializacao_DevePermitirAlteracao" />
    </UnitTest>
    <UnitTest name="UserService.UnitTest.Application.Dtos.Responses.LoginUserResponseTests.LoginUserResponse_ComDiferentesTiposDeToken_DevePermitirAtribuicao(tokenType: &quot;Token&quot;)" storage="/users/diasbruno/documents/programacao/codigos/dotnet/bcommerce/backend/src/services/userservice/userservice.unittest/bin/debug/net8.0/userservice.unittest.dll" id="6c9747e9-bd57-8249-8a7f-864315c9ac24">
      <Execution id="0723f59b-3f8e-40e0-b815-54a30c7f8b59" />
      <TestMethod codeBase="/Users/diasbruno/Documents/programacao/codigos/dotnet/bcommerce/backend/src/Services/UserService/UserService.UnitTest/bin/Debug/net8.0/UserService.UnitTest.dll" adapterTypeName="executor://xunit/VsTestRunner2/netcoreapp" className="UserService.UnitTest.Application.Dtos.Responses.LoginUserResponseTests" name="LoginUserResponse_ComDiferentesTiposDeToken_DevePermitirAtribuicao" />
    </UnitTest>
    <UnitTest name="UserService.UnitTest.Application.Services.PasswordEncripterTests.VerifyPassword_ComSenhaCorreta_DeveRetornarTrue" storage="/users/diasbruno/documents/programacao/codigos/dotnet/bcommerce/backend/src/services/userservice/userservice.unittest/bin/debug/net8.0/userservice.unittest.dll" id="4962ca82-da01-aab2-46bc-a4e89d3afecc">
      <Execution id="9be4a48b-c1dd-4c21-9724-545509404f72" />
      <TestMethod codeBase="/Users/diasbruno/Documents/programacao/codigos/dotnet/bcommerce/backend/src/Services/UserService/UserService.UnitTest/bin/Debug/net8.0/UserService.UnitTest.dll" adapterTypeName="executor://xunit/VsTestRunner2/netcoreapp" className="UserService.UnitTest.Application.Services.PasswordEncripterTests" name="VerifyPassword_ComSenhaCorreta_DeveRetornarTrue" />
    </UnitTest>
    <UnitTest name="UserService.UnitTest.Application.Services.PasswordEncripterTests.VerifyPassword_ComHashInvalido_DeveRetornarFalse" storage="/users/diasbruno/documents/programacao/codigos/dotnet/bcommerce/backend/src/services/userservice/userservice.unittest/bin/debug/net8.0/userservice.unittest.dll" id="3593c9e6-b8b7-1a29-7bc2-970c783b8a12">
      <Execution id="4f371430-0d75-4261-bd5d-9f2e099d1fd5" />
      <TestMethod codeBase="/Users/diasbruno/Documents/programacao/codigos/dotnet/bcommerce/backend/src/Services/UserService/UserService.UnitTest/bin/Debug/net8.0/UserService.UnitTest.dll" adapterTypeName="executor://xunit/VsTestRunner2/netcoreapp" className="UserService.UnitTest.Application.Services.PasswordEncripterTests" name="VerifyPassword_ComHashInvalido_DeveRetornarFalse" />
    </UnitTest>
    <UnitTest name="UserService.UnitTest.Application.Dtos.Keycloak.CreateUserKeycloakTests.CreateUserKeycloak_ComDiferentesValoresEnabled_DeveDefinirCorretamente(enabled: True)" storage="/users/diasbruno/documents/programacao/codigos/dotnet/bcommerce/backend/src/services/userservice/userservice.unittest/bin/debug/net8.0/userservice.unittest.dll" id="11759d32-7c45-d95c-6b8c-5bd352b4a13c">
      <Execution id="037e5112-3603-4a5a-b4a3-e580d20853e3" />
      <TestMethod codeBase="/Users/diasbruno/Documents/programacao/codigos/dotnet/bcommerce/backend/src/Services/UserService/UserService.UnitTest/bin/Debug/net8.0/UserService.UnitTest.dll" adapterTypeName="executor://xunit/VsTestRunner2/netcoreapp" className="UserService.UnitTest.Application.Dtos.Keycloak.CreateUserKeycloakTests" name="CreateUserKeycloak_ComDiferentesValoresEnabled_DeveDefinirCorretamente" />
    </UnitTest>
    <UnitTest name="UserService.UnitTest.Application.Dtos.Keycloak.CreateUserKeycloakTests.CreateUserKeycloak_ComEmailVazioOuEspacos_DevePermitirCriacao(email: &quot;   &quot;)" storage="/users/diasbruno/documents/programacao/codigos/dotnet/bcommerce/backend/src/services/userservice/userservice.unittest/bin/debug/net8.0/userservice.unittest.dll" id="1fc346ea-fc82-e479-51b5-1538e7b4e1d0">
      <Execution id="d74f84e1-995a-441f-857e-437462d4d76f" />
      <TestMethod codeBase="/Users/diasbruno/Documents/programacao/codigos/dotnet/bcommerce/backend/src/Services/UserService/UserService.UnitTest/bin/Debug/net8.0/UserService.UnitTest.dll" adapterTypeName="executor://xunit/VsTestRunner2/netcoreapp" className="UserService.UnitTest.Application.Dtos.Keycloak.CreateUserKeycloakTests" name="CreateUserKeycloak_ComEmailVazioOuEspacos_DevePermitirCriacao" />
    </UnitTest>
    <UnitTest name="UserService.UnitTest.Application.Commands.CreateUserCommandHandlerTests.Handle_ComDiferentesNomes_DeveCriarUsuarioCorretamente(firstName: &quot;Maria&quot;, lastName: &quot;Santos&quot;, email: &quot;maria@teste.com&quot;)" storage="/users/diasbruno/documents/programacao/codigos/dotnet/bcommerce/backend/src/services/userservice/userservice.unittest/bin/debug/net8.0/userservice.unittest.dll" id="754684df-2078-e9d9-05ec-2216a102cf01">
      <Execution id="71728f9b-8ad6-4471-aac5-4f6552ad90af" />
      <TestMethod codeBase="/Users/diasbruno/Documents/programacao/codigos/dotnet/bcommerce/backend/src/Services/UserService/UserService.UnitTest/bin/Debug/net8.0/UserService.UnitTest.dll" adapterTypeName="executor://xunit/VsTestRunner2/netcoreapp" className="UserService.UnitTest.Application.Commands.CreateUserCommandHandlerTests" name="Handle_ComDiferentesNomes_DeveCriarUsuarioCorretamente" />
    </UnitTest>
    <UnitTest name="UserService.UnitTest.Application.Dtos.Keycloak.CreateUserKeycloakTests.CreateUserKeycloak_ComDadosGeradosPorFaker_DeveDefinirPropriedadesCorretamente" storage="/users/diasbruno/documents/programacao/codigos/dotnet/bcommerce/backend/src/services/userservice/userservice.unittest/bin/debug/net8.0/userservice.unittest.dll" id="cdbf9444-aba6-6b34-3425-8f44fe4f52b2">
      <Execution id="926753ff-cee2-4fe9-b72c-d7a8414c3c98" />
      <TestMethod codeBase="/Users/diasbruno/Documents/programacao/codigos/dotnet/bcommerce/backend/src/Services/UserService/UserService.UnitTest/bin/Debug/net8.0/UserService.UnitTest.dll" adapterTypeName="executor://xunit/VsTestRunner2/netcoreapp" className="UserService.UnitTest.Application.Dtos.Keycloak.CreateUserKeycloakTests" name="CreateUserKeycloak_ComDadosGeradosPorFaker_DeveDefinirPropriedadesCorretamente" />
    </UnitTest>
    <UnitTest name="UserService.UnitTest.Application.Dtos.Requests.LoginUserRequestTests.LoginUserRequest_ComAmbosValoresNulos_DevePermitirAtribuicao" storage="/users/diasbruno/documents/programacao/codigos/dotnet/bcommerce/backend/src/services/userservice/userservice.unittest/bin/debug/net8.0/userservice.unittest.dll" id="04460148-2641-a79d-220c-bb2c293f100f">
      <Execution id="8c1d723c-64d6-4d91-b9b1-32a34e4a2719" />
      <TestMethod codeBase="/Users/diasbruno/Documents/programacao/codigos/dotnet/bcommerce/backend/src/Services/UserService/UserService.UnitTest/bin/Debug/net8.0/UserService.UnitTest.dll" adapterTypeName="executor://xunit/VsTestRunner2/netcoreapp" className="UserService.UnitTest.Application.Dtos.Requests.LoginUserRequestTests" name="LoginUserRequest_ComAmbosValoresNulos_DevePermitirAtribuicao" />
    </UnitTest>
    <UnitTest name="UserService.UnitTest.Application.Dtos.Keycloak.CreateUserKeycloakTests.CreateUserKeycloak_ComSenhaVaziaOuEspacos_DevePermitirCriacao(password: &quot;   &quot;)" storage="/users/diasbruno/documents/programacao/codigos/dotnet/bcommerce/backend/src/services/userservice/userservice.unittest/bin/debug/net8.0/userservice.unittest.dll" id="fe2188a3-a528-1695-0a18-13de35ee7b3e">
      <Execution id="98cc51a2-4788-4cc2-8c0d-a6ec6c1da6f5" />
      <TestMethod codeBase="/Users/diasbruno/Documents/programacao/codigos/dotnet/bcommerce/backend/src/Services/UserService/UserService.UnitTest/bin/Debug/net8.0/UserService.UnitTest.dll" adapterTypeName="executor://xunit/VsTestRunner2/netcoreapp" className="UserService.UnitTest.Application.Dtos.Keycloak.CreateUserKeycloakTests" name="CreateUserKeycloak_ComSenhaVaziaOuEspacos_DevePermitirCriacao" />
    </UnitTest>
    <UnitTest name="UserService.UnitTest.Application.Dtos.Keycloak.LoginUserKeycloakTests.LoginUserKeycloak_ComDiferentesCombinacoesDeDados_DeveDefinirPropriedadesCorretamente(email: &quot;user@domain.org&quot;, password: &quot;mypassword&quot;)" storage="/users/diasbruno/documents/programacao/codigos/dotnet/bcommerce/backend/src/services/userservice/userservice.unittest/bin/debug/net8.0/userservice.unittest.dll" id="efce2778-6fda-3f27-2510-fe092485530c">
      <Execution id="8665b864-dc7e-40a7-96c6-53d55b4bb43a" />
      <TestMethod codeBase="/Users/diasbruno/Documents/programacao/codigos/dotnet/bcommerce/backend/src/Services/UserService/UserService.UnitTest/bin/Debug/net8.0/UserService.UnitTest.dll" adapterTypeName="executor://xunit/VsTestRunner2/netcoreapp" className="UserService.UnitTest.Application.Dtos.Keycloak.LoginUserKeycloakTests" name="LoginUserKeycloak_ComDiferentesCombinacoesDeDados_DeveDefinirPropriedadesCorretamente" />
    </UnitTest>
    <UnitTest name="UserService.UnitTest.Application.Dtos.Keycloak.LoginUserKeycloakTests.LoginUserKeycloak_ComSenhaVaziaOuEspacos_DevePermitirCriacao(password: &quot; &quot;)" storage="/users/diasbruno/documents/programacao/codigos/dotnet/bcommerce/backend/src/services/userservice/userservice.unittest/bin/debug/net8.0/userservice.unittest.dll" id="2be66668-c2f3-3050-1567-934895ed4271">
      <Execution id="b9978ab0-5569-4605-8611-3d36f253b815" />
      <TestMethod codeBase="/Users/diasbruno/Documents/programacao/codigos/dotnet/bcommerce/backend/src/Services/UserService/UserService.UnitTest/bin/Debug/net8.0/UserService.UnitTest.dll" adapterTypeName="executor://xunit/VsTestRunner2/netcoreapp" className="UserService.UnitTest.Application.Dtos.Keycloak.LoginUserKeycloakTests" name="LoginUserKeycloak_ComSenhaVaziaOuEspacos_DevePermitirCriacao" />
    </UnitTest>
    <UnitTest name="UserService.UnitTest.Application.Services.PasswordEncripterTests.VerifyPassword_ComDiferentesCombinacoes_DeveRetornarResultadoCorreto(originalPassword: &quot;P@ssw0rd!&quot;, testPassword: &quot;P@ssw0rd?&quot;, expectedResult: False)" storage="/users/diasbruno/documents/programacao/codigos/dotnet/bcommerce/backend/src/services/userservice/userservice.unittest/bin/debug/net8.0/userservice.unittest.dll" id="8b4feff8-524d-e5f0-2b1a-0eced3e687c2">
      <Execution id="66152c41-4b41-4c87-9873-44d5c8a725c6" />
      <TestMethod codeBase="/Users/diasbruno/Documents/programacao/codigos/dotnet/bcommerce/backend/src/Services/UserService/UserService.UnitTest/bin/Debug/net8.0/UserService.UnitTest.dll" adapterTypeName="executor://xunit/VsTestRunner2/netcoreapp" className="UserService.UnitTest.Application.Services.PasswordEncripterTests" name="VerifyPassword_ComDiferentesCombinacoes_DeveRetornarResultadoCorreto" />
    </UnitTest>
    <UnitTest name="UserService.UnitTest.Application.Dtos.Responses.LoginUserResponseTests.LoginUserResponse_ComTokenTypeVazioOuEspacos_DevePermitirAtribuicao(tokenType: &quot;   &quot;)" storage="/users/diasbruno/documents/programacao/codigos/dotnet/bcommerce/backend/src/services/userservice/userservice.unittest/bin/debug/net8.0/userservice.unittest.dll" id="3585b56d-a5f1-f683-7400-c0bfac8126e5">
      <Execution id="87659d21-fe75-4d5b-af3f-137047a025c9" />
      <TestMethod codeBase="/Users/diasbruno/Documents/programacao/codigos/dotnet/bcommerce/backend/src/Services/UserService/UserService.UnitTest/bin/Debug/net8.0/UserService.UnitTest.dll" adapterTypeName="executor://xunit/VsTestRunner2/netcoreapp" className="UserService.UnitTest.Application.Dtos.Responses.LoginUserResponseTests" name="LoginUserResponse_ComTokenTypeVazioOuEspacos_DevePermitirAtribuicao" />
    </UnitTest>
    <UnitTest name="UserService.UnitTest.Application.Commands.LoginUserCommandTests.CriarComando_ComDiferentesCredenciais_DeveDefinirPropriedadesCorretamente(email: &quot;admin@sistema.com&quot;, password: &quot;AdminPass@2024&quot;)" storage="/users/diasbruno/documents/programacao/codigos/dotnet/bcommerce/backend/src/services/userservice/userservice.unittest/bin/debug/net8.0/userservice.unittest.dll" id="4d5abda7-7da4-712d-602e-675946223906">
      <Execution id="5490ee3a-e71e-43a7-b32f-8dddff00ca36" />
      <TestMethod codeBase="/Users/diasbruno/Documents/programacao/codigos/dotnet/bcommerce/backend/src/Services/UserService/UserService.UnitTest/bin/Debug/net8.0/UserService.UnitTest.dll" adapterTypeName="executor://xunit/VsTestRunner2/netcoreapp" className="UserService.UnitTest.Application.Commands.LoginUserCommandTests" name="CriarComando_ComDiferentesCredenciais_DeveDefinirPropriedadesCorretamente" />
    </UnitTest>
    <UnitTest name="UserService.UnitTest.Application.Commands.LoginUserCommandTests.CriarComando_ComSenhaVazia_DevePermitirAtribuicao" storage="/users/diasbruno/documents/programacao/codigos/dotnet/bcommerce/backend/src/services/userservice/userservice.unittest/bin/debug/net8.0/userservice.unittest.dll" id="d25a2280-e4df-068e-ba83-2e9ea0e06963">
      <Execution id="5d985d3a-fbd7-410e-ae79-2c240941818c" />
      <TestMethod codeBase="/Users/diasbruno/Documents/programacao/codigos/dotnet/bcommerce/backend/src/Services/UserService/UserService.UnitTest/bin/Debug/net8.0/UserService.UnitTest.dll" adapterTypeName="executor://xunit/VsTestRunner2/netcoreapp" className="UserService.UnitTest.Application.Commands.LoginUserCommandTests" name="CriarComando_ComSenhaVazia_DevePermitirAtribuicao" />
    </UnitTest>
    <UnitTest name="UserService.UnitTest.Application.Dtos.Requests.LoginUserRequestTests.LoginUserRequest_ComSenhasEspeciais_DevePermitirAtribuicao" storage="/users/diasbruno/documents/programacao/codigos/dotnet/bcommerce/backend/src/services/userservice/userservice.unittest/bin/debug/net8.0/userservice.unittest.dll" id="1bdb6140-e78c-1d86-2209-d2ec03185fc5">
      <Execution id="5298728c-565a-4556-bc3c-b0b46682fa6a" />
      <TestMethod codeBase="/Users/diasbruno/Documents/programacao/codigos/dotnet/bcommerce/backend/src/Services/UserService/UserService.UnitTest/bin/Debug/net8.0/UserService.UnitTest.dll" adapterTypeName="executor://xunit/VsTestRunner2/netcoreapp" className="UserService.UnitTest.Application.Dtos.Requests.LoginUserRequestTests" name="LoginUserRequest_ComSenhasEspeciais_DevePermitirAtribuicao" />
    </UnitTest>
    <UnitTest name="UserService.UnitTest.Domain.UserTests.Usuario_QuandoCpfDefinido_DeveAceitarFormatoValido" storage="/users/diasbruno/documents/programacao/codigos/dotnet/bcommerce/backend/src/services/userservice/userservice.unittest/bin/debug/net8.0/userservice.unittest.dll" id="ddd1ea0e-e393-c749-0ee2-dc050219f555">
      <Execution id="74c71ee0-c6ec-40c4-90ba-dcc82481539d" />
      <TestMethod codeBase="/Users/diasbruno/Documents/programacao/codigos/dotnet/bcommerce/backend/src/Services/UserService/UserService.UnitTest/bin/Debug/net8.0/UserService.UnitTest.dll" adapterTypeName="executor://xunit/VsTestRunner2/netcoreapp" className="UserService.UnitTest.Domain.UserTests" name="Usuario_QuandoCpfDefinido_DeveAceitarFormatoValido" />
    </UnitTest>
    <UnitTest name="UserService.UnitTest.Application.Dtos.Keycloak.LoginUserKeycloakTests.LoginUserKeycloak_ComEspacosNoMeio_DevePermitirCriacao" storage="/users/diasbruno/documents/programacao/codigos/dotnet/bcommerce/backend/src/services/userservice/userservice.unittest/bin/debug/net8.0/userservice.unittest.dll" id="fa0a95aa-2c09-8e24-ee1f-90b644f6c541">
      <Execution id="527e4dc0-d0aa-41b6-84cc-4eed502a5c23" />
      <TestMethod codeBase="/Users/diasbruno/Documents/programacao/codigos/dotnet/bcommerce/backend/src/Services/UserService/UserService.UnitTest/bin/Debug/net8.0/UserService.UnitTest.dll" adapterTypeName="executor://xunit/VsTestRunner2/netcoreapp" className="UserService.UnitTest.Application.Dtos.Keycloak.LoginUserKeycloakTests" name="LoginUserKeycloak_ComEspacosNoMeio_DevePermitirCriacao" />
    </UnitTest>
    <UnitTest name="UserService.UnitTest.Application.Dtos.Keycloak.CreateUserKeycloakTests.CreateUserKeycloak_ComDiferentesCombinacoesDeDados_DeveDefinirPropriedadesCorretamente(email: &quot;test@example.com&quot;, password: &quot;password123&quot;, firstName: &quot;João&quot;, lastName: &quot;Silva&quot;, enabled: True)" storage="/users/diasbruno/documents/programacao/codigos/dotnet/bcommerce/backend/src/services/userservice/userservice.unittest/bin/debug/net8.0/userservice.unittest.dll" id="b69a7e55-e708-888c-36a6-d240809edd1d">
      <Execution id="589be519-007b-4438-bbf9-628732a18603" />
      <TestMethod codeBase="/Users/diasbruno/Documents/programacao/codigos/dotnet/bcommerce/backend/src/Services/UserService/UserService.UnitTest/bin/Debug/net8.0/UserService.UnitTest.dll" adapterTypeName="executor://xunit/VsTestRunner2/netcoreapp" className="UserService.UnitTest.Application.Dtos.Keycloak.CreateUserKeycloakTests" name="CreateUserKeycloak_ComDiferentesCombinacoesDeDados_DeveDefinirPropriedadesCorretamente" />
    </UnitTest>
    <UnitTest name="UserService.UnitTest.Application.Dtos.Responses.CreateUserResponseTests.CreateUserResponse_ComEmailsEspeciais_DevePermitirAtribuicao" storage="/users/diasbruno/documents/programacao/codigos/dotnet/bcommerce/backend/src/services/userservice/userservice.unittest/bin/debug/net8.0/userservice.unittest.dll" id="7941353a-f8ea-7b06-dce7-e997d2179900">
      <Execution id="0d563032-a95a-4522-be32-7cad712542c2" />
      <TestMethod codeBase="/Users/diasbruno/Documents/programacao/codigos/dotnet/bcommerce/backend/src/Services/UserService/UserService.UnitTest/bin/Debug/net8.0/UserService.UnitTest.dll" adapterTypeName="executor://xunit/VsTestRunner2/netcoreapp" className="UserService.UnitTest.Application.Dtos.Responses.CreateUserResponseTests" name="CreateUserResponse_ComEmailsEspeciais_DevePermitirAtribuicao" />
    </UnitTest>
    <UnitTest name="UserService.UnitTest.Application.Commands.CreateUserCommandHandlerTests.Handle_ComDiferentesNomes_DeveCriarUsuarioCorretamente(firstName: &quot;João&quot;, lastName: &quot;Silva&quot;, email: &quot;joao@email.com&quot;)" storage="/users/diasbruno/documents/programacao/codigos/dotnet/bcommerce/backend/src/services/userservice/userservice.unittest/bin/debug/net8.0/userservice.unittest.dll" id="52dc71a2-de98-fb95-adf4-bf37edbf17ea">
      <Execution id="f9daf6a3-6a47-43da-85db-24d02ccc2687" />
      <TestMethod codeBase="/Users/diasbruno/Documents/programacao/codigos/dotnet/bcommerce/backend/src/Services/UserService/UserService.UnitTest/bin/Debug/net8.0/UserService.UnitTest.dll" adapterTypeName="executor://xunit/VsTestRunner2/netcoreapp" className="UserService.UnitTest.Application.Commands.CreateUserCommandHandlerTests" name="Handle_ComDiferentesNomes_DeveCriarUsuarioCorretamente" />
    </UnitTest>
    <UnitTest name="UserService.UnitTest.Application.Dtos.Requests.CreateUserRequestTests.CreateUserRequest_ComEmailVazioOuEspacos_DevePermitirAtribuicao(email: &quot;&quot;)" storage="/users/diasbruno/documents/programacao/codigos/dotnet/bcommerce/backend/src/services/userservice/userservice.unittest/bin/debug/net8.0/userservice.unittest.dll" id="2aa59a7e-a129-de74-a7d8-c821b33e35fe">
      <Execution id="535de412-215c-4fe6-930d-37730ada79bd" />
      <TestMethod codeBase="/Users/diasbruno/Documents/programacao/codigos/dotnet/bcommerce/backend/src/Services/UserService/UserService.UnitTest/bin/Debug/net8.0/UserService.UnitTest.dll" adapterTypeName="executor://xunit/VsTestRunner2/netcoreapp" className="UserService.UnitTest.Application.Dtos.Requests.CreateUserRequestTests" name="CreateUserRequest_ComEmailVazioOuEspacos_DevePermitirAtribuicao" />
    </UnitTest>
    <UnitTest name="UserService.UnitTest.Domain.UserExtensionsTests.EstaAtivo_QuandoUsuarioAtivoENaoExcluido_DeveRetornarVerdadeiro" storage="/users/diasbruno/documents/programacao/codigos/dotnet/bcommerce/backend/src/services/userservice/userservice.unittest/bin/debug/net8.0/userservice.unittest.dll" id="54d87476-fac0-c322-a77c-5ae4bf7dbc25">
      <Execution id="16a7c81c-5e26-419f-83e4-6812eb97db66" />
      <TestMethod codeBase="/Users/diasbruno/Documents/programacao/codigos/dotnet/bcommerce/backend/src/Services/UserService/UserService.UnitTest/bin/Debug/net8.0/UserService.UnitTest.dll" adapterTypeName="executor://xunit/VsTestRunner2/netcoreapp" className="UserService.UnitTest.Domain.UserExtensionsTests" name="EstaAtivo_QuandoUsuarioAtivoENaoExcluido_DeveRetornarVerdadeiro" />
    </UnitTest>
    <UnitTest name="UserService.UnitTest.Application.Dtos.Requests.CreateUserRequestTests.CreateUserRequest_ComDiferentesCombinacoesDeDados_DeveDefinirPropriedadesCorretamente(email: &quot;test@test.com&quot;, password: &quot;MyPassword456@&quot;, firstName: &quot;Maria&quot;, lastName: &quot;Santos&quot;, newsletterOptIn: False)" storage="/users/diasbruno/documents/programacao/codigos/dotnet/bcommerce/backend/src/services/userservice/userservice.unittest/bin/debug/net8.0/userservice.unittest.dll" id="d3ffaa66-2f24-2166-2b50-3115a0a23863">
      <Execution id="98ff077b-bff4-40cc-b673-953bd05ec2ff" />
      <TestMethod codeBase="/Users/diasbruno/Documents/programacao/codigos/dotnet/bcommerce/backend/src/Services/UserService/UserService.UnitTest/bin/Debug/net8.0/UserService.UnitTest.dll" adapterTypeName="executor://xunit/VsTestRunner2/netcoreapp" className="UserService.UnitTest.Application.Dtos.Requests.CreateUserRequestTests" name="CreateUserRequest_ComDiferentesCombinacoesDeDados_DeveDefinirPropriedadesCorretamente" />
    </UnitTest>
    <UnitTest name="UserService.UnitTest.Domain.UserExtensionsTests.EstaAtivo_QuandoUsuarioBanido_DeveRetornarFalso" storage="/users/diasbruno/documents/programacao/codigos/dotnet/bcommerce/backend/src/services/userservice/userservice.unittest/bin/debug/net8.0/userservice.unittest.dll" id="52610562-4e87-9bc0-3f6e-3a8d1eb26cfc">
      <Execution id="05e7725c-7035-4d62-9f9c-a5eb40631477" />
      <TestMethod codeBase="/Users/diasbruno/Documents/programacao/codigos/dotnet/bcommerce/backend/src/Services/UserService/UserService.UnitTest/bin/Debug/net8.0/UserService.UnitTest.dll" adapterTypeName="executor://xunit/VsTestRunner2/netcoreapp" className="UserService.UnitTest.Domain.UserExtensionsTests" name="EstaAtivo_QuandoUsuarioBanido_DeveRetornarFalso" />
    </UnitTest>
    <UnitTest name="UserService.UnitTest.Application.Dtos.Requests.CreateUserRequestTests.CreateUserRequest_ComSenhaVaziaOuEspacos_DevePermitirAtribuicao(password: &quot;&quot;)" storage="/users/diasbruno/documents/programacao/codigos/dotnet/bcommerce/backend/src/services/userservice/userservice.unittest/bin/debug/net8.0/userservice.unittest.dll" id="91a43f25-3310-9dee-b091-2cf37d2dd2a2">
      <Execution id="12627c4d-26f4-4b97-8485-f346239f3274" />
      <TestMethod codeBase="/Users/diasbruno/Documents/programacao/codigos/dotnet/bcommerce/backend/src/Services/UserService/UserService.UnitTest/bin/Debug/net8.0/UserService.UnitTest.dll" adapterTypeName="executor://xunit/VsTestRunner2/netcoreapp" className="UserService.UnitTest.Application.Dtos.Requests.CreateUserRequestTests" name="CreateUserRequest_ComSenhaVaziaOuEspacos_DevePermitirAtribuicao" />
    </UnitTest>
    <UnitTest name="UserService.UnitTest.Application.Dtos.Responses.LoginUserResponseTests.LoginUserResponse_ComExpiresInNegativoOuZero_DevePermitirAtribuicao(expiresIn: -3600)" storage="/users/diasbruno/documents/programacao/codigos/dotnet/bcommerce/backend/src/services/userservice/userservice.unittest/bin/debug/net8.0/userservice.unittest.dll" id="9750dd9c-2b78-49b3-896d-e9ac5a9af7be">
      <Execution id="b015ddc1-86b8-43d3-b681-3a013df4578d" />
      <TestMethod codeBase="/Users/diasbruno/Documents/programacao/codigos/dotnet/bcommerce/backend/src/Services/UserService/UserService.UnitTest/bin/Debug/net8.0/UserService.UnitTest.dll" adapterTypeName="executor://xunit/VsTestRunner2/netcoreapp" className="UserService.UnitTest.Application.Dtos.Responses.LoginUserResponseTests" name="LoginUserResponse_ComExpiresInNegativoOuZero_DevePermitirAtribuicao" />
    </UnitTest>
    <UnitTest name="UserService.UnitTest.Application.Dtos.Requests.LoginUserRequestTests.LoginUserRequest_ComEmailsEspeciais_DevePermitirAtribuicao" storage="/users/diasbruno/documents/programacao/codigos/dotnet/bcommerce/backend/src/services/userservice/userservice.unittest/bin/debug/net8.0/userservice.unittest.dll" id="634cab5d-65e2-e851-73ca-27de73ab3cf8">
      <Execution id="e3b67f0c-d2db-43b2-94b1-109f6ff65a31" />
      <TestMethod codeBase="/Users/diasbruno/Documents/programacao/codigos/dotnet/bcommerce/backend/src/Services/UserService/UserService.UnitTest/bin/Debug/net8.0/UserService.UnitTest.dll" adapterTypeName="executor://xunit/VsTestRunner2/netcoreapp" className="UserService.UnitTest.Application.Dtos.Requests.LoginUserRequestTests" name="LoginUserRequest_ComEmailsEspeciais_DevePermitirAtribuicao" />
    </UnitTest>
    <UnitTest name="UserService.UnitTest.Application.Commands.LoginUserCommandTests.CriarComando_ComDiferentesCredenciais_DeveDefinirPropriedadesCorretamente(email: &quot;maria@teste.com&quot;, password: &quot;OutraSenh@456&quot;)" storage="/users/diasbruno/documents/programacao/codigos/dotnet/bcommerce/backend/src/services/userservice/userservice.unittest/bin/debug/net8.0/userservice.unittest.dll" id="f8b9c1f4-0db3-006d-0ef5-a6aa990d269d">
      <Execution id="bcb79fa6-fc87-4862-8b7a-68aeb3cc03dc" />
      <TestMethod codeBase="/Users/diasbruno/Documents/programacao/codigos/dotnet/bcommerce/backend/src/Services/UserService/UserService.UnitTest/bin/Debug/net8.0/UserService.UnitTest.dll" adapterTypeName="executor://xunit/VsTestRunner2/netcoreapp" className="UserService.UnitTest.Application.Commands.LoginUserCommandTests" name="CriarComando_ComDiferentesCredenciais_DeveDefinirPropriedadesCorretamente" />
    </UnitTest>
    <UnitTest name="UserService.UnitTest.Application.Commands.LoginUserCommandHandlerTests.Handle_ComTokenExpirado_DeveRetornarNovoToken" storage="/users/diasbruno/documents/programacao/codigos/dotnet/bcommerce/backend/src/services/userservice/userservice.unittest/bin/debug/net8.0/userservice.unittest.dll" id="1c704678-463f-c674-d616-2ae71f417d3c">
      <Execution id="64bb8e31-f0cf-44f4-aab6-fda1a4e49bbc" />
      <TestMethod codeBase="/Users/diasbruno/Documents/programacao/codigos/dotnet/bcommerce/backend/src/Services/UserService/UserService.UnitTest/bin/Debug/net8.0/UserService.UnitTest.dll" adapterTypeName="executor://xunit/VsTestRunner2/netcoreapp" className="UserService.UnitTest.Application.Commands.LoginUserCommandHandlerTests" name="Handle_ComTokenExpirado_DeveRetornarNovoToken" />
    </UnitTest>
    <UnitTest name="UserService.UnitTest.Application.Dtos.Keycloak.LoginUserKeycloakTests.LoginUserKeycloak_ComSenhaLonga_DevePermitirCriacao" storage="/users/diasbruno/documents/programacao/codigos/dotnet/bcommerce/backend/src/services/userservice/userservice.unittest/bin/debug/net8.0/userservice.unittest.dll" id="40267795-dc66-6ccc-4acd-9fb940d31784">
      <Execution id="2772aadc-9f3c-4920-865e-e4264db6dd96" />
      <TestMethod codeBase="/Users/diasbruno/Documents/programacao/codigos/dotnet/bcommerce/backend/src/Services/UserService/UserService.UnitTest/bin/Debug/net8.0/UserService.UnitTest.dll" adapterTypeName="executor://xunit/VsTestRunner2/netcoreapp" className="UserService.UnitTest.Application.Dtos.Keycloak.LoginUserKeycloakTests" name="LoginUserKeycloak_ComSenhaLonga_DevePermitirCriacao" />
    </UnitTest>
    <UnitTest name="UserService.UnitTest.Application.Dtos.Responses.LoginUserResponseTests.LoginUserResponse_ComExpiresInPositivo_DevePermitirAtribuicao(expiresIn: 60)" storage="/users/diasbruno/documents/programacao/codigos/dotnet/bcommerce/backend/src/services/userservice/userservice.unittest/bin/debug/net8.0/userservice.unittest.dll" id="598f2432-3031-3292-0b86-7b41692c0aed">
      <Execution id="e2594e51-37a6-4e2b-9025-be40a9c36ea0" />
      <TestMethod codeBase="/Users/diasbruno/Documents/programacao/codigos/dotnet/bcommerce/backend/src/Services/UserService/UserService.UnitTest/bin/Debug/net8.0/UserService.UnitTest.dll" adapterTypeName="executor://xunit/VsTestRunner2/netcoreapp" className="UserService.UnitTest.Application.Dtos.Responses.LoginUserResponseTests" name="LoginUserResponse_ComExpiresInPositivo_DevePermitirAtribuicao" />
    </UnitTest>
    <UnitTest name="UserService.UnitTest.Application.Services.KeycloakServiceTests.CreateUserAsync_ComDadosValidos_DeveRetornarIdDoUsuario" storage="/users/diasbruno/documents/programacao/codigos/dotnet/bcommerce/backend/src/services/userservice/userservice.unittest/bin/debug/net8.0/userservice.unittest.dll" id="a162fb02-6727-1347-585a-e2195cf4b9d9">
      <Execution id="bfaea1fb-9065-4ff8-818b-46f02b1eaa5d" />
      <TestMethod codeBase="/Users/diasbruno/Documents/programacao/codigos/dotnet/bcommerce/backend/src/Services/UserService/UserService.UnitTest/bin/Debug/net8.0/UserService.UnitTest.dll" adapterTypeName="executor://xunit/VsTestRunner2/netcoreapp" className="UserService.UnitTest.Application.Services.KeycloakServiceTests" name="CreateUserAsync_ComDadosValidos_DeveRetornarIdDoUsuario" />
    </UnitTest>
    <UnitTest name="UserService.UnitTest.Application.Dtos.Responses.LoginUserResponseTests.LoginUserResponse_ComRefreshTokenNulo_DevePermitirAtribuicao" storage="/users/diasbruno/documents/programacao/codigos/dotnet/bcommerce/backend/src/services/userservice/userservice.unittest/bin/debug/net8.0/userservice.unittest.dll" id="bf68a559-d665-c831-c945-a09fc53e9224">
      <Execution id="c63ad6db-6fba-4161-8cd1-25737afed4a6" />
      <TestMethod codeBase="/Users/diasbruno/Documents/programacao/codigos/dotnet/bcommerce/backend/src/Services/UserService/UserService.UnitTest/bin/Debug/net8.0/UserService.UnitTest.dll" adapterTypeName="executor://xunit/VsTestRunner2/netcoreapp" className="UserService.UnitTest.Application.Dtos.Responses.LoginUserResponseTests" name="LoginUserResponse_ComRefreshTokenNulo_DevePermitirAtribuicao" />
    </UnitTest>
    <UnitTest name="UserService.UnitTest.Application.Services.KeycloakServiceTests.DeleteUserAsync_ComIdValido_DeveExcluirUsuario" storage="/users/diasbruno/documents/programacao/codigos/dotnet/bcommerce/backend/src/services/userservice/userservice.unittest/bin/debug/net8.0/userservice.unittest.dll" id="5b99c489-2c2b-0bf8-861d-b6b55d7c0637">
      <Execution id="f9380088-d649-42e9-95d5-c282ecbeeaf6" />
      <TestMethod codeBase="/Users/diasbruno/Documents/programacao/codigos/dotnet/bcommerce/backend/src/Services/UserService/UserService.UnitTest/bin/Debug/net8.0/UserService.UnitTest.dll" adapterTypeName="executor://xunit/VsTestRunner2/netcoreapp" className="UserService.UnitTest.Application.Services.KeycloakServiceTests" name="DeleteUserAsync_ComIdValido_DeveExcluirUsuario" />
    </UnitTest>
    <UnitTest name="UserService.UnitTest.Domain.UserTests.Usuario_QuandoStatusDefinido_DeveAceitarStatusValidos(status: Banido)" storage="/users/diasbruno/documents/programacao/codigos/dotnet/bcommerce/backend/src/services/userservice/userservice.unittest/bin/debug/net8.0/userservice.unittest.dll" id="26064631-63e7-bc93-4193-399fdd33c0b2">
      <Execution id="62c1c720-4f3f-4e40-8f13-4886c1650ae9" />
      <TestMethod codeBase="/Users/diasbruno/Documents/programacao/codigos/dotnet/bcommerce/backend/src/Services/UserService/UserService.UnitTest/bin/Debug/net8.0/UserService.UnitTest.dll" adapterTypeName="executor://xunit/VsTestRunner2/netcoreapp" className="UserService.UnitTest.Domain.UserTests" name="Usuario_QuandoStatusDefinido_DeveAceitarStatusValidos" />
    </UnitTest>
    <UnitTest name="UserService.UnitTest.Application.Dtos.Keycloak.LoginUserKeycloakTests.LoginUserKeycloak_ComDiferentesCombinacoesDeDados_DeveDefinirPropriedadesCorretamente(email: &quot;admin@company.net&quot;, password: &quot;admin123&quot;)" storage="/users/diasbruno/documents/programacao/codigos/dotnet/bcommerce/backend/src/services/userservice/userservice.unittest/bin/debug/net8.0/userservice.unittest.dll" id="0890c174-8954-2f4a-3f68-95be19917f04">
      <Execution id="7e499793-90f5-4518-b7cd-844055554217" />
      <TestMethod codeBase="/Users/diasbruno/Documents/programacao/codigos/dotnet/bcommerce/backend/src/Services/UserService/UserService.UnitTest/bin/Debug/net8.0/UserService.UnitTest.dll" adapterTypeName="executor://xunit/VsTestRunner2/netcoreapp" className="UserService.UnitTest.Application.Dtos.Keycloak.LoginUserKeycloakTests" name="LoginUserKeycloak_ComDiferentesCombinacoesDeDados_DeveDefinirPropriedadesCorretamente" />
    </UnitTest>
    <UnitTest name="UserService.UnitTest.Application.Dtos.Keycloak.CreateUserKeycloakTests.CreateUserKeycloak_ComDiferentesCombinacoesDeDados_DeveDefinirPropriedadesCorretamente(email: &quot;user@domain.org&quot;, password: &quot;mypassword&quot;, firstName: &quot;Maria&quot;, lastName: &quot;Santos&quot;, enabled: False)" storage="/users/diasbruno/documents/programacao/codigos/dotnet/bcommerce/backend/src/services/userservice/userservice.unittest/bin/debug/net8.0/userservice.unittest.dll" id="cbeb45ac-56a9-b181-db70-bf0d2b8b3189">
      <Execution id="bddfb0ba-6e7d-4eca-b1d8-e3ac4e2d71e7" />
      <TestMethod codeBase="/Users/diasbruno/Documents/programacao/codigos/dotnet/bcommerce/backend/src/Services/UserService/UserService.UnitTest/bin/Debug/net8.0/UserService.UnitTest.dll" adapterTypeName="executor://xunit/VsTestRunner2/netcoreapp" className="UserService.UnitTest.Application.Dtos.Keycloak.CreateUserKeycloakTests" name="CreateUserKeycloak_ComDiferentesCombinacoesDeDados_DeveDefinirPropriedadesCorretamente" />
    </UnitTest>
    <UnitTest name="UserService.UnitTest.Application.Dtos.Keycloak.LoginUserKeycloakTests.LoginUserKeycloak_ComDadosValidos_DeveDefinirPropriedadesCorretamente" storage="/users/diasbruno/documents/programacao/codigos/dotnet/bcommerce/backend/src/services/userservice/userservice.unittest/bin/debug/net8.0/userservice.unittest.dll" id="e44fe725-b575-6f4a-5e8e-46f6a09a49db">
      <Execution id="3f36f00b-2ec0-46d1-b984-4fa4729de144" />
      <TestMethod codeBase="/Users/diasbruno/Documents/programacao/codigos/dotnet/bcommerce/backend/src/Services/UserService/UserService.UnitTest/bin/Debug/net8.0/UserService.UnitTest.dll" adapterTypeName="executor://xunit/VsTestRunner2/netcoreapp" className="UserService.UnitTest.Application.Dtos.Keycloak.LoginUserKeycloakTests" name="LoginUserKeycloak_ComDadosValidos_DeveDefinirPropriedadesCorretamente" />
    </UnitTest>
    <UnitTest name="UserService.UnitTest.Application.Dtos.Keycloak.LoginUserKeycloakTests.LoginUserKeycloak_ComCaracteresDeControle_DevePermitirCriacao(email: &quot;\t&quot;, password: &quot;\t&quot;)" storage="/users/diasbruno/documents/programacao/codigos/dotnet/bcommerce/backend/src/services/userservice/userservice.unittest/bin/debug/net8.0/userservice.unittest.dll" id="c8b241df-b57a-7afc-ce65-bc6f4fe57d65">
      <Execution id="20afe3c4-c3f8-430b-92a2-709b80212ede" />
      <TestMethod codeBase="/Users/diasbruno/Documents/programacao/codigos/dotnet/bcommerce/backend/src/Services/UserService/UserService.UnitTest/bin/Debug/net8.0/UserService.UnitTest.dll" adapterTypeName="executor://xunit/VsTestRunner2/netcoreapp" className="UserService.UnitTest.Application.Dtos.Keycloak.LoginUserKeycloakTests" name="LoginUserKeycloak_ComCaracteresDeControle_DevePermitirCriacao" />
    </UnitTest>
    <UnitTest name="UserService.UnitTest.Application.Dtos.Keycloak.CreateUserKeycloakTests.CreateUserKeycloak_ComNomesLongos_DevePermitirCriacao" storage="/users/diasbruno/documents/programacao/codigos/dotnet/bcommerce/backend/src/services/userservice/userservice.unittest/bin/debug/net8.0/userservice.unittest.dll" id="8302d487-c677-8166-612f-48492666d649">
      <Execution id="883a0e48-2b8e-4063-923d-8adbf0f3833e" />
      <TestMethod codeBase="/Users/diasbruno/Documents/programacao/codigos/dotnet/bcommerce/backend/src/Services/UserService/UserService.UnitTest/bin/Debug/net8.0/UserService.UnitTest.dll" adapterTypeName="executor://xunit/VsTestRunner2/netcoreapp" className="UserService.UnitTest.Application.Dtos.Keycloak.CreateUserKeycloakTests" name="CreateUserKeycloak_ComNomesLongos_DevePermitirCriacao" />
    </UnitTest>
    <UnitTest name="UserService.UnitTest.Application.Dtos.Requests.LoginUserRequestTests.LoginUserRequest_ComSenhaLonga_DevePermitirAtribuicao" storage="/users/diasbruno/documents/programacao/codigos/dotnet/bcommerce/backend/src/services/userservice/userservice.unittest/bin/debug/net8.0/userservice.unittest.dll" id="5472f781-1150-479a-0d10-2e5fabc0b72f">
      <Execution id="72bfc5fa-9d94-4e0d-8a0d-aeead028f327" />
      <TestMethod codeBase="/Users/diasbruno/Documents/programacao/codigos/dotnet/bcommerce/backend/src/Services/UserService/UserService.UnitTest/bin/Debug/net8.0/UserService.UnitTest.dll" adapterTypeName="executor://xunit/VsTestRunner2/netcoreapp" className="UserService.UnitTest.Application.Dtos.Requests.LoginUserRequestTests" name="LoginUserRequest_ComSenhaLonga_DevePermitirAtribuicao" />
    </UnitTest>
    <UnitTest name="UserService.UnitTest.Application.Dtos.Responses.LoginUserResponseTests.LoginUserResponse_ComDadosGeradosPorFaker_DeveDefinirPropriedadesCorretamente" storage="/users/diasbruno/documents/programacao/codigos/dotnet/bcommerce/backend/src/services/userservice/userservice.unittest/bin/debug/net8.0/userservice.unittest.dll" id="faefb261-f41f-8e5b-71a1-227183d9ce70">
      <Execution id="417c22cc-7381-46b7-b932-26bbf3fd8cbb" />
      <TestMethod codeBase="/Users/diasbruno/Documents/programacao/codigos/dotnet/bcommerce/backend/src/Services/UserService/UserService.UnitTest/bin/Debug/net8.0/UserService.UnitTest.dll" adapterTypeName="executor://xunit/VsTestRunner2/netcoreapp" className="UserService.UnitTest.Application.Dtos.Responses.LoginUserResponseTests" name="LoginUserResponse_ComDadosGeradosPorFaker_DeveDefinirPropriedadesCorretamente" />
    </UnitTest>
    <UnitTest name="UserService.UnitTest.Application.Dtos.Responses.LoginUserResponseTests.LoginUserResponse_ComDiferentesCombinacoesDeDados_DeveDefinirPropriedadesCorretamente(accessToken: &quot;access_token_456&quot;, refreshToken: &quot;eyJhbGciOiJIUzI1NiIsInR5cCI6IkpXVCJ9&quot;, tokenType: &quot;bearer&quot;, expiresIn: 7200)" storage="/users/diasbruno/documents/programacao/codigos/dotnet/bcommerce/backend/src/services/userservice/userservice.unittest/bin/debug/net8.0/userservice.unittest.dll" id="ead62057-8fe9-f841-c449-ad4098aa83d7">
      <Execution id="44ce92cd-9fab-41bc-aef5-ef38305e1c93" />
      <TestMethod codeBase="/Users/diasbruno/Documents/programacao/codigos/dotnet/bcommerce/backend/src/Services/UserService/UserService.UnitTest/bin/Debug/net8.0/UserService.UnitTest.dll" adapterTypeName="executor://xunit/VsTestRunner2/netcoreapp" className="UserService.UnitTest.Application.Dtos.Responses.LoginUserResponseTests" name="LoginUserResponse_ComDiferentesCombinacoesDeDados_DeveDefinirPropriedadesCorretamente" />
    </UnitTest>
    <UnitTest name="UserService.UnitTest.Application.Dtos.Requests.LoginUserRequestTests.LoginUserRequest_ComEmailVazioOuEspacos_DevePermitirAtribuicao(email: &quot; &quot;)" storage="/users/diasbruno/documents/programacao/codigos/dotnet/bcommerce/backend/src/services/userservice/userservice.unittest/bin/debug/net8.0/userservice.unittest.dll" id="6e09464b-843d-f2ce-e00c-4cd1a0bc9135">
      <Execution id="1fb0827d-76c1-4ae2-82d7-bb8a0f23cc93" />
      <TestMethod codeBase="/Users/diasbruno/Documents/programacao/codigos/dotnet/bcommerce/backend/src/Services/UserService/UserService.UnitTest/bin/Debug/net8.0/UserService.UnitTest.dll" adapterTypeName="executor://xunit/VsTestRunner2/netcoreapp" className="UserService.UnitTest.Application.Dtos.Requests.LoginUserRequestTests" name="LoginUserRequest_ComEmailVazioOuEspacos_DevePermitirAtribuicao" />
    </UnitTest>
    <UnitTest name="UserService.UnitTest.Application.Dtos.Requests.CreateUserRequestTests.CreateUserRequest_ComEmailVazioOuEspacos_DevePermitirAtribuicao(email: &quot; &quot;)" storage="/users/diasbruno/documents/programacao/codigos/dotnet/bcommerce/backend/src/services/userservice/userservice.unittest/bin/debug/net8.0/userservice.unittest.dll" id="a3e5643c-9355-5ef0-9fdd-663141e30ddc">
      <Execution id="01d8fc08-1ca4-42bd-a4a3-62a7adf67ac3" />
      <TestMethod codeBase="/Users/diasbruno/Documents/programacao/codigos/dotnet/bcommerce/backend/src/Services/UserService/UserService.UnitTest/bin/Debug/net8.0/UserService.UnitTest.dll" adapterTypeName="executor://xunit/VsTestRunner2/netcoreapp" className="UserService.UnitTest.Application.Dtos.Requests.CreateUserRequestTests" name="CreateUserRequest_ComEmailVazioOuEspacos_DevePermitirAtribuicao" />
    </UnitTest>
    <UnitTest name="UserService.UnitTest.Application.Dtos.Keycloak.LoginUserKeycloakTests.LoginUserKeycloak_DeveSerRecord_ComIgualdadeCorreta" storage="/users/diasbruno/documents/programacao/codigos/dotnet/bcommerce/backend/src/services/userservice/userservice.unittest/bin/debug/net8.0/userservice.unittest.dll" id="216b8240-df47-df55-a8bc-b11def2680be">
      <Execution id="22f40b7b-6c98-4770-bfcf-f94647f2e2e9" />
      <TestMethod codeBase="/Users/diasbruno/Documents/programacao/codigos/dotnet/bcommerce/backend/src/Services/UserService/UserService.UnitTest/bin/Debug/net8.0/UserService.UnitTest.dll" adapterTypeName="executor://xunit/VsTestRunner2/netcoreapp" className="UserService.UnitTest.Application.Dtos.Keycloak.LoginUserKeycloakTests" name="LoginUserKeycloak_DeveSerRecord_ComIgualdadeCorreta" />
    </UnitTest>
    <UnitTest name="UserService.UnitTest.Application.Services.PasswordEncripterTests.VerifyPassword_ComHashNulo_DeveLancarExcecao" storage="/users/diasbruno/documents/programacao/codigos/dotnet/bcommerce/backend/src/services/userservice/userservice.unittest/bin/debug/net8.0/userservice.unittest.dll" id="ff68200b-b0bf-e5fc-2918-72089de7bd93">
      <Execution id="a53e4780-3b3f-4e0d-98b0-8f8d5305f210" />
      <TestMethod codeBase="/Users/diasbruno/Documents/programacao/codigos/dotnet/bcommerce/backend/src/Services/UserService/UserService.UnitTest/bin/Debug/net8.0/UserService.UnitTest.dll" adapterTypeName="executor://xunit/VsTestRunner2/netcoreapp" className="UserService.UnitTest.Application.Services.PasswordEncripterTests" name="VerifyPassword_ComHashNulo_DeveLancarExcecao" />
    </UnitTest>
    <UnitTest name="UserService.UnitTest.Application.Dtos.Responses.CreateUserResponseTests.CreateUserResponse_ComValoresPadrao_DeveInicializarPropriedadesCorretamente" storage="/users/diasbruno/documents/programacao/codigos/dotnet/bcommerce/backend/src/services/userservice/userservice.unittest/bin/debug/net8.0/userservice.unittest.dll" id="bb35b0ea-0a5f-40e6-f51d-49c9b4409aee">
      <Execution id="59f134d9-cf76-4007-9263-5007ab781d13" />
      <TestMethod codeBase="/Users/diasbruno/Documents/programacao/codigos/dotnet/bcommerce/backend/src/Services/UserService/UserService.UnitTest/bin/Debug/net8.0/UserService.UnitTest.dll" adapterTypeName="executor://xunit/VsTestRunner2/netcoreapp" className="UserService.UnitTest.Application.Dtos.Responses.CreateUserResponseTests" name="CreateUserResponse_ComValoresPadrao_DeveInicializarPropriedadesCorretamente" />
    </UnitTest>
    <UnitTest name="UserService.UnitTest.Application.Dtos.Keycloak.CreateUserKeycloakTests.CreateUserKeycloak_ComSobrenomeVazioOuEspacos_DevePermitirCriacao(lastName: &quot;&quot;)" storage="/users/diasbruno/documents/programacao/codigos/dotnet/bcommerce/backend/src/services/userservice/userservice.unittest/bin/debug/net8.0/userservice.unittest.dll" id="7ede7779-72d1-6379-5aa2-3b4e10425f37">
      <Execution id="1173b1e2-71f9-45ab-85f4-94039c0ade50" />
      <TestMethod codeBase="/Users/diasbruno/Documents/programacao/codigos/dotnet/bcommerce/backend/src/Services/UserService/UserService.UnitTest/bin/Debug/net8.0/UserService.UnitTest.dll" adapterTypeName="executor://xunit/VsTestRunner2/netcoreapp" className="UserService.UnitTest.Application.Dtos.Keycloak.CreateUserKeycloakTests" name="CreateUserKeycloak_ComSobrenomeVazioOuEspacos_DevePermitirCriacao" />
    </UnitTest>
    <UnitTest name="UserService.UnitTest.Application.Dtos.Requests.CreateUserRequestTests.CreateUserRequest_ComSenhaVaziaOuEspacos_DevePermitirAtribuicao(password: &quot;   &quot;)" storage="/users/diasbruno/documents/programacao/codigos/dotnet/bcommerce/backend/src/services/userservice/userservice.unittest/bin/debug/net8.0/userservice.unittest.dll" id="6415e2ed-39aa-afa9-bb78-ac012cc586fb">
      <Execution id="5095fb81-12d9-4efe-8d53-7347cd8267bd" />
      <TestMethod codeBase="/Users/diasbruno/Documents/programacao/codigos/dotnet/bcommerce/backend/src/Services/UserService/UserService.UnitTest/bin/Debug/net8.0/UserService.UnitTest.dll" adapterTypeName="executor://xunit/VsTestRunner2/netcoreapp" className="UserService.UnitTest.Application.Dtos.Requests.CreateUserRequestTests" name="CreateUserRequest_ComSenhaVaziaOuEspacos_DevePermitirAtribuicao" />
    </UnitTest>
    <UnitTest name="UserService.UnitTest.Application.Dtos.Responses.CreateUserResponseTests.CreateUserResponse_ComIdGuidVazio_DevePermitirAtribuicao" storage="/users/diasbruno/documents/programacao/codigos/dotnet/bcommerce/backend/src/services/userservice/userservice.unittest/bin/debug/net8.0/userservice.unittest.dll" id="a56b3ef2-0695-0a5d-706a-729e986fec53">
      <Execution id="32fe5f4f-d7fc-4e5b-a76f-867350e7bca9" />
      <TestMethod codeBase="/Users/diasbruno/Documents/programacao/codigos/dotnet/bcommerce/backend/src/Services/UserService/UserService.UnitTest/bin/Debug/net8.0/UserService.UnitTest.dll" adapterTypeName="executor://xunit/VsTestRunner2/netcoreapp" className="UserService.UnitTest.Application.Dtos.Responses.CreateUserResponseTests" name="CreateUserResponse_ComIdGuidVazio_DevePermitirAtribuicao" />
    </UnitTest>
    <UnitTest name="UserService.UnitTest.Application.Dtos.Keycloak.LoginUserKeycloakTests.LoginUserKeycloak_ComCaracteresDeControle_DevePermitirCriacao(email: &quot;\n&quot;, password: &quot;\n&quot;)" storage="/users/diasbruno/documents/programacao/codigos/dotnet/bcommerce/backend/src/services/userservice/userservice.unittest/bin/debug/net8.0/userservice.unittest.dll" id="15b00dc6-8761-7dfd-3524-dfc1c17e1a0e">
      <Execution id="e5f6a217-8dd4-4023-8ce4-a4cb42caedae" />
      <TestMethod codeBase="/Users/diasbruno/Documents/programacao/codigos/dotnet/bcommerce/backend/src/Services/UserService/UserService.UnitTest/bin/Debug/net8.0/UserService.UnitTest.dll" adapterTypeName="executor://xunit/VsTestRunner2/netcoreapp" className="UserService.UnitTest.Application.Dtos.Keycloak.LoginUserKeycloakTests" name="LoginUserKeycloak_ComCaracteresDeControle_DevePermitirCriacao" />
    </UnitTest>
    <UnitTest name="UserService.UnitTest.Domain.UserAddressExtensionsTests.ObterEnderecoFormatado_QuandoComplementoNulo_DeveRetornarEnderecoFormatadoSemComplemento" storage="/users/diasbruno/documents/programacao/codigos/dotnet/bcommerce/backend/src/services/userservice/userservice.unittest/bin/debug/net8.0/userservice.unittest.dll" id="00a0325e-b219-1db4-5680-42c714d4d7b7">
      <Execution id="3fc11e39-36ff-4386-80be-2d45de88ab28" />
      <TestMethod codeBase="/Users/diasbruno/Documents/programacao/codigos/dotnet/bcommerce/backend/src/Services/UserService/UserService.UnitTest/bin/Debug/net8.0/UserService.UnitTest.dll" adapterTypeName="executor://xunit/VsTestRunner2/netcoreapp" className="UserService.UnitTest.Domain.UserAddressExtensionsTests" name="ObterEnderecoFormatado_QuandoComplementoNulo_DeveRetornarEnderecoFormatadoSemComplemento" />
    </UnitTest>
    <UnitTest name="UserService.UnitTest.Application.Commands.LoginUserCommandHandlerTests.Handle_ComCancelationToken_DevePassarTokenParaKeycloak" storage="/users/diasbruno/documents/programacao/codigos/dotnet/bcommerce/backend/src/services/userservice/userservice.unittest/bin/debug/net8.0/userservice.unittest.dll" id="acab582f-6225-ac34-6f12-d725784a465c">
      <Execution id="89416927-4948-430e-a4ad-fbcb8fefd159" />
      <TestMethod codeBase="/Users/diasbruno/Documents/programacao/codigos/dotnet/bcommerce/backend/src/Services/UserService/UserService.UnitTest/bin/Debug/net8.0/UserService.UnitTest.dll" adapterTypeName="executor://xunit/VsTestRunner2/netcoreapp" className="UserService.UnitTest.Application.Commands.LoginUserCommandHandlerTests" name="Handle_ComCancelationToken_DevePassarTokenParaKeycloak" />
    </UnitTest>
    <UnitTest name="UserService.UnitTest.Application.Dtos.Requests.CreateUserRequestTests.CreateUserRequest_ComEmailNulo_DevePermitirAtribuicao" storage="/users/diasbruno/documents/programacao/codigos/dotnet/bcommerce/backend/src/services/userservice/userservice.unittest/bin/debug/net8.0/userservice.unittest.dll" id="6974fed6-7f35-242d-e3df-a93c0def144e">
      <Execution id="93fb49bd-8fd7-464b-9e62-b957de387535" />
      <TestMethod codeBase="/Users/diasbruno/Documents/programacao/codigos/dotnet/bcommerce/backend/src/Services/UserService/UserService.UnitTest/bin/Debug/net8.0/UserService.UnitTest.dll" adapterTypeName="executor://xunit/VsTestRunner2/netcoreapp" className="UserService.UnitTest.Application.Dtos.Requests.CreateUserRequestTests" name="CreateUserRequest_ComEmailNulo_DevePermitirAtribuicao" />
    </UnitTest>
    <UnitTest name="UserService.UnitTest.Application.Dtos.Keycloak.CreateUserKeycloakTests.CreateUserKeycloak_ComDiferentesCombinacoesDeDados_DeveDefinirPropriedadesCorretamente(email: &quot;admin@company.net&quot;, password: &quot;admin123&quot;, firstName: &quot;Pedro&quot;, lastName: &quot;Oliveira&quot;, enabled: True)" storage="/users/diasbruno/documents/programacao/codigos/dotnet/bcommerce/backend/src/services/userservice/userservice.unittest/bin/debug/net8.0/userservice.unittest.dll" id="4a337eb1-d6fd-e7af-b760-c85c1072731f">
      <Execution id="5bd8ab7f-daf8-4075-b0fc-cd96d529b2f2" />
      <TestMethod codeBase="/Users/diasbruno/Documents/programacao/codigos/dotnet/bcommerce/backend/src/Services/UserService/UserService.UnitTest/bin/Debug/net8.0/UserService.UnitTest.dll" adapterTypeName="executor://xunit/VsTestRunner2/netcoreapp" className="UserService.UnitTest.Application.Dtos.Keycloak.CreateUserKeycloakTests" name="CreateUserKeycloak_ComDiferentesCombinacoesDeDados_DeveDefinirPropriedadesCorretamente" />
    </UnitTest>
    <UnitTest name="UserService.UnitTest.Application.Dtos.Keycloak.LoginUserKeycloakTests.LoginUserKeycloak_ComCaracteresDeControle_DevePermitirCriacao(email: &quot;\r&quot;, password: &quot;\r&quot;)" storage="/users/diasbruno/documents/programacao/codigos/dotnet/bcommerce/backend/src/services/userservice/userservice.unittest/bin/debug/net8.0/userservice.unittest.dll" id="a30d56a5-15c9-b03d-3d85-2e961a7c1a18">
      <Execution id="d9438afd-ec65-4dd5-9181-c5e35285e790" />
      <TestMethod codeBase="/Users/diasbruno/Documents/programacao/codigos/dotnet/bcommerce/backend/src/Services/UserService/UserService.UnitTest/bin/Debug/net8.0/UserService.UnitTest.dll" adapterTypeName="executor://xunit/VsTestRunner2/netcoreapp" className="UserService.UnitTest.Application.Dtos.Keycloak.LoginUserKeycloakTests" name="LoginUserKeycloak_ComCaracteresDeControle_DevePermitirCriacao" />
    </UnitTest>
    <UnitTest name="UserService.UnitTest.Application.Dtos.Requests.LoginUserRequestTests.LoginUserRequest_ComModificacaoAposInicializacao_DevePermitirAlteracao" storage="/users/diasbruno/documents/programacao/codigos/dotnet/bcommerce/backend/src/services/userservice/userservice.unittest/bin/debug/net8.0/userservice.unittest.dll" id="db4284d8-875f-34c1-8ceb-995f4fcededb">
      <Execution id="48fd2d1f-1378-4da1-b4f8-630168ab6dc6" />
      <TestMethod codeBase="/Users/diasbruno/Documents/programacao/codigos/dotnet/bcommerce/backend/src/Services/UserService/UserService.UnitTest/bin/Debug/net8.0/UserService.UnitTest.dll" adapterTypeName="executor://xunit/VsTestRunner2/netcoreapp" className="UserService.UnitTest.Application.Dtos.Requests.LoginUserRequestTests" name="LoginUserRequest_ComModificacaoAposInicializacao_DevePermitirAlteracao" />
    </UnitTest>
    <UnitTest name="UserService.UnitTest.Application.Dtos.Requests.CreateUserRequestTests.CreateUserRequest_ComDadosValidos_DeveDefinirPropriedadesCorretamente" storage="/users/diasbruno/documents/programacao/codigos/dotnet/bcommerce/backend/src/services/userservice/userservice.unittest/bin/debug/net8.0/userservice.unittest.dll" id="de562b09-2c5e-f09c-fd30-893f727481c2">
      <Execution id="1a973bc5-080c-4698-9507-549838aae64d" />
      <TestMethod codeBase="/Users/diasbruno/Documents/programacao/codigos/dotnet/bcommerce/backend/src/Services/UserService/UserService.UnitTest/bin/Debug/net8.0/UserService.UnitTest.dll" adapterTypeName="executor://xunit/VsTestRunner2/netcoreapp" className="UserService.UnitTest.Application.Dtos.Requests.CreateUserRequestTests" name="CreateUserRequest_ComDadosValidos_DeveDefinirPropriedadesCorretamente" />
    </UnitTest>
    <UnitTest name="UserService.UnitTest.Application.Dtos.Requests.CreateUserRequestTests.CreateUserRequest_ComSenhaNula_DevePermitirAtribuicao" storage="/users/diasbruno/documents/programacao/codigos/dotnet/bcommerce/backend/src/services/userservice/userservice.unittest/bin/debug/net8.0/userservice.unittest.dll" id="4981f8ca-67b0-28b7-16fb-bd68d0fadc37">
      <Execution id="ca48f219-221a-4fa7-8726-fa009ef4af01" />
      <TestMethod codeBase="/Users/diasbruno/Documents/programacao/codigos/dotnet/bcommerce/backend/src/Services/UserService/UserService.UnitTest/bin/Debug/net8.0/UserService.UnitTest.dll" adapterTypeName="executor://xunit/VsTestRunner2/netcoreapp" className="UserService.UnitTest.Application.Dtos.Requests.CreateUserRequestTests" name="CreateUserRequest_ComSenhaNula_DevePermitirAtribuicao" />
    </UnitTest>
    <UnitTest name="UserService.UnitTest.Application.Commands.CreateUserCommandTests.CriarComando_ComDiferentesCombinacoes_DeveDefinirPropriedadesCorretamente(firstName: &quot;Maria&quot;, lastName: &quot;Santos&quot;, email: &quot;maria@teste.com&quot;, password: &quot;OutraSenh@456&quot;, newsletterOptIn: False)" storage="/users/diasbruno/documents/programacao/codigos/dotnet/bcommerce/backend/src/services/userservice/userservice.unittest/bin/debug/net8.0/userservice.unittest.dll" id="69cb5bae-b64d-0b6e-2d07-1d52f3e6a652">
      <Execution id="73ae0798-1af6-43ed-bec4-4ba5c2ceff2f" />
      <TestMethod codeBase="/Users/diasbruno/Documents/programacao/codigos/dotnet/bcommerce/backend/src/Services/UserService/UserService.UnitTest/bin/Debug/net8.0/UserService.UnitTest.dll" adapterTypeName="executor://xunit/VsTestRunner2/netcoreapp" className="UserService.UnitTest.Application.Commands.CreateUserCommandTests" name="CriarComando_ComDiferentesCombinacoes_DeveDefinirPropriedadesCorretamente" />
    </UnitTest>
    <UnitTest name="UserService.UnitTest.Application.Dtos.Responses.LoginUserResponseTests.LoginUserResponse_ComTokenTypeVazioOuEspacos_DevePermitirAtribuicao(tokenType: &quot;&quot;)" storage="/users/diasbruno/documents/programacao/codigos/dotnet/bcommerce/backend/src/services/userservice/userservice.unittest/bin/debug/net8.0/userservice.unittest.dll" id="4b5865a6-7130-4ee3-4f6a-51455f5ae41c">
      <Execution id="dbc9d792-067c-4599-a585-65c3b2363053" />
      <TestMethod codeBase="/Users/diasbruno/Documents/programacao/codigos/dotnet/bcommerce/backend/src/Services/UserService/UserService.UnitTest/bin/Debug/net8.0/UserService.UnitTest.dll" adapterTypeName="executor://xunit/VsTestRunner2/netcoreapp" className="UserService.UnitTest.Application.Dtos.Responses.LoginUserResponseTests" name="LoginUserResponse_ComTokenTypeVazioOuEspacos_DevePermitirAtribuicao" />
    </UnitTest>
    <UnitTest name="UserService.UnitTest.Application.Dtos.Keycloak.LoginUserKeycloakTests.LoginUserKeycloak_ComEmailsEspeciais_DevePermitirCriacao" storage="/users/diasbruno/documents/programacao/codigos/dotnet/bcommerce/backend/src/services/userservice/userservice.unittest/bin/debug/net8.0/userservice.unittest.dll" id="754d74b5-9f62-1c41-8e5d-2dd8b5f59b70">
      <Execution id="48029250-2402-4376-b87a-87d024f42318" />
      <TestMethod codeBase="/Users/diasbruno/Documents/programacao/codigos/dotnet/bcommerce/backend/src/Services/UserService/UserService.UnitTest/bin/Debug/net8.0/UserService.UnitTest.dll" adapterTypeName="executor://xunit/VsTestRunner2/netcoreapp" className="UserService.UnitTest.Application.Dtos.Keycloak.LoginUserKeycloakTests" name="LoginUserKeycloak_ComEmailsEspeciais_DevePermitirCriacao" />
    </UnitTest>
    <UnitTest name="UserService.UnitTest.Application.Dtos.Keycloak.LoginUserKeycloakTests.LoginUserKeycloak_ComSenhasEspeciais_DevePermitirCriacao" storage="/users/diasbruno/documents/programacao/codigos/dotnet/bcommerce/backend/src/services/userservice/userservice.unittest/bin/debug/net8.0/userservice.unittest.dll" id="d4de45df-2ee9-3818-54dc-270dc3bfcc8e">
      <Execution id="703944d6-a90a-4299-b9b3-4ff0b3d76773" />
      <TestMethod codeBase="/Users/diasbruno/Documents/programacao/codigos/dotnet/bcommerce/backend/src/Services/UserService/UserService.UnitTest/bin/Debug/net8.0/UserService.UnitTest.dll" adapterTypeName="executor://xunit/VsTestRunner2/netcoreapp" className="UserService.UnitTest.Application.Dtos.Keycloak.LoginUserKeycloakTests" name="LoginUserKeycloak_ComSenhasEspeciais_DevePermitirCriacao" />
    </UnitTest>
    <UnitTest name="UserService.UnitTest.Domain.UserTests.Usuario_QuandoHashSenhaDefinido_DeveArmazenarCorretamente" storage="/users/diasbruno/documents/programacao/codigos/dotnet/bcommerce/backend/src/services/userservice/userservice.unittest/bin/debug/net8.0/userservice.unittest.dll" id="3d3a96f3-4a53-d31b-8129-bc34dd0b7ecd">
      <Execution id="8b6b09b1-dc58-427e-abc3-2032241e098e" />
      <TestMethod codeBase="/Users/diasbruno/Documents/programacao/codigos/dotnet/bcommerce/backend/src/Services/UserService/UserService.UnitTest/bin/Debug/net8.0/UserService.UnitTest.dll" adapterTypeName="executor://xunit/VsTestRunner2/netcoreapp" className="UserService.UnitTest.Domain.UserTests" name="Usuario_QuandoHashSenhaDefinido_DeveArmazenarCorretamente" />
    </UnitTest>
    <UnitTest name="UserService.UnitTest.Application.Dtos.Responses.CreateUserResponseTests.CreateUserResponse_ComEmailNulo_DevePermitirAtribuicao" storage="/users/diasbruno/documents/programacao/codigos/dotnet/bcommerce/backend/src/services/userservice/userservice.unittest/bin/debug/net8.0/userservice.unittest.dll" id="ca9a6897-c80b-4651-66cf-d5f43912bd5c">
      <Execution id="825e6b6e-0a33-47c5-8ddf-f55dad6cef39" />
      <TestMethod codeBase="/Users/diasbruno/Documents/programacao/codigos/dotnet/bcommerce/backend/src/Services/UserService/UserService.UnitTest/bin/Debug/net8.0/UserService.UnitTest.dll" adapterTypeName="executor://xunit/VsTestRunner2/netcoreapp" className="UserService.UnitTest.Application.Dtos.Responses.CreateUserResponseTests" name="CreateUserResponse_ComEmailNulo_DevePermitirAtribuicao" />
    </UnitTest>
    <UnitTest name="UserService.UnitTest.Application.Services.PasswordEncripterTests.EncryptPassword_ComSenhaVazia_DeveRetornarHashValido" storage="/users/diasbruno/documents/programacao/codigos/dotnet/bcommerce/backend/src/services/userservice/userservice.unittest/bin/debug/net8.0/userservice.unittest.dll" id="d588092e-c472-cb56-3280-6b4137fa6cd2">
      <Execution id="9d6619d8-ec1c-4140-a223-0019e4322ad2" />
      <TestMethod codeBase="/Users/diasbruno/Documents/programacao/codigos/dotnet/bcommerce/backend/src/Services/UserService/UserService.UnitTest/bin/Debug/net8.0/UserService.UnitTest.dll" adapterTypeName="executor://xunit/VsTestRunner2/netcoreapp" className="UserService.UnitTest.Application.Services.PasswordEncripterTests" name="EncryptPassword_ComSenhaVazia_DeveRetornarHashValido" />
    </UnitTest>
    <UnitTest name="UserService.UnitTest.Application.Commands.LoginUserCommandHandlerTests.Handle_ComUsuarioInexistente_DeveRetornarFalha" storage="/users/diasbruno/documents/programacao/codigos/dotnet/bcommerce/backend/src/services/userservice/userservice.unittest/bin/debug/net8.0/userservice.unittest.dll" id="6db8dbd3-7b5f-7324-b691-1ab92965e592">
      <Execution id="4ab805ae-6ad5-4179-8d52-0e40faf52c37" />
      <TestMethod codeBase="/Users/diasbruno/Documents/programacao/codigos/dotnet/bcommerce/backend/src/Services/UserService/UserService.UnitTest/bin/Debug/net8.0/UserService.UnitTest.dll" adapterTypeName="executor://xunit/VsTestRunner2/netcoreapp" className="UserService.UnitTest.Application.Commands.LoginUserCommandHandlerTests" name="Handle_ComUsuarioInexistente_DeveRetornarFalha" />
    </UnitTest>
    <UnitTest name="UserService.UnitTest.Application.Dtos.Requests.LoginUserRequestTests.LoginUserRequest_ComSenhaVaziaOuEspacos_DevePermitirAtribuicao(password: &quot;   &quot;)" storage="/users/diasbruno/documents/programacao/codigos/dotnet/bcommerce/backend/src/services/userservice/userservice.unittest/bin/debug/net8.0/userservice.unittest.dll" id="5d428a58-f006-fd3d-634c-486ac9ab59ac">
      <Execution id="2264fd10-97d7-4915-8da7-c810cf40255d" />
      <TestMethod codeBase="/Users/diasbruno/Documents/programacao/codigos/dotnet/bcommerce/backend/src/Services/UserService/UserService.UnitTest/bin/Debug/net8.0/UserService.UnitTest.dll" adapterTypeName="executor://xunit/VsTestRunner2/netcoreapp" className="UserService.UnitTest.Application.Dtos.Requests.LoginUserRequestTests" name="LoginUserRequest_ComSenhaVaziaOuEspacos_DevePermitirAtribuicao" />
    </UnitTest>
    <UnitTest name="UserService.UnitTest.Application.Commands.CreateUserCommandHandlerTests.Handle_ComNewsletterOptInFalse_DeveCriarUsuarioSemNewsletter" storage="/users/diasbruno/documents/programacao/codigos/dotnet/bcommerce/backend/src/services/userservice/userservice.unittest/bin/debug/net8.0/userservice.unittest.dll" id="0e5fcfee-bd6d-f45f-061a-0b8ebdec31cd">
      <Execution id="23505bff-0e21-46cd-867e-334296328736" />
      <TestMethod codeBase="/Users/diasbruno/Documents/programacao/codigos/dotnet/bcommerce/backend/src/Services/UserService/UserService.UnitTest/bin/Debug/net8.0/UserService.UnitTest.dll" adapterTypeName="executor://xunit/VsTestRunner2/netcoreapp" className="UserService.UnitTest.Application.Commands.CreateUserCommandHandlerTests" name="Handle_ComNewsletterOptInFalse_DeveCriarUsuarioSemNewsletter" />
    </UnitTest>
    <UnitTest name="UserService.UnitTest.Application.Commands.LoginUserCommandTests.CriarComando_ComDadosValidos_DeveDefinirPropriedadesCorretamente" storage="/users/diasbruno/documents/programacao/codigos/dotnet/bcommerce/backend/src/services/userservice/userservice.unittest/bin/debug/net8.0/userservice.unittest.dll" id="fb095c6b-ef89-7c80-525c-de74a5eb5df3">
      <Execution id="7cbdf27b-c82f-48d8-a18b-42e76f031f20" />
      <TestMethod codeBase="/Users/diasbruno/Documents/programacao/codigos/dotnet/bcommerce/backend/src/Services/UserService/UserService.UnitTest/bin/Debug/net8.0/UserService.UnitTest.dll" adapterTypeName="executor://xunit/VsTestRunner2/netcoreapp" className="UserService.UnitTest.Application.Commands.LoginUserCommandTests" name="CriarComando_ComDadosValidos_DeveDefinirPropriedadesCorretamente" />
    </UnitTest>
    <UnitTest name="UserService.UnitTest.Application.Dtos.Responses.LoginUserResponseTests.LoginUserResponse_ComDiferentesTiposDeToken_DevePermitirAtribuicao(tokenType: &quot;Basic&quot;)" storage="/users/diasbruno/documents/programacao/codigos/dotnet/bcommerce/backend/src/services/userservice/userservice.unittest/bin/debug/net8.0/userservice.unittest.dll" id="4a8777a8-dccb-6e9c-0f8a-78e986de79cb">
      <Execution id="acdbeda4-de9b-487a-96ff-2c653cc56252" />
      <TestMethod codeBase="/Users/diasbruno/Documents/programacao/codigos/dotnet/bcommerce/backend/src/Services/UserService/UserService.UnitTest/bin/Debug/net8.0/UserService.UnitTest.dll" adapterTypeName="executor://xunit/VsTestRunner2/netcoreapp" className="UserService.UnitTest.Application.Dtos.Responses.LoginUserResponseTests" name="LoginUserResponse_ComDiferentesTiposDeToken_DevePermitirAtribuicao" />
    </UnitTest>
    <UnitTest name="UserService.UnitTest.Domain.UserTests.Usuario_QuandoCriadoComBuilder_DeveConterDadosValidos" storage="/users/diasbruno/documents/programacao/codigos/dotnet/bcommerce/backend/src/services/userservice/userservice.unittest/bin/debug/net8.0/userservice.unittest.dll" id="77c0768c-514d-6c68-1812-d761e9395ff3">
      <Execution id="f0decfd4-6e5a-4fce-8ee1-63075f640794" />
      <TestMethod codeBase="/Users/diasbruno/Documents/programacao/codigos/dotnet/bcommerce/backend/src/Services/UserService/UserService.UnitTest/bin/Debug/net8.0/UserService.UnitTest.dll" adapterTypeName="executor://xunit/VsTestRunner2/netcoreapp" className="UserService.UnitTest.Domain.UserTests" name="Usuario_QuandoCriadoComBuilder_DeveConterDadosValidos" />
    </UnitTest>
    <UnitTest name="UserService.UnitTest.Domain.UserAddressExtensionsTests.ObterEnderecoFormatado_QuandoComplementoEspacosVazios_DeveRetornarEnderecoFormatadoSemComplemento" storage="/users/diasbruno/documents/programacao/codigos/dotnet/bcommerce/backend/src/services/userservice/userservice.unittest/bin/debug/net8.0/userservice.unittest.dll" id="579b5bed-355d-f06a-3878-0843fd9bf111">
      <Execution id="dd699f97-f602-4e7b-8750-fc60a8a463e9" />
      <TestMethod codeBase="/Users/diasbruno/Documents/programacao/codigos/dotnet/bcommerce/backend/src/Services/UserService/UserService.UnitTest/bin/Debug/net8.0/UserService.UnitTest.dll" adapterTypeName="executor://xunit/VsTestRunner2/netcoreapp" className="UserService.UnitTest.Domain.UserAddressExtensionsTests" name="ObterEnderecoFormatado_QuandoComplementoEspacosVazios_DeveRetornarEnderecoFormatadoSemComplemento" />
    </UnitTest>
    <UnitTest name="UserService.UnitTest.Application.Dtos.Responses.CreateUserResponseTests.CreateUserResponse_ComDataCreatedAtMaxValue_DevePermitirAtribuicao" storage="/users/diasbruno/documents/programacao/codigos/dotnet/bcommerce/backend/src/services/userservice/userservice.unittest/bin/debug/net8.0/userservice.unittest.dll" id="94c2b6de-5241-d485-ac8e-41560f178d01">
      <Execution id="1baa7b0e-632e-47b2-9cb4-eb6057b4f26f" />
      <TestMethod codeBase="/Users/diasbruno/Documents/programacao/codigos/dotnet/bcommerce/backend/src/Services/UserService/UserService.UnitTest/bin/Debug/net8.0/UserService.UnitTest.dll" adapterTypeName="executor://xunit/VsTestRunner2/netcoreapp" className="UserService.UnitTest.Application.Dtos.Responses.CreateUserResponseTests" name="CreateUserResponse_ComDataCreatedAtMaxValue_DevePermitirAtribuicao" />
    </UnitTest>
  </TestDefinitions>
  <TestEntries>
    <TestEntry testId="9275a646-add3-ee8d-c809-ecb8a8e3f3fc" executionId="db76a0f6-e639-4f50-8ea2-4d3f68254173" testListId="8c84fa94-04c1-424b-9868-57a2d4851a1d" />
    <TestEntry testId="7edfa15f-a405-492f-f256-aeeef35b1c52" executionId="f846db63-4cf0-4e77-af22-2e6045e85fe2" testListId="8c84fa94-04c1-424b-9868-57a2d4851a1d" />
    <TestEntry testId="15b00dc6-8761-7dfd-3524-dfc1c17e1a0e" executionId="e5f6a217-8dd4-4023-8ce4-a4cb42caedae" testListId="8c84fa94-04c1-424b-9868-57a2d4851a1d" />
    <TestEntry testId="64e1aecb-9e30-c5d0-5a75-78b9e973ebdf" executionId="0b463f0f-43c9-4a62-b32a-171ea7f1867b" testListId="8c84fa94-04c1-424b-9868-57a2d4851a1d" />
    <TestEntry testId="0a819944-3627-6320-8a60-5c8e3670cd38" executionId="a0e23094-31a3-45b9-996d-7a678251d1d1" testListId="8c84fa94-04c1-424b-9868-57a2d4851a1d" />
    <TestEntry testId="3d3b9104-58df-c60e-7604-16031cc31e72" executionId="16f487fc-893f-4edc-b5c1-6a467f1912ca" testListId="8c84fa94-04c1-424b-9868-57a2d4851a1d" />
    <TestEntry testId="c50df869-b3c4-1b8a-0bad-e772087c3927" executionId="3e0a7c87-784d-4233-8c9b-9ffa14f9338c" testListId="8c84fa94-04c1-424b-9868-57a2d4851a1d" />
    <TestEntry testId="9750dd9c-2b78-49b3-896d-e9ac5a9af7be" executionId="b015ddc1-86b8-43d3-b681-3a013df4578d" testListId="8c84fa94-04c1-424b-9868-57a2d4851a1d" />
    <TestEntry testId="d9e444cf-8e9b-8caf-5fd4-b02fbc20ebc7" executionId="e4c72d30-2e1b-4274-b4bc-05af8f47dd25" testListId="8c84fa94-04c1-424b-9868-57a2d4851a1d" />
    <TestEntry testId="d4de45df-2ee9-3818-54dc-270dc3bfcc8e" executionId="703944d6-a90a-4299-b9b3-4ff0b3d76773" testListId="8c84fa94-04c1-424b-9868-57a2d4851a1d" />
    <TestEntry testId="c48f3693-24b9-b9f1-3b52-fe0f40af0c26" executionId="c29d6ce9-1bcf-4add-a94f-7dc01e46bcfc" testListId="8c84fa94-04c1-424b-9868-57a2d4851a1d" />
    <TestEntry testId="e17b7cb9-2e37-5171-bf20-8e757d62d918" executionId="90edce16-90f2-4c2a-b093-d0dd06b48f8c" testListId="8c84fa94-04c1-424b-9868-57a2d4851a1d" />
    <TestEntry testId="4d5abda7-7da4-712d-602e-675946223906" executionId="5490ee3a-e71e-43a7-b32f-8dddff00ca36" testListId="8c84fa94-04c1-424b-9868-57a2d4851a1d" />
    <TestEntry testId="cbeb45ac-56a9-b181-db70-bf0d2b8b3189" executionId="bddfb0ba-6e7d-4eca-b1d8-e3ac4e2d71e7" testListId="8c84fa94-04c1-424b-9868-57a2d4851a1d" />
    <TestEntry testId="79348a23-39f7-ae80-156c-06b1524027de" executionId="670a6217-187c-4dee-8da9-7b3500f97d95" testListId="8c84fa94-04c1-424b-9868-57a2d4851a1d" />
    <TestEntry testId="57a41fb6-ad6a-e4d4-d70e-2b7b58d9ebe6" executionId="8806204c-cb94-4e00-b5f0-691f2f3f9daf" testListId="8c84fa94-04c1-424b-9868-57a2d4851a1d" />
    <TestEntry testId="292a0587-9db2-78cd-7bbb-972a0e245863" executionId="70b278c4-bb81-4185-a37e-57b3a6eef85b" testListId="8c84fa94-04c1-424b-9868-57a2d4851a1d" />
    <TestEntry testId="685f973e-3db8-7bb4-f100-0e47ca648e30" executionId="66b2859d-19ea-468e-bda7-47f45b73d6ef" testListId="8c84fa94-04c1-424b-9868-57a2d4851a1d" />
    <TestEntry testId="c4988668-44b7-6e24-5ea0-95fef931415f" executionId="d834f243-ecc8-4892-ae8b-1632cd135bba" testListId="8c84fa94-04c1-424b-9868-57a2d4851a1d" />
    <TestEntry testId="321b1e81-3b6f-125b-b35e-2cc7a19e0114" executionId="9979c3ba-0d7f-4dc8-83d1-93ed918bbb5e" testListId="8c84fa94-04c1-424b-9868-57a2d4851a1d" />
    <TestEntry testId="fe2188a3-a528-1695-0a18-13de35ee7b3e" executionId="98cc51a2-4788-4cc2-8c0d-a6ec6c1da6f5" testListId="8c84fa94-04c1-424b-9868-57a2d4851a1d" />
    <TestEntry testId="594efe64-66ef-f3fa-a651-622da975ad06" executionId="250fcd71-6f7c-46ca-98ce-8d039191abd2" testListId="8c84fa94-04c1-424b-9868-57a2d4851a1d" />
    <TestEntry testId="84b86d7e-0f77-e8bb-8ca8-882d441f0046" executionId="96038ed8-ca93-4b03-968d-5cf8f5c42071" testListId="8c84fa94-04c1-424b-9868-57a2d4851a1d" />
    <TestEntry testId="aeb58abd-f3e4-0504-34c7-844f95ce41e7" executionId="65fa1aa4-1d67-452d-832b-e0968e254015" testListId="8c84fa94-04c1-424b-9868-57a2d4851a1d" />
    <TestEntry testId="9040559d-3d05-8a7d-2668-cc2dfe090132" executionId="0f700aea-b67f-461f-9947-9ac64445d3ef" testListId="8c84fa94-04c1-424b-9868-57a2d4851a1d" />
    <TestEntry testId="4aaa9357-1d22-5091-fa57-cbefdb70b12e" executionId="9798130a-23e9-4340-85fb-0ef0ce4c576d" testListId="8c84fa94-04c1-424b-9868-57a2d4851a1d" />
    <TestEntry testId="f2e7343d-6d78-f1e1-176c-353e3e9faddd" executionId="5ea2ed29-9df7-4709-a510-3e16ad0e2360" testListId="8c84fa94-04c1-424b-9868-57a2d4851a1d" />
    <TestEntry testId="5dff643f-cbf4-e0e0-57b8-42bc26c22629" executionId="462d6794-109f-496e-8cf7-1cb2b0a490a1" testListId="8c84fa94-04c1-424b-9868-57a2d4851a1d" />
    <TestEntry testId="e7609c01-9db8-7c78-36f4-866ca84178af" executionId="a6565405-b2f7-434a-ba8a-6676a6c81bfd" testListId="8c84fa94-04c1-424b-9868-57a2d4851a1d" />
    <TestEntry testId="3d3a96f3-4a53-d31b-8129-bc34dd0b7ecd" executionId="8b6b09b1-dc58-427e-abc3-2032241e098e" testListId="8c84fa94-04c1-424b-9868-57a2d4851a1d" />
    <TestEntry testId="671947d4-fe02-9f57-6838-91768cf202dc" executionId="b651b3df-2b48-4e86-b4cc-5e53833d1496" testListId="8c84fa94-04c1-424b-9868-57a2d4851a1d" />
    <TestEntry testId="11759d32-7c45-d95c-6b8c-5bd352b4a13c" executionId="037e5112-3603-4a5a-b4a3-e580d20853e3" testListId="8c84fa94-04c1-424b-9868-57a2d4851a1d" />
    <TestEntry testId="7943d811-31a2-060e-ca85-3b49082e0953" executionId="a282be36-d425-47bf-b3cb-2490ee4163ef" testListId="8c84fa94-04c1-424b-9868-57a2d4851a1d" />
    <TestEntry testId="5dd926b3-7dcc-5adb-6291-fac7f1fedccb" executionId="1dbb908c-e31b-4c0e-b98b-c5e197ef1757" testListId="8c84fa94-04c1-424b-9868-57a2d4851a1d" />
    <TestEntry testId="7387758e-7526-9d26-2c7f-e947817f37cd" executionId="99936102-54b4-4020-825a-e3e62ec10015" testListId="8c84fa94-04c1-424b-9868-57a2d4851a1d" />
    <TestEntry testId="f926bebb-7b15-fc0a-b671-c48777b3d530" executionId="d472c887-e971-4835-a999-957c4c312b80" testListId="8c84fa94-04c1-424b-9868-57a2d4851a1d" />
    <TestEntry testId="88a92719-9263-71f9-7f23-706865eca76f" executionId="fde1e7f7-85c6-47cd-82ea-bd87e457a025" testListId="8c84fa94-04c1-424b-9868-57a2d4851a1d" />
    <TestEntry testId="ef2bade2-f40a-f79a-d71d-087306ed8868" executionId="1ca87966-cfb4-483b-9ff1-2ecf664f947e" testListId="8c84fa94-04c1-424b-9868-57a2d4851a1d" />
    <TestEntry testId="174b90df-372c-c4b4-5d45-c7118ef3adc9" executionId="6bb9de33-78c2-4021-814b-aadab9f6e4fb" testListId="8c84fa94-04c1-424b-9868-57a2d4851a1d" />
    <TestEntry testId="6d19f980-ef8d-bc1f-5044-1e73e326a8c9" executionId="cc7ef503-3d25-4245-b0df-00f607e4aca8" testListId="8c84fa94-04c1-424b-9868-57a2d4851a1d" />
    <TestEntry testId="68cdc102-0b78-aded-7650-e7456cd3fc45" executionId="8764c3ad-f96f-4901-a474-1e5ed900acd3" testListId="8c84fa94-04c1-424b-9868-57a2d4851a1d" />
    <TestEntry testId="2d6ddca9-e5c9-26e1-c1f8-c0aa5e28dd96" executionId="c0b4d072-2710-46f1-8e0d-240b8ca57f2c" testListId="8c84fa94-04c1-424b-9868-57a2d4851a1d" />
    <TestEntry testId="43b820b7-5647-d132-d063-6da9f9b3371e" executionId="44c7b83f-943f-4e44-8708-4daa6c59f01a" testListId="8c84fa94-04c1-424b-9868-57a2d4851a1d" />
    <TestEntry testId="43c647ac-36a5-f495-7f58-968313b51a91" executionId="8fc86809-6f2c-47f6-8c35-f43a48b5581e" testListId="8c84fa94-04c1-424b-9868-57a2d4851a1d" />
    <TestEntry testId="a59e1625-fe42-9ffa-bcbd-f929f28211e5" executionId="41822f4a-b310-44f0-8d3f-78b612851c6f" testListId="8c84fa94-04c1-424b-9868-57a2d4851a1d" />
    <TestEntry testId="4962ca82-da01-aab2-46bc-a4e89d3afecc" executionId="9be4a48b-c1dd-4c21-9724-545509404f72" testListId="8c84fa94-04c1-424b-9868-57a2d4851a1d" />
    <TestEntry testId="1c704678-463f-c674-d616-2ae71f417d3c" executionId="64bb8e31-f0cf-44f4-aab6-fda1a4e49bbc" testListId="8c84fa94-04c1-424b-9868-57a2d4851a1d" />
    <TestEntry testId="aae218ae-567e-23fa-54aa-9977c35ea489" executionId="2d3bb478-264c-45df-94fa-82f8eeacb3ec" testListId="8c84fa94-04c1-424b-9868-57a2d4851a1d" />
    <TestEntry testId="ddd1ea0e-e393-c749-0ee2-dc050219f555" executionId="74c71ee0-c6ec-40c4-90ba-dcc82481539d" testListId="8c84fa94-04c1-424b-9868-57a2d4851a1d" />
    <TestEntry testId="c9b85c87-edd6-fc28-1d79-33437f107ab8" executionId="9219a577-27af-4529-a026-1978b97614ca" testListId="8c84fa94-04c1-424b-9868-57a2d4851a1d" />
    <TestEntry testId="c9240ac8-7223-b2ae-8354-f3ae56247b3c" executionId="b00570bc-5e23-490c-9897-69ce87cab978" testListId="8c84fa94-04c1-424b-9868-57a2d4851a1d" />
    <TestEntry testId="216b8240-df47-df55-a8bc-b11def2680be" executionId="22f40b7b-6c98-4770-bfcf-f94647f2e2e9" testListId="8c84fa94-04c1-424b-9868-57a2d4851a1d" />
    <TestEntry testId="9587565c-e707-a92a-0a82-b6d084a96cdd" executionId="4a7f4baa-bf43-4c75-9b40-759f539cb6aa" testListId="8c84fa94-04c1-424b-9868-57a2d4851a1d" />
    <TestEntry testId="800ab87e-4e31-82bd-9e61-5fa311d33f8d" executionId="29a6ad7d-7d69-4e30-9389-a9830e852c50" testListId="8c84fa94-04c1-424b-9868-57a2d4851a1d" />
    <TestEntry testId="acab582f-6225-ac34-6f12-d725784a465c" executionId="89416927-4948-430e-a4ad-fbcb8fefd159" testListId="8c84fa94-04c1-424b-9868-57a2d4851a1d" />
    <TestEntry testId="742be29e-54ad-e490-38da-22b62f24307c" executionId="69ba6e30-395b-4841-85cc-e920545a993a" testListId="8c84fa94-04c1-424b-9868-57a2d4851a1d" />
    <TestEntry testId="b7851f75-cf1b-778a-1103-796d63a4420d" executionId="ec3ddf04-cc98-4634-812a-833b55bfb797" testListId="8c84fa94-04c1-424b-9868-57a2d4851a1d" />
    <TestEntry testId="6765ccef-ec2d-9a3b-bf9d-f6ba1b86f954" executionId="0f084cfb-ece3-4f78-8205-317d9761b29e" testListId="8c84fa94-04c1-424b-9868-57a2d4851a1d" />
    <TestEntry testId="f601ccbc-f153-73b7-b905-98210b7bdf42" executionId="77681e59-2bf2-48b8-a0fe-d5b53557f559" testListId="8c84fa94-04c1-424b-9868-57a2d4851a1d" />
    <TestEntry testId="8b4feff8-524d-e5f0-2b1a-0eced3e687c2" executionId="66152c41-4b41-4c87-9873-44d5c8a725c6" testListId="8c84fa94-04c1-424b-9868-57a2d4851a1d" />
    <TestEntry testId="69cb5bae-b64d-0b6e-2d07-1d52f3e6a652" executionId="73ae0798-1af6-43ed-bec4-4ba5c2ceff2f" testListId="8c84fa94-04c1-424b-9868-57a2d4851a1d" />
    <TestEntry testId="ead62057-8fe9-f841-c449-ad4098aa83d7" executionId="44ce92cd-9fab-41bc-aef5-ef38305e1c93" testListId="8c84fa94-04c1-424b-9868-57a2d4851a1d" />
    <TestEntry testId="0c48391f-be0c-8965-413f-2e78d8b8e6c2" executionId="61a2081b-6314-426c-8e4e-51c8bc6aa6af" testListId="8c84fa94-04c1-424b-9868-57a2d4851a1d" />
    <TestEntry testId="e94e9e48-4109-66a8-d8d8-eba19f7e0e5d" executionId="86cac421-d198-4665-bf30-53327ebb5e54" testListId="8c84fa94-04c1-424b-9868-57a2d4851a1d" />
    <TestEntry testId="438d9816-90e7-c5aa-584c-a5a27cabf72a" executionId="0015e6e0-e2ea-405c-8652-7b0e68255a98" testListId="8c84fa94-04c1-424b-9868-57a2d4851a1d" />
    <TestEntry testId="bd897cf6-b359-a5cf-c938-32be8844fb0a" executionId="41d58317-1fe4-4fd9-9e49-32c9c152cabb" testListId="8c84fa94-04c1-424b-9868-57a2d4851a1d" />
    <TestEntry testId="b9ac6a1b-ee8a-094a-ffba-407fb51c3368" executionId="a1809c83-0be7-47e4-a098-12ca217bbf33" testListId="8c84fa94-04c1-424b-9868-57a2d4851a1d" />
    <TestEntry testId="de562b09-2c5e-f09c-fd30-893f727481c2" executionId="1a973bc5-080c-4698-9507-549838aae64d" testListId="8c84fa94-04c1-424b-9868-57a2d4851a1d" />
    <TestEntry testId="62979e70-b562-7bcf-8302-f965de4271f9" executionId="2037981b-71ba-4fdd-bddd-36e3101d8b8a" testListId="8c84fa94-04c1-424b-9868-57a2d4851a1d" />
    <TestEntry testId="634cab5d-65e2-e851-73ca-27de73ab3cf8" executionId="e3b67f0c-d2db-43b2-94b1-109f6ff65a31" testListId="8c84fa94-04c1-424b-9868-57a2d4851a1d" />
    <TestEntry testId="9299e862-b0a5-f8a1-d40d-507b3a421874" executionId="83247547-86f5-40da-905f-f435e10b30a5" testListId="8c84fa94-04c1-424b-9868-57a2d4851a1d" />
    <TestEntry testId="c5503723-d274-6d3e-f29b-d6aa6e37dd4d" executionId="447f2289-f351-4287-9f7a-eb665c4e782d" testListId="8c84fa94-04c1-424b-9868-57a2d4851a1d" />
    <TestEntry testId="bb0d1e24-a3f4-bb68-7cb3-7cb15a9260e0" executionId="3a92221f-a3c3-464b-92b4-b6b7472c860e" testListId="8c84fa94-04c1-424b-9868-57a2d4851a1d" />
    <TestEntry testId="4a337eb1-d6fd-e7af-b760-c85c1072731f" executionId="5bd8ab7f-daf8-4075-b0fc-cd96d529b2f2" testListId="8c84fa94-04c1-424b-9868-57a2d4851a1d" />
    <TestEntry testId="7941353a-f8ea-7b06-dce7-e997d2179900" executionId="0d563032-a95a-4522-be32-7cad712542c2" testListId="8c84fa94-04c1-424b-9868-57a2d4851a1d" />
    <TestEntry testId="e33addc7-21b5-57ef-72f7-0fff7fcb126d" executionId="0ea2b692-1836-408b-8ddc-f108763cf8ee" testListId="8c84fa94-04c1-424b-9868-57a2d4851a1d" />
    <TestEntry testId="754d74b5-9f62-1c41-8e5d-2dd8b5f59b70" executionId="48029250-2402-4376-b87a-87d024f42318" testListId="8c84fa94-04c1-424b-9868-57a2d4851a1d" />
    <TestEntry testId="177c4f00-d318-dd96-9df5-bf4c4ce41fca" executionId="5e1fe0c5-8875-42c5-9a54-d2bfc4faf846" testListId="8c84fa94-04c1-424b-9868-57a2d4851a1d" />
    <TestEntry testId="009779f3-5c3d-dc58-740e-b1f2d7abf61c" executionId="4e190554-fa1c-4bcf-ba16-514cd389ed64" testListId="8c84fa94-04c1-424b-9868-57a2d4851a1d" />
    <TestEntry testId="7ecbc807-4ca7-8eb2-8a35-043115ffccdd" executionId="e2c71c69-84a9-4c51-b81e-c3f62e51333d" testListId="8c84fa94-04c1-424b-9868-57a2d4851a1d" />
    <TestEntry testId="87e23f8d-e70f-363d-9c8c-54c8a64e43d4" executionId="8789f61a-2873-4585-8b0e-d4bd39b2bd95" testListId="8c84fa94-04c1-424b-9868-57a2d4851a1d" />
    <TestEntry testId="2e34d629-a46e-48e7-0407-be18d7e17c76" executionId="1c4adde4-bc8a-48ce-9288-26f4ff3a5d19" testListId="8c84fa94-04c1-424b-9868-57a2d4851a1d" />
    <TestEntry testId="6ec4b983-e011-ac76-c70f-ccb20e8cd36d" executionId="ced11559-27bf-4365-ac39-ed8c212eb2b1" testListId="8c84fa94-04c1-424b-9868-57a2d4851a1d" />
    <TestEntry testId="415ca712-1aa2-06e2-e263-63f760b6c085" executionId="76c0acce-4ce0-4697-8689-cac32e7d76cb" testListId="8c84fa94-04c1-424b-9868-57a2d4851a1d" />
    <TestEntry testId="00a0325e-b219-1db4-5680-42c714d4d7b7" executionId="3fc11e39-36ff-4386-80be-2d45de88ab28" testListId="8c84fa94-04c1-424b-9868-57a2d4851a1d" />
    <TestEntry testId="f1dfa061-45cf-ad83-4ed2-9af27658c2d2" executionId="b9971280-ea7f-442a-9450-ec9e9b6563c0" testListId="8c84fa94-04c1-424b-9868-57a2d4851a1d" />
    <TestEntry testId="6974fed6-7f35-242d-e3df-a93c0def144e" executionId="93fb49bd-8fd7-464b-9e62-b957de387535" testListId="8c84fa94-04c1-424b-9868-57a2d4851a1d" />
    <TestEntry testId="5f112932-e4a3-e21b-c96c-cffdbc816fb8" executionId="17b45be2-44bf-4046-b28d-9f5b94b8382b" testListId="8c84fa94-04c1-424b-9868-57a2d4851a1d" />
    <TestEntry testId="6c2097a4-bfd2-7cff-6d6c-a01d2699075f" executionId="fc3212d7-c1c4-4cac-908b-0f5cf302af58" testListId="8c84fa94-04c1-424b-9868-57a2d4851a1d" />
    <TestEntry testId="06eb3a68-60dc-b444-9f0c-a9219a04835f" executionId="7d50094d-a888-46f8-9e6f-a968bd51e73d" testListId="8c84fa94-04c1-424b-9868-57a2d4851a1d" />
    <TestEntry testId="90c63f74-3282-2911-4a3a-7a9b7bbc7867" executionId="22c08930-5700-41bc-90d7-483be96b3040" testListId="8c84fa94-04c1-424b-9868-57a2d4851a1d" />
    <TestEntry testId="a3e5643c-9355-5ef0-9fdd-663141e30ddc" executionId="01d8fc08-1ca4-42bd-a4a3-62a7adf67ac3" testListId="8c84fa94-04c1-424b-9868-57a2d4851a1d" />
    <TestEntry testId="93cf9568-02cf-a7ef-7bf3-1c1b12265775" executionId="0045e48a-0a5a-4344-b9a2-5c8de6f1454d" testListId="8c84fa94-04c1-424b-9868-57a2d4851a1d" />
    <TestEntry testId="bc52523d-1094-382a-cf53-85f7b7340e87" executionId="bcffec17-d8c5-4977-b4f5-54a3edff975b" testListId="8c84fa94-04c1-424b-9868-57a2d4851a1d" />
    <TestEntry testId="a30d56a5-15c9-b03d-3d85-2e961a7c1a18" executionId="d9438afd-ec65-4dd5-9181-c5e35285e790" testListId="8c84fa94-04c1-424b-9868-57a2d4851a1d" />
    <TestEntry testId="4436b52f-e223-af1e-ebed-65a03d230b7b" executionId="0af550de-6033-4ae7-84f1-146af827e154" testListId="8c84fa94-04c1-424b-9868-57a2d4851a1d" />
    <TestEntry testId="eee2f393-fda3-ea94-c73b-e4971c0ece61" executionId="24f16c82-d1b1-4431-9a91-c58d21a69fc3" testListId="8c84fa94-04c1-424b-9868-57a2d4851a1d" />
    <TestEntry testId="2aa59a7e-a129-de74-a7d8-c821b33e35fe" executionId="535de412-215c-4fe6-930d-37730ada79bd" testListId="8c84fa94-04c1-424b-9868-57a2d4851a1d" />
    <TestEntry testId="efce2778-6fda-3f27-2510-fe092485530c" executionId="8665b864-dc7e-40a7-96c6-53d55b4bb43a" testListId="8c84fa94-04c1-424b-9868-57a2d4851a1d" />
    <TestEntry testId="704e5cb4-d810-ebf8-c7a7-7bec5914c853" executionId="c26a3dcb-a1f4-410a-93f0-5435c2e45e6b" testListId="8c84fa94-04c1-424b-9868-57a2d4851a1d" />
    <TestEntry testId="598f2432-3031-3292-0b86-7b41692c0aed" executionId="e2594e51-37a6-4e2b-9025-be40a9c36ea0" testListId="8c84fa94-04c1-424b-9868-57a2d4851a1d" />
    <TestEntry testId="39c83dc9-bff9-8f55-ddbe-fe65559349c5" executionId="255de587-9b0c-4838-a85a-97be88e7c6fa" testListId="8c84fa94-04c1-424b-9868-57a2d4851a1d" />
    <TestEntry testId="54d87476-fac0-c322-a77c-5ae4bf7dbc25" executionId="16a7c81c-5e26-419f-83e4-6812eb97db66" testListId="8c84fa94-04c1-424b-9868-57a2d4851a1d" />
    <TestEntry testId="f8b9c1f4-0db3-006d-0ef5-a6aa990d269d" executionId="bcb79fa6-fc87-4862-8b7a-68aeb3cc03dc" testListId="8c84fa94-04c1-424b-9868-57a2d4851a1d" />
    <TestEntry testId="8302d487-c677-8166-612f-48492666d649" executionId="883a0e48-2b8e-4063-923d-8adbf0f3833e" testListId="8c84fa94-04c1-424b-9868-57a2d4851a1d" />
    <TestEntry testId="ca9a6897-c80b-4651-66cf-d5f43912bd5c" executionId="825e6b6e-0a33-47c5-8ddf-f55dad6cef39" testListId="8c84fa94-04c1-424b-9868-57a2d4851a1d" />
    <TestEntry testId="27959c8b-f4d6-bcae-f560-fc37c4b787a5" executionId="5498fab0-54a5-40b2-94eb-897e85ea01ff" testListId="8c84fa94-04c1-424b-9868-57a2d4851a1d" />
    <TestEntry testId="fc494b64-1641-291d-8211-f4797e8db9a4" executionId="860a22f1-bf98-46a2-8b9e-fa225a2595b9" testListId="8c84fa94-04c1-424b-9868-57a2d4851a1d" />
    <TestEntry testId="425043c5-33b2-bd82-3d9f-363f8cb440bb" executionId="212406fe-77fd-4455-8b70-e07dd0e5007d" testListId="8c84fa94-04c1-424b-9868-57a2d4851a1d" />
    <TestEntry testId="0890c174-8954-2f4a-3f68-95be19917f04" executionId="7e499793-90f5-4518-b7cd-844055554217" testListId="8c84fa94-04c1-424b-9868-57a2d4851a1d" />
    <TestEntry testId="159104f6-eb79-1c15-6755-1a4755d7ed51" executionId="db501acd-50c5-4ab5-92f1-cb1c1b44dc54" testListId="8c84fa94-04c1-424b-9868-57a2d4851a1d" />
    <TestEntry testId="b05efab7-1ebd-bef8-6ba5-abf4e1e5530e" executionId="7c70f47f-01fb-42b3-8ce4-fd5ff88e8f88" testListId="8c84fa94-04c1-424b-9868-57a2d4851a1d" />
    <TestEntry testId="77c0768c-514d-6c68-1812-d761e9395ff3" executionId="f0decfd4-6e5a-4fce-8ee1-63075f640794" testListId="8c84fa94-04c1-424b-9868-57a2d4851a1d" />
    <TestEntry testId="fb4e8043-1be8-a3b6-ace5-e1812c7d0171" executionId="4c699ee3-88e7-437d-ae4b-c04f7f340612" testListId="8c84fa94-04c1-424b-9868-57a2d4851a1d" />
    <TestEntry testId="ad5f916d-7de8-7fad-1705-26caca99041f" executionId="a34dcaf2-d601-4766-b3de-4d50d4693fcd" testListId="8c84fa94-04c1-424b-9868-57a2d4851a1d" />
    <TestEntry testId="e44fe725-b575-6f4a-5e8e-46f6a09a49db" executionId="3f36f00b-2ec0-46d1-b984-4fa4729de144" testListId="8c84fa94-04c1-424b-9868-57a2d4851a1d" />
    <TestEntry testId="dfffac1e-78f0-5445-18b0-a7609894571f" executionId="8ca80096-4d08-4a45-9a47-92b5895ccec0" testListId="8c84fa94-04c1-424b-9868-57a2d4851a1d" />
    <TestEntry testId="98212644-d194-40f8-f990-1100931aab24" executionId="6a63c751-d8b2-4a9d-97f4-1fb943fb5202" testListId="8c84fa94-04c1-424b-9868-57a2d4851a1d" />
    <TestEntry testId="91a43f25-3310-9dee-b091-2cf37d2dd2a2" executionId="12627c4d-26f4-4b97-8485-f346239f3274" testListId="8c84fa94-04c1-424b-9868-57a2d4851a1d" />
    <TestEntry testId="0b5edc04-4e18-c4ac-4387-717b7ddaaef2" executionId="cdbc8bfd-e72e-4498-b45b-16841909a604" testListId="8c84fa94-04c1-424b-9868-57a2d4851a1d" />
    <TestEntry testId="63551efc-83f9-ad65-fc6c-5aba8aad3785" executionId="55f4af5d-d7c5-447d-ae54-a1f2d0371734" testListId="8c84fa94-04c1-424b-9868-57a2d4851a1d" />
    <TestEntry testId="086109bb-4851-86ac-8048-855ebf2ac4dd" executionId="6426e2d4-c47f-4e0c-9756-41bcec3b8186" testListId="8c84fa94-04c1-424b-9868-57a2d4851a1d" />
    <TestEntry testId="5419300a-98b1-ab73-bf98-3b97b18b7197" executionId="3710be3d-a97f-4308-82ce-9761303ac6ab" testListId="8c84fa94-04c1-424b-9868-57a2d4851a1d" />
    <TestEntry testId="8ad9e2fc-bb4a-628d-20d6-9b682849afbc" executionId="a6f54b51-207e-47a2-ab07-711ed42faa6a" testListId="8c84fa94-04c1-424b-9868-57a2d4851a1d" />
    <TestEntry testId="c456ba12-b1e4-9738-717f-8bfea1b5b728" executionId="5b465290-567b-4728-b1bf-cb71c352fc39" testListId="8c84fa94-04c1-424b-9868-57a2d4851a1d" />
    <TestEntry testId="a56b3ef2-0695-0a5d-706a-729e986fec53" executionId="32fe5f4f-d7fc-4e5b-a76f-867350e7bca9" testListId="8c84fa94-04c1-424b-9868-57a2d4851a1d" />
    <TestEntry testId="3593c9e6-b8b7-1a29-7bc2-970c783b8a12" executionId="4f371430-0d75-4261-bd5d-9f2e099d1fd5" testListId="8c84fa94-04c1-424b-9868-57a2d4851a1d" />
    <TestEntry testId="1f3e13c8-fdf2-431b-6c82-bfa87b59881d" executionId="1832aab8-736c-457b-be0e-8fe649475059" testListId="8c84fa94-04c1-424b-9868-57a2d4851a1d" />
    <TestEntry testId="ef5e933d-b171-60ad-09e1-408e70e7e01e" executionId="23921a9c-33de-4027-b4fe-a9a8e86d9650" testListId="8c84fa94-04c1-424b-9868-57a2d4851a1d" />
    <TestEntry testId="3d0f690d-1546-6c6f-ab8b-cba4d994071b" executionId="da81c866-c38b-4c12-b0b9-59d6bf29c3ef" testListId="8c84fa94-04c1-424b-9868-57a2d4851a1d" />
    <TestEntry testId="c6a80189-81d8-ce21-9aeb-1becdbf04d47" executionId="4a7a54b0-4eb9-43df-97c3-25d5ae1ca9b1" testListId="8c84fa94-04c1-424b-9868-57a2d4851a1d" />
    <TestEntry testId="c9ed4de0-edb4-2421-4a75-550bc1b97f3e" executionId="91bf95e3-76c3-45d9-a9b4-19537bd1eb2a" testListId="8c84fa94-04c1-424b-9868-57a2d4851a1d" />
    <TestEntry testId="5a16a19d-db28-a783-60f7-38ea9759e1ca" executionId="cac8bf36-716d-4b48-bc95-13daf43095ca" testListId="8c84fa94-04c1-424b-9868-57a2d4851a1d" />
    <TestEntry testId="c755b11b-f466-4e23-50af-e38908de93f6" executionId="7e0fa06b-1140-4faa-900a-a47b76eee1aa" testListId="8c84fa94-04c1-424b-9868-57a2d4851a1d" />
    <TestEntry testId="0af16215-3a39-209d-efb8-6a04305b77c8" executionId="ab9f787b-9572-4cb9-bb5b-bc60246e5227" testListId="8c84fa94-04c1-424b-9868-57a2d4851a1d" />
    <TestEntry testId="21f55e48-a0cb-c565-6b08-f52556623633" executionId="362f0a8b-748a-4b8f-a8d6-5f4f66a1e002" testListId="8c84fa94-04c1-424b-9868-57a2d4851a1d" />
    <TestEntry testId="d25a2280-e4df-068e-ba83-2e9ea0e06963" executionId="5d985d3a-fbd7-410e-ae79-2c240941818c" testListId="8c84fa94-04c1-424b-9868-57a2d4851a1d" />
    <TestEntry testId="faefb261-f41f-8e5b-71a1-227183d9ce70" executionId="417c22cc-7381-46b7-b932-26bbf3fd8cbb" testListId="8c84fa94-04c1-424b-9868-57a2d4851a1d" />
    <TestEntry testId="196aa29c-052f-4f3b-5b2a-8b52428522fd" executionId="1dc4f39f-6494-4ba6-bee9-02adcef7fd2e" testListId="8c84fa94-04c1-424b-9868-57a2d4851a1d" />
    <TestEntry testId="afad3490-a86c-bf7f-cb49-696755a40d21" executionId="fb19ea5c-1a4f-41ca-a961-52e0193ad1cb" testListId="8c84fa94-04c1-424b-9868-57a2d4851a1d" />
    <TestEntry testId="12b0a882-1523-5493-37d9-a3daeaab53d7" executionId="4fb5f99d-9a24-4484-9138-25e839e3d316" testListId="8c84fa94-04c1-424b-9868-57a2d4851a1d" />
    <TestEntry testId="46e0884c-ae3b-4d83-aeb1-d47418a639bb" executionId="c17bbd76-6693-4738-b0c3-c2281398e232" testListId="8c84fa94-04c1-424b-9868-57a2d4851a1d" />
    <TestEntry testId="a162fb02-6727-1347-585a-e2195cf4b9d9" executionId="bfaea1fb-9065-4ff8-818b-46f02b1eaa5d" testListId="8c84fa94-04c1-424b-9868-57a2d4851a1d" />
    <TestEntry testId="762466d0-457e-6010-61fb-66fa35b7091d" executionId="f2bf53f8-ee64-4b74-bea4-2bd50e3d8af7" testListId="8c84fa94-04c1-424b-9868-57a2d4851a1d" />
    <TestEntry testId="69eb78fd-0d27-b104-5384-38065d4960ea" executionId="f2f0f510-8ba1-4d93-9a90-c3abee50d720" testListId="8c84fa94-04c1-424b-9868-57a2d4851a1d" />
    <TestEntry testId="11dec80e-4942-7ddf-1040-87ce1993a7ec" executionId="f6bb3998-0743-4237-b2a8-1b72d369be87" testListId="8c84fa94-04c1-424b-9868-57a2d4851a1d" />
    <TestEntry testId="579b5bed-355d-f06a-3878-0843fd9bf111" executionId="dd699f97-f602-4e7b-8750-fc60a8a463e9" testListId="8c84fa94-04c1-424b-9868-57a2d4851a1d" />
    <TestEntry testId="82f90efb-2a5a-b512-1e2b-542fb4c0c77d" executionId="3c482c35-6b65-46b2-8843-b100548b87d4" testListId="8c84fa94-04c1-424b-9868-57a2d4851a1d" />
    <TestEntry testId="886d0801-1cdc-bf20-ec21-62fa42239b79" executionId="ea05eecd-bb4b-482f-bfe4-a3e2f848d837" testListId="8c84fa94-04c1-424b-9868-57a2d4851a1d" />
    <TestEntry testId="edcaa81b-5da7-b2f8-7b08-62b73bfcfb3b" executionId="80da657f-e966-40e0-bbe9-b681648f3124" testListId="8c84fa94-04c1-424b-9868-57a2d4851a1d" />
    <TestEntry testId="fc3482e3-2884-5135-2840-da422505e3a5" executionId="d65a8ba7-60b8-47ac-ae16-414dc8d3cd74" testListId="8c84fa94-04c1-424b-9868-57a2d4851a1d" />
    <TestEntry testId="744291e4-2147-88d0-85fe-fccdcda5c85a" executionId="3ffaadbb-68cb-4807-991c-bc3328424b39" testListId="8c84fa94-04c1-424b-9868-57a2d4851a1d" />
    <TestEntry testId="d1d36e1b-6b66-412c-9ac8-f0b2dd2bf67a" executionId="348c9ad1-db2d-4d34-b373-c8fcdcb9707f" testListId="8c84fa94-04c1-424b-9868-57a2d4851a1d" />
    <TestEntry testId="4d1201e1-a22a-3599-02cd-1e29c29de1df" executionId="383d7b65-bfbf-4060-8645-beae78602cf8" testListId="8c84fa94-04c1-424b-9868-57a2d4851a1d" />
    <TestEntry testId="60e7a40c-2559-e1f7-74cf-3fabd83a399a" executionId="e1ff6d8d-d564-4dbf-8319-985b5b8afde3" testListId="8c84fa94-04c1-424b-9868-57a2d4851a1d" />
    <TestEntry testId="d615c036-bfee-2e66-fa83-8efa087e47ad" executionId="c7509a20-2d00-48ee-92c0-070cf640630d" testListId="8c84fa94-04c1-424b-9868-57a2d4851a1d" />
    <TestEntry testId="27c79a35-e4d6-9afe-a6d3-d329dddd2aab" executionId="bf96c620-d4c8-4d06-9b3d-3ad50e4fe03a" testListId="8c84fa94-04c1-424b-9868-57a2d4851a1d" />
    <TestEntry testId="c08ccbd0-b0b1-8315-a738-556c67c488ab" executionId="1572a945-5355-46b8-995e-80ba752d88da" testListId="8c84fa94-04c1-424b-9868-57a2d4851a1d" />
    <TestEntry testId="5d0b24fd-7155-7d7a-5557-3161f872b660" executionId="408778a8-0f8e-47b9-ada1-20c8e4c92bba" testListId="8c84fa94-04c1-424b-9868-57a2d4851a1d" />
    <TestEntry testId="8e65df34-fb75-1ca3-79e1-1466c62e6424" executionId="39930552-5ca2-4823-9891-c19ae3d873f3" testListId="8c84fa94-04c1-424b-9868-57a2d4851a1d" />
    <TestEntry testId="cedc76c1-a4d8-b8aa-f434-d87082eaf67b" executionId="ef6c3383-8d2a-4ca9-85d6-6402de63e048" testListId="8c84fa94-04c1-424b-9868-57a2d4851a1d" />
    <TestEntry testId="26079af3-3e3f-8f3b-a42e-328097e80d6a" executionId="8c7a65ce-1841-4623-9b2b-19c90f5466d9" testListId="8c84fa94-04c1-424b-9868-57a2d4851a1d" />
    <TestEntry testId="d67fc309-5de0-ad1c-c75e-133e682e42ef" executionId="eaa11ae6-ffd8-42d2-a14e-68b7278994e3" testListId="8c84fa94-04c1-424b-9868-57a2d4851a1d" />
    <TestEntry testId="bb295f3e-a215-64d0-04ce-1e667f89b126" executionId="19ade87e-1420-4828-a6cc-9769a6e8b50b" testListId="8c84fa94-04c1-424b-9868-57a2d4851a1d" />
    <TestEntry testId="db4284d8-875f-34c1-8ceb-995f4fcededb" executionId="48fd2d1f-1378-4da1-b4f8-630168ab6dc6" testListId="8c84fa94-04c1-424b-9868-57a2d4851a1d" />
    <TestEntry testId="ff10f1fb-9148-fd50-0d1e-8fe2d3c731fc" executionId="92081876-75bf-4556-9eca-628518f18c21" testListId="8c84fa94-04c1-424b-9868-57a2d4851a1d" />
    <TestEntry testId="26064631-63e7-bc93-4193-399fdd33c0b2" executionId="62c1c720-4f3f-4e40-8f13-4886c1650ae9" testListId="8c84fa94-04c1-424b-9868-57a2d4851a1d" />
    <TestEntry testId="d73eb999-7432-4af9-c8e2-b1ec06fbd0ba" executionId="93b8805d-9906-4b7f-bd77-c087c07e2485" testListId="8c84fa94-04c1-424b-9868-57a2d4851a1d" />
    <TestEntry testId="4a0fee84-a0e9-6e91-946c-e3024a3d1804" executionId="f0430806-904d-47b1-b968-e4d93c0555ab" testListId="8c84fa94-04c1-424b-9868-57a2d4851a1d" />
    <TestEntry testId="9d369a17-d75d-c80a-d5fc-0a698e0e67e6" executionId="5bec3b91-a5c2-47f9-9c12-fb52d8b1d4fa" testListId="8c84fa94-04c1-424b-9868-57a2d4851a1d" />
    <TestEntry testId="5b99c489-2c2b-0bf8-861d-b6b55d7c0637" executionId="f9380088-d649-42e9-95d5-c282ecbeeaf6" testListId="8c84fa94-04c1-424b-9868-57a2d4851a1d" />
    <TestEntry testId="8a8ab9a9-624d-93c7-93fa-9953d8835bdd" executionId="838c41f9-28c5-4f71-9134-a14e8ae8f311" testListId="8c84fa94-04c1-424b-9868-57a2d4851a1d" />
    <TestEntry testId="54376db2-25bf-2edb-cd9f-93033e9bb5e9" executionId="000c7416-2a53-4157-894b-511596aeb914" testListId="8c84fa94-04c1-424b-9868-57a2d4851a1d" />
    <TestEntry testId="1b308ed0-4249-aeaf-a5c6-a42fc7e35ef2" executionId="55818563-7755-4c4a-b9b3-2b912fc14b58" testListId="8c84fa94-04c1-424b-9868-57a2d4851a1d" />
    <TestEntry testId="71279174-e79a-ca21-5900-ba860d67dd79" executionId="eda17ae2-d63f-46df-ac9b-f17c59038893" testListId="8c84fa94-04c1-424b-9868-57a2d4851a1d" />
    <TestEntry testId="3b57956c-e654-1644-49d6-a98f07644b37" executionId="1e388a9f-4a6c-4782-b543-70ad5a880e06" testListId="8c84fa94-04c1-424b-9868-57a2d4851a1d" />
    <TestEntry testId="cb09e10a-cb2e-1b8e-3daa-72534fbd5126" executionId="e42edcda-9959-4f20-a63d-b994df6f5e63" testListId="8c84fa94-04c1-424b-9868-57a2d4851a1d" />
    <TestEntry testId="c583d44d-cb65-5444-4a7b-6bfc282c0edb" executionId="a4d6e158-692c-4d3f-9aab-7e9338626044" testListId="8c84fa94-04c1-424b-9868-57a2d4851a1d" />
    <TestEntry testId="7ec66689-aa2d-ed93-e94a-32ea19a0b6cd" executionId="2708dbd0-215c-4189-a529-5c58721fccbd" testListId="8c84fa94-04c1-424b-9868-57a2d4851a1d" />
    <TestEntry testId="48bd79a2-cd27-17a1-11f4-ccc204ac86fe" executionId="168ace58-e781-436f-92ff-1ea487295e36" testListId="8c84fa94-04c1-424b-9868-57a2d4851a1d" />
    <TestEntry testId="d3ffaa66-2f24-2166-2b50-3115a0a23863" executionId="98ff077b-bff4-40cc-b673-953bd05ec2ff" testListId="8c84fa94-04c1-424b-9868-57a2d4851a1d" />
    <TestEntry testId="7eae36c3-ee24-af2b-4dea-08e2bb1fce66" executionId="96521aa5-449f-477e-ae02-8c5c877dab56" testListId="8c84fa94-04c1-424b-9868-57a2d4851a1d" />
    <TestEntry testId="411ae6e3-411d-bed2-74f1-79868b4b9025" executionId="dffd6824-180e-4cd3-8781-8b005cdfdd9b" testListId="8c84fa94-04c1-424b-9868-57a2d4851a1d" />
    <TestEntry testId="7c721a92-dfd1-4b2a-435e-f0420f1fa1bf" executionId="c435d247-c128-4a0f-9897-d83a94200443" testListId="8c84fa94-04c1-424b-9868-57a2d4851a1d" />
    <TestEntry testId="99ce01d7-0310-a92e-fac7-c4d886c40f40" executionId="e1a0d86c-f04f-4bc9-9f8a-cf2b9d6a773d" testListId="8c84fa94-04c1-424b-9868-57a2d4851a1d" />
    <TestEntry testId="62906a2d-c9a3-7ca2-ff02-ff62630e8f77" executionId="b3adcb71-b3b1-4930-b07e-829a943d46b6" testListId="8c84fa94-04c1-424b-9868-57a2d4851a1d" />
    <TestEntry testId="d588092e-c472-cb56-3280-6b4137fa6cd2" executionId="9d6619d8-ec1c-4140-a223-0019e4322ad2" testListId="8c84fa94-04c1-424b-9868-57a2d4851a1d" />
    <TestEntry testId="de151c58-4467-4a44-0aaa-73fe7dfaabe6" executionId="11c34660-6ddc-4cbf-9c12-06a1d1c457a3" testListId="8c84fa94-04c1-424b-9868-57a2d4851a1d" />
    <TestEntry testId="455cce1f-5d9c-b7d3-8180-a6a1c0a52a90" executionId="1d6c116a-5aaf-45fd-a163-3fefe5ce0818" testListId="8c84fa94-04c1-424b-9868-57a2d4851a1d" />
    <TestEntry testId="26a1e3f4-4540-430c-31e0-ad5c7e3416b4" executionId="a6fee519-2aee-4473-957b-228cf3ef993a" testListId="8c84fa94-04c1-424b-9868-57a2d4851a1d" />
    <TestEntry testId="5d428a58-f006-fd3d-634c-486ac9ab59ac" executionId="2264fd10-97d7-4915-8da7-c810cf40255d" testListId="8c84fa94-04c1-424b-9868-57a2d4851a1d" />
    <TestEntry testId="a7175ca1-e111-14da-b787-1aa39b5a9e4f" executionId="90429623-3f24-45c8-ac5e-d011ec16c73a" testListId="8c84fa94-04c1-424b-9868-57a2d4851a1d" />
    <TestEntry testId="03d95fe1-ceef-4489-acd8-3edec8b039fb" executionId="ff055edf-3084-4ab4-8075-b9078b5b4102" testListId="8c84fa94-04c1-424b-9868-57a2d4851a1d" />
    <TestEntry testId="056bffb9-bb7c-2664-0173-299ed12f750f" executionId="f614bf81-bf67-4df3-99df-4d893425258f" testListId="8c84fa94-04c1-424b-9868-57a2d4851a1d" />
    <TestEntry testId="52dc71a2-de98-fb95-adf4-bf37edbf17ea" executionId="f9daf6a3-6a47-43da-85db-24d02ccc2687" testListId="8c84fa94-04c1-424b-9868-57a2d4851a1d" />
    <TestEntry testId="1fc346ea-fc82-e479-51b5-1538e7b4e1d0" executionId="d74f84e1-995a-441f-857e-437462d4d76f" testListId="8c84fa94-04c1-424b-9868-57a2d4851a1d" />
    <TestEntry testId="bf68a559-d665-c831-c945-a09fc53e9224" executionId="c63ad6db-6fba-4161-8cd1-25737afed4a6" testListId="8c84fa94-04c1-424b-9868-57a2d4851a1d" />
    <TestEntry testId="7ede7779-72d1-6379-5aa2-3b4e10425f37" executionId="1173b1e2-71f9-45ab-85f4-94039c0ade50" testListId="8c84fa94-04c1-424b-9868-57a2d4851a1d" />
    <TestEntry testId="416c1b16-fe7b-bcee-e981-d48a8e82fc3c" executionId="73d11408-5c2b-4c93-aa3e-4a94ba2132ae" testListId="8c84fa94-04c1-424b-9868-57a2d4851a1d" />
    <TestEntry testId="4b5865a6-7130-4ee3-4f6a-51455f5ae41c" executionId="dbc9d792-067c-4599-a585-65c3b2363053" testListId="8c84fa94-04c1-424b-9868-57a2d4851a1d" />
    <TestEntry testId="f257391b-3a40-c27b-61ef-2e778289cdae" executionId="e9da99eb-3c4e-49ce-8091-d0bd02746614" testListId="8c84fa94-04c1-424b-9868-57a2d4851a1d" />
    <TestEntry testId="0ba21bfd-2612-6a9e-d512-e76f7cdd53a9" executionId="408ec01f-330e-4699-9054-6de8878636a2" testListId="8c84fa94-04c1-424b-9868-57a2d4851a1d" />
    <TestEntry testId="52ed97e2-360f-9d0a-658b-04f22e2f374f" executionId="96c88462-a700-4116-aba7-3276114a4a75" testListId="8c84fa94-04c1-424b-9868-57a2d4851a1d" />
    <TestEntry testId="94c2b6de-5241-d485-ac8e-41560f178d01" executionId="1baa7b0e-632e-47b2-9cb4-eb6057b4f26f" testListId="8c84fa94-04c1-424b-9868-57a2d4851a1d" />
    <TestEntry testId="de239b90-b605-59bc-881a-9849b83cab21" executionId="9b2644ad-c5aa-43ae-b699-9bccd2f27462" testListId="8c84fa94-04c1-424b-9868-57a2d4851a1d" />
    <TestEntry testId="fa0a95aa-2c09-8e24-ee1f-90b644f6c541" executionId="527e4dc0-d0aa-41b6-84cc-4eed502a5c23" testListId="8c84fa94-04c1-424b-9868-57a2d4851a1d" />
    <TestEntry testId="6db8dbd3-7b5f-7324-b691-1ab92965e592" executionId="4ab805ae-6ad5-4179-8d52-0e40faf52c37" testListId="8c84fa94-04c1-424b-9868-57a2d4851a1d" />
    <TestEntry testId="5844cf9d-d151-80a2-e86b-d98f9de3c340" executionId="ef9d7133-829d-4f22-858d-6c9d35a2ebc7" testListId="8c84fa94-04c1-424b-9868-57a2d4851a1d" />
    <TestEntry testId="fb095c6b-ef89-7c80-525c-de74a5eb5df3" executionId="7cbdf27b-c82f-48d8-a18b-42e76f031f20" testListId="8c84fa94-04c1-424b-9868-57a2d4851a1d" />
    <TestEntry testId="6da30459-8d51-b30f-28ae-6a40ce6af825" executionId="4067ccfe-9241-4708-bedd-249a3dea6f08" testListId="8c84fa94-04c1-424b-9868-57a2d4851a1d" />
    <TestEntry testId="a655f03f-04ab-3f43-8793-397ba77d999a" executionId="ecbf415c-38e4-4e8b-b6d9-c3525b96a506" testListId="8c84fa94-04c1-424b-9868-57a2d4851a1d" />
    <TestEntry testId="6e09464b-843d-f2ce-e00c-4cd1a0bc9135" executionId="1fb0827d-76c1-4ae2-82d7-bb8a0f23cc93" testListId="8c84fa94-04c1-424b-9868-57a2d4851a1d" />
    <TestEntry testId="4a8777a8-dccb-6e9c-0f8a-78e986de79cb" executionId="acdbeda4-de9b-487a-96ff-2c653cc56252" testListId="8c84fa94-04c1-424b-9868-57a2d4851a1d" />
    <TestEntry testId="5472f781-1150-479a-0d10-2e5fabc0b72f" executionId="72bfc5fa-9d94-4e0d-8a0d-aeead028f327" testListId="8c84fa94-04c1-424b-9868-57a2d4851a1d" />
    <TestEntry testId="414134f3-58d7-42a3-8133-e2dd29b54451" executionId="bf5fd37b-d0d8-47ef-b4c7-0704ba2ed521" testListId="8c84fa94-04c1-424b-9868-57a2d4851a1d" />
    <TestEntry testId="cc234b36-f0df-dc23-3cca-bb9fc67efa0f" executionId="60a2676e-65e3-4d8a-95ab-1febe17e4b26" testListId="8c84fa94-04c1-424b-9868-57a2d4851a1d" />
    <TestEntry testId="cf5a24a9-4080-92c2-4e30-103efe359ce9" executionId="96cb9187-fde0-4fcc-b179-ec8a4319223f" testListId="8c84fa94-04c1-424b-9868-57a2d4851a1d" />
    <TestEntry testId="9c766e7e-ae27-4f8f-2f21-9970a9ba61fb" executionId="b5f023ec-28c3-40f4-93a3-cac9e392838a" testListId="8c84fa94-04c1-424b-9868-57a2d4851a1d" />
    <TestEntry testId="6ac0c70b-d31f-4e55-f241-059d9fc6af8d" executionId="4f9cbb49-6385-46a8-ab7c-abf12dd6c944" testListId="8c84fa94-04c1-424b-9868-57a2d4851a1d" />
    <TestEntry testId="40267795-dc66-6ccc-4acd-9fb940d31784" executionId="2772aadc-9f3c-4920-865e-e4264db6dd96" testListId="8c84fa94-04c1-424b-9868-57a2d4851a1d" />
    <TestEntry testId="63366a20-6db0-419c-82ee-cfc1077912c7" executionId="05b5d5de-5610-48c9-9edf-30ef7421a73d" testListId="8c84fa94-04c1-424b-9868-57a2d4851a1d" />
    <TestEntry testId="b2a3e007-cd49-208a-a870-adc8ac444bd3" executionId="07917220-b32a-484d-9dc7-c1c94e1cc564" testListId="8c84fa94-04c1-424b-9868-57a2d4851a1d" />
    <TestEntry testId="2be66668-c2f3-3050-1567-934895ed4271" executionId="b9978ab0-5569-4605-8611-3d36f253b815" testListId="8c84fa94-04c1-424b-9868-57a2d4851a1d" />
    <TestEntry testId="090d0a31-3c26-6ead-5f5a-dd50f9b42ffc" executionId="c9f3da9f-b059-41a3-b1b7-175fd1ae5e42" testListId="8c84fa94-04c1-424b-9868-57a2d4851a1d" />
    <TestEntry testId="c8b241df-b57a-7afc-ce65-bc6f4fe57d65" executionId="20afe3c4-c3f8-430b-92a2-709b80212ede" testListId="8c84fa94-04c1-424b-9868-57a2d4851a1d" />
    <TestEntry testId="5e8a1a7b-63fd-ef39-f9dc-927456d0cd7a" executionId="b8f8ca05-df50-4578-bfd5-79b1801112b2" testListId="8c84fa94-04c1-424b-9868-57a2d4851a1d" />
    <TestEntry testId="a02ff287-97b3-5f57-60b5-31628fd9cbb4" executionId="4908eb23-6177-4746-9e96-1ea503021acd" testListId="8c84fa94-04c1-424b-9868-57a2d4851a1d" />
    <TestEntry testId="ed8fd7b5-fd68-aba1-5990-e3b2c6e291bd" executionId="385da0cb-5413-46c4-8ece-7416c60f3b8b" testListId="8c84fa94-04c1-424b-9868-57a2d4851a1d" />
    <TestEntry testId="3853b90a-2672-1f1c-cb47-9a8657691f74" executionId="ad5a55bf-8142-4c51-93a3-f20d9648ccd6" testListId="8c84fa94-04c1-424b-9868-57a2d4851a1d" />
    <TestEntry testId="04460148-2641-a79d-220c-bb2c293f100f" executionId="8c1d723c-64d6-4d91-b9b1-32a34e4a2719" testListId="8c84fa94-04c1-424b-9868-57a2d4851a1d" />
    <TestEntry testId="bc5c4759-edfa-f30e-f4d0-0354fe026593" executionId="0635ebe6-8832-4044-9633-fd79e5e17379" testListId="8c84fa94-04c1-424b-9868-57a2d4851a1d" />
    <TestEntry testId="f729a349-2432-6996-746c-8014e568a6b3" executionId="240d1d98-6f15-46a8-bbbb-75d23d87ed45" testListId="8c84fa94-04c1-424b-9868-57a2d4851a1d" />
    <TestEntry testId="6415e2ed-39aa-afa9-bb78-ac012cc586fb" executionId="5095fb81-12d9-4efe-8d53-7347cd8267bd" testListId="8c84fa94-04c1-424b-9868-57a2d4851a1d" />
    <TestEntry testId="34a07d72-0db6-b075-6ccb-662b30076737" executionId="24343e38-59c1-40b2-9a37-f290359035da" testListId="8c84fa94-04c1-424b-9868-57a2d4851a1d" />
    <TestEntry testId="8e4d3555-f949-af94-befc-35b2d860fb59" executionId="45d29c3d-93f1-4a1a-96a9-57a0772039a3" testListId="8c84fa94-04c1-424b-9868-57a2d4851a1d" />
    <TestEntry testId="388b6e0c-13dd-b7a5-2fc2-3731d54c42f3" executionId="e044e4ba-a3cd-46a9-b272-7bff13f4a0bb" testListId="8c84fa94-04c1-424b-9868-57a2d4851a1d" />
    <TestEntry testId="a9e38d59-78a4-c80b-44bd-54e6e0d52647" executionId="91da559e-e90d-499a-872b-f3fd507e931d" testListId="8c84fa94-04c1-424b-9868-57a2d4851a1d" />
    <TestEntry testId="6c9747e9-bd57-8249-8a7f-864315c9ac24" executionId="0723f59b-3f8e-40e0-b815-54a30c7f8b59" testListId="8c84fa94-04c1-424b-9868-57a2d4851a1d" />
    <TestEntry testId="ca84de6c-cf9f-5b23-afbf-1743b69cec30" executionId="726d5724-3835-46d3-a272-da71c837d53c" testListId="8c84fa94-04c1-424b-9868-57a2d4851a1d" />
    <TestEntry testId="63697932-2986-880a-55c5-32c06b77f11b" executionId="f4a07e5b-e757-4b02-9e5f-2ebac2f51af0" testListId="8c84fa94-04c1-424b-9868-57a2d4851a1d" />
    <TestEntry testId="cdbf9444-aba6-6b34-3425-8f44fe4f52b2" executionId="926753ff-cee2-4fe9-b72c-d7a8414c3c98" testListId="8c84fa94-04c1-424b-9868-57a2d4851a1d" />
    <TestEntry testId="1971d78d-d90b-8b5b-2193-80ba0ab46f86" executionId="7e954a8c-6cfc-4bf8-8474-ab042f3358f8" testListId="8c84fa94-04c1-424b-9868-57a2d4851a1d" />
    <TestEntry testId="beed8b53-967c-b437-29a7-7caedf262cbb" executionId="a03b59dc-c059-4fe8-acc6-77e6f849ab2d" testListId="8c84fa94-04c1-424b-9868-57a2d4851a1d" />
    <TestEntry testId="85e97acb-11de-08df-905a-21d5d5888d29" executionId="4c1211c5-44dc-4ab8-80d7-afaaa3544706" testListId="8c84fa94-04c1-424b-9868-57a2d4851a1d" />
    <TestEntry testId="61f1e916-f7d2-9c70-1f9f-c8fae1845eae" executionId="f2c1fb05-4ec1-4bcf-bf33-e89839ae6f52" testListId="8c84fa94-04c1-424b-9868-57a2d4851a1d" />
    <TestEntry testId="4981f8ca-67b0-28b7-16fb-bd68d0fadc37" executionId="ca48f219-221a-4fa7-8726-fa009ef4af01" testListId="8c84fa94-04c1-424b-9868-57a2d4851a1d" />
    <TestEntry testId="754684df-2078-e9d9-05ec-2216a102cf01" executionId="71728f9b-8ad6-4471-aac5-4f6552ad90af" testListId="8c84fa94-04c1-424b-9868-57a2d4851a1d" />
    <TestEntry testId="48561c54-6a4b-b8c4-7322-8c229edf3aee" executionId="baab9751-e7af-4b55-bc17-9d3bf033a5ee" testListId="8c84fa94-04c1-424b-9868-57a2d4851a1d" />
    <TestEntry testId="f004bd56-4237-fb56-b159-57cfea5e0649" executionId="c386d2de-1dee-4f5b-8faf-11c11ae834e3" testListId="8c84fa94-04c1-424b-9868-57a2d4851a1d" />
    <TestEntry testId="d07ea7a5-c866-35f6-fba6-bbeb61c2cbd4" executionId="1359b843-9bc8-4c38-8103-4be838dfede2" testListId="8c84fa94-04c1-424b-9868-57a2d4851a1d" />
    <TestEntry testId="a6b1b7ac-423b-b64b-51be-ac14931efb88" executionId="694a4852-5dc5-467e-b76f-16469459e3fb" testListId="8c84fa94-04c1-424b-9868-57a2d4851a1d" />
    <TestEntry testId="8605a51f-5b53-b458-2eee-61ca30b6c49e" executionId="7ac80f84-6ca3-418f-b032-751496d6a093" testListId="8c84fa94-04c1-424b-9868-57a2d4851a1d" />
    <TestEntry testId="64e11116-f5cb-bd3b-2e3c-4f33a15a2949" executionId="610fed50-967d-4132-b3a6-34fc2475205b" testListId="8c84fa94-04c1-424b-9868-57a2d4851a1d" />
    <TestEntry testId="ee8dd72d-e27b-e47a-e9ab-ea48b4ee24c7" executionId="fca45273-5b08-4146-b16f-e3552a70ff37" testListId="8c84fa94-04c1-424b-9868-57a2d4851a1d" />
    <TestEntry testId="c4ff8b3d-e919-3d50-b132-1b2dbc4179a6" executionId="d269a9d7-95c4-407b-ac75-8eaa6e0d22b0" testListId="8c84fa94-04c1-424b-9868-57a2d4851a1d" />
    <TestEntry testId="1bdb6140-e78c-1d86-2209-d2ec03185fc5" executionId="5298728c-565a-4556-bc3c-b0b46682fa6a" testListId="8c84fa94-04c1-424b-9868-57a2d4851a1d" />
    <TestEntry testId="0e5fcfee-bd6d-f45f-061a-0b8ebdec31cd" executionId="23505bff-0e21-46cd-867e-334296328736" testListId="8c84fa94-04c1-424b-9868-57a2d4851a1d" />
    <TestEntry testId="bb35b0ea-0a5f-40e6-f51d-49c9b4409aee" executionId="59f134d9-cf76-4007-9263-5007ab781d13" testListId="8c84fa94-04c1-424b-9868-57a2d4851a1d" />
    <TestEntry testId="f7068f37-243f-6241-9d48-0587635c77e0" executionId="8d09e078-cb9c-40e2-80dd-289b38b733ea" testListId="8c84fa94-04c1-424b-9868-57a2d4851a1d" />
    <TestEntry testId="8bc2d5de-2e39-fb3e-290f-c92f9624e7e3" executionId="26a260dd-2688-43d2-bede-329319fa9091" testListId="8c84fa94-04c1-424b-9868-57a2d4851a1d" />
    <TestEntry testId="ff68200b-b0bf-e5fc-2918-72089de7bd93" executionId="a53e4780-3b3f-4e0d-98b0-8f8d5305f210" testListId="8c84fa94-04c1-424b-9868-57a2d4851a1d" />
    <TestEntry testId="0c3f05e8-f904-c7ee-3d10-d355752717ad" executionId="d91065c1-3104-485a-add8-ee16294b53bd" testListId="8c84fa94-04c1-424b-9868-57a2d4851a1d" />
    <TestEntry testId="3585b56d-a5f1-f683-7400-c0bfac8126e5" executionId="87659d21-fe75-4d5b-af3f-137047a025c9" testListId="8c84fa94-04c1-424b-9868-57a2d4851a1d" />
    <TestEntry testId="52610562-4e87-9bc0-3f6e-3a8d1eb26cfc" executionId="05e7725c-7035-4d62-9f9c-a5eb40631477" testListId="8c84fa94-04c1-424b-9868-57a2d4851a1d" />
    <TestEntry testId="b69a7e55-e708-888c-36a6-d240809edd1d" executionId="589be519-007b-4438-bbf9-628732a18603" testListId="8c84fa94-04c1-424b-9868-57a2d4851a1d" />
    <TestEntry testId="b0f95758-67ad-2207-a23b-1a1ecc3898ca" executionId="1ddd5b61-495a-42e5-9272-004dd993505e" testListId="8c84fa94-04c1-424b-9868-57a2d4851a1d" />
    <TestEntry testId="b624b957-033e-f1f6-e698-ab5559eeeca7" executionId="be0c8bc4-1131-48c4-99db-114eb58447bc" testListId="8c84fa94-04c1-424b-9868-57a2d4851a1d" />
  </TestEntries>
  <TestLists>
    <TestList name="Resultados que não estão em uma lista" id="8c84fa94-04c1-424b-9868-57a2d4851a1d" />
    <TestList name="Todos os resultados carregados" id="19431567-8539-422a-85d7-44ee4e166bda" />
  </TestLists>
  <ResultSummary outcome="Failed">
    <Counters total="267" executed="267" passed="265" failed="2" error="0" timeout="0" aborted="0" inconclusive="0" passedButRunAborted="0" notRunnable="0" notExecuted="0" disconnected="0" warning="0" completed="0" inProgress="0" pending="0" />
    <Output>
      <StdOut>[xUnit.net 00:00:00.00] xUnit.net VSTest Adapter v2.5.3.1+6b60a9e56a (64-bit .NET 8.0.20)
[xUnit.net 00:00:00.09]   Discovering: UserService.UnitTest
[xUnit.net 00:00:00.20]   Discovered:  UserService.UnitTest
[xUnit.net 00:00:00.20]   Starting:    UserService.UnitTest
Mock called with URI: http://localhost:8080/realms/master/protocol/openid-connect/token
Method: POST
Handling user login request
Login request content: grant_type=password&amp;client_id=admin-cli&amp;username=admin&amp;password=admin-password
Returning successful login response
[xUnit.net 00:00:00.64]       Expected user.CreatedAt to be within 1d from &lt;2025-09-25 22:11:56.952989&gt;, but &lt;2025-09-24 21:59:56.6983156&gt; was off by 1d, 12m, 254ms and 673.4µs.
[xUnit.net 00:00:00.64]       Stack Trace:
[xUnit.net 00:00:00.64]            at FluentAssertions.Execution.XUnit2TestFramework.Throw(String message)
[xUnit.net 00:00:00.64]            at FluentAssertions.Execution.TestFrameworkProvider.Throw(String message)
[xUnit.net 00:00:00.64]            at FluentAssertions.Execution.DefaultAssertionStrategy.HandleFailure(String message)
[xUnit.net 00:00:00.64]            at FluentAssertions.Execution.AssertionScope.FailWith(Func`1 failReasonFunc)
[xUnit.net 00:00:00.64]            at FluentAssertions.Execution.AssertionScope.FailWith(Func`1 failReasonFunc)
[xUnit.net 00:00:00.64]            at FluentAssertions.Execution.AssertionScope.FailWith(String message, Object[] args)
[xUnit.net 00:00:00.64]            at FluentAssertions.Primitives.DateTimeAssertions`1.BeCloseTo(DateTime nearbyTime, TimeSpan precision, String because, Object[] becauseArgs)
[xUnit.net 00:00:00.64]         /Users/diasbruno/Documents/programacao/codigos/dotnet/bcommerce/backend/src/Services/UserService/UserService.UnitTest/Domain/UserTests.cs(171,0): at UserService.UnitTest.Domain.UserTests.Usuario_QuandoCriadoComBuilder_DeveConterDadosValidos()
[xUnit.net 00:00:00.64]            at System.RuntimeMethodHandle.InvokeMethod(Object target, Void** arguments, Signature sig, Boolean isConstructor)
[xUnit.net 00:00:00.64]            at System.Reflection.MethodBaseInvoker.InvokeWithNoArgs(Object obj, BindingFlags invokeAttr)
[xUnit.net 00:00:00.65]       Expected loginKeycloak.Email.Length to be 111, but found 112 (difference of 1).
[xUnit.net 00:00:00.65]       Stack Trace:
[xUnit.net 00:00:00.65]            at FluentAssertions.Execution.XUnit2TestFramework.Throw(String message)
[xUnit.net 00:00:00.65]            at FluentAssertions.Execution.TestFrameworkProvider.Throw(String message)
[xUnit.net 00:00:00.65]            at FluentAssertions.Execution.DefaultAssertionStrategy.HandleFailure(String message)
[xUnit.net 00:00:00.65]            at FluentAssertions.Execution.AssertionScope.FailWith(Func`1 failReasonFunc)
[xUnit.net 00:00:00.65]            at FluentAssertions.Execution.AssertionScope.FailWith(Func`1 failReasonFunc)
[xUnit.net 00:00:00.65]            at FluentAssertions.Execution.AssertionScope.FailWith(String message, Object[] args)
[xUnit.net 00:00:00.65]            at FluentAssertions.Numeric.NumericAssertions`2.Be(T expected, String because, Object[] becauseArgs)
[xUnit.net 00:00:00.65]         /Users/diasbruno/Documents/programacao/codigos/dotnet/bcommerce/backend/src/Services/UserService/UserService.UnitTest/Application/Dtos/Keycloak/LoginUserKeycloakTests.cs(203,0): at UserService.UnitTest.Application.Dtos.Keycloak.LoginUserKeycloakTests.LoginUserKeycloak_ComEmailLongo_DevePermitirCriacao()
[xUnit.net 00:00:00.65]            at System.RuntimeMethodHandle.InvokeMethod(Object target, Void** arguments, Signature sig, Boolean isConstructor)
[xUnit.net 00:00:00.65]            at System.Reflection.MethodBaseInvoker.InvokeWithNoArgs(Object obj, BindingFlags invokeAttr)
Mock called with URI: http://localhost:8080/admin/realms/test-realm/users?email=usuario.inexistente%40email.com&amp;exact=true
Method: GET
Mock called with URI: http://localhost:8080/realms/master/protocol/openid-connect/token
Method: POST
Handling user login request
Login request content: grant_type=password&amp;client_id=admin-cli&amp;username=admin&amp;password=admin-password
Returning successful login response
Mock called with URI: http://localhost:8080/admin/realms/test-realm/users
Method: POST
Mock called with URI: http://localhost:8080/realms/master/protocol/openid-connect/token
Method: POST
Handling user login request
Login request content: grant_type=password&amp;client_id=admin-cli&amp;username=admin&amp;password=admin-password
Returning successful login response
Mock called with URI: http://localhost:8080/admin/realms/test-realm/roles/user
Method: GET
Mock called with URI: http://localhost:8080/admin/realms/test-realm/users/bf03390b-c0cc-4615-a82a-c99831b519e5/role-mappings/realm
Method: POST
Mock called with URI: http://localhost:8080/realms/master/protocol/openid-connect/token
Method: POST
Handling user login request
Login request content: grant_type=password&amp;client_id=admin-cli&amp;username=admin&amp;password=admin-password
Returning successful login response
Mock called with URI: http://localhost:8080/admin/realms/test-realm/users/43464762-903d-419a-9167-462bfb6e292c
Method: DELETE
Mock called with URI: http://localhost:8080/realms/test-realm/protocol/openid-connect/token
Method: POST
Handling user login request
Login request content: grant_type=password&amp;client_id=frontend-client&amp;username=Fabio30%40hotmail.com&amp;password=MinhaSenh%40123&amp;scope=openid
Returning successful login response
Mock called with URI: http://localhost:8080/realms/master/protocol/openid-connect/token
Method: POST
Handling user login request
Login request content: grant_type=password&amp;client_id=admin-cli&amp;username=admin&amp;password=admin-password
Returning successful login response
Mock called with URI: http://localhost:8080/admin/realms/test-realm/users
Method: POST
Mock called with URI: http://localhost:8080/realms/master/protocol/openid-connect/token
Method: POST
Handling user login request
Login request content: grant_type=password&amp;client_id=admin-cli&amp;username=admin&amp;password=admin-password
Returning successful login response
Mock called with URI: http://localhost:8080/admin/realms/test-realm/users?email=test%40email.com&amp;exact=true
Method: GET
Mock called with URI: http://localhost:8080/realms/master/protocol/openid-connect/token
Method: POST
Handling user login request
Login request content: grant_type=password&amp;client_id=admin-cli&amp;username=admin&amp;password=admin-password
Returning successful login response
Mock called with URI: http://localhost:8080/admin/realms/test-realm/users/af842371-04ac-498b-9ae6-03e750d5d336/role-mappings/realm
Method: GET
Mock called with URI: http://localhost:8080/realms/test-realm/protocol/openid-connect/token
Method: POST
Handling user login request
Login request content: grant_type=password&amp;client_id=frontend-client&amp;username=Alicia.Costa%40yahoo.com&amp;password=SenhaIncorreta&amp;scope=openid
Returning 401 for invalid credentials
Mock called with URI: http://localhost:8080/realms/master/protocol/openid-connect/token
Method: POST
Handling user login request
Login request content: grant_type=password&amp;client_id=admin-cli&amp;username=admin&amp;password=admin-password
Returning successful login response
Mock called with URI: http://localhost:8080/admin/realms/test-realm/users/IdInvalido
Method: DELETE
[xUnit.net 00:00:05.36]   Finished:    UserService.UnitTest
</StdOut>
    </Output>
    <RunInfos>
      <RunInfo computerName="iMac-de-Bruno" outcome="Error" timestamp="2025-09-25T19:11:57.1446390-03:00">
        <Text>[xUnit.net 00:00:00.64]     UserService.UnitTest.Domain.UserTests.Usuario_QuandoCriadoComBuilder_DeveConterDadosValidos [FAIL]</Text>
      </RunInfo>
      <RunInfo computerName="iMac-de-Bruno" outcome="Error" timestamp="2025-09-25T19:11:57.1483650-03:00">
        <Text>[xUnit.net 00:00:00.65]     UserService.UnitTest.Application.Dtos.Keycloak.LoginUserKeycloakTests.LoginUserKeycloak_ComEmailLongo_DevePermitirCriacao [FAIL]</Text>
      </RunInfo>
    </RunInfos>
  </ResultSummary>
</TestRun>