<?xml version="1.0" encoding="utf-8"?>
<TestRun id="11bfb7b6-63b5-4b2e-9f1f-2434a3939366" name="@iMac-de-Bruno 2025-09-25 19:08:29" xmlns="http://microsoft.com/schemas/VisualStudio/TeamTest/2010">
  <Times creation="2025-09-25T19:08:29.0576960-03:00" queuing="2025-09-25T19:08:29.0576960-03:00" start="2025-09-25T19:08:28.0139390-03:00" finish="2025-09-25T19:08:34.0972130-03:00" />
  <TestSettings name="default" id="3bbd9d5a-2ba2-4582-9388-d9c527972c6c">
    <Deployment runDeploymentRoot="_iMac-de-Bruno_2025-09-25_19_08_29" />
  </TestSettings>
  <Results>
    <UnitTestResult executionId="09443436-1c0e-4064-95aa-448b658c5612" testId="edcaa81b-5da7-b2f8-7b08-62b73bfcfb3b" testName="UserService.UnitTest.Application.Dtos.Responses.LoginUserResponseTests.LoginUserResponse_ComExpiresInPositivo_DevePermitirAtribuicao(expiresIn: 7200)" computerName="iMac-de-Bruno" duration="00:00:00.0048164" startTime="2025-09-25T19:08:29.3426190-03:00" endTime="2025-09-25T19:08:29.3426190-03:00" testType="13cdc9d9-ddb5-4fa4-a97d-d965ccfc6d4b" outcome="Passed" testListId="8c84fa94-04c1-424b-9868-57a2d4851a1d" relativeResultsDirectory="09443436-1c0e-4064-95aa-448b658c5612" />
    <UnitTestResult executionId="e2cf0be4-9bb8-4386-95c5-596cf150ac44" testId="8e65df34-fb75-1ca3-79e1-1466c62e6424" testName="UserService.UnitTest.Application.Services.KeycloakServiceTests.CreateUserAsync_QuandoUsuarioJaExiste_DeveLancarKeycloakException" computerName="iMac-de-Bruno" duration="00:00:00.0100556" startTime="2025-09-25T19:08:29.4814940-03:00" endTime="2025-09-25T19:08:29.4814940-03:00" testType="13cdc9d9-ddb5-4fa4-a97d-d965ccfc6d4b" outcome="Passed" testListId="8c84fa94-04c1-424b-9868-57a2d4851a1d" relativeResultsDirectory="e2cf0be4-9bb8-4386-95c5-596cf150ac44" />
    <UnitTestResult executionId="09136165-15f0-41d0-b085-889f1eca1f90" testId="27c79a35-e4d6-9afe-a6d3-d329dddd2aab" testName="UserService.UnitTest.Application.Commands.CreateUserCommandTests.CriarComando_ComValoresPadrao_DeveInicializarPropriedadesVazias" computerName="iMac-de-Bruno" duration="00:00:00.0007470" startTime="2025-09-25T19:08:28.9926360-03:00" endTime="2025-09-25T19:08:28.9926360-03:00" testType="13cdc9d9-ddb5-4fa4-a97d-d965ccfc6d4b" outcome="Passed" testListId="8c84fa94-04c1-424b-9868-57a2d4851a1d" relativeResultsDirectory="09136165-15f0-41d0-b085-889f1eca1f90" />
    <UnitTestResult executionId="e70075c5-9e97-4ab8-bfac-758343b9ac99" testId="4aaa9357-1d22-5091-fa57-cbefdb70b12e" testName="UserService.UnitTest.Application.Dtos.Requests.CreateUserRequestTests.CreateUserRequest_ComDiferentesCombinacoesDeDados_DeveDefinirPropriedadesCorretamente(email: &quot;user@example.com&quot;, password: &quot;Password123!&quot;, firstName: &quot;João&quot;, lastName: &quot;Silva&quot;, newsletterOptIn: True)" computerName="iMac-de-Bruno" duration="00:00:00.0025706" startTime="2025-09-25T19:08:29.0531570-03:00" endTime="2025-09-25T19:08:29.0531570-03:00" testType="13cdc9d9-ddb5-4fa4-a97d-d965ccfc6d4b" outcome="Passed" testListId="8c84fa94-04c1-424b-9868-57a2d4851a1d" relativeResultsDirectory="e70075c5-9e97-4ab8-bfac-758343b9ac99" />
    <UnitTestResult executionId="6a669578-08ed-45aa-bf60-9bdda8ef2b13" testId="4981f8ca-67b0-28b7-16fb-bd68d0fadc37" testName="UserService.UnitTest.Application.Dtos.Requests.CreateUserRequestTests.CreateUserRequest_ComSenhaNula_DevePermitirAtribuicao" computerName="iMac-de-Bruno" duration="00:00:00.0085390" startTime="2025-09-25T19:08:29.0237630-03:00" endTime="2025-09-25T19:08:29.0237630-03:00" testType="13cdc9d9-ddb5-4fa4-a97d-d965ccfc6d4b" outcome="Passed" testListId="8c84fa94-04c1-424b-9868-57a2d4851a1d" relativeResultsDirectory="6a669578-08ed-45aa-bf60-9bdda8ef2b13" />
    <UnitTestResult executionId="710b5761-1405-4347-9d39-34160030fbf4" testId="4d1201e1-a22a-3599-02cd-1e29c29de1df" testName="UserService.UnitTest.Domain.UserTests.Usuario_QuandoEmailVerificado_DeveDefinirTempoVerificacao" computerName="iMac-de-Bruno" duration="00:00:00.1631756" startTime="2025-09-25T19:08:29.0808950-03:00" endTime="2025-09-25T19:08:29.0808950-03:00" testType="13cdc9d9-ddb5-4fa4-a97d-d965ccfc6d4b" outcome="Passed" testListId="8c84fa94-04c1-424b-9868-57a2d4851a1d" relativeResultsDirectory="710b5761-1405-4347-9d39-34160030fbf4" />
    <UnitTestResult executionId="5dc947c4-866d-424b-828c-9e25ae651c16" testId="c08ccbd0-b0b1-8315-a738-556c67c488ab" testName="UserService.UnitTest.Application.Dtos.Responses.CreateUserResponseTests.CreateUserResponse_ComDataAtual_DeveDefinirCorretamente" computerName="iMac-de-Bruno" duration="00:00:00.0110414" startTime="2025-09-25T19:08:29.0140740-03:00" endTime="2025-09-25T19:08:29.0140740-03:00" testType="13cdc9d9-ddb5-4fa4-a97d-d965ccfc6d4b" outcome="Passed" testListId="8c84fa94-04c1-424b-9868-57a2d4851a1d" relativeResultsDirectory="5dc947c4-866d-424b-828c-9e25ae651c16" />
    <UnitTestResult executionId="0618d5a0-5727-4926-ac47-7abb429fcc67" testId="b9ac6a1b-ee8a-094a-ffba-407fb51c3368" testName="UserService.UnitTest.Application.Dtos.Requests.LoginUserRequestTests.LoginUserRequest_ComSenhaVaziaOuEspacos_DevePermitirAtribuicao(password: &quot; &quot;)" computerName="iMac-de-Bruno" duration="00:00:00.0031365" startTime="2025-09-25T19:08:29.2026810-03:00" endTime="2025-09-25T19:08:29.2026810-03:00" testType="13cdc9d9-ddb5-4fa4-a97d-d965ccfc6d4b" outcome="Passed" testListId="8c84fa94-04c1-424b-9868-57a2d4851a1d" relativeResultsDirectory="0618d5a0-5727-4926-ac47-7abb429fcc67" />
    <UnitTestResult executionId="e31f809f-7d28-4c36-b323-c87481e37c6e" testId="321b1e81-3b6f-125b-b35e-2cc7a19e0114" testName="UserService.UnitTest.Application.Commands.CreateUserCommandHandlerTests.Handle_QuandoKeycloakFalha_DeveRetornarErroSemCriarUsuarioNoBanco" computerName="iMac-de-Bruno" duration="00:00:00.0116180" startTime="2025-09-25T19:08:30.3087140-03:00" endTime="2025-09-25T19:08:30.3087140-03:00" testType="13cdc9d9-ddb5-4fa4-a97d-d965ccfc6d4b" outcome="Passed" testListId="8c84fa94-04c1-424b-9868-57a2d4851a1d" relativeResultsDirectory="e31f809f-7d28-4c36-b323-c87481e37c6e" />
    <UnitTestResult executionId="b5646d49-6c06-426f-882c-21c5a08ab39b" testId="90c63f74-3282-2911-4a3a-7a9b7bbc7867" testName="UserService.UnitTest.Application.Dtos.Keycloak.CreateUserKeycloakTests.CreateUserKeycloak_ComEmailVazioOuEspacos_DevePermitirCriacao(email: &quot;&quot;)" computerName="iMac-de-Bruno" duration="00:00:00.0107945" startTime="2025-09-25T19:08:29.0120150-03:00" endTime="2025-09-25T19:08:29.0120150-03:00" testType="13cdc9d9-ddb5-4fa4-a97d-d965ccfc6d4b" outcome="Passed" testListId="8c84fa94-04c1-424b-9868-57a2d4851a1d" relativeResultsDirectory="b5646d49-6c06-426f-882c-21c5a08ab39b" />
    <UnitTestResult executionId="bf310f10-2dc6-4f11-a3b1-3b3384fd72a9" testId="579b5bed-355d-f06a-3878-0843fd9bf111" testName="UserService.UnitTest.Domain.UserAddressExtensionsTests.ObterEnderecoFormatado_QuandoComplementoEspacosVazios_DeveRetornarEnderecoFormatadoSemComplemento" computerName="iMac-de-Bruno" duration="00:00:00.0019002" startTime="2025-09-25T19:08:29.2641220-03:00" endTime="2025-09-25T19:08:29.2641220-03:00" testType="13cdc9d9-ddb5-4fa4-a97d-d965ccfc6d4b" outcome="Passed" testListId="8c84fa94-04c1-424b-9868-57a2d4851a1d" relativeResultsDirectory="bf310f10-2dc6-4f11-a3b1-3b3384fd72a9" />
    <UnitTestResult executionId="5f1c08b1-0805-47a7-9be4-c4a8a2c5ce14" testId="3d0f690d-1546-6c6f-ab8b-cba4d994071b" testName="UserService.UnitTest.Application.Dtos.Responses.CreateUserResponseTests.CreateUserResponse_ComDiferentesCombinacoesDeDados_DeveDefinirPropriedadesCorretamente(email: &quot;admin@company.net&quot;, firstName: &quot;Pedro&quot;, lastName: &quot;Oliveira&quot;, phoneNumber: &quot;31777777777&quot;)" computerName="iMac-de-Bruno" duration="00:00:00.0077339" startTime="2025-09-25T19:08:29.0476250-03:00" endTime="2025-09-25T19:08:29.0476250-03:00" testType="13cdc9d9-ddb5-4fa4-a97d-d965ccfc6d4b" outcome="Passed" testListId="8c84fa94-04c1-424b-9868-57a2d4851a1d" relativeResultsDirectory="5f1c08b1-0805-47a7-9be4-c4a8a2c5ce14" />
    <UnitTestResult executionId="fc8ff61f-82bf-409e-b114-2c85c06145a1" testId="4436b52f-e223-af1e-ebed-65a03d230b7b" testName="UserService.UnitTest.Application.Dtos.Responses.LoginUserResponseTests.LoginUserResponse_ComExpiresInPositivo_DevePermitirAtribuicao(expiresIn: 86400)" computerName="iMac-de-Bruno" duration="00:00:00.0145211" startTime="2025-09-25T19:08:29.3434940-03:00" endTime="2025-09-25T19:08:29.3434940-03:00" testType="13cdc9d9-ddb5-4fa4-a97d-d965ccfc6d4b" outcome="Passed" testListId="8c84fa94-04c1-424b-9868-57a2d4851a1d" relativeResultsDirectory="fc8ff61f-82bf-409e-b114-2c85c06145a1" />
    <UnitTestResult executionId="b0c3fced-2550-4494-8dab-4c51515ac509" testId="8b4feff8-524d-e5f0-2b1a-0eced3e687c2" testName="UserService.UnitTest.Application.Services.PasswordEncripterTests.VerifyPassword_ComDiferentesCombinacoes_DeveRetornarResultadoCorreto(originalPassword: &quot;P@ssw0rd!&quot;, testPassword: &quot;P@ssw0rd?&quot;, expectedResult: False)" computerName="iMac-de-Bruno" duration="00:00:00.2605006" startTime="2025-09-25T19:08:31.0252620-03:00" endTime="2025-09-25T19:08:31.0252620-03:00" testType="13cdc9d9-ddb5-4fa4-a97d-d965ccfc6d4b" outcome="Passed" testListId="8c84fa94-04c1-424b-9868-57a2d4851a1d" relativeResultsDirectory="b0c3fced-2550-4494-8dab-4c51515ac509" />
    <UnitTestResult executionId="fd00d29e-b425-4a76-8d78-2921847e1e0d" testId="e17b7cb9-2e37-5171-bf20-8e757d62d918" testName="UserService.UnitTest.Application.Commands.LoginUserCommandTests.CriarComando_ComSenhaNula_DevePermitirAtribuicao" computerName="iMac-de-Bruno" duration="00:00:00.0001474" startTime="2025-09-25T19:08:28.9921200-03:00" endTime="2025-09-25T19:08:28.9921200-03:00" testType="13cdc9d9-ddb5-4fa4-a97d-d965ccfc6d4b" outcome="Passed" testListId="8c84fa94-04c1-424b-9868-57a2d4851a1d" relativeResultsDirectory="fd00d29e-b425-4a76-8d78-2921847e1e0d" />
    <UnitTestResult executionId="f069248c-ec46-4191-b8f5-d63956966780" testId="8ad9e2fc-bb4a-628d-20d6-9b682849afbc" testName="UserService.UnitTest.Application.Dtos.Keycloak.CreateUserKeycloakTests.CreateUserKeycloak_DeveSerRecord_ComIgualdadeCorreta" computerName="iMac-de-Bruno" duration="00:00:00.0228059" startTime="2025-09-25T19:08:29.2263360-03:00" endTime="2025-09-25T19:08:29.2263360-03:00" testType="13cdc9d9-ddb5-4fa4-a97d-d965ccfc6d4b" outcome="Passed" testListId="8c84fa94-04c1-424b-9868-57a2d4851a1d" relativeResultsDirectory="f069248c-ec46-4191-b8f5-d63956966780" />
    <UnitTestResult executionId="6498c79b-070f-4df2-8e5e-8a8098457dfa" testId="11dec80e-4942-7ddf-1040-87ce1993a7ec" testName="UserService.UnitTest.Application.Dtos.Keycloak.CreateUserKeycloakTests.CreateUserKeycloak_ComSenhaLonga_DevePermitirCriacao" computerName="iMac-de-Bruno" duration="00:00:00.0084195" startTime="2025-09-25T19:08:29.2493410-03:00" endTime="2025-09-25T19:08:29.2493420-03:00" testType="13cdc9d9-ddb5-4fa4-a97d-d965ccfc6d4b" outcome="Passed" testListId="8c84fa94-04c1-424b-9868-57a2d4851a1d" relativeResultsDirectory="6498c79b-070f-4df2-8e5e-8a8098457dfa" />
    <UnitTestResult executionId="fb60178a-cffa-4c1a-b8f6-7e2107b120a6" testId="52610562-4e87-9bc0-3f6e-3a8d1eb26cfc" testName="UserService.UnitTest.Domain.UserExtensionsTests.EstaAtivo_QuandoUsuarioBanido_DeveRetornarFalso" computerName="iMac-de-Bruno" duration="00:00:00.0269138" startTime="2025-09-25T19:08:29.1171810-03:00" endTime="2025-09-25T19:08:29.1171810-03:00" testType="13cdc9d9-ddb5-4fa4-a97d-d965ccfc6d4b" outcome="Passed" testListId="8c84fa94-04c1-424b-9868-57a2d4851a1d" relativeResultsDirectory="fb60178a-cffa-4c1a-b8f6-7e2107b120a6" />
    <UnitTestResult executionId="d52473cb-cddc-4d56-bc0c-8e235c0f8436" testId="5a16a19d-db28-a783-60f7-38ea9759e1ca" testName="UserService.UnitTest.Application.Dtos.Keycloak.LoginUserKeycloakTests.LoginUserKeycloak_ComEmailsDeComprimentosVariados_DevePermitirCriacao" computerName="iMac-de-Bruno" duration="00:00:00.0070641" startTime="2025-09-25T19:08:29.3802640-03:00" endTime="2025-09-25T19:08:29.3802640-03:00" testType="13cdc9d9-ddb5-4fa4-a97d-d965ccfc6d4b" outcome="Passed" testListId="8c84fa94-04c1-424b-9868-57a2d4851a1d" relativeResultsDirectory="d52473cb-cddc-4d56-bc0c-8e235c0f8436" />
    <UnitTestResult executionId="b570b7db-c1c7-41f4-a941-473950b4625b" testId="754684df-2078-e9d9-05ec-2216a102cf01" testName="UserService.UnitTest.Application.Commands.CreateUserCommandHandlerTests.Handle_ComDiferentesNomes_DeveCriarUsuarioCorretamente(firstName: &quot;Maria&quot;, lastName: &quot;Santos&quot;, email: &quot;maria@teste.com&quot;)" computerName="iMac-de-Bruno" duration="00:00:00.0134025" startTime="2025-09-25T19:08:30.2549560-03:00" endTime="2025-09-25T19:08:30.2549560-03:00" testType="13cdc9d9-ddb5-4fa4-a97d-d965ccfc6d4b" outcome="Passed" testListId="8c84fa94-04c1-424b-9868-57a2d4851a1d" relativeResultsDirectory="b570b7db-c1c7-41f4-a941-473950b4625b" />
    <UnitTestResult executionId="724e1592-16eb-440c-a3b4-9943ce22a874" testId="9587565c-e707-a92a-0a82-b6d084a96cdd" testName="UserService.UnitTest.Domain.UserTests.Usuario_QuandoTelefoneDefinido_DeveAceitarFormatoValido" computerName="iMac-de-Bruno" duration="00:00:00.0113542" startTime="2025-09-25T19:08:29.3697230-03:00" endTime="2025-09-25T19:08:29.3697230-03:00" testType="13cdc9d9-ddb5-4fa4-a97d-d965ccfc6d4b" outcome="Passed" testListId="8c84fa94-04c1-424b-9868-57a2d4851a1d" relativeResultsDirectory="724e1592-16eb-440c-a3b4-9943ce22a874" />
    <UnitTestResult executionId="fbda71b7-2201-4305-ab27-1f4318761ba9" testId="411ae6e3-411d-bed2-74f1-79868b4b9025" testName="UserService.UnitTest.Application.Dtos.Keycloak.CreateUserKeycloakTests.CreateUserKeycloak_ComEmailNulo_DevePermitirCriacao" computerName="iMac-de-Bruno" duration="00:00:00.0086981" startTime="2025-09-25T19:08:29.2377810-03:00" endTime="2025-09-25T19:08:29.2377810-03:00" testType="13cdc9d9-ddb5-4fa4-a97d-d965ccfc6d4b" outcome="Passed" testListId="8c84fa94-04c1-424b-9868-57a2d4851a1d" relativeResultsDirectory="fbda71b7-2201-4305-ab27-1f4318761ba9" />
    <UnitTestResult executionId="02860198-da7c-4153-950e-e3e8565f54f7" testId="e33addc7-21b5-57ef-72f7-0fff7fcb126d" testName="UserService.UnitTest.Application.Dtos.Keycloak.CreateUserKeycloakTests.CreateUserKeycloak_ComDiferentesValoresEnabled_DeveDefinirCorretamente(enabled: False)" computerName="iMac-de-Bruno" duration="00:00:00.0077171" startTime="2025-09-25T19:08:29.2001310-03:00" endTime="2025-09-25T19:08:29.2001320-03:00" testType="13cdc9d9-ddb5-4fa4-a97d-d965ccfc6d4b" outcome="Passed" testListId="8c84fa94-04c1-424b-9868-57a2d4851a1d" relativeResultsDirectory="02860198-da7c-4153-950e-e3e8565f54f7" />
    <UnitTestResult executionId="b9900045-45df-4e29-806a-c3962506ed22" testId="a655f03f-04ab-3f43-8793-397ba77d999a" testName="UserService.UnitTest.Application.Services.PasswordEncripterTests.EncryptPassword_ComCaracteresUnicode_DeveProcessarCorretamente" computerName="iMac-de-Bruno" duration="00:00:00.2595951" startTime="2025-09-25T19:08:32.9828320-03:00" endTime="2025-09-25T19:08:32.9828320-03:00" testType="13cdc9d9-ddb5-4fa4-a97d-d965ccfc6d4b" outcome="Passed" testListId="8c84fa94-04c1-424b-9868-57a2d4851a1d" relativeResultsDirectory="b9900045-45df-4e29-806a-c3962506ed22" />
    <UnitTestResult executionId="29486742-99a1-4c23-ac05-51b9bc9969df" testId="64e1aecb-9e30-c5d0-5a75-78b9e973ebdf" testName="UserService.UnitTest.Application.Dtos.Keycloak.LoginUserKeycloakTests.LoginUserKeycloak_ComCaracteresEspeciaisNoEmail_DevePermitirCriacao" computerName="iMac-de-Bruno" duration="00:00:00.0120628" startTime="2025-09-25T19:08:29.3419280-03:00" endTime="2025-09-25T19:08:29.3419280-03:00" testType="13cdc9d9-ddb5-4fa4-a97d-d965ccfc6d4b" outcome="Passed" testListId="8c84fa94-04c1-424b-9868-57a2d4851a1d" relativeResultsDirectory="29486742-99a1-4c23-ac05-51b9bc9969df" />
    <UnitTestResult executionId="ba02da0f-b094-4019-b3fd-8ae853424dda" testId="b0f95758-67ad-2207-a23b-1a1ecc3898ca" testName="UserService.UnitTest.Application.Services.PasswordEncripterTests.EncryptPassword_ComMesmaSenha_DeveGerarHashesDiferentes" computerName="iMac-de-Bruno" duration="00:00:00.2598610" startTime="2025-09-25T19:08:33.7728560-03:00" endTime="2025-09-25T19:08:33.7728570-03:00" testType="13cdc9d9-ddb5-4fa4-a97d-d965ccfc6d4b" outcome="Passed" testListId="8c84fa94-04c1-424b-9868-57a2d4851a1d" relativeResultsDirectory="ba02da0f-b094-4019-b3fd-8ae853424dda" />
    <UnitTestResult executionId="ca3b1522-21d5-4191-9151-5384b2f0afff" testId="91a43f25-3310-9dee-b091-2cf37d2dd2a2" testName="UserService.UnitTest.Application.Dtos.Requests.CreateUserRequestTests.CreateUserRequest_ComSenhaVaziaOuEspacos_DevePermitirAtribuicao(password: &quot;&quot;)" computerName="iMac-de-Bruno" duration="00:00:00.0041900" startTime="2025-09-25T19:08:29.0270780-03:00" endTime="2025-09-25T19:08:29.0270790-03:00" testType="13cdc9d9-ddb5-4fa4-a97d-d965ccfc6d4b" outcome="Passed" testListId="8c84fa94-04c1-424b-9868-57a2d4851a1d" relativeResultsDirectory="ca3b1522-21d5-4191-9151-5384b2f0afff" />
    <UnitTestResult executionId="69df6356-37ba-49a5-9704-7ca27dd087af" testId="762466d0-457e-6010-61fb-66fa35b7091d" testName="UserService.UnitTest.Application.Dtos.Requests.LoginUserRequestTests.LoginUserRequest_ComDiferentesCombinacoesDeDados_DeveDefinirPropriedadesCorretamente(email: &quot;test@example.com&quot;, password: &quot;password123&quot;)" computerName="iMac-de-Bruno" duration="00:00:00.0021351" startTime="2025-09-25T19:08:29.1804520-03:00" endTime="2025-09-25T19:08:29.1804530-03:00" testType="13cdc9d9-ddb5-4fa4-a97d-d965ccfc6d4b" outcome="Passed" testListId="8c84fa94-04c1-424b-9868-57a2d4851a1d" relativeResultsDirectory="69df6356-37ba-49a5-9704-7ca27dd087af" />
    <UnitTestResult executionId="f630676e-7e50-4e06-8573-afa34ca72e1b" testId="4b5865a6-7130-4ee3-4f6a-51455f5ae41c" testName="UserService.UnitTest.Application.Dtos.Responses.LoginUserResponseTests.LoginUserResponse_ComTokenTypeVazioOuEspacos_DevePermitirAtribuicao(tokenType: &quot;&quot;)" computerName="iMac-de-Bruno" duration="00:00:00.0023130" startTime="2025-09-25T19:08:29.3822660-03:00" endTime="2025-09-25T19:08:29.3822670-03:00" testType="13cdc9d9-ddb5-4fa4-a97d-d965ccfc6d4b" outcome="Passed" testListId="8c84fa94-04c1-424b-9868-57a2d4851a1d" relativeResultsDirectory="f630676e-7e50-4e06-8573-afa34ca72e1b" />
    <UnitTestResult executionId="0b8da245-720c-4421-9f53-ed54dda46893" testId="db4284d8-875f-34c1-8ceb-995f4fcededb" testName="UserService.UnitTest.Application.Dtos.Requests.LoginUserRequestTests.LoginUserRequest_ComModificacaoAposInicializacao_DevePermitirAlteracao" computerName="iMac-de-Bruno" duration="00:00:00.0035939" startTime="2025-09-25T19:08:29.1361100-03:00" endTime="2025-09-25T19:08:29.1361100-03:00" testType="13cdc9d9-ddb5-4fa4-a97d-d965ccfc6d4b" outcome="Passed" testListId="8c84fa94-04c1-424b-9868-57a2d4851a1d" relativeResultsDirectory="0b8da245-720c-4421-9f53-ed54dda46893" />
    <UnitTestResult executionId="ea9dc4ed-03ed-4db8-a235-2da26c9d2874" testId="a59e1625-fe42-9ffa-bcbd-f929f28211e5" testName="UserService.UnitTest.Application.Dtos.Keycloak.LoginUserKeycloakTests.LoginUserKeycloak_ComSenhaVaziaOuEspacos_DevePermitirCriacao(password: &quot;&quot;)" computerName="iMac-de-Bruno" duration="00:00:00.0032507" startTime="2025-09-25T19:08:29.3457860-03:00" endTime="2025-09-25T19:08:29.3457860-03:00" testType="13cdc9d9-ddb5-4fa4-a97d-d965ccfc6d4b" outcome="Passed" testListId="8c84fa94-04c1-424b-9868-57a2d4851a1d" relativeResultsDirectory="ea9dc4ed-03ed-4db8-a235-2da26c9d2874" />
    <UnitTestResult executionId="b247ae63-281c-4376-acd5-a809a0c931f3" testId="0af16215-3a39-209d-efb8-6a04305b77c8" testName="UserService.UnitTest.Application.Dtos.Requests.CreateUserRequestTests.CreateUserRequest_ComDiferentesValoresNewsletterOptIn_DeveDefinirCorretamente(newsletterOptIn: False)" computerName="iMac-de-Bruno" duration="00:00:00.0024893" startTime="2025-09-25T19:08:29.0809460-03:00" endTime="2025-09-25T19:08:29.0809470-03:00" testType="13cdc9d9-ddb5-4fa4-a97d-d965ccfc6d4b" outcome="Passed" testListId="8c84fa94-04c1-424b-9868-57a2d4851a1d" relativeResultsDirectory="b247ae63-281c-4376-acd5-a809a0c931f3" />
    <UnitTestResult executionId="5763313f-0e23-4cff-a435-f63bed97f241" testId="faefb261-f41f-8e5b-71a1-227183d9ce70" testName="UserService.UnitTest.Application.Dtos.Responses.LoginUserResponseTests.LoginUserResponse_ComDadosGeradosPorFaker_DeveDefinirPropriedadesCorretamente" computerName="iMac-de-Bruno" duration="00:00:00.0086259" startTime="2025-09-25T19:08:29.4174970-03:00" endTime="2025-09-25T19:08:29.4174970-03:00" testType="13cdc9d9-ddb5-4fa4-a97d-d965ccfc6d4b" outcome="Passed" testListId="8c84fa94-04c1-424b-9868-57a2d4851a1d" relativeResultsDirectory="5763313f-0e23-4cff-a435-f63bed97f241" />
    <UnitTestResult executionId="7c0bd6ae-4d4c-48ae-9bd3-eab55c996824" testId="fe2188a3-a528-1695-0a18-13de35ee7b3e" testName="UserService.UnitTest.Application.Dtos.Keycloak.CreateUserKeycloakTests.CreateUserKeycloak_ComSenhaVaziaOuEspacos_DevePermitirCriacao(password: &quot;   &quot;)" computerName="iMac-de-Bruno" duration="00:00:00.0084784" startTime="2025-09-25T19:08:29.1870890-03:00" endTime="2025-09-25T19:08:29.1870890-03:00" testType="13cdc9d9-ddb5-4fa4-a97d-d965ccfc6d4b" outcome="Passed" testListId="8c84fa94-04c1-424b-9868-57a2d4851a1d" relativeResultsDirectory="7c0bd6ae-4d4c-48ae-9bd3-eab55c996824" />
    <UnitTestResult executionId="0cd970f0-a7b9-4a15-b009-bd5ce12d8a65" testId="c4ff8b3d-e919-3d50-b132-1b2dbc4179a6" testName="UserService.UnitTest.Domain.UserExtensionsTests.ObterNomeCompleto_QuandoNomesComEspacosExtras_DeveRetornarResultadoLimpo" computerName="iMac-de-Bruno" duration="00:00:00.0178705" startTime="2025-09-25T19:08:29.1772020-03:00" endTime="2025-09-25T19:08:29.1772020-03:00" testType="13cdc9d9-ddb5-4fa4-a97d-d965ccfc6d4b" outcome="Passed" testListId="8c84fa94-04c1-424b-9868-57a2d4851a1d" relativeResultsDirectory="0cd970f0-a7b9-4a15-b009-bd5ce12d8a65" />
    <UnitTestResult executionId="3b2aca58-e440-4de1-9385-7923be348add" testId="c755b11b-f466-4e23-50af-e38908de93f6" testName="UserService.UnitTest.Domain.UserExtensionsTests.ObterNomeCompleto_QuandoApenasUltimoNome_DeveRetornarUltimoNomeLimpo" computerName="iMac-de-Bruno" duration="00:00:00.0236051" startTime="2025-09-25T19:08:29.1592300-03:00" endTime="2025-09-25T19:08:29.1592300-03:00" testType="13cdc9d9-ddb5-4fa4-a97d-d965ccfc6d4b" outcome="Passed" testListId="8c84fa94-04c1-424b-9868-57a2d4851a1d" relativeResultsDirectory="3b2aca58-e440-4de1-9385-7923be348add" />
    <UnitTestResult executionId="ad80516e-a4f4-4ab3-bf1b-c71203789b67" testId="7eae36c3-ee24-af2b-4dea-08e2bb1fce66" testName="UserService.UnitTest.Application.Dtos.Keycloak.LoginUserKeycloakTests.LoginUserKeycloak_ComTodosValoresVazios_DevePermitirCriacao" computerName="iMac-de-Bruno" duration="00:00:00.0152409" startTime="2025-09-25T19:08:29.1183140-03:00" endTime="2025-09-25T19:08:29.1183140-03:00" testType="13cdc9d9-ddb5-4fa4-a97d-d965ccfc6d4b" outcome="Passed" testListId="8c84fa94-04c1-424b-9868-57a2d4851a1d" relativeResultsDirectory="ad80516e-a4f4-4ab3-bf1b-c71203789b67" />
    <UnitTestResult executionId="640983ba-6da5-4f19-b8f4-15d84cb7b772" testId="d25a2280-e4df-068e-ba83-2e9ea0e06963" testName="UserService.UnitTest.Application.Commands.LoginUserCommandTests.CriarComando_ComSenhaVazia_DevePermitirAtribuicao" computerName="iMac-de-Bruno" duration="00:00:00.0003149" startTime="2025-09-25T19:08:28.9923030-03:00" endTime="2025-09-25T19:08:28.9923030-03:00" testType="13cdc9d9-ddb5-4fa4-a97d-d965ccfc6d4b" outcome="Passed" testListId="8c84fa94-04c1-424b-9868-57a2d4851a1d" relativeResultsDirectory="640983ba-6da5-4f19-b8f4-15d84cb7b772" />
    <UnitTestResult executionId="1286667b-9599-4de6-9bda-8c23f1d52fe0" testId="f7068f37-243f-6241-9d48-0587635c77e0" testName="UserService.UnitTest.Application.Dtos.Keycloak.CreateUserKeycloakTests.CreateUserKeycloak_ComSenhaVaziaOuEspacos_DevePermitirCriacao(password: &quot; &quot;)" computerName="iMac-de-Bruno" duration="00:00:00.0024202" startTime="2025-09-25T19:08:29.1924870-03:00" endTime="2025-09-25T19:08:29.1924870-03:00" testType="13cdc9d9-ddb5-4fa4-a97d-d965ccfc6d4b" outcome="Passed" testListId="8c84fa94-04c1-424b-9868-57a2d4851a1d" relativeResultsDirectory="1286667b-9599-4de6-9bda-8c23f1d52fe0" />
    <UnitTestResult executionId="dc23c5b9-1d5c-426f-823e-129d49a58881" testId="f926bebb-7b15-fc0a-b671-c48777b3d530" testName="UserService.UnitTest.Application.Dtos.Keycloak.CreateUserKeycloakTests.CreateUserKeycloak_ComSenhasEspeciais_DevePermitirCriacao" computerName="iMac-de-Bruno" duration="00:00:00.0023906" startTime="2025-09-25T19:08:29.2287960-03:00" endTime="2025-09-25T19:08:29.2287960-03:00" testType="13cdc9d9-ddb5-4fa4-a97d-d965ccfc6d4b" outcome="Passed" testListId="8c84fa94-04c1-424b-9868-57a2d4851a1d" relativeResultsDirectory="dc23c5b9-1d5c-426f-823e-129d49a58881" />
    <UnitTestResult executionId="5e0d9346-c520-4464-8ae8-e4d073ee07b4" testId="84b86d7e-0f77-e8bb-8ca8-882d441f0046" testName="UserService.UnitTest.Application.Dtos.Requests.LoginUserRequestTests.LoginUserRequest_ComDiferentesCombinacoesDeDados_DeveDefinirPropriedadesCorretamente(email: &quot;user@domain.org&quot;, password: &quot;mypassword&quot;)" computerName="iMac-de-Bruno" duration="00:00:00.0082632" startTime="2025-09-25T19:08:29.1881740-03:00" endTime="2025-09-25T19:08:29.1881740-03:00" testType="13cdc9d9-ddb5-4fa4-a97d-d965ccfc6d4b" outcome="Passed" testListId="8c84fa94-04c1-424b-9868-57a2d4851a1d" relativeResultsDirectory="5e0d9346-c520-4464-8ae8-e4d073ee07b4" />
    <UnitTestResult executionId="2cb1304c-02e0-4b57-808f-5b72900c7b60" testId="800ab87e-4e31-82bd-9e61-5fa311d33f8d" testName="UserService.UnitTest.Application.Dtos.Keycloak.CreateUserKeycloakTests.CreateUserKeycloak_ComSenhaNula_DevePermitirCriacao" computerName="iMac-de-Bruno" duration="00:00:00.0027870" startTime="2025-09-25T19:08:29.2404960-03:00" endTime="2025-09-25T19:08:29.2404960-03:00" testType="13cdc9d9-ddb5-4fa4-a97d-d965ccfc6d4b" outcome="Passed" testListId="8c84fa94-04c1-424b-9868-57a2d4851a1d" relativeResultsDirectory="2cb1304c-02e0-4b57-808f-5b72900c7b60" />
    <UnitTestResult executionId="a283b9a9-316c-4315-a5a0-598582e19a21" testId="c456ba12-b1e4-9738-717f-8bfea1b5b728" testName="UserService.UnitTest.Application.Dtos.Keycloak.LoginUserKeycloakTests.LoginUserKeycloak_ComSenhasComCaracteresEspeciais_DevePermitirCriacao" computerName="iMac-de-Bruno" duration="00:00:00.0027596" startTime="2025-09-25T19:08:29.4065600-03:00" endTime="2025-09-25T19:08:29.4065610-03:00" testType="13cdc9d9-ddb5-4fa4-a97d-d965ccfc6d4b" outcome="Passed" testListId="8c84fa94-04c1-424b-9868-57a2d4851a1d" relativeResultsDirectory="a283b9a9-316c-4315-a5a0-598582e19a21" />
    <UnitTestResult executionId="a9734cc4-f35c-4769-9a7b-8cb08c6c3fa3" testId="8a8ab9a9-624d-93c7-93fa-9953d8835bdd" testName="UserService.UnitTest.Application.Commands.LoginUserCommandHandlerTests.Handle_ComDiferentesCredenciais_DeveProcessarCorretamente(email: &quot;usuario2@teste.com&quot;, password: &quot;OutraSenh@456&quot;)" computerName="iMac-de-Bruno" duration="00:00:00.4917306" startTime="2025-09-25T19:08:29.4089800-03:00" endTime="2025-09-25T19:08:29.4089800-03:00" testType="13cdc9d9-ddb5-4fa4-a97d-d965ccfc6d4b" outcome="Passed" testListId="8c84fa94-04c1-424b-9868-57a2d4851a1d" relativeResultsDirectory="a9734cc4-f35c-4769-9a7b-8cb08c6c3fa3" />
    <UnitTestResult executionId="d81445fe-93ae-4055-afe2-03f742d55118" testId="e7609c01-9db8-7c78-36f4-866ca84178af" testName="UserService.UnitTest.Application.Dtos.Responses.CreateUserResponseTests.CreateUserResponse_ComDiferentesCombinacoesDeDados_DeveDefinirPropriedadesCorretamente(email: &quot;test@example.com&quot;, firstName: &quot;João&quot;, lastName: &quot;Silva&quot;, phoneNumber: &quot;11999999999&quot;)" computerName="iMac-de-Bruno" duration="00:00:00.0154580" startTime="2025-09-25T19:08:29.0399900-03:00" endTime="2025-09-25T19:08:29.0399900-03:00" testType="13cdc9d9-ddb5-4fa4-a97d-d965ccfc6d4b" outcome="Passed" testListId="8c84fa94-04c1-424b-9868-57a2d4851a1d" relativeResultsDirectory="d81445fe-93ae-4055-afe2-03f742d55118" />
    <UnitTestResult executionId="07695f6f-4227-4558-8718-6580197403ec" testId="d9e444cf-8e9b-8caf-5fd4-b02fbc20ebc7" testName="UserService.UnitTest.Application.Dtos.Keycloak.LoginUserKeycloakTests.LoginUserKeycloak_ComEmailLongo_DevePermitirCriacao" computerName="iMac-de-Bruno" duration="00:00:00.1214831" startTime="2025-09-25T19:08:29.3280920-03:00" endTime="2025-09-25T19:08:29.3280920-03:00" testType="13cdc9d9-ddb5-4fa4-a97d-d965ccfc6d4b" outcome="Failed" testListId="8c84fa94-04c1-424b-9868-57a2d4851a1d" relativeResultsDirectory="07695f6f-4227-4558-8718-6580197403ec">
      <Output>
        <ErrorInfo>
          <Message>Expected loginKeycloak.Email.Length to be 111, but found 112 (difference of 1).</Message>
          <StackTrace>   at FluentAssertions.Execution.XUnit2TestFramework.Throw(String message)
   at FluentAssertions.Execution.TestFrameworkProvider.Throw(String message)
   at FluentAssertions.Execution.DefaultAssertionStrategy.HandleFailure(String message)
   at FluentAssertions.Execution.AssertionScope.FailWith(Func`1 failReasonFunc)
   at FluentAssertions.Execution.AssertionScope.FailWith(Func`1 failReasonFunc)
   at FluentAssertions.Execution.AssertionScope.FailWith(String message, Object[] args)
   at FluentAssertions.Numeric.NumericAssertions`2.Be(T expected, String because, Object[] becauseArgs)
   at UserService.UnitTest.Application.Dtos.Keycloak.LoginUserKeycloakTests.LoginUserKeycloak_ComEmailLongo_DevePermitirCriacao() in /Users/diasbruno/Documents/programacao/codigos/dotnet/bcommerce/backend/src/Services/UserService/UserService.UnitTest/Application/Dtos/Keycloak/LoginUserKeycloakTests.cs:line 203
   at System.RuntimeMethodHandle.InvokeMethod(Object target, Void** arguments, Signature sig, Boolean isConstructor)
   at System.Reflection.MethodBaseInvoker.InvokeWithNoArgs(Object obj, BindingFlags invokeAttr)</StackTrace>
        </ErrorInfo>
      </Output>
    </UnitTestResult>
    <UnitTestResult executionId="0714c57f-9c63-464b-b0ba-c3289645902a" testId="056bffb9-bb7c-2664-0173-299ed12f750f" testName="UserService.UnitTest.Application.Commands.CreateUserCommandTests.CriarComando_ComDiferentesCombinacoes_DeveDefinirPropriedadesCorretamente(firstName: &quot;João&quot;, lastName: &quot;Silva&quot;, email: &quot;joao@email.com&quot;, password: &quot;Senha@123&quot;, newsletterOptIn: True)" computerName="iMac-de-Bruno" duration="00:00:00.0000149" startTime="2025-09-25T19:08:28.9928060-03:00" endTime="2025-09-25T19:08:28.9928060-03:00" testType="13cdc9d9-ddb5-4fa4-a97d-d965ccfc6d4b" outcome="Passed" testListId="8c84fa94-04c1-424b-9868-57a2d4851a1d" relativeResultsDirectory="0714c57f-9c63-464b-b0ba-c3289645902a" />
    <UnitTestResult executionId="95b87a7b-8d4e-4ce5-8316-4e9c87b659b8" testId="efce2778-6fda-3f27-2510-fe092485530c" testName="UserService.UnitTest.Application.Dtos.Keycloak.LoginUserKeycloakTests.LoginUserKeycloak_ComDiferentesCombinacoesDeDados_DeveDefinirPropriedadesCorretamente(email: &quot;user@domain.org&quot;, password: &quot;mypassword&quot;)" computerName="iMac-de-Bruno" duration="00:00:00.0140516" startTime="2025-09-25T19:08:29.1326670-03:00" endTime="2025-09-25T19:08:29.1326670-03:00" testType="13cdc9d9-ddb5-4fa4-a97d-d965ccfc6d4b" outcome="Passed" testListId="8c84fa94-04c1-424b-9868-57a2d4851a1d" relativeResultsDirectory="95b87a7b-8d4e-4ce5-8316-4e9c87b659b8" />
    <UnitTestResult executionId="57c78f21-34d7-4591-9939-731ab6a3b203" testId="a6b1b7ac-423b-b64b-51be-ac14931efb88" testName="UserService.UnitTest.Domain.UserTests.Usuario_QuandoOptInNewsletterDefinido_DeveSerVerdadeiro" computerName="iMac-de-Bruno" duration="00:00:00.0178571" startTime="2025-09-25T19:08:29.3428160-03:00" endTime="2025-09-25T19:08:29.3428160-03:00" testType="13cdc9d9-ddb5-4fa4-a97d-d965ccfc6d4b" outcome="Passed" testListId="8c84fa94-04c1-424b-9868-57a2d4851a1d" relativeResultsDirectory="57c78f21-34d7-4591-9939-731ab6a3b203" />
    <UnitTestResult executionId="056204a2-f943-426f-b2e2-9ddc8c22cce9" testId="1c704678-463f-c674-d616-2ae71f417d3c" testName="UserService.UnitTest.Application.Commands.LoginUserCommandHandlerTests.Handle_ComTokenExpirado_DeveRetornarNovoToken" computerName="iMac-de-Bruno" duration="00:00:00.0053559" startTime="2025-09-25T19:08:29.4911420-03:00" endTime="2025-09-25T19:08:29.4911430-03:00" testType="13cdc9d9-ddb5-4fa4-a97d-d965ccfc6d4b" outcome="Passed" testListId="8c84fa94-04c1-424b-9868-57a2d4851a1d" relativeResultsDirectory="056204a2-f943-426f-b2e2-9ddc8c22cce9" />
    <UnitTestResult executionId="1e7325aa-5a39-45b2-b32a-516fe310cf15" testId="cc234b36-f0df-dc23-3cca-bb9fc67efa0f" testName="UserService.UnitTest.Application.Dtos.Requests.LoginUserRequestTests.LoginUserRequest_ComEmailVazioOuEspacos_DevePermitirAtribuicao(email: &quot;&quot;)" computerName="iMac-de-Bruno" duration="00:00:00.0023798" startTime="2025-09-25T19:08:29.1186390-03:00" endTime="2025-09-25T19:08:29.1186390-03:00" testType="13cdc9d9-ddb5-4fa4-a97d-d965ccfc6d4b" outcome="Passed" testListId="8c84fa94-04c1-424b-9868-57a2d4851a1d" relativeResultsDirectory="1e7325aa-5a39-45b2-b32a-516fe310cf15" />
    <UnitTestResult executionId="b0404657-f6f0-4a88-bfde-0a872d74edb4" testId="2d6ddca9-e5c9-26e1-c1f8-c0aa5e28dd96" testName="UserService.UnitTest.Application.Dtos.Responses.LoginUserResponseTests.LoginUserResponse_ComTodosValoresVazios_DevePermitirAtribuicao" computerName="iMac-de-Bruno" duration="00:00:00.0138504" startTime="2025-09-25T19:08:29.4717500-03:00" endTime="2025-09-25T19:08:29.4717500-03:00" testType="13cdc9d9-ddb5-4fa4-a97d-d965ccfc6d4b" outcome="Passed" testListId="8c84fa94-04c1-424b-9868-57a2d4851a1d" relativeResultsDirectory="b0404657-f6f0-4a88-bfde-0a872d74edb4" />
    <UnitTestResult executionId="3a018ddb-5c51-4152-86f1-d577da161cf4" testId="6765ccef-ec2d-9a3b-bf9d-f6ba1b86f954" testName="UserService.UnitTest.Application.Dtos.Responses.LoginUserResponseTests.LoginUserResponse_ComDiferentesTiposDeToken_DevePermitirAtribuicao(tokenType: &quot;JWT&quot;)" computerName="iMac-de-Bruno" duration="00:00:00.0090895" startTime="2025-09-25T19:08:29.0214010-03:00" endTime="2025-09-25T19:08:29.0214010-03:00" testType="13cdc9d9-ddb5-4fa4-a97d-d965ccfc6d4b" outcome="Passed" testListId="8c84fa94-04c1-424b-9868-57a2d4851a1d" relativeResultsDirectory="3a018ddb-5c51-4152-86f1-d577da161cf4" />
    <UnitTestResult executionId="8ad2f688-9443-4a81-a9aa-cdfa222a2953" testId="5844cf9d-d151-80a2-e86b-d98f9de3c340" testName="UserService.UnitTest.Application.Dtos.Keycloak.LoginUserKeycloakTests.LoginUserKeycloak_ComMultiplosArroba_DevePermitirCriacao" computerName="iMac-de-Bruno" duration="00:00:00.0023227" startTime="2025-09-25T19:08:29.3731300-03:00" endTime="2025-09-25T19:08:29.3731300-03:00" testType="13cdc9d9-ddb5-4fa4-a97d-d965ccfc6d4b" outcome="Passed" testListId="8c84fa94-04c1-424b-9868-57a2d4851a1d" relativeResultsDirectory="8ad2f688-9443-4a81-a9aa-cdfa222a2953" />
    <UnitTestResult executionId="79d5cdea-4b50-4ff0-bf67-88ce8430ccc4" testId="4a337eb1-d6fd-e7af-b760-c85c1072731f" testName="UserService.UnitTest.Application.Dtos.Keycloak.CreateUserKeycloakTests.CreateUserKeycloak_ComDiferentesCombinacoesDeDados_DeveDefinirPropriedadesCorretamente(email: &quot;admin@company.net&quot;, password: &quot;admin123&quot;, firstName: &quot;Pedro&quot;, lastName: &quot;Oliveira&quot;, enabled: True)" computerName="iMac-de-Bruno" duration="00:00:00.0026840" startTime="2025-09-25T19:08:29.0410020-03:00" endTime="2025-09-25T19:08:29.0410020-03:00" testType="13cdc9d9-ddb5-4fa4-a97d-d965ccfc6d4b" outcome="Passed" testListId="8c84fa94-04c1-424b-9868-57a2d4851a1d" relativeResultsDirectory="79d5cdea-4b50-4ff0-bf67-88ce8430ccc4" />
    <UnitTestResult executionId="b9f26e00-efb9-48fb-a675-2d8c476987b6" testId="438d9816-90e7-c5aa-584c-a5a27cabf72a" testName="UserService.UnitTest.Application.Dtos.Requests.CreateUserRequestTests.CreateUserRequest_ComNomeNulo_DevePermitirAtribuicao" computerName="iMac-de-Bruno" duration="00:00:00.0094090" startTime="2025-09-25T19:08:29.0903260-03:00" endTime="2025-09-25T19:08:29.0903270-03:00" testType="13cdc9d9-ddb5-4fa4-a97d-d965ccfc6d4b" outcome="Passed" testListId="8c84fa94-04c1-424b-9868-57a2d4851a1d" relativeResultsDirectory="b9f26e00-efb9-48fb-a675-2d8c476987b6" />
    <UnitTestResult executionId="a7185347-41d9-4c8b-b8f5-524675fb9fff" testId="d1d36e1b-6b66-412c-9ac8-f0b2dd2bf67a" testName="UserService.UnitTest.Domain.UserExtensionsTests.ContaEstaBloqueada_QuandoBloqueioContaExpirado_DeveRetornarFalso" computerName="iMac-de-Bruno" duration="00:00:00.0116077" startTime="2025-09-25T19:08:29.0903800-03:00" endTime="2025-09-25T19:08:29.0903800-03:00" testType="13cdc9d9-ddb5-4fa4-a97d-d965ccfc6d4b" outcome="Passed" testListId="8c84fa94-04c1-424b-9868-57a2d4851a1d" relativeResultsDirectory="a7185347-41d9-4c8b-b8f5-524675fb9fff" />
    <UnitTestResult executionId="6a4e9327-0d00-46a3-b0c2-2d313d7403d2" testId="79348a23-39f7-ae80-156c-06b1524027de" testName="UserService.UnitTest.Domain.UserExtensionsTests.EstaAtivo_QuandoUsuarioAtivoMasExcluido_DeveRetornarFalso" computerName="iMac-de-Bruno" duration="00:00:00.0127686" startTime="2025-09-25T19:08:29.2016170-03:00" endTime="2025-09-25T19:08:29.2016170-03:00" testType="13cdc9d9-ddb5-4fa4-a97d-d965ccfc6d4b" outcome="Passed" testListId="8c84fa94-04c1-424b-9868-57a2d4851a1d" relativeResultsDirectory="6a4e9327-0d00-46a3-b0c2-2d313d7403d2" />
    <UnitTestResult executionId="17c0b185-b7c3-4bbe-a083-67ee99c74319" testId="3593c9e6-b8b7-1a29-7bc2-970c783b8a12" testName="UserService.UnitTest.Application.Services.PasswordEncripterTests.VerifyPassword_ComHashInvalido_DeveRetornarFalse" computerName="iMac-de-Bruno" duration="00:00:00.0003013" startTime="2025-09-25T19:08:32.9832220-03:00" endTime="2025-09-25T19:08:32.9832230-03:00" testType="13cdc9d9-ddb5-4fa4-a97d-d965ccfc6d4b" outcome="Passed" testListId="8c84fa94-04c1-424b-9868-57a2d4851a1d" relativeResultsDirectory="17c0b185-b7c3-4bbe-a083-67ee99c74319" />
    <UnitTestResult executionId="cf1e0a01-3c9b-40f4-acc2-1ebd56fba145" testId="bd897cf6-b359-a5cf-c938-32be8844fb0a" testName="UserService.UnitTest.Domain.UserTests.Usuario_QuandoCriado_DeveConterValoresPadrao" computerName="iMac-de-Bruno" duration="00:00:00.0126823" startTime="2025-09-25T19:08:29.3824730-03:00" endTime="2025-09-25T19:08:29.3824740-03:00" testType="13cdc9d9-ddb5-4fa4-a97d-d965ccfc6d4b" outcome="Passed" testListId="8c84fa94-04c1-424b-9868-57a2d4851a1d" relativeResultsDirectory="cf1e0a01-3c9b-40f4-acc2-1ebd56fba145" />
    <UnitTestResult executionId="618dd15e-3091-4819-a02e-9c52fd3e8d74" testId="a9e38d59-78a4-c80b-44bd-54e6e0d52647" testName="UserService.UnitTest.Domain.UserTests.Usuario_QuandoEmailDefinido_DeveAceitarFormatosValidos(email: &quot;user.name@domain.com.br&quot;)" computerName="iMac-de-Bruno" duration="00:00:00.0100831" startTime="2025-09-25T19:08:29.2736560-03:00" endTime="2025-09-25T19:08:29.2736570-03:00" testType="13cdc9d9-ddb5-4fa4-a97d-d965ccfc6d4b" outcome="Passed" testListId="8c84fa94-04c1-424b-9868-57a2d4851a1d" relativeResultsDirectory="618dd15e-3091-4819-a02e-9c52fd3e8d74" />
    <UnitTestResult executionId="a65b4218-7e24-4ec0-8104-39547b8b6253" testId="a162fb02-6727-1347-585a-e2195cf4b9d9" testName="UserService.UnitTest.Application.Services.KeycloakServiceTests.CreateUserAsync_ComDadosValidos_DeveRetornarIdDoUsuario" computerName="iMac-de-Bruno" duration="00:00:00.0282341" startTime="2025-09-25T19:08:29.4424830-03:00" endTime="2025-09-25T19:08:29.4424840-03:00" testType="13cdc9d9-ddb5-4fa4-a97d-d965ccfc6d4b" outcome="Passed" testListId="8c84fa94-04c1-424b-9868-57a2d4851a1d" relativeResultsDirectory="a65b4218-7e24-4ec0-8104-39547b8b6253" />
    <UnitTestResult executionId="c934defc-dbc8-4010-8740-e8dff12ca026" testId="7ecbc807-4ca7-8eb2-8a35-043115ffccdd" testName="UserService.UnitTest.Domain.UserTests.Usuario_QuandoStatusDefinido_DeveAceitarStatusValidos(status: Inativo)" computerName="iMac-de-Bruno" duration="00:00:00.0182215" startTime="2025-09-25T19:08:29.1771430-03:00" endTime="2025-09-25T19:08:29.1771440-03:00" testType="13cdc9d9-ddb5-4fa4-a97d-d965ccfc6d4b" outcome="Passed" testListId="8c84fa94-04c1-424b-9868-57a2d4851a1d" relativeResultsDirectory="c934defc-dbc8-4010-8740-e8dff12ca026" />
    <UnitTestResult executionId="29bf21df-8bd1-4dc0-8e8b-824546329430" testId="1fc346ea-fc82-e479-51b5-1538e7b4e1d0" testName="UserService.UnitTest.Application.Dtos.Keycloak.CreateUserKeycloakTests.CreateUserKeycloak_ComEmailVazioOuEspacos_DevePermitirCriacao(email: &quot;   &quot;)" computerName="iMac-de-Bruno" duration="00:00:00.0840967" startTime="2025-09-25T19:08:29.0011370-03:00" endTime="2025-09-25T19:08:29.0011370-03:00" testType="13cdc9d9-ddb5-4fa4-a97d-d965ccfc6d4b" outcome="Passed" testListId="8c84fa94-04c1-424b-9868-57a2d4851a1d" relativeResultsDirectory="29bf21df-8bd1-4dc0-8e8b-824546329430" />
    <UnitTestResult executionId="a7ba0ab5-56cb-46b4-8340-02c3c1641f97" testId="d615c036-bfee-2e66-fa83-8efa087e47ad" testName="UserService.UnitTest.Domain.UserTests.Usuario_QuandoMultiplosUsuariosCriados_DeveConterIdsUnicos" computerName="iMac-de-Bruno" duration="00:00:00.0493974" startTime="2025-09-25T19:08:29.2387600-03:00" endTime="2025-09-25T19:08:29.2387600-03:00" testType="13cdc9d9-ddb5-4fa4-a97d-d965ccfc6d4b" outcome="Passed" testListId="8c84fa94-04c1-424b-9868-57a2d4851a1d" relativeResultsDirectory="a7ba0ab5-56cb-46b4-8340-02c3c1641f97" />
    <UnitTestResult executionId="87fee476-9a98-42fb-b36c-5ec3cbc4750b" testId="fc494b64-1641-291d-8211-f4797e8db9a4" testName="UserService.UnitTest.Application.Dtos.Responses.LoginUserResponseTests.LoginUserResponse_ComTokensLongos_DevePermitirAtribuicao" computerName="iMac-de-Bruno" duration="00:00:00.0023126" startTime="2025-09-25T19:08:29.4431050-03:00" endTime="2025-09-25T19:08:29.4431050-03:00" testType="13cdc9d9-ddb5-4fa4-a97d-d965ccfc6d4b" outcome="Passed" testListId="8c84fa94-04c1-424b-9868-57a2d4851a1d" relativeResultsDirectory="87fee476-9a98-42fb-b36c-5ec3cbc4750b" />
    <UnitTestResult executionId="2534eefe-1615-42b5-a67d-3fc891a40d0d" testId="744291e4-2147-88d0-85fe-fccdcda5c85a" testName="UserService.UnitTest.Application.Dtos.Keycloak.CreateUserKeycloakTests.CreateUserKeycloak_ComNomeVazioOuEspacos_DevePermitirCriacao(firstName: &quot;&quot;)" computerName="iMac-de-Bruno" duration="00:00:00.0135955" startTime="2025-09-25T19:08:29.1321200-03:00" endTime="2025-09-25T19:08:29.1321200-03:00" testType="13cdc9d9-ddb5-4fa4-a97d-d965ccfc6d4b" outcome="Passed" testListId="8c84fa94-04c1-424b-9868-57a2d4851a1d" relativeResultsDirectory="2534eefe-1615-42b5-a67d-3fc891a40d0d" />
    <UnitTestResult executionId="eac5ace6-76fc-4f93-a194-e5092ca904d4" testId="beed8b53-967c-b437-29a7-7caedf262cbb" testName="UserService.UnitTest.Application.Commands.CreateUserCommandHandlerTests.Handle_ComDadosValidos_DeveCriarUsuarioComSucesso" computerName="iMac-de-Bruno" duration="00:00:00.0078572" startTime="2025-09-25T19:08:30.2969860-03:00" endTime="2025-09-25T19:08:30.2969860-03:00" testType="13cdc9d9-ddb5-4fa4-a97d-d965ccfc6d4b" outcome="Passed" testListId="8c84fa94-04c1-424b-9868-57a2d4851a1d" relativeResultsDirectory="eac5ace6-76fc-4f93-a194-e5092ca904d4" />
    <UnitTestResult executionId="27d8c576-204c-4e54-b320-a26792935e57" testId="b7851f75-cf1b-778a-1103-796d63a4420d" testName="UserService.UnitTest.Application.Dtos.Keycloak.LoginUserKeycloakTests.LoginUserKeycloak_ComCaracteresUnicode_DevePermitirCriacao" computerName="iMac-de-Bruno" duration="00:00:00.0025790" startTime="2025-09-25T19:08:29.3707260-03:00" endTime="2025-09-25T19:08:29.3707260-03:00" testType="13cdc9d9-ddb5-4fa4-a97d-d965ccfc6d4b" outcome="Passed" testListId="8c84fa94-04c1-424b-9868-57a2d4851a1d" relativeResultsDirectory="27d8c576-204c-4e54-b320-a26792935e57" />
    <UnitTestResult executionId="fef65479-d16e-4e13-8a5b-6d7d4f5b6191" testId="48561c54-6a4b-b8c4-7322-8c229edf3aee" testName="UserService.UnitTest.Application.Commands.LoginUserCommandTests.CriarComando_ComDiferentesCredenciais_DeveDefinirPropriedadesCorretamente(email: &quot;pedro@exemplo.com&quot;, password: &quot;MinhaSenh@789&quot;)" computerName="iMac-de-Bruno" duration="00:00:00.0000128" startTime="2025-09-25T19:08:28.9723390-03:00" endTime="2025-09-25T19:08:28.9723390-03:00" testType="13cdc9d9-ddb5-4fa4-a97d-d965ccfc6d4b" outcome="Passed" testListId="8c84fa94-04c1-424b-9868-57a2d4851a1d" relativeResultsDirectory="fef65479-d16e-4e13-8a5b-6d7d4f5b6191" />
    <UnitTestResult executionId="5af6d767-0dbf-4e45-92d5-0d45021b34d5" testId="5f112932-e4a3-e21b-c96c-cffdbc816fb8" testName="UserService.UnitTest.Application.Dtos.Keycloak.LoginUserKeycloakTests.LoginUserKeycloak_ComDiferentesCombinacoesDeDados_DeveDefinirPropriedadesCorretamente(email: &quot;usuario@empresa.com.br&quot;, password: &quot;senha456&quot;)" computerName="iMac-de-Bruno" duration="00:00:00.0240110" startTime="2025-09-25T19:08:29.1564950-03:00" endTime="2025-09-25T19:08:29.1564950-03:00" testType="13cdc9d9-ddb5-4fa4-a97d-d965ccfc6d4b" outcome="Passed" testListId="8c84fa94-04c1-424b-9868-57a2d4851a1d" relativeResultsDirectory="5af6d767-0dbf-4e45-92d5-0d45021b34d5" />
    <UnitTestResult executionId="af8bb7c7-af7a-4e5e-be11-b2aadcdcb39e" testId="94c2b6de-5241-d485-ac8e-41560f178d01" testName="UserService.UnitTest.Application.Dtos.Responses.CreateUserResponseTests.CreateUserResponse_ComDataCreatedAtMaxValue_DevePermitirAtribuicao" computerName="iMac-de-Bruno" duration="00:00:00.0858323" startTime="2025-09-25T19:08:29.0033900-03:00" endTime="2025-09-25T19:08:29.0033900-03:00" testType="13cdc9d9-ddb5-4fa4-a97d-d965ccfc6d4b" outcome="Passed" testListId="8c84fa94-04c1-424b-9868-57a2d4851a1d" relativeResultsDirectory="af8bb7c7-af7a-4e5e-be11-b2aadcdcb39e" />
    <UnitTestResult executionId="2bfb7fff-1537-4659-b99b-a524a6083a6e" testId="de239b90-b605-59bc-881a-9849b83cab21" testName="UserService.UnitTest.Application.Dtos.Responses.LoginUserResponseTests.LoginUserResponse_ComExpiresInPositivo_DevePermitirAtribuicao(expiresIn: 1)" computerName="iMac-de-Bruno" duration="00:00:00.0031953" startTime="2025-09-25T19:08:29.3455300-03:00" endTime="2025-09-25T19:08:29.3455300-03:00" testType="13cdc9d9-ddb5-4fa4-a97d-d965ccfc6d4b" outcome="Passed" testListId="8c84fa94-04c1-424b-9868-57a2d4851a1d" relativeResultsDirectory="2bfb7fff-1537-4659-b99b-a524a6083a6e" />
    <UnitTestResult executionId="70b0d699-6b55-4762-9376-ebf173b1dcf8" testId="b05efab7-1ebd-bef8-6ba5-abf4e1e5530e" testName="UserService.UnitTest.Application.Services.KeycloakServiceTests.LoginAsync_ComCredenciaisValidas_DeveRetornarToken" computerName="iMac-de-Bruno" duration="00:00:00.0187167" startTime="2025-09-25T19:08:29.4713990-03:00" endTime="2025-09-25T19:08:29.4713990-03:00" testType="13cdc9d9-ddb5-4fa4-a97d-d965ccfc6d4b" outcome="Passed" testListId="8c84fa94-04c1-424b-9868-57a2d4851a1d" relativeResultsDirectory="70b0d699-6b55-4762-9376-ebf173b1dcf8" />
    <UnitTestResult executionId="36b85bf3-8a10-463f-90e4-0d91b76029d4" testId="40267795-dc66-6ccc-4acd-9fb940d31784" testName="UserService.UnitTest.Application.Dtos.Keycloak.LoginUserKeycloakTests.LoginUserKeycloak_ComSenhaLonga_DevePermitirCriacao" computerName="iMac-de-Bruno" duration="00:00:00.0150156" startTime="2025-09-25T19:08:29.3434490-03:00" endTime="2025-09-25T19:08:29.3434490-03:00" testType="13cdc9d9-ddb5-4fa4-a97d-d965ccfc6d4b" outcome="Passed" testListId="8c84fa94-04c1-424b-9868-57a2d4851a1d" relativeResultsDirectory="36b85bf3-8a10-463f-90e4-0d91b76029d4" />
    <UnitTestResult executionId="640c870b-e232-4eb0-aaca-eef2d0b93650" testId="06eb3a68-60dc-b444-9f0c-a9219a04835f" testName="UserService.UnitTest.Application.Services.PasswordEncripterTests.EncryptPassword_ComDiferentesSenhas_DeveRetornarHashesValidos(password: &quot;123456789&quot;)" computerName="iMac-de-Bruno" duration="00:00:00.1301005" startTime="2025-09-25T19:08:32.4622350-03:00" endTime="2025-09-25T19:08:32.4622360-03:00" testType="13cdc9d9-ddb5-4fa4-a97d-d965ccfc6d4b" outcome="Passed" testListId="8c84fa94-04c1-424b-9868-57a2d4851a1d" relativeResultsDirectory="640c870b-e232-4eb0-aaca-eef2d0b93650" />
    <UnitTestResult executionId="77dfd90a-645f-4601-b816-87ee01fb9191" testId="ee8dd72d-e27b-e47a-e9ab-ea48b4ee24c7" testName="UserService.UnitTest.Application.Services.PasswordEncripterTests.VerifyPassword_ComDiferentesCombinacoes_DeveRetornarResultadoCorreto(originalPassword: &quot;MinhaSenh@123&quot;, testPassword: &quot;MinhaSenh@124&quot;, expectedResult: False)" computerName="iMac-de-Bruno" duration="00:00:00.2596725" startTime="2025-09-25T19:08:31.5451740-03:00" endTime="2025-09-25T19:08:31.5451740-03:00" testType="13cdc9d9-ddb5-4fa4-a97d-d965ccfc6d4b" outcome="Passed" testListId="8c84fa94-04c1-424b-9868-57a2d4851a1d" relativeResultsDirectory="77dfd90a-645f-4601-b816-87ee01fb9191" />
    <UnitTestResult executionId="4075c65b-8a4f-4952-801b-f81803c240d4" testId="0e5fcfee-bd6d-f45f-061a-0b8ebdec31cd" testName="UserService.UnitTest.Application.Commands.CreateUserCommandHandlerTests.Handle_ComNewsletterOptInFalse_DeveCriarUsuarioSemNewsletter" computerName="iMac-de-Bruno" duration="00:00:00.0102139" startTime="2025-09-25T19:08:30.3264270-03:00" endTime="2025-09-25T19:08:30.3264270-03:00" testType="13cdc9d9-ddb5-4fa4-a97d-d965ccfc6d4b" outcome="Passed" testListId="8c84fa94-04c1-424b-9868-57a2d4851a1d" relativeResultsDirectory="4075c65b-8a4f-4952-801b-f81803c240d4" />
    <UnitTestResult executionId="0c91b700-0373-464e-a46e-64c5d14d5817" testId="11759d32-7c45-d95c-6b8c-5bd352b4a13c" testName="UserService.UnitTest.Application.Dtos.Keycloak.CreateUserKeycloakTests.CreateUserKeycloak_ComDiferentesValoresEnabled_DeveDefinirCorretamente(enabled: True)" computerName="iMac-de-Bruno" duration="00:00:00.0032832" startTime="2025-09-25T19:08:29.2034610-03:00" endTime="2025-09-25T19:08:29.2034610-03:00" testType="13cdc9d9-ddb5-4fa4-a97d-d965ccfc6d4b" outcome="Passed" testListId="8c84fa94-04c1-424b-9868-57a2d4851a1d" relativeResultsDirectory="0c91b700-0373-464e-a46e-64c5d14d5817" />
    <UnitTestResult executionId="539d7bf3-8cfe-4801-bd7e-f22b10dbbe6a" testId="425043c5-33b2-bd82-3d9f-363f8cb440bb" testName="UserService.UnitTest.Application.Dtos.Requests.LoginUserRequestTests.LoginUserRequest_ComCaracteresUnicode_DevePermitirAtribuicao" computerName="iMac-de-Bruno" duration="00:00:00.0025491" startTime="2025-09-25T19:08:29.2282980-03:00" endTime="2025-09-25T19:08:29.2282980-03:00" testType="13cdc9d9-ddb5-4fa4-a97d-d965ccfc6d4b" outcome="Passed" testListId="8c84fa94-04c1-424b-9868-57a2d4851a1d" relativeResultsDirectory="539d7bf3-8cfe-4801-bd7e-f22b10dbbe6a" />
    <UnitTestResult executionId="7b45b6d8-de53-4a6f-982a-0119ee4c723b" testId="2aa59a7e-a129-de74-a7d8-c821b33e35fe" testName="UserService.UnitTest.Application.Dtos.Requests.CreateUserRequestTests.CreateUserRequest_ComEmailVazioOuEspacos_DevePermitirAtribuicao(email: &quot;&quot;)" computerName="iMac-de-Bruno" duration="00:00:00.0025555" startTime="2025-09-25T19:08:29.0141340-03:00" endTime="2025-09-25T19:08:29.0141340-03:00" testType="13cdc9d9-ddb5-4fa4-a97d-d965ccfc6d4b" outcome="Passed" testListId="8c84fa94-04c1-424b-9868-57a2d4851a1d" relativeResultsDirectory="7b45b6d8-de53-4a6f-982a-0119ee4c723b" />
    <UnitTestResult executionId="45b18bcb-0503-4846-b2a1-1d383439f00d" testId="159104f6-eb79-1c15-6755-1a4755d7ed51" testName="UserService.UnitTest.Application.Dtos.Responses.LoginUserResponseTests.LoginUserResponse_ComTodosValoresNulos_DevePermitirAtribuicao" computerName="iMac-de-Bruno" duration="00:00:00.0025149" startTime="2025-09-25T19:08:29.4547390-03:00" endTime="2025-09-25T19:08:29.4547390-03:00" testType="13cdc9d9-ddb5-4fa4-a97d-d965ccfc6d4b" outcome="Passed" testListId="8c84fa94-04c1-424b-9868-57a2d4851a1d" relativeResultsDirectory="45b18bcb-0503-4846-b2a1-1d383439f00d" />
    <UnitTestResult executionId="5427449a-23f1-4824-ba63-44f2ee15e4b9" testId="ff10f1fb-9148-fd50-0d1e-8fe2d3c731fc" testName="UserService.UnitTest.Application.Dtos.Responses.LoginUserResponseTests.LoginUserResponse_ComAccessTokenVazioOuEspacos_DevePermitirAtribuicao(accessToken: &quot;&quot;)" computerName="iMac-de-Bruno" duration="00:00:00.0024332" startTime="2025-09-25T19:08:29.3949570-03:00" endTime="2025-09-25T19:08:29.3949570-03:00" testType="13cdc9d9-ddb5-4fa4-a97d-d965ccfc6d4b" outcome="Passed" testListId="8c84fa94-04c1-424b-9868-57a2d4851a1d" relativeResultsDirectory="5427449a-23f1-4824-ba63-44f2ee15e4b9" />
    <UnitTestResult executionId="5f92646c-bb4b-4e43-94b6-c9f6936a89f4" testId="1bdb6140-e78c-1d86-2209-d2ec03185fc5" testName="UserService.UnitTest.Application.Dtos.Requests.LoginUserRequestTests.LoginUserRequest_ComSenhasEspeciais_DevePermitirAtribuicao" computerName="iMac-de-Bruno" duration="00:00:00.0100107" startTime="2025-09-25T19:08:29.2130590-03:00" endTime="2025-09-25T19:08:29.2130590-03:00" testType="13cdc9d9-ddb5-4fa4-a97d-d965ccfc6d4b" outcome="Passed" testListId="8c84fa94-04c1-424b-9868-57a2d4851a1d" relativeResultsDirectory="5f92646c-bb4b-4e43-94b6-c9f6936a89f4" />
    <UnitTestResult executionId="7c80db1e-760b-4a75-a42d-fbef83d3b91a" testId="704e5cb4-d810-ebf8-c7a7-7bec5914c853" testName="UserService.UnitTest.Application.Dtos.Requests.LoginUserRequestTests.LoginUserRequest_ComDiferentesCombinacoesDeDados_DeveDefinirPropriedadesCorretamente(email: &quot;admin@company.net&quot;, password: &quot;admin123&quot;)" computerName="iMac-de-Bruno" duration="00:00:00.0081961" startTime="2025-09-25T19:08:29.1777640-03:00" endTime="2025-09-25T19:08:29.1777650-03:00" testType="13cdc9d9-ddb5-4fa4-a97d-d965ccfc6d4b" outcome="Passed" testListId="8c84fa94-04c1-424b-9868-57a2d4851a1d" relativeResultsDirectory="7c80db1e-760b-4a75-a42d-fbef83d3b91a" />
    <UnitTestResult executionId="b34236d3-9150-45d0-812b-43bec332b18f" testId="e94e9e48-4109-66a8-d8d8-eba19f7e0e5d" testName="UserService.UnitTest.Application.Dtos.Responses.LoginUserResponseTests.LoginUserResponse_ComAccessTokenNulo_DevePermitirAtribuicao" computerName="iMac-de-Bruno" duration="00:00:00.0022885" startTime="2025-09-25T19:08:29.4198630-03:00" endTime="2025-09-25T19:08:29.4198630-03:00" testType="13cdc9d9-ddb5-4fa4-a97d-d965ccfc6d4b" outcome="Passed" testListId="8c84fa94-04c1-424b-9868-57a2d4851a1d" relativeResultsDirectory="b34236d3-9150-45d0-812b-43bec332b18f" />
    <UnitTestResult executionId="fe211b2d-811c-4755-bb18-4bb03d3eb7a4" testId="b624b957-033e-f1f6-e698-ab5559eeeca7" testName="UserService.UnitTest.Application.Commands.CreateUserCommandTests.CriarComando_ComDadosValidos_DeveDefinirPropriedadesCorretamente" computerName="iMac-de-Bruno" duration="00:00:00.0010668" startTime="2025-09-25T19:08:28.9925790-03:00" endTime="2025-09-25T19:08:28.9925790-03:00" testType="13cdc9d9-ddb5-4fa4-a97d-d965ccfc6d4b" outcome="Passed" testListId="8c84fa94-04c1-424b-9868-57a2d4851a1d" relativeResultsDirectory="fe211b2d-811c-4755-bb18-4bb03d3eb7a4" />
    <UnitTestResult executionId="1566f3ea-94ae-4e05-98f5-e76d39e2f2b8" testId="7edfa15f-a405-492f-f256-aeeef35b1c52" testName="UserService.UnitTest.Application.Dtos.Requests.LoginUserRequestTests.LoginUserRequest_ComEmailVazioOuEspacos_DevePermitirAtribuicao(email: &quot;   &quot;)" computerName="iMac-de-Bruno" duration="00:00:00.0089893" startTime="2025-09-25T19:08:29.0904250-03:00" endTime="2025-09-25T19:08:29.0904250-03:00" testType="13cdc9d9-ddb5-4fa4-a97d-d965ccfc6d4b" outcome="Passed" testListId="8c84fa94-04c1-424b-9868-57a2d4851a1d" relativeResultsDirectory="1566f3ea-94ae-4e05-98f5-e76d39e2f2b8" />
    <UnitTestResult executionId="885ca76d-92c7-4029-87ff-d8f232533d32" testId="2e34d629-a46e-48e7-0407-be18d7e17c76" testName="UserService.UnitTest.Application.Dtos.Requests.CreateUserRequestTests.CreateUserRequest_ComNomesComCaracteresEspeciais_DevePermitirAtribuicao" computerName="iMac-de-Bruno" duration="00:00:00.0124495" startTime="2025-09-25T19:08:29.3420270-03:00" endTime="2025-09-25T19:08:29.3420270-03:00" testType="13cdc9d9-ddb5-4fa4-a97d-d965ccfc6d4b" outcome="Passed" testListId="8c84fa94-04c1-424b-9868-57a2d4851a1d" relativeResultsDirectory="885ca76d-92c7-4029-87ff-d8f232533d32" />
    <UnitTestResult executionId="2013de39-ec42-468e-8183-641af9c7ba9c" testId="ca9a6897-c80b-4651-66cf-d5f43912bd5c" testName="UserService.UnitTest.Application.Dtos.Responses.CreateUserResponseTests.CreateUserResponse_ComEmailNulo_DevePermitirAtribuicao" computerName="iMac-de-Bruno" duration="00:00:00.0027876" startTime="2025-09-25T19:08:29.1029380-03:00" endTime="2025-09-25T19:08:29.1029380-03:00" testType="13cdc9d9-ddb5-4fa4-a97d-d965ccfc6d4b" outcome="Passed" testListId="8c84fa94-04c1-424b-9868-57a2d4851a1d" relativeResultsDirectory="2013de39-ec42-468e-8183-641af9c7ba9c" />
    <UnitTestResult executionId="f1680cd6-1874-4c3b-865c-43082a3dfa48" testId="00a0325e-b219-1db4-5680-42c714d4d7b7" testName="UserService.UnitTest.Domain.UserAddressExtensionsTests.ObterEnderecoFormatado_QuandoComplementoNulo_DeveRetornarEnderecoFormatadoSemComplemento" computerName="iMac-de-Bruno" duration="00:00:00.0025970" startTime="2025-09-25T19:08:29.2668350-03:00" endTime="2025-09-25T19:08:29.2668360-03:00" testType="13cdc9d9-ddb5-4fa4-a97d-d965ccfc6d4b" outcome="Passed" testListId="8c84fa94-04c1-424b-9868-57a2d4851a1d" relativeResultsDirectory="f1680cd6-1874-4c3b-865c-43082a3dfa48" />
    <UnitTestResult executionId="7afb4ee3-c320-4577-8470-d22399631046" testId="ef5e933d-b171-60ad-09e1-408e70e7e01e" testName="UserService.UnitTest.Application.Dtos.Keycloak.CreateUserKeycloakTests.CreateUserKeycloak_ComNomeNulo_DevePermitirCriacao" computerName="iMac-de-Bruno" duration="00:00:00.0104327" startTime="2025-09-25T19:08:29.1001130-03:00" endTime="2025-09-25T19:08:29.1001130-03:00" testType="13cdc9d9-ddb5-4fa4-a97d-d965ccfc6d4b" outcome="Passed" testListId="8c84fa94-04c1-424b-9868-57a2d4851a1d" relativeResultsDirectory="7afb4ee3-c320-4577-8470-d22399631046" />
    <UnitTestResult executionId="99e82a1a-4961-49b1-898f-17a5a8706ac3" testId="ed8fd7b5-fd68-aba1-5990-e3b2c6e291bd" testName="UserService.UnitTest.Application.Dtos.Keycloak.CreateUserKeycloakTests.CreateUserKeycloak_ComSobrenomeNulo_DevePermitirCriacao" computerName="iMac-de-Bruno" duration="00:00:00.0027051" startTime="2025-09-25T19:08:29.0516100-03:00" endTime="2025-09-25T19:08:29.0516100-03:00" testType="13cdc9d9-ddb5-4fa4-a97d-d965ccfc6d4b" outcome="Passed" testListId="8c84fa94-04c1-424b-9868-57a2d4851a1d" relativeResultsDirectory="99e82a1a-4961-49b1-898f-17a5a8706ac3" />
    <UnitTestResult executionId="18d50d8b-defe-43f5-b8af-731c52572fcd" testId="6da30459-8d51-b30f-28ae-6a40ce6af825" testName="UserService.UnitTest.Domain.UserExtensionsTests.ContaEstaBloqueada_QuandoContaBloqueadaNoFuturo_DeveRetornarVerdadeiro" computerName="iMac-de-Bruno" duration="00:00:00.0109845" startTime="2025-09-25T19:08:29.2514720-03:00" endTime="2025-09-25T19:08:29.2514720-03:00" testType="13cdc9d9-ddb5-4fa4-a97d-d965ccfc6d4b" outcome="Passed" testListId="8c84fa94-04c1-424b-9868-57a2d4851a1d" relativeResultsDirectory="18d50d8b-defe-43f5-b8af-731c52572fcd" />
    <UnitTestResult executionId="4d26a900-61c8-4160-8532-882c1fe935cf" testId="aae218ae-567e-23fa-54aa-9977c35ea489" testName="UserService.UnitTest.Application.Dtos.Responses.LoginUserResponseTests.LoginUserResponse_ComDiferentesCombinacoesDeDados_DeveDefinirPropriedadesCorretamente(accessToken: &quot;token_789&quot;, refreshToken: &quot;refresh_789&quot;, tokenType: &quot;JWT&quot;, expiresIn: 1800)" computerName="iMac-de-Bruno" duration="00:00:00.0027333" startTime="2025-09-25T19:08:29.4057510-03:00" endTime="2025-09-25T19:08:29.4057510-03:00" testType="13cdc9d9-ddb5-4fa4-a97d-d965ccfc6d4b" outcome="Passed" testListId="8c84fa94-04c1-424b-9868-57a2d4851a1d" relativeResultsDirectory="4d26a900-61c8-4160-8532-882c1fe935cf" />
    <UnitTestResult executionId="0cf19e19-3549-4b13-9742-48ffc9159e45" testId="54d87476-fac0-c322-a77c-5ae4bf7dbc25" testName="UserService.UnitTest.Domain.UserExtensionsTests.EstaAtivo_QuandoUsuarioAtivoENaoExcluido_DeveRetornarVerdadeiro" computerName="iMac-de-Bruno" duration="00:00:00.0130928" startTime="2025-09-25T19:08:29.2151250-03:00" endTime="2025-09-25T19:08:29.2151250-03:00" testType="13cdc9d9-ddb5-4fa4-a97d-d965ccfc6d4b" outcome="Passed" testListId="8c84fa94-04c1-424b-9868-57a2d4851a1d" relativeResultsDirectory="0cf19e19-3549-4b13-9742-48ffc9159e45" />
    <UnitTestResult executionId="0a0b9ab7-daee-4eb9-a702-229b60fe5bda" testId="fb095c6b-ef89-7c80-525c-de74a5eb5df3" testName="UserService.UnitTest.Application.Commands.LoginUserCommandTests.CriarComando_ComDadosValidos_DeveDefinirPropriedadesCorretamente" computerName="iMac-de-Bruno" duration="00:00:00.0002176" startTime="2025-09-25T19:08:28.9724900-03:00" endTime="2025-09-25T19:08:28.9724900-03:00" testType="13cdc9d9-ddb5-4fa4-a97d-d965ccfc6d4b" outcome="Passed" testListId="8c84fa94-04c1-424b-9868-57a2d4851a1d" relativeResultsDirectory="0a0b9ab7-daee-4eb9-a702-229b60fe5bda" />
    <UnitTestResult executionId="01ce77bb-aaab-47e7-b6b2-a3e4d49893db" testId="bb35b0ea-0a5f-40e6-f51d-49c9b4409aee" testName="UserService.UnitTest.Application.Dtos.Responses.CreateUserResponseTests.CreateUserResponse_ComValoresPadrao_DeveInicializarPropriedadesCorretamente" computerName="iMac-de-Bruno" duration="00:00:00.1881087" startTime="2025-09-25T19:08:29.3268830-03:00" endTime="2025-09-25T19:08:29.3268830-03:00" testType="13cdc9d9-ddb5-4fa4-a97d-d965ccfc6d4b" outcome="Failed" testListId="8c84fa94-04c1-424b-9868-57a2d4851a1d" relativeResultsDirectory="01ce77bb-aaab-47e7-b6b2-a3e4d49893db">
      <Output>
        <ErrorInfo>
          <Message>Expected response.Email to be &lt;null&gt;, but found "".</Message>
          <StackTrace>   at FluentAssertions.Execution.XUnit2TestFramework.Throw(String message)
   at FluentAssertions.Execution.TestFrameworkProvider.Throw(String message)
   at FluentAssertions.Execution.DefaultAssertionStrategy.HandleFailure(String message)
   at FluentAssertions.Execution.AssertionScope.FailWith(Func`1 failReasonFunc)
   at FluentAssertions.Execution.AssertionScope.FailWith(Func`1 failReasonFunc)
   at FluentAssertions.Execution.AssertionScope.FailWith(String message, Object[] args)
   at FluentAssertions.Primitives.ReferenceTypeAssertions`2.BeNull(String because, Object[] becauseArgs)
   at UserService.UnitTest.Application.Dtos.Responses.CreateUserResponseTests.CreateUserResponse_ComValoresPadrao_DeveInicializarPropriedadesCorretamente() in /Users/diasbruno/Documents/programacao/codigos/dotnet/bcommerce/backend/src/Services/UserService/UserService.UnitTest/Application/Dtos/Responses/CreateUserResponseTests.cs:line 61
   at System.RuntimeMethodHandle.InvokeMethod(Object target, Void** arguments, Signature sig, Boolean isConstructor)
   at System.Reflection.MethodBaseInvoker.InvokeWithNoArgs(Object obj, BindingFlags invokeAttr)</StackTrace>
        </ErrorInfo>
      </Output>
    </UnitTestResult>
    <UnitTestResult executionId="76b36072-ae0f-47ab-95d6-012c1267e2dc" testId="82f90efb-2a5a-b512-1e2b-542fb4c0c77d" testName="UserService.UnitTest.Application.Commands.LoginUserCommandHandlerTests.Handle_ComErroDeConexao_DeveRetornarFalha" computerName="iMac-de-Bruno" duration="00:00:00.0210032" startTime="2025-09-25T19:08:29.4483680-03:00" endTime="2025-09-25T19:08:29.4483680-03:00" testType="13cdc9d9-ddb5-4fa4-a97d-d965ccfc6d4b" outcome="Passed" testListId="8c84fa94-04c1-424b-9868-57a2d4851a1d" relativeResultsDirectory="76b36072-ae0f-47ab-95d6-012c1267e2dc" />
    <UnitTestResult executionId="07cae24a-facf-4571-ae37-9fbbb9b7f487" testId="c9ed4de0-edb4-2421-4a75-550bc1b97f3e" testName="UserService.UnitTest.Application.Dtos.Responses.LoginUserResponseTests.LoginUserResponse_ComExpiresInPositivo_DevePermitirAtribuicao(expiresIn: 2147483647)" computerName="iMac-de-Bruno" duration="00:00:00.0124361" startTime="2025-09-25T19:08:29.3419900-03:00" endTime="2025-09-25T19:08:29.3419900-03:00" testType="13cdc9d9-ddb5-4fa4-a97d-d965ccfc6d4b" outcome="Passed" testListId="8c84fa94-04c1-424b-9868-57a2d4851a1d" relativeResultsDirectory="07cae24a-facf-4571-ae37-9fbbb9b7f487" />
    <UnitTestResult executionId="6b1251b4-a0a2-41a5-89ff-51558a51659f" testId="26079af3-3e3f-8f3b-a42e-328097e80d6a" testName="UserService.UnitTest.Application.Commands.CreateUserCommandTests.CriarComando_ComEmailNulo_DevePermitirAtribuicao" computerName="iMac-de-Bruno" duration="00:00:00.0006028" startTime="2025-09-25T19:08:28.9924930-03:00" endTime="2025-09-25T19:08:28.9924930-03:00" testType="13cdc9d9-ddb5-4fa4-a97d-d965ccfc6d4b" outcome="Passed" testListId="8c84fa94-04c1-424b-9868-57a2d4851a1d" relativeResultsDirectory="6b1251b4-a0a2-41a5-89ff-51558a51659f" />
    <UnitTestResult executionId="0b481732-87ac-4dce-a501-d6cde0699ec2" testId="27959c8b-f4d6-bcae-f560-fc37c4b787a5" testName="UserService.UnitTest.Application.Dtos.Requests.LoginUserRequestTests.LoginUserRequest_ComSenhaNula_DevePermitirAtribuicao" computerName="iMac-de-Bruno" duration="00:00:00.0134651" startTime="2025-09-25T19:08:29.1321730-03:00" endTime="2025-09-25T19:08:29.1321730-03:00" testType="13cdc9d9-ddb5-4fa4-a97d-d965ccfc6d4b" outcome="Passed" testListId="8c84fa94-04c1-424b-9868-57a2d4851a1d" relativeResultsDirectory="0b481732-87ac-4dce-a501-d6cde0699ec2" />
    <UnitTestResult executionId="f1e68d82-b252-4fb1-a8e5-003f94b00bd0" testId="4a0fee84-a0e9-6e91-946c-e3024a3d1804" testName="UserService.UnitTest.Domain.UserTests.Usuario_QuandoEmailDefinido_DeveAceitarFormatosValidos(email: &quot;test+tag@example.org&quot;)" computerName="iMac-de-Bruno" duration="00:00:00.0053483" startTime="2025-09-25T19:08:29.2790690-03:00" endTime="2025-09-25T19:08:29.2790700-03:00" testType="13cdc9d9-ddb5-4fa4-a97d-d965ccfc6d4b" outcome="Passed" testListId="8c84fa94-04c1-424b-9868-57a2d4851a1d" relativeResultsDirectory="f1e68d82-b252-4fb1-a8e5-003f94b00bd0" />
    <UnitTestResult executionId="2233bf2e-4f0f-4442-9f34-fecceab50ec9" testId="de151c58-4467-4a44-0aaa-73fe7dfaabe6" testName="UserService.UnitTest.Domain.UserAddressExtensionsTests.ObterEnderecoFormatado_QuandoNumeroRuaAlfanumerico_DeveTratarCorretamente" computerName="iMac-de-Bruno" duration="00:00:00.0036360" startTime="2025-09-25T19:08:29.2621510-03:00" endTime="2025-09-25T19:08:29.2621510-03:00" testType="13cdc9d9-ddb5-4fa4-a97d-d965ccfc6d4b" outcome="Passed" testListId="8c84fa94-04c1-424b-9868-57a2d4851a1d" relativeResultsDirectory="2233bf2e-4f0f-4442-9f34-fecceab50ec9" />
    <UnitTestResult executionId="ef5f2b72-4d2e-4460-9628-47ee01958469" testId="12b0a882-1523-5493-37d9-a3daeaab53d7" testName="UserService.UnitTest.Application.Dtos.Responses.LoginUserResponseTests.LoginUserResponse_ComDiferentesTiposDeToken_DevePermitirAtribuicao(tokenType: &quot;Bearer&quot;)" computerName="iMac-de-Bruno" duration="00:00:00.0126781" startTime="2025-09-25T19:08:29.0367650-03:00" endTime="2025-09-25T19:08:29.0367650-03:00" testType="13cdc9d9-ddb5-4fa4-a97d-d965ccfc6d4b" outcome="Passed" testListId="8c84fa94-04c1-424b-9868-57a2d4851a1d" relativeResultsDirectory="ef5f2b72-4d2e-4460-9628-47ee01958469" />
    <UnitTestResult executionId="78271fb4-bc43-4f28-9194-76a66715721f" testId="99ce01d7-0310-a92e-fac7-c4d886c40f40" testName="UserService.UnitTest.Application.Services.PasswordEncripterTests.EncryptPassword_ComSenhaNula_DeveLancarExcecao" computerName="iMac-de-Bruno" duration="00:00:00.0004515" startTime="2025-09-25T19:08:33.3830110-03:00" endTime="2025-09-25T19:08:33.3830110-03:00" testType="13cdc9d9-ddb5-4fa4-a97d-d965ccfc6d4b" outcome="Passed" testListId="8c84fa94-04c1-424b-9868-57a2d4851a1d" relativeResultsDirectory="78271fb4-bc43-4f28-9194-76a66715721f" />
    <UnitTestResult executionId="701a2634-d66a-46b1-973d-b8480793d768" testId="5dff643f-cbf4-e0e0-57b8-42bc26c22629" testName="UserService.UnitTest.Application.Dtos.Keycloak.CreateUserKeycloakTests.CreateUserKeycloak_ComTodosValoresVazios_DevePermitirCriacao" computerName="iMac-de-Bruno" duration="00:00:00.0089521" startTime="2025-09-25T19:08:29.1787660-03:00" endTime="2025-09-25T19:08:29.1787660-03:00" testType="13cdc9d9-ddb5-4fa4-a97d-d965ccfc6d4b" outcome="Passed" testListId="8c84fa94-04c1-424b-9868-57a2d4851a1d" relativeResultsDirectory="701a2634-d66a-46b1-973d-b8480793d768" />
    <UnitTestResult executionId="fc5dd88d-8d7e-4655-b2dd-ce327be2c3c0" testId="754d74b5-9f62-1c41-8e5d-2dd8b5f59b70" testName="UserService.UnitTest.Application.Dtos.Keycloak.LoginUserKeycloakTests.LoginUserKeycloak_ComEmailsEspeciais_DevePermitirCriacao" computerName="iMac-de-Bruno" duration="00:00:00.0029036" startTime="2025-09-25T19:08:29.4091040-03:00" endTime="2025-09-25T19:08:29.4091040-03:00" testType="13cdc9d9-ddb5-4fa4-a97d-d965ccfc6d4b" outcome="Passed" testListId="8c84fa94-04c1-424b-9868-57a2d4851a1d" relativeResultsDirectory="fc5dd88d-8d7e-4655-b2dd-ce327be2c3c0" />
    <UnitTestResult executionId="1be4b750-4844-4f7d-914d-0c7ccda7165a" testId="57a41fb6-ad6a-e4d4-d70e-2b7b58d9ebe6" testName="UserService.UnitTest.Domain.UserAddressExtensionsTests.ObterEnderecoFormatado_QuandoComplementoVazio_DeveRetornarEnderecoFormatadoSemComplemento" computerName="iMac-de-Bruno" duration="00:00:00.0024466" startTime="2025-09-25T19:08:29.2791620-03:00" endTime="2025-09-25T19:08:29.2791630-03:00" testType="13cdc9d9-ddb5-4fa4-a97d-d965ccfc6d4b" outcome="Passed" testListId="8c84fa94-04c1-424b-9868-57a2d4851a1d" relativeResultsDirectory="1be4b750-4844-4f7d-914d-0c7ccda7165a" />
    <UnitTestResult executionId="e1d2c29f-2db7-43cb-ae2d-90c944afc3ab" testId="3d3b9104-58df-c60e-7604-16031cc31e72" testName="UserService.UnitTest.Application.Dtos.Keycloak.LoginUserKeycloakTests.LoginUserKeycloak_ComEmailVazioOuEspacos_DevePermitirCriacao(email: &quot; &quot;)" computerName="iMac-de-Bruno" duration="00:00:00.0096193" startTime="2025-09-25T19:08:29.0912170-03:00" endTime="2025-09-25T19:08:29.0912170-03:00" testType="13cdc9d9-ddb5-4fa4-a97d-d965ccfc6d4b" outcome="Passed" testListId="8c84fa94-04c1-424b-9868-57a2d4851a1d" relativeResultsDirectory="e1d2c29f-2db7-43cb-ae2d-90c944afc3ab" />
    <UnitTestResult executionId="6edaf7be-af65-4228-be66-36807ff9287d" testId="5dd926b3-7dcc-5adb-6291-fac7f1fedccb" testName="UserService.UnitTest.Application.Dtos.Responses.LoginUserResponseTests.LoginUserResponse_ComDiferentesTiposDeToken_DevePermitirAtribuicao(tokenType: &quot;BEARER&quot;)" computerName="iMac-de-Bruno" duration="00:00:00.0024667" startTime="2025-09-25T19:08:29.0238640-03:00" endTime="2025-09-25T19:08:29.0238640-03:00" testType="13cdc9d9-ddb5-4fa4-a97d-d965ccfc6d4b" outcome="Passed" testListId="8c84fa94-04c1-424b-9868-57a2d4851a1d" relativeResultsDirectory="6edaf7be-af65-4228-be66-36807ff9287d" />
    <UnitTestResult executionId="50c3b952-064e-4c49-9f52-bcd703914866" testId="d67fc309-5de0-ad1c-c75e-133e682e42ef" testName="UserService.UnitTest.Application.Dtos.Responses.LoginUserResponseTests.LoginUserResponse_ComTokenTypeNulo_DevePermitirAtribuicao" computerName="iMac-de-Bruno" duration="00:00:00.0023574" startTime="2025-09-25T19:08:29.4406980-03:00" endTime="2025-09-25T19:08:29.4406980-03:00" testType="13cdc9d9-ddb5-4fa4-a97d-d965ccfc6d4b" outcome="Passed" testListId="8c84fa94-04c1-424b-9868-57a2d4851a1d" relativeResultsDirectory="50c3b952-064e-4c49-9f52-bcd703914866" />
    <UnitTestResult executionId="b1192670-ed31-4231-b646-98fbb53786b7" testId="6db8dbd3-7b5f-7324-b691-1ab92965e592" testName="UserService.UnitTest.Application.Commands.LoginUserCommandHandlerTests.Handle_ComUsuarioInexistente_DeveRetornarFalha" computerName="iMac-de-Bruno" duration="00:00:00.0064789" startTime="2025-09-25T19:08:29.4805220-03:00" endTime="2025-09-25T19:08:29.4805220-03:00" testType="13cdc9d9-ddb5-4fa4-a97d-d965ccfc6d4b" outcome="Passed" testListId="8c84fa94-04c1-424b-9868-57a2d4851a1d" relativeResultsDirectory="b1192670-ed31-4231-b646-98fbb53786b7" />
    <UnitTestResult executionId="a5c57d1d-05e7-439f-9361-a516bbffa977" testId="1971d78d-d90b-8b5b-2193-80ba0ab46f86" testName="UserService.UnitTest.Domain.UserExtensionsTests.ObterNomeCompleto_QuandoApenasPrimeiroNome_DeveRetornarPrimeiroNomeLimpo" computerName="iMac-de-Bruno" duration="00:00:00.0137067" startTime="2025-09-25T19:08:29.2285560-03:00" endTime="2025-09-25T19:08:29.2285560-03:00" testType="13cdc9d9-ddb5-4fa4-a97d-d965ccfc6d4b" outcome="Passed" testListId="8c84fa94-04c1-424b-9868-57a2d4851a1d" relativeResultsDirectory="a5c57d1d-05e7-439f-9361-a516bbffa977" />
    <UnitTestResult executionId="a1c52e27-2dee-4a9d-bea6-3ee5771e64bd" testId="6d19f980-ef8d-bc1f-5044-1e73e326a8c9" testName="UserService.UnitTest.Domain.UserExtensionsTests.ObterNomeCompleto_QuandoAmbosNomesVazios_DeveRetornarStringVazia" computerName="iMac-de-Bruno" duration="00:00:00.0182512" startTime="2025-09-25T19:08:29.1354710-03:00" endTime="2025-09-25T19:08:29.1354710-03:00" testType="13cdc9d9-ddb5-4fa4-a97d-d965ccfc6d4b" outcome="Passed" testListId="8c84fa94-04c1-424b-9868-57a2d4851a1d" relativeResultsDirectory="a1c52e27-2dee-4a9d-bea6-3ee5771e64bd" />
    <UnitTestResult executionId="4878675e-a5fa-46d6-a88f-37e5d02d1bf3" testId="98212644-d194-40f8-f990-1100931aab24" testName="UserService.UnitTest.Application.Dtos.Responses.CreateUserResponseTests.CreateUserResponse_ComNomesNulos_DevePermitirAtribuicao" computerName="iMac-de-Bruno" duration="00:00:00.0119014" startTime="2025-09-25T19:08:29.3412430-03:00" endTime="2025-09-25T19:08:29.3412430-03:00" testType="13cdc9d9-ddb5-4fa4-a97d-d965ccfc6d4b" outcome="Passed" testListId="8c84fa94-04c1-424b-9868-57a2d4851a1d" relativeResultsDirectory="4878675e-a5fa-46d6-a88f-37e5d02d1bf3" />
    <UnitTestResult executionId="47e76693-8f69-4e51-b65e-41e4cd9942e2" testId="5e8a1a7b-63fd-ef39-f9dc-927456d0cd7a" testName="UserService.UnitTest.Application.Commands.LoginUserCommandTests.CriarComando_ComDiferentesCredenciais_DeveDefinirPropriedadesCorretamente(email: &quot;joao@email.com&quot;, password: &quot;Senha123@&quot;)" computerName="iMac-de-Bruno" duration="00:00:00.0110471" startTime="2025-09-25T19:08:28.9716330-03:00" endTime="2025-09-25T19:08:28.9716330-03:00" testType="13cdc9d9-ddb5-4fa4-a97d-d965ccfc6d4b" outcome="Passed" testListId="8c84fa94-04c1-424b-9868-57a2d4851a1d" relativeResultsDirectory="47e76693-8f69-4e51-b65e-41e4cd9942e2" />
    <UnitTestResult executionId="1708aef3-3912-42f3-8491-eada4062a2f6" testId="a02ff287-97b3-5f57-60b5-31628fd9cbb4" testName="UserService.UnitTest.Application.Dtos.Requests.LoginUserRequestTests.LoginUserRequest_ComSenhaVaziaOuEspacos_DevePermitirAtribuicao(password: &quot;&quot;)" computerName="iMac-de-Bruno" duration="00:00:00.0030182" startTime="2025-09-25T19:08:29.1914870-03:00" endTime="2025-09-25T19:08:29.1914870-03:00" testType="13cdc9d9-ddb5-4fa4-a97d-d965ccfc6d4b" outcome="Passed" testListId="8c84fa94-04c1-424b-9868-57a2d4851a1d" relativeResultsDirectory="1708aef3-3912-42f3-8491-eada4062a2f6" />
    <UnitTestResult executionId="aa33e3f7-c89f-4818-bb4c-0add985e1993" testId="090d0a31-3c26-6ead-5f5a-dd50f9b42ffc" testName="UserService.UnitTest.Application.Dtos.Responses.LoginUserResponseTests.LoginUserResponse_ComValoresPadrao_DeveInicializarPropriedadesCorretamente" computerName="iMac-de-Bruno" duration="00:00:00.2496156" startTime="2025-09-25T19:08:29.3410190-03:00" endTime="2025-09-25T19:08:29.3410200-03:00" testType="13cdc9d9-ddb5-4fa4-a97d-d965ccfc6d4b" outcome="Failed" testListId="8c84fa94-04c1-424b-9868-57a2d4851a1d" relativeResultsDirectory="aa33e3f7-c89f-4818-bb4c-0add985e1993">
      <Output>
        <ErrorInfo>
          <Message>Expected response.AccessToken to be &lt;null&gt;, but found "".</Message>
          <StackTrace>   at FluentAssertions.Execution.XUnit2TestFramework.Throw(String message)
   at FluentAssertions.Execution.TestFrameworkProvider.Throw(String message)
   at FluentAssertions.Execution.DefaultAssertionStrategy.HandleFailure(String message)
   at FluentAssertions.Execution.AssertionScope.FailWith(Func`1 failReasonFunc)
   at FluentAssertions.Execution.AssertionScope.FailWith(Func`1 failReasonFunc)
   at FluentAssertions.Execution.AssertionScope.FailWith(String message, Object[] args)
   at FluentAssertions.Primitives.ReferenceTypeAssertions`2.BeNull(String because, Object[] becauseArgs)
   at UserService.UnitTest.Application.Dtos.Responses.LoginUserResponseTests.LoginUserResponse_ComValoresPadrao_DeveInicializarPropriedadesCorretamente() in /Users/diasbruno/Documents/programacao/codigos/dotnet/bcommerce/backend/src/Services/UserService/UserService.UnitTest/Application/Dtos/Responses/LoginUserResponseTests.cs:line 49
   at System.RuntimeMethodHandle.InvokeMethod(Object target, Void** arguments, Signature sig, Boolean isConstructor)
   at System.Reflection.MethodBaseInvoker.InvokeWithNoArgs(Object obj, BindingFlags invokeAttr)</StackTrace>
        </ErrorInfo>
      </Output>
    </UnitTestResult>
    <UnitTestResult executionId="206cef99-49ea-490a-b4a6-a922e46317d2" testId="61f1e916-f7d2-9c70-1f9f-c8fae1845eae" testName="UserService.UnitTest.Application.Dtos.Keycloak.LoginUserKeycloakTests.LoginUserKeycloak_ComEmailVazioOuEspacos_DevePermitirCriacao(email: &quot;   &quot;)" computerName="iMac-de-Bruno" duration="00:00:00.0099883" startTime="2025-09-25T19:08:29.1010350-03:00" endTime="2025-09-25T19:08:29.1010360-03:00" testType="13cdc9d9-ddb5-4fa4-a97d-d965ccfc6d4b" outcome="Passed" testListId="8c84fa94-04c1-424b-9868-57a2d4851a1d" relativeResultsDirectory="206cef99-49ea-490a-b4a6-a922e46317d2" />
    <UnitTestResult executionId="b18392e7-6fc1-43ca-9027-efd378aa6aeb" testId="8302d487-c677-8166-612f-48492666d649" testName="UserService.UnitTest.Application.Dtos.Keycloak.CreateUserKeycloakTests.CreateUserKeycloak_ComNomesLongos_DevePermitirCriacao" computerName="iMac-de-Bruno" duration="00:00:00.0094437" startTime="2025-09-25T19:08:29.0901180-03:00" endTime="2025-09-25T19:08:29.0901180-03:00" testType="13cdc9d9-ddb5-4fa4-a97d-d965ccfc6d4b" outcome="Passed" testListId="8c84fa94-04c1-424b-9868-57a2d4851a1d" relativeResultsDirectory="b18392e7-6fc1-43ca-9027-efd378aa6aeb" />
    <UnitTestResult executionId="e8aee32e-3d84-4438-bb7d-9ee3fd3d6f51" testId="bb295f3e-a215-64d0-04ce-1e667f89b126" testName="UserService.UnitTest.Application.Commands.CreateUserCommandTests.CriarComando_ComSenhaNula_DevePermitirAtribuicao" computerName="iMac-de-Bruno" duration="00:00:00.0002611" startTime="2025-09-25T19:08:28.9946560-03:00" endTime="2025-09-25T19:08:28.9946570-03:00" testType="13cdc9d9-ddb5-4fa4-a97d-d965ccfc6d4b" outcome="Passed" testListId="8c84fa94-04c1-424b-9868-57a2d4851a1d" relativeResultsDirectory="e8aee32e-3d84-4438-bb7d-9ee3fd3d6f51" />
    <UnitTestResult executionId="b6d64829-6ce7-4cce-980e-9d91a17fad29" testId="f601ccbc-f153-73b7-b905-98210b7bdf42" testName="UserService.UnitTest.Application.Dtos.Responses.LoginUserResponseTests.LoginUserResponse_ComDadosValidos_DeveDefinirPropriedadesCorretamente" computerName="iMac-de-Bruno" duration="00:00:00.0025108" startTime="2025-09-25T19:08:29.4521280-03:00" endTime="2025-09-25T19:08:29.4521280-03:00" testType="13cdc9d9-ddb5-4fa4-a97d-d965ccfc6d4b" outcome="Passed" testListId="8c84fa94-04c1-424b-9868-57a2d4851a1d" relativeResultsDirectory="b6d64829-6ce7-4cce-980e-9d91a17fad29" />
    <UnitTestResult executionId="b5de597f-07fa-4a20-9bc7-28efd6606a4f" testId="fc3482e3-2884-5135-2840-da422505e3a5" testName="UserService.UnitTest.Application.Dtos.Responses.LoginUserResponseTests.LoginUserResponse_ComTokensJWT_DevePermitirAtribuicao" computerName="iMac-de-Bruno" duration="00:00:00.0029954" startTime="2025-09-25T19:08:29.4578240-03:00" endTime="2025-09-25T19:08:29.4578240-03:00" testType="13cdc9d9-ddb5-4fa4-a97d-d965ccfc6d4b" outcome="Passed" testListId="8c84fa94-04c1-424b-9868-57a2d4851a1d" relativeResultsDirectory="b5de597f-07fa-4a20-9bc7-28efd6606a4f" />
    <UnitTestResult executionId="fa465638-b234-4f70-ad65-36209e84f5ed" testId="a30d56a5-15c9-b03d-3d85-2e961a7c1a18" testName="UserService.UnitTest.Application.Dtos.Keycloak.LoginUserKeycloakTests.LoginUserKeycloak_ComCaracteresDeControle_DevePermitirCriacao(email: &quot;\r&quot;, password: &quot;\r&quot;)" computerName="iMac-de-Bruno" duration="00:00:00.0022423" startTime="2025-09-25T19:08:29.3428430-03:00" endTime="2025-09-25T19:08:29.3428430-03:00" testType="13cdc9d9-ddb5-4fa4-a97d-d965ccfc6d4b" outcome="Passed" testListId="8c84fa94-04c1-424b-9868-57a2d4851a1d" relativeResultsDirectory="fa465638-b234-4f70-ad65-36209e84f5ed" />
    <UnitTestResult executionId="7b5926f8-7408-4093-ba3d-a894dae5796e" testId="f004bd56-4237-fb56-b159-57cfea5e0649" testName="UserService.UnitTest.Application.Services.PasswordEncripterTests.VerifyPassword_ComDiferentesCombinacoes_DeveRetornarResultadoCorreto(originalPassword: &quot;senha123&quot;, testPassword: &quot;senha124&quot;, expectedResult: False)" computerName="iMac-de-Bruno" duration="00:00:00.9583501" startTime="2025-09-25T19:08:29.8798700-03:00" endTime="2025-09-25T19:08:29.8798700-03:00" testType="13cdc9d9-ddb5-4fa4-a97d-d965ccfc6d4b" outcome="Passed" testListId="8c84fa94-04c1-424b-9868-57a2d4851a1d" relativeResultsDirectory="7b5926f8-7408-4093-ba3d-a894dae5796e" />
    <UnitTestResult executionId="469d8b2c-dc7a-41da-8a22-ef9224193c00" testId="aeb58abd-f3e4-0504-34c7-844f95ce41e7" testName="UserService.UnitTest.Application.Dtos.Keycloak.CreateUserKeycloakTests.CreateUserKeycloak_ComTodosValoresNulos_DevePermitirCriacao" computerName="iMac-de-Bruno" duration="00:00:00.0175237" startTime="2025-09-25T19:08:29.1178520-03:00" endTime="2025-09-25T19:08:29.1178520-03:00" testType="13cdc9d9-ddb5-4fa4-a97d-d965ccfc6d4b" outcome="Passed" testListId="8c84fa94-04c1-424b-9868-57a2d4851a1d" relativeResultsDirectory="469d8b2c-dc7a-41da-8a22-ef9224193c00" />
    <UnitTestResult executionId="32a335b9-d0cf-47fb-b777-fc0724e203e6" testId="0c48391f-be0c-8965-413f-2e78d8b8e6c2" testName="UserService.UnitTest.Application.Dtos.Keycloak.LoginUserKeycloakTests.LoginUserKeycloak_ComSenhaNula_DevePermitirCriacao" computerName="iMac-de-Bruno" duration="00:00:00.0024957" startTime="2025-09-25T19:08:29.4183920-03:00" endTime="2025-09-25T19:08:29.4183920-03:00" testType="13cdc9d9-ddb5-4fa4-a97d-d965ccfc6d4b" outcome="Passed" testListId="8c84fa94-04c1-424b-9868-57a2d4851a1d" relativeResultsDirectory="32a335b9-d0cf-47fb-b777-fc0724e203e6" />
    <UnitTestResult executionId="b828406a-926f-47f4-9ba7-77df242db85e" testId="0c3f05e8-f904-c7ee-3d10-d355752717ad" testName="UserService.UnitTest.Application.Dtos.Responses.LoginUserResponseTests.LoginUserResponse_ComRefreshTokenVazioOuEspacos_DevePermitirAtribuicao(refreshToken: &quot; &quot;)" computerName="iMac-de-Bruno" duration="00:00:00.0107797" startTime="2025-09-25T19:08:29.3566140-03:00" endTime="2025-09-25T19:08:29.3566140-03:00" testType="13cdc9d9-ddb5-4fa4-a97d-d965ccfc6d4b" outcome="Passed" testListId="8c84fa94-04c1-424b-9868-57a2d4851a1d" relativeResultsDirectory="b828406a-926f-47f4-9ba7-77df242db85e" />
    <UnitTestResult executionId="08b3f762-e431-49a1-97f9-64b8d6bcfe37" testId="685f973e-3db8-7bb4-f100-0e47ca648e30" testName="UserService.UnitTest.Domain.UserExtensionsTests.EstaAtivo_QuandoUsuarioInativo_DeveRetornarFalso" computerName="iMac-de-Bruno" duration="00:00:00.0115539" startTime="2025-09-25T19:08:29.1895250-03:00" endTime="2025-09-25T19:08:29.1895250-03:00" testType="13cdc9d9-ddb5-4fa4-a97d-d965ccfc6d4b" outcome="Passed" testListId="8c84fa94-04c1-424b-9868-57a2d4851a1d" relativeResultsDirectory="08b3f762-e431-49a1-97f9-64b8d6bcfe37" />
    <UnitTestResult executionId="d582fa9c-eb94-45a6-a1ea-7d1c3ec0cef7" testId="0ba21bfd-2612-6a9e-d512-e76f7cdd53a9" testName="UserService.UnitTest.Application.Commands.CreateUserCommandHandlerTests.Handle_ComDiferentesNomes_DeveCriarUsuarioCorretamente(firstName: &quot;Pedro&quot;, lastName: &quot;Oliveira&quot;, email: &quot;pedro@exemplo.com&quot;)" computerName="iMac-de-Bruno" duration="00:00:00.0340189" startTime="2025-09-25T19:08:30.2890770-03:00" endTime="2025-09-25T19:08:30.2890770-03:00" testType="13cdc9d9-ddb5-4fa4-a97d-d965ccfc6d4b" outcome="Passed" testListId="8c84fa94-04c1-424b-9868-57a2d4851a1d" relativeResultsDirectory="d582fa9c-eb94-45a6-a1ea-7d1c3ec0cef7" />
    <UnitTestResult executionId="555fffed-de90-4425-9216-b7044252af5c" testId="7941353a-f8ea-7b06-dce7-e997d2179900" testName="UserService.UnitTest.Application.Dtos.Responses.CreateUserResponseTests.CreateUserResponse_ComEmailsEspeciais_DevePermitirAtribuicao" computerName="iMac-de-Bruno" duration="00:00:00.0071071" startTime="2025-09-25T19:08:29.0601060-03:00" endTime="2025-09-25T19:08:29.0601060-03:00" testType="13cdc9d9-ddb5-4fa4-a97d-d965ccfc6d4b" outcome="Passed" testListId="8c84fa94-04c1-424b-9868-57a2d4851a1d" relativeResultsDirectory="555fffed-de90-4425-9216-b7044252af5c" />
    <UnitTestResult executionId="d88d30a7-9435-42c7-9516-3dd4ce99a78e" testId="c9240ac8-7223-b2ae-8354-f3ae56247b3c" testName="UserService.UnitTest.Application.Dtos.Responses.LoginUserResponseTests.LoginUserResponse_ComDiferentesTiposDeToken_DevePermitirAtribuicao(tokenType: &quot;jwt&quot;)" computerName="iMac-de-Bruno" duration="00:00:00.0024267" startTime="2025-09-25T19:08:29.0422420-03:00" endTime="2025-09-25T19:08:29.0422430-03:00" testType="13cdc9d9-ddb5-4fa4-a97d-d965ccfc6d4b" outcome="Passed" testListId="8c84fa94-04c1-424b-9868-57a2d4851a1d" relativeResultsDirectory="d88d30a7-9435-42c7-9516-3dd4ce99a78e" />
    <UnitTestResult executionId="2367b0e6-4cca-4138-b17c-d9f98f1e2c6f" testId="416c1b16-fe7b-bcee-e981-d48a8e82fc3c" testName="UserService.UnitTest.Application.Services.PasswordEncripterTests.EncryptPassword_ComDiferentesSenhas_DeveRetornarHashesValidos(password: &quot;SenhaComCaracteresEspeciais!@#$%^&amp;*()&quot;)" computerName="iMac-de-Bruno" duration="00:00:00.1297332" startTime="2025-09-25T19:08:32.1955820-03:00" endTime="2025-09-25T19:08:32.1955830-03:00" testType="13cdc9d9-ddb5-4fa4-a97d-d965ccfc6d4b" outcome="Passed" testListId="8c84fa94-04c1-424b-9868-57a2d4851a1d" relativeResultsDirectory="2367b0e6-4cca-4138-b17c-d9f98f1e2c6f" />
    <UnitTestResult executionId="4d8e178b-d05e-47e9-8b3d-9389d0c31bef" testId="87e23f8d-e70f-363d-9c8c-54c8a64e43d4" testName="UserService.UnitTest.Application.Commands.CreateUserCommandTests.CriarComando_ComDiferentesCombinacoes_DeveDefinirPropriedadesCorretamente(firstName: &quot;Pedro&quot;, lastName: &quot;Oliveira&quot;, email: &quot;pedro@exemplo.com&quot;, password: &quot;MinhaSenh@789&quot;, newsletterOptIn: True)" computerName="iMac-de-Bruno" duration="00:00:00.0002821" startTime="2025-09-25T19:08:28.9927580-03:00" endTime="2025-09-25T19:08:28.9927580-03:00" testType="13cdc9d9-ddb5-4fa4-a97d-d965ccfc6d4b" outcome="Passed" testListId="8c84fa94-04c1-424b-9868-57a2d4851a1d" relativeResultsDirectory="4d8e178b-d05e-47e9-8b3d-9389d0c31bef" />
    <UnitTestResult executionId="ee303ae1-4aff-4527-9437-864d47162f85" testId="43c647ac-36a5-f495-7f58-968313b51a91" testName="UserService.UnitTest.Application.Dtos.Keycloak.CreateUserKeycloakTests.CreateUserKeycloak_ComDadosValidos_DeveDefinirPropriedadesCorretamente" computerName="iMac-de-Bruno" duration="00:00:00.0209886" startTime="2025-09-25T19:08:29.0801790-03:00" endTime="2025-09-25T19:08:29.0801790-03:00" testType="13cdc9d9-ddb5-4fa4-a97d-d965ccfc6d4b" outcome="Passed" testListId="8c84fa94-04c1-424b-9868-57a2d4851a1d" relativeResultsDirectory="ee303ae1-4aff-4527-9437-864d47162f85" />
    <UnitTestResult executionId="b11f769b-a345-4a4b-a4fa-1f7b866d39b7" testId="c583d44d-cb65-5444-4a7b-6bfc282c0edb" testName="UserService.UnitTest.Application.Dtos.Keycloak.LoginUserKeycloakTests.LoginUserKeycloak_ComEmailVazioOuEspacos_DevePermitirCriacao(email: &quot;&quot;)" computerName="iMac-de-Bruno" duration="00:00:00.0022174" startTime="2025-09-25T19:08:29.1161600-03:00" endTime="2025-09-25T19:08:29.1161610-03:00" testType="13cdc9d9-ddb5-4fa4-a97d-d965ccfc6d4b" outcome="Passed" testListId="8c84fa94-04c1-424b-9868-57a2d4851a1d" relativeResultsDirectory="b11f769b-a345-4a4b-a4fa-1f7b866d39b7" />
    <UnitTestResult executionId="c9dc6ade-fd3a-49a1-9aad-8a3d8fb0b264" testId="34a07d72-0db6-b075-6ccb-662b30076737" testName="UserService.UnitTest.Application.Services.PasswordEncripterTests.EncryptPassword_ComSenhaValida_DeveRetornarHashBCrypt" computerName="iMac-de-Bruno" duration="00:00:00.1299938" startTime="2025-09-25T19:08:33.9029350-03:00" endTime="2025-09-25T19:08:33.9029350-03:00" testType="13cdc9d9-ddb5-4fa4-a97d-d965ccfc6d4b" outcome="Passed" testListId="8c84fa94-04c1-424b-9868-57a2d4851a1d" relativeResultsDirectory="c9dc6ade-fd3a-49a1-9aad-8a3d8fb0b264" />
    <UnitTestResult executionId="28a66589-ba36-4f1f-8d24-7aba3707e47a" testId="7ec66689-aa2d-ed93-e94a-32ea19a0b6cd" testName="UserService.UnitTest.Application.Dtos.Responses.LoginUserResponseTests.LoginUserResponse_ComDiferentesCombinacoesDeDados_DeveDefinirPropriedadesCorretamente(accessToken: &quot;eyJhbGciOiJIUzI1NiIsInR5cCI6IkpXVCJ9&quot;, refreshToken: &quot;refresh_token_123&quot;, tokenType: &quot;Bearer&quot;, expiresIn: 3600)" computerName="iMac-de-Bruno" duration="00:00:00.0081759" startTime="2025-09-25T19:08:29.4028910-03:00" endTime="2025-09-25T19:08:29.4028910-03:00" testType="13cdc9d9-ddb5-4fa4-a97d-d965ccfc6d4b" outcome="Passed" testListId="8c84fa94-04c1-424b-9868-57a2d4851a1d" relativeResultsDirectory="28a66589-ba36-4f1f-8d24-7aba3707e47a" />
    <UnitTestResult executionId="7ab70445-c412-438e-b171-2ccfcc580f5f" testId="6415e2ed-39aa-afa9-bb78-ac012cc586fb" testName="UserService.UnitTest.Application.Dtos.Requests.CreateUserRequestTests.CreateUserRequest_ComSenhaVaziaOuEspacos_DevePermitirAtribuicao(password: &quot;   &quot;)" computerName="iMac-de-Bruno" duration="00:00:00.0115973" startTime="2025-09-25T19:08:29.0386450-03:00" endTime="2025-09-25T19:08:29.0386450-03:00" testType="13cdc9d9-ddb5-4fa4-a97d-d965ccfc6d4b" outcome="Passed" testListId="8c84fa94-04c1-424b-9868-57a2d4851a1d" relativeResultsDirectory="7ab70445-c412-438e-b171-2ccfcc580f5f" />
    <UnitTestResult executionId="a617e118-e788-4366-8312-0c27a0ad4649" testId="ca84de6c-cf9f-5b23-afbf-1743b69cec30" testName="UserService.UnitTest.Domain.UserTests.Usuario_QuandoContaBloqueada_DeveDefinirTempoBloqueio" computerName="iMac-de-Bruno" duration="00:00:00.0142225" startTime="2025-09-25T19:08:29.3582990-03:00" endTime="2025-09-25T19:08:29.3583000-03:00" testType="13cdc9d9-ddb5-4fa4-a97d-d965ccfc6d4b" outcome="Passed" testListId="8c84fa94-04c1-424b-9868-57a2d4851a1d" relativeResultsDirectory="a617e118-e788-4366-8312-0c27a0ad4649" />
    <UnitTestResult executionId="756c6953-9176-4d04-8155-2e2aa9d11764" testId="177c4f00-d318-dd96-9df5-bf4c4ce41fca" testName="UserService.UnitTest.Application.Dtos.Responses.CreateUserResponseTests.CreateUserResponse_ComDataCreatedAtMinValue_DevePermitirAtribuicao" computerName="iMac-de-Bruno" duration="00:00:00.0027008" startTime="2025-09-25T19:08:29.0529380-03:00" endTime="2025-09-25T19:08:29.0529380-03:00" testType="13cdc9d9-ddb5-4fa4-a97d-d965ccfc6d4b" outcome="Passed" testListId="8c84fa94-04c1-424b-9868-57a2d4851a1d" relativeResultsDirectory="756c6953-9176-4d04-8155-2e2aa9d11764" />
    <UnitTestResult executionId="4925802e-269d-41a4-81dd-7d66cc7a7149" testId="eee2f393-fda3-ea94-c73b-e4971c0ece61" testName="UserService.UnitTest.Application.Dtos.Requests.LoginUserRequestTests.LoginUserRequest_ComDiferentesCombinacoesDeDados_DeveDefinirPropriedadesCorretamente(email: &quot;cliente@loja.com.br&quot;, password: &quot;senha456&quot;)" computerName="iMac-de-Bruno" duration="00:00:00.0142333" startTime="2025-09-25T19:08:29.1760900-03:00" endTime="2025-09-25T19:08:29.1760900-03:00" testType="13cdc9d9-ddb5-4fa4-a97d-d965ccfc6d4b" outcome="Passed" testListId="8c84fa94-04c1-424b-9868-57a2d4851a1d" relativeResultsDirectory="4925802e-269d-41a4-81dd-7d66cc7a7149" />
    <UnitTestResult executionId="5e077f1f-08e4-47e8-b5ad-949e0d35d2c6" testId="9299e862-b0a5-f8a1-d40d-507b3a421874" testName="UserService.UnitTest.Application.Dtos.Responses.CreateUserResponseTests.CreateUserResponse_ComModificacaoAposInicializacao_DevePermitirAlteracao" computerName="iMac-de-Bruno" duration="00:00:00.0101364" startTime="2025-09-25T19:08:29.0241940-03:00" endTime="2025-09-25T19:08:29.0241940-03:00" testType="13cdc9d9-ddb5-4fa4-a97d-d965ccfc6d4b" outcome="Passed" testListId="8c84fa94-04c1-424b-9868-57a2d4851a1d" relativeResultsDirectory="5e077f1f-08e4-47e8-b5ad-949e0d35d2c6" />
    <UnitTestResult executionId="571c9f0f-78e6-4009-be42-f4619066dcd9" testId="0890c174-8954-2f4a-3f68-95be19917f04" testName="UserService.UnitTest.Application.Dtos.Keycloak.LoginUserKeycloakTests.LoginUserKeycloak_ComDiferentesCombinacoesDeDados_DeveDefinirPropriedadesCorretamente(email: &quot;admin@company.net&quot;, password: &quot;admin123&quot;)" computerName="iMac-de-Bruno" duration="00:00:00.0101098" startTime="2025-09-25T19:08:29.1760630-03:00" endTime="2025-09-25T19:08:29.1760630-03:00" testType="13cdc9d9-ddb5-4fa4-a97d-d965ccfc6d4b" outcome="Passed" testListId="8c84fa94-04c1-424b-9868-57a2d4851a1d" relativeResultsDirectory="571c9f0f-78e6-4009-be42-f4619066dcd9" />
    <UnitTestResult executionId="451484af-137d-4028-b01a-4cf7fd03358c" testId="6c2097a4-bfd2-7cff-6d6c-a01d2699075f" testName="UserService.UnitTest.Application.Dtos.Requests.LoginUserRequestTests.LoginUserRequest_ComDadosGeradosPorFaker_DeveDefinirPropriedadesCorretamente" computerName="iMac-de-Bruno" duration="00:00:00.1640541" startTime="2025-09-25T19:08:29.0815160-03:00" endTime="2025-09-25T19:08:29.0815160-03:00" testType="13cdc9d9-ddb5-4fa4-a97d-d965ccfc6d4b" outcome="Passed" testListId="8c84fa94-04c1-424b-9868-57a2d4851a1d" relativeResultsDirectory="451484af-137d-4028-b01a-4cf7fd03358c" />
    <UnitTestResult executionId="7f32994c-7bd9-4a45-8a03-b9d8c9f723f2" testId="63366a20-6db0-419c-82ee-cfc1077912c7" testName="UserService.UnitTest.Application.Services.KeycloakServiceTests.DeleteUserAsync_ComIdInvalido_DeveLancarKeycloakException" computerName="iMac-de-Bruno" duration="00:00:00.0068883" startTime="2025-09-25T19:08:29.5105020-03:00" endTime="2025-09-25T19:08:29.5105020-03:00" testType="13cdc9d9-ddb5-4fa4-a97d-d965ccfc6d4b" outcome="Passed" testListId="8c84fa94-04c1-424b-9868-57a2d4851a1d" relativeResultsDirectory="7f32994c-7bd9-4a45-8a03-b9d8c9f723f2" />
    <UnitTestResult executionId="2b70e614-5c4e-4062-b092-a34ea03938ff" testId="634cab5d-65e2-e851-73ca-27de73ab3cf8" testName="UserService.UnitTest.Application.Dtos.Requests.LoginUserRequestTests.LoginUserRequest_ComEmailsEspeciais_DevePermitirAtribuicao" computerName="iMac-de-Bruno" duration="00:00:00.0127338" startTime="2025-09-25T19:08:29.2256500-03:00" endTime="2025-09-25T19:08:29.2256500-03:00" testType="13cdc9d9-ddb5-4fa4-a97d-d965ccfc6d4b" outcome="Passed" testListId="8c84fa94-04c1-424b-9868-57a2d4851a1d" relativeResultsDirectory="2b70e614-5c4e-4062-b092-a34ea03938ff" />
    <UnitTestResult executionId="2fde6f68-863b-40df-bd5b-e93c0e422e72" testId="6e09464b-843d-f2ce-e00c-4cd1a0bc9135" testName="UserService.UnitTest.Application.Dtos.Requests.LoginUserRequestTests.LoginUserRequest_ComEmailVazioOuEspacos_DevePermitirAtribuicao(email: &quot; &quot;)" computerName="iMac-de-Bruno" duration="00:00:00.0259496" startTime="2025-09-25T19:08:29.1162360-03:00" endTime="2025-09-25T19:08:29.1162360-03:00" testType="13cdc9d9-ddb5-4fa4-a97d-d965ccfc6d4b" outcome="Passed" testListId="8c84fa94-04c1-424b-9868-57a2d4851a1d" relativeResultsDirectory="2fde6f68-863b-40df-bd5b-e93c0e422e72" />
    <UnitTestResult executionId="ae76d90c-bcf0-4a1d-aa92-e34a0a1af19a" testId="594efe64-66ef-f3fa-a651-622da975ad06" testName="UserService.UnitTest.Application.Dtos.Responses.CreateUserResponseTests.CreateUserResponse_ComTelefoneNulo_DevePermitirAtribuicao" computerName="iMac-de-Bruno" duration="00:00:00.0102883" startTime="2025-09-25T19:08:29.1000310-03:00" endTime="2025-09-25T19:08:29.1000310-03:00" testType="13cdc9d9-ddb5-4fa4-a97d-d965ccfc6d4b" outcome="Passed" testListId="8c84fa94-04c1-424b-9868-57a2d4851a1d" relativeResultsDirectory="ae76d90c-bcf0-4a1d-aa92-e34a0a1af19a" />
    <UnitTestResult executionId="6901c042-62b4-4f21-8256-0d1221891749" testId="ad5f916d-7de8-7fad-1705-26caca99041f" testName="UserService.UnitTest.Application.Services.PasswordEncripterTests.VerifyPassword_ComDiferentesCombinacoes_DeveRetornarResultadoCorreto(originalPassword: &quot;MinhaSenh@123&quot;, testPassword: &quot;MinhaSenh@123&quot;, expectedResult: True)" computerName="iMac-de-Bruno" duration="00:00:00.2597913" startTime="2025-09-25T19:08:31.2852800-03:00" endTime="2025-09-25T19:08:31.2852800-03:00" testType="13cdc9d9-ddb5-4fa4-a97d-d965ccfc6d4b" outcome="Passed" testListId="8c84fa94-04c1-424b-9868-57a2d4851a1d" relativeResultsDirectory="6901c042-62b4-4f21-8256-0d1221891749" />
    <UnitTestResult executionId="dc17fa05-df12-4dc2-9115-a52bb4a2c26a" testId="b69a7e55-e708-888c-36a6-d240809edd1d" testName="UserService.UnitTest.Application.Dtos.Keycloak.CreateUserKeycloakTests.CreateUserKeycloak_ComDiferentesCombinacoesDeDados_DeveDefinirPropriedadesCorretamente(email: &quot;test@example.com&quot;, password: &quot;password123&quot;, firstName: &quot;João&quot;, lastName: &quot;Silva&quot;, enabled: True)" computerName="iMac-de-Bruno" duration="00:00:00.0139702" startTime="2025-09-25T19:08:29.0381400-03:00" endTime="2025-09-25T19:08:29.0381400-03:00" testType="13cdc9d9-ddb5-4fa4-a97d-d965ccfc6d4b" outcome="Passed" testListId="8c84fa94-04c1-424b-9868-57a2d4851a1d" relativeResultsDirectory="dc17fa05-df12-4dc2-9115-a52bb4a2c26a" />
    <UnitTestResult executionId="cfb35859-8464-419c-a897-13b65dc9c0f4" testId="ff68200b-b0bf-e5fc-2918-72089de7bd93" testName="UserService.UnitTest.Application.Services.PasswordEncripterTests.VerifyPassword_ComHashNulo_DeveLancarExcecao" computerName="iMac-de-Bruno" duration="00:00:00.0006942" startTime="2025-09-25T19:08:33.2521250-03:00" endTime="2025-09-25T19:08:33.2521250-03:00" testType="13cdc9d9-ddb5-4fa4-a97d-d965ccfc6d4b" outcome="Passed" testListId="8c84fa94-04c1-424b-9868-57a2d4851a1d" relativeResultsDirectory="cfb35859-8464-419c-a897-13b65dc9c0f4" />
    <UnitTestResult executionId="fa56fa97-db9f-49dc-98c7-b3d0a0df29f1" testId="a56b3ef2-0695-0a5d-706a-729e986fec53" testName="UserService.UnitTest.Application.Dtos.Responses.CreateUserResponseTests.CreateUserResponse_ComIdGuidVazio_DevePermitirAtribuicao" computerName="iMac-de-Bruno" duration="00:00:00.0030124" startTime="2025-09-25T19:08:29.3433510-03:00" endTime="2025-09-25T19:08:29.3433510-03:00" testType="13cdc9d9-ddb5-4fa4-a97d-d965ccfc6d4b" outcome="Passed" testListId="8c84fa94-04c1-424b-9868-57a2d4851a1d" relativeResultsDirectory="fa56fa97-db9f-49dc-98c7-b3d0a0df29f1" />
    <UnitTestResult executionId="3c41634f-7725-4432-a32c-310c2461be44" testId="93cf9568-02cf-a7ef-7bf3-1c1b12265775" testName="UserService.UnitTest.Application.Dtos.Requests.CreateUserRequestTests.CreateUserRequest_ComEmailVazioOuEspacos_DevePermitirAtribuicao(email: &quot;   &quot;)" computerName="iMac-de-Bruno" duration="00:00:00.0841935" startTime="2025-09-25T19:08:29.0012000-03:00" endTime="2025-09-25T19:08:29.0012000-03:00" testType="13cdc9d9-ddb5-4fa4-a97d-d965ccfc6d4b" outcome="Passed" testListId="8c84fa94-04c1-424b-9868-57a2d4851a1d" relativeResultsDirectory="3c41634f-7725-4432-a32c-310c2461be44" />
    <UnitTestResult executionId="f59bd47a-8042-4ca1-bc03-1db154394748" testId="bf68a559-d665-c831-c945-a09fc53e9224" testName="UserService.UnitTest.Application.Dtos.Responses.LoginUserResponseTests.LoginUserResponse_ComRefreshTokenNulo_DevePermitirAtribuicao" computerName="iMac-de-Bruno" duration="00:00:00.0063510" startTime="2025-09-25T19:08:29.4495360-03:00" endTime="2025-09-25T19:08:29.4495360-03:00" testType="13cdc9d9-ddb5-4fa4-a97d-d965ccfc6d4b" outcome="Passed" testListId="8c84fa94-04c1-424b-9868-57a2d4851a1d" relativeResultsDirectory="f59bd47a-8042-4ca1-bc03-1db154394748" />
    <UnitTestResult executionId="49c08ebd-4544-4313-bcc8-36b9557b7c02" testId="9040559d-3d05-8a7d-2668-cc2dfe090132" testName="UserService.UnitTest.Domain.UserTests.Usuario_QuandoOptInNewsletterNaoDefinido_DeveSerFalso" computerName="iMac-de-Bruno" duration="00:00:00.0059632" startTime="2025-09-25T19:08:29.4090330-03:00" endTime="2025-09-25T19:08:29.4090330-03:00" testType="13cdc9d9-ddb5-4fa4-a97d-d965ccfc6d4b" outcome="Passed" testListId="8c84fa94-04c1-424b-9868-57a2d4851a1d" relativeResultsDirectory="49c08ebd-4544-4313-bcc8-36b9557b7c02" />
    <UnitTestResult executionId="28bee9bc-81a1-4876-8281-da2c309e3d1a" testId="dfffac1e-78f0-5445-18b0-a7609894571f" testName="UserService.UnitTest.Application.Dtos.Keycloak.CreateUserKeycloakTests.CreateUserKeycloak_ComNomeVazioOuEspacos_DevePermitirCriacao(firstName: &quot;   &quot;)" computerName="iMac-de-Bruno" duration="00:00:00.0028332" startTime="2025-09-25T19:08:29.1542560-03:00" endTime="2025-09-25T19:08:29.1542560-03:00" testType="13cdc9d9-ddb5-4fa4-a97d-d965ccfc6d4b" outcome="Passed" testListId="8c84fa94-04c1-424b-9868-57a2d4851a1d" relativeResultsDirectory="28bee9bc-81a1-4876-8281-da2c309e3d1a" />
    <UnitTestResult executionId="a1af59b6-28cf-43a2-b6a8-afd944902ead" testId="6974fed6-7f35-242d-e3df-a93c0def144e" testName="UserService.UnitTest.Application.Dtos.Requests.CreateUserRequestTests.CreateUserRequest_ComEmailNulo_DevePermitirAtribuicao" computerName="iMac-de-Bruno" duration="00:00:00.0099699" startTime="2025-09-25T19:08:29.0999600-03:00" endTime="2025-09-25T19:08:29.0999600-03:00" testType="13cdc9d9-ddb5-4fa4-a97d-d965ccfc6d4b" outcome="Passed" testListId="8c84fa94-04c1-424b-9868-57a2d4851a1d" relativeResultsDirectory="a1af59b6-28cf-43a2-b6a8-afd944902ead" />
    <UnitTestResult executionId="52a6fdee-6264-4065-b613-109ca0d25b4e" testId="7c721a92-dfd1-4b2a-435e-f0420f1fa1bf" testName="UserService.UnitTest.Application.Dtos.Responses.LoginUserResponseTests.LoginUserResponse_ComRefreshTokenVazioOuEspacos_DevePermitirAtribuicao(refreshToken: &quot;&quot;)" computerName="iMac-de-Bruno" duration="00:00:00.0026843" startTime="2025-09-25T19:08:29.3592330-03:00" endTime="2025-09-25T19:08:29.3592330-03:00" testType="13cdc9d9-ddb5-4fa4-a97d-d965ccfc6d4b" outcome="Passed" testListId="8c84fa94-04c1-424b-9868-57a2d4851a1d" relativeResultsDirectory="52a6fdee-6264-4065-b613-109ca0d25b4e" />
    <UnitTestResult executionId="e2b356a8-08b0-4216-aba8-cf5ffd877f38" testId="d3ffaa66-2f24-2166-2b50-3115a0a23863" testName="UserService.UnitTest.Application.Dtos.Requests.CreateUserRequestTests.CreateUserRequest_ComDiferentesCombinacoesDeDados_DeveDefinirPropriedadesCorretamente(email: &quot;test@test.com&quot;, password: &quot;MyPassword456@&quot;, firstName: &quot;Maria&quot;, lastName: &quot;Santos&quot;, newsletterOptIn: False)" computerName="iMac-de-Bruno" duration="00:00:00.0022551" startTime="2025-09-25T19:08:29.0625030-03:00" endTime="2025-09-25T19:08:29.0625030-03:00" testType="13cdc9d9-ddb5-4fa4-a97d-d965ccfc6d4b" outcome="Passed" testListId="8c84fa94-04c1-424b-9868-57a2d4851a1d" relativeResultsDirectory="e2b356a8-08b0-4216-aba8-cf5ffd877f38" />
    <UnitTestResult executionId="c129ec07-b350-4d73-b5e6-46ae7ccd37c2" testId="4d5abda7-7da4-712d-602e-675946223906" testName="UserService.UnitTest.Application.Commands.LoginUserCommandTests.CriarComando_ComDiferentesCredenciais_DeveDefinirPropriedadesCorretamente(email: &quot;admin@sistema.com&quot;, password: &quot;AdminPass@2024&quot;)" computerName="iMac-de-Bruno" duration="00:00:00.0002565" startTime="2025-09-25T19:08:28.9723040-03:00" endTime="2025-09-25T19:08:28.9723040-03:00" testType="13cdc9d9-ddb5-4fa4-a97d-d965ccfc6d4b" outcome="Passed" testListId="8c84fa94-04c1-424b-9868-57a2d4851a1d" relativeResultsDirectory="c129ec07-b350-4d73-b5e6-46ae7ccd37c2" />
    <UnitTestResult executionId="4b71284f-f54f-4f8d-a071-24469bf29cd2" testId="009779f3-5c3d-dc58-740e-b1f2d7abf61c" testName="UserService.UnitTest.Application.Dtos.Requests.CreateUserRequestTests.CreateUserRequest_ComValoresPadrao_DeveInicializarPropriedadesCorretamente" computerName="iMac-de-Bruno" duration="00:00:00.1910058" startTime="2025-09-25T19:08:29.3262530-03:00" endTime="2025-09-25T19:08:29.3262530-03:00" testType="13cdc9d9-ddb5-4fa4-a97d-d965ccfc6d4b" outcome="Failed" testListId="8c84fa94-04c1-424b-9868-57a2d4851a1d" relativeResultsDirectory="4b71284f-f54f-4f8d-a071-24469bf29cd2">
      <Output>
        <ErrorInfo>
          <Message>Expected request.Email to be &lt;null&gt;, but found "".</Message>
          <StackTrace>   at FluentAssertions.Execution.XUnit2TestFramework.Throw(String message)
   at FluentAssertions.Execution.TestFrameworkProvider.Throw(String message)
   at FluentAssertions.Execution.DefaultAssertionStrategy.HandleFailure(String message)
   at FluentAssertions.Execution.AssertionScope.FailWith(Func`1 failReasonFunc)
   at FluentAssertions.Execution.AssertionScope.FailWith(Func`1 failReasonFunc)
   at FluentAssertions.Execution.AssertionScope.FailWith(String message, Object[] args)
   at FluentAssertions.Primitives.ReferenceTypeAssertions`2.BeNull(String because, Object[] becauseArgs)
   at UserService.UnitTest.Application.Dtos.Requests.CreateUserRequestTests.CreateUserRequest_ComValoresPadrao_DeveInicializarPropriedadesCorretamente() in /Users/diasbruno/Documents/programacao/codigos/dotnet/bcommerce/backend/src/Services/UserService/UserService.UnitTest/Application/Dtos/Requests/CreateUserRequestTests.cs:line 53
   at System.RuntimeMethodHandle.InvokeMethod(Object target, Void** arguments, Signature sig, Boolean isConstructor)
   at System.Reflection.MethodBaseInvoker.InvokeWithNoArgs(Object obj, BindingFlags invokeAttr)</StackTrace>
        </ErrorInfo>
      </Output>
    </UnitTestResult>
    <UnitTestResult executionId="c25b3ea9-8aad-4680-bf3d-b839cbd24da0" testId="9275a646-add3-ee8d-c809-ecb8a8e3f3fc" testName="UserService.UnitTest.Application.Commands.LoginUserCommandHandlerTests.Handle_ComCredenciaisInvalidas_DeveRetornarFalha" computerName="iMac-de-Bruno" duration="00:00:00.0050939" startTime="2025-09-25T19:08:29.4856890-03:00" endTime="2025-09-25T19:08:29.4856890-03:00" testType="13cdc9d9-ddb5-4fa4-a97d-d965ccfc6d4b" outcome="Passed" testListId="8c84fa94-04c1-424b-9868-57a2d4851a1d" relativeResultsDirectory="c25b3ea9-8aad-4680-bf3d-b839cbd24da0" />
    <UnitTestResult executionId="dfaa04d6-9dda-4270-9d5b-a51bad3f102e" testId="086109bb-4851-86ac-8048-855ebf2ac4dd" testName="UserService.UnitTest.Application.Dtos.Requests.CreateUserRequestTests.CreateUserRequest_ComDiferentesCombinacoesDeDados_DeveDefinirPropriedadesCorretamente(email: &quot;admin@company.net&quot;, password: &quot;Admin123!&quot;, firstName: &quot;Pedro&quot;, lastName: &quot;Oliveira&quot;, newsletterOptIn: True)" computerName="iMac-de-Bruno" duration="00:00:00.0070035" startTime="2025-09-25T19:08:29.0601720-03:00" endTime="2025-09-25T19:08:29.0601720-03:00" testType="13cdc9d9-ddb5-4fa4-a97d-d965ccfc6d4b" outcome="Passed" testListId="8c84fa94-04c1-424b-9868-57a2d4851a1d" relativeResultsDirectory="dfaa04d6-9dda-4270-9d5b-a51bad3f102e" />
    <UnitTestResult executionId="487fbefd-0f30-4813-b112-08f491babc9d" testId="1f3e13c8-fdf2-431b-6c82-bfa87b59881d" testName="UserService.UnitTest.Domain.UserAddressExtensionsTests.ObterEnderecoFormatado_QuandoEstadoECidadeDiferentes_DeveRetornarFormatoCorreto" computerName="iMac-de-Bruno" duration="00:00:00.0025992" startTime="2025-09-25T19:08:29.2766470-03:00" endTime="2025-09-25T19:08:29.2766470-03:00" testType="13cdc9d9-ddb5-4fa4-a97d-d965ccfc6d4b" outcome="Passed" testListId="8c84fa94-04c1-424b-9868-57a2d4851a1d" relativeResultsDirectory="487fbefd-0f30-4813-b112-08f491babc9d" />
    <UnitTestResult executionId="8f7e4fd5-36ac-4b80-9922-b53303a62358" testId="26a1e3f4-4540-430c-31e0-ad5c7e3416b4" testName="UserService.UnitTest.Application.Dtos.Responses.LoginUserResponseTests.LoginUserResponse_ComAccessTokenVazioOuEspacos_DevePermitirAtribuicao(accessToken: &quot; &quot;)" computerName="iMac-de-Bruno" duration="00:00:00.0028033" startTime="2025-09-25T19:08:29.3851070-03:00" endTime="2025-09-25T19:08:29.3851070-03:00" testType="13cdc9d9-ddb5-4fa4-a97d-d965ccfc6d4b" outcome="Passed" testListId="8c84fa94-04c1-424b-9868-57a2d4851a1d" relativeResultsDirectory="8f7e4fd5-36ac-4b80-9922-b53303a62358" />
    <UnitTestResult executionId="c3598dc3-aea4-4dc9-b18c-6d9e9553d74c" testId="2be66668-c2f3-3050-1567-934895ed4271" testName="UserService.UnitTest.Application.Dtos.Keycloak.LoginUserKeycloakTests.LoginUserKeycloak_ComSenhaVaziaOuEspacos_DevePermitirCriacao(password: &quot; &quot;)" computerName="iMac-de-Bruno" duration="00:00:00.0027322" startTime="2025-09-25T19:08:29.3591070-03:00" endTime="2025-09-25T19:08:29.3591070-03:00" testType="13cdc9d9-ddb5-4fa4-a97d-d965ccfc6d4b" outcome="Passed" testListId="8c84fa94-04c1-424b-9868-57a2d4851a1d" relativeResultsDirectory="c3598dc3-aea4-4dc9-b18c-6d9e9553d74c" />
    <UnitTestResult executionId="6fc72d13-335e-43a2-b158-e3e0a08cb7b7" testId="cdbf9444-aba6-6b34-3425-8f44fe4f52b2" testName="UserService.UnitTest.Application.Dtos.Keycloak.CreateUserKeycloakTests.CreateUserKeycloak_ComDadosGeradosPorFaker_DeveDefinirPropriedadesCorretamente" computerName="iMac-de-Bruno" duration="00:00:00.0098561" startTime="2025-09-25T19:08:29.2588570-03:00" endTime="2025-09-25T19:08:29.2588570-03:00" testType="13cdc9d9-ddb5-4fa4-a97d-d965ccfc6d4b" outcome="Passed" testListId="8c84fa94-04c1-424b-9868-57a2d4851a1d" relativeResultsDirectory="6fc72d13-335e-43a2-b158-e3e0a08cb7b7" />
    <UnitTestResult executionId="dfd32275-3439-46f1-af6c-7e499a9e3154" testId="671947d4-fe02-9f57-6838-91768cf202dc" testName="UserService.UnitTest.Domain.UserTests.Usuario_QuandoPerfilDefinido_DeveAceitarPerfisValidos(role: Admin)" computerName="iMac-de-Bruno" duration="00:00:00.0105413" startTime="2025-09-25T19:08:29.4030180-03:00" endTime="2025-09-25T19:08:29.4030180-03:00" testType="13cdc9d9-ddb5-4fa4-a97d-d965ccfc6d4b" outcome="Passed" testListId="8c84fa94-04c1-424b-9868-57a2d4851a1d" relativeResultsDirectory="dfd32275-3439-46f1-af6c-7e499a9e3154" />
    <UnitTestResult executionId="331e0d21-bf5f-4e20-9f3f-c79c0d6acbfd" testId="598f2432-3031-3292-0b86-7b41692c0aed" testName="UserService.UnitTest.Application.Dtos.Responses.LoginUserResponseTests.LoginUserResponse_ComExpiresInPositivo_DevePermitirAtribuicao(expiresIn: 60)" computerName="iMac-de-Bruno" duration="00:00:00.0134824" startTime="2025-09-25T19:08:29.3427710-03:00" endTime="2025-09-25T19:08:29.3427710-03:00" testType="13cdc9d9-ddb5-4fa4-a97d-d965ccfc6d4b" outcome="Passed" testListId="8c84fa94-04c1-424b-9868-57a2d4851a1d" relativeResultsDirectory="331e0d21-bf5f-4e20-9f3f-c79c0d6acbfd" />
    <UnitTestResult executionId="099f63d7-f994-44bc-9db0-34f1e4a7469b" testId="46e0884c-ae3b-4d83-aeb1-d47418a639bb" testName="UserService.UnitTest.Application.Dtos.Requests.LoginUserRequestTests.LoginUserRequest_ComDadosValidos_DeveDefinirPropriedadesCorretamente" computerName="iMac-de-Bruno" duration="00:00:00.0119410" startTime="2025-09-25T19:08:29.3412680-03:00" endTime="2025-09-25T19:08:29.3412680-03:00" testType="13cdc9d9-ddb5-4fa4-a97d-d965ccfc6d4b" outcome="Passed" testListId="8c84fa94-04c1-424b-9868-57a2d4851a1d" relativeResultsDirectory="099f63d7-f994-44bc-9db0-34f1e4a7469b" />
    <UnitTestResult executionId="e2bda33c-2cc4-49f5-ada7-25896aa6d614" testId="1b308ed0-4249-aeaf-a5c6-a42fc7e35ef2" testName="UserService.UnitTest.Domain.UserTests.Usuario_QuandoCriadoComDadosValidos_DeveDefinirPropriedadesCorretamente" computerName="iMac-de-Bruno" duration="00:00:00.0165176" startTime="2025-09-25T19:08:29.3441130-03:00" endTime="2025-09-25T19:08:29.3441130-03:00" testType="13cdc9d9-ddb5-4fa4-a97d-d965ccfc6d4b" outcome="Passed" testListId="8c84fa94-04c1-424b-9868-57a2d4851a1d" relativeResultsDirectory="e2bda33c-2cc4-49f5-ada7-25896aa6d614" />
    <UnitTestResult executionId="504743e0-df31-4034-8f27-7e3b7408606e" testId="e44fe725-b575-6f4a-5e8e-46f6a09a49db" testName="UserService.UnitTest.Application.Dtos.Keycloak.LoginUserKeycloakTests.LoginUserKeycloak_ComDadosValidos_DeveDefinirPropriedadesCorretamente" computerName="iMac-de-Bruno" duration="00:00:00.0069672" startTime="2025-09-25T19:08:29.3930250-03:00" endTime="2025-09-25T19:08:29.3930250-03:00" testType="13cdc9d9-ddb5-4fa4-a97d-d965ccfc6d4b" outcome="Passed" testListId="8c84fa94-04c1-424b-9868-57a2d4851a1d" relativeResultsDirectory="504743e0-df31-4034-8f27-7e3b7408606e" />
    <UnitTestResult executionId="a9af5267-516a-4bcd-a0d4-323a3c0f6c2e" testId="0a819944-3627-6320-8a60-5c8e3670cd38" testName="UserService.UnitTest.Application.Services.PasswordEncripterTests.VerifyPassword_ComSenhaIncorreta_DeveRetornarFalse" computerName="iMac-de-Bruno" duration="00:00:00.2603582" startTime="2025-09-25T19:08:32.7231090-03:00" endTime="2025-09-25T19:08:32.7231090-03:00" testType="13cdc9d9-ddb5-4fa4-a97d-d965ccfc6d4b" outcome="Passed" testListId="8c84fa94-04c1-424b-9868-57a2d4851a1d" relativeResultsDirectory="a9af5267-516a-4bcd-a0d4-323a3c0f6c2e" />
    <UnitTestResult executionId="c40a8188-d34e-446b-a124-24a731dd0559" testId="39c83dc9-bff9-8f55-ddbe-fe65559349c5" testName="UserService.UnitTest.Domain.UserTests.Usuario_QuandoStatusDefinido_DeveAceitarStatusValidos(status: Ativo)" computerName="iMac-de-Bruno" duration="00:00:00.0270171" startTime="2025-09-25T19:08:29.1584560-03:00" endTime="2025-09-25T19:08:29.1584560-03:00" testType="13cdc9d9-ddb5-4fa4-a97d-d965ccfc6d4b" outcome="Passed" testListId="8c84fa94-04c1-424b-9868-57a2d4851a1d" relativeResultsDirectory="c40a8188-d34e-446b-a124-24a731dd0559" />
    <UnitTestResult executionId="96af917f-6d5d-481a-8a8f-be5cfb5549ca" testId="f2e7343d-6d78-f1e1-176c-353e3e9faddd" testName="UserService.UnitTest.Application.Commands.LoginUserCommandHandlerTests.Handle_ComCredenciaisValidas_DeveRetornarTokenComSucesso" computerName="iMac-de-Bruno" duration="00:00:00.0187340" startTime="2025-09-25T19:08:29.4739550-03:00" endTime="2025-09-25T19:08:29.4739550-03:00" testType="13cdc9d9-ddb5-4fa4-a97d-d965ccfc6d4b" outcome="Passed" testListId="8c84fa94-04c1-424b-9868-57a2d4851a1d" relativeResultsDirectory="96af917f-6d5d-481a-8a8f-be5cfb5549ca" />
    <UnitTestResult executionId="0da0b4c9-e504-45b7-a9a5-1705915081b4" testId="bc5c4759-edfa-f30e-f4d0-0354fe026593" testName="UserService.UnitTest.Application.Services.KeycloakServiceTests.GetUserByEmailAsync_ComEmailInexistente_DeveRetornarNull" computerName="iMac-de-Bruno" duration="00:00:00.4970423" startTime="2025-09-25T19:08:29.4141480-03:00" endTime="2025-09-25T19:08:29.4141490-03:00" testType="13cdc9d9-ddb5-4fa4-a97d-d965ccfc6d4b" outcome="Passed" testListId="8c84fa94-04c1-424b-9868-57a2d4851a1d" relativeResultsDirectory="0da0b4c9-e504-45b7-a9a5-1705915081b4" />
    <UnitTestResult executionId="406c246e-6187-4938-90db-7a261e76e93e" testId="6c9747e9-bd57-8249-8a7f-864315c9ac24" testName="UserService.UnitTest.Application.Dtos.Responses.LoginUserResponseTests.LoginUserResponse_ComDiferentesTiposDeToken_DevePermitirAtribuicao(tokenType: &quot;Token&quot;)" computerName="iMac-de-Bruno" duration="00:00:00.0020914" startTime="2025-09-25T19:08:29.0388360-03:00" endTime="2025-09-25T19:08:29.0388360-03:00" testType="13cdc9d9-ddb5-4fa4-a97d-d965ccfc6d4b" outcome="Passed" testListId="8c84fa94-04c1-424b-9868-57a2d4851a1d" relativeResultsDirectory="406c246e-6187-4938-90db-7a261e76e93e" />
    <UnitTestResult executionId="27193d93-6639-4fba-9965-792f2a330d97" testId="455cce1f-5d9c-b7d3-8180-a6a1c0a52a90" testName="UserService.UnitTest.Application.Dtos.Keycloak.LoginUserKeycloakTests.LoginUserKeycloak_ComDiferentesCombinacoesDeDados_DeveDefinirPropriedadesCorretamente(email: &quot;test@example.com&quot;, password: &quot;password123&quot;)" computerName="iMac-de-Bruno" duration="00:00:00.0026350" startTime="2025-09-25T19:08:29.1592860-03:00" endTime="2025-09-25T19:08:29.1592860-03:00" testType="13cdc9d9-ddb5-4fa4-a97d-d965ccfc6d4b" outcome="Passed" testListId="8c84fa94-04c1-424b-9868-57a2d4851a1d" relativeResultsDirectory="27193d93-6639-4fba-9965-792f2a330d97" />
    <UnitTestResult executionId="de41b7fc-ed0e-4ede-a198-4a1fd562eef9" testId="292a0587-9db2-78cd-7bbb-972a0e245863" testName="UserService.UnitTest.Application.Dtos.Keycloak.CreateUserKeycloakTests.CreateUserKeycloak_ComSobrenomeVazioOuEspacos_DevePermitirCriacao(lastName: &quot; &quot;)" computerName="iMac-de-Bruno" duration="00:00:00.0028098" startTime="2025-09-25T19:08:29.1759630-03:00" endTime="2025-09-25T19:08:29.1759630-03:00" testType="13cdc9d9-ddb5-4fa4-a97d-d965ccfc6d4b" outcome="Passed" testListId="8c84fa94-04c1-424b-9868-57a2d4851a1d" relativeResultsDirectory="de41b7fc-ed0e-4ede-a198-4a1fd562eef9" />
    <UnitTestResult executionId="24698009-90a8-49bb-ae13-86f44a168aba" testId="77c0768c-514d-6c68-1812-d761e9395ff3" testName="UserService.UnitTest.Domain.UserTests.Usuario_QuandoCriadoComBuilder_DeveConterDadosValidos" computerName="iMac-de-Bruno" duration="00:00:00.0510313" startTime="2025-09-25T19:08:29.1320350-03:00" endTime="2025-09-25T19:08:29.1320360-03:00" testType="13cdc9d9-ddb5-4fa4-a97d-d965ccfc6d4b" outcome="Passed" testListId="8c84fa94-04c1-424b-9868-57a2d4851a1d" relativeResultsDirectory="24698009-90a8-49bb-ae13-86f44a168aba" />
    <UnitTestResult executionId="cd9274ea-4f0a-4710-8e97-ab09e7931335" testId="acab582f-6225-ac34-6f12-d725784a465c" testName="UserService.UnitTest.Application.Commands.LoginUserCommandHandlerTests.Handle_ComCancelationToken_DevePassarTokenParaKeycloak" computerName="iMac-de-Bruno" duration="00:00:00.0067092" startTime="2025-09-25T19:08:29.4551390-03:00" endTime="2025-09-25T19:08:29.4551400-03:00" testType="13cdc9d9-ddb5-4fa4-a97d-d965ccfc6d4b" outcome="Passed" testListId="8c84fa94-04c1-424b-9868-57a2d4851a1d" relativeResultsDirectory="cd9274ea-4f0a-4710-8e97-ab09e7931335" />
    <UnitTestResult executionId="1456b7e0-27df-45ce-930c-3d9605e85a71" testId="9c766e7e-ae27-4f8f-2f21-9970a9ba61fb" testName="UserService.UnitTest.Application.Dtos.Requests.LoginUserRequestTests.LoginUserRequest_ComValoresPadrao_DeveInicializarPropriedadesCorretamente" computerName="iMac-de-Bruno" duration="00:00:00.0422404" startTime="2025-09-25T19:08:29.3238560-03:00" endTime="2025-09-25T19:08:29.3238560-03:00" testType="13cdc9d9-ddb5-4fa4-a97d-d965ccfc6d4b" outcome="Failed" testListId="8c84fa94-04c1-424b-9868-57a2d4851a1d" relativeResultsDirectory="1456b7e0-27df-45ce-930c-3d9605e85a71">
      <Output>
        <ErrorInfo>
          <Message>Expected request.Email to be &lt;null&gt;, but found "".</Message>
          <StackTrace>   at FluentAssertions.Execution.XUnit2TestFramework.Throw(String message)
   at FluentAssertions.Execution.TestFrameworkProvider.Throw(String message)
   at FluentAssertions.Execution.DefaultAssertionStrategy.HandleFailure(String message)
   at FluentAssertions.Execution.AssertionScope.FailWith(Func`1 failReasonFunc)
   at FluentAssertions.Execution.AssertionScope.FailWith(Func`1 failReasonFunc)
   at FluentAssertions.Execution.AssertionScope.FailWith(String message, Object[] args)
   at FluentAssertions.Primitives.ReferenceTypeAssertions`2.BeNull(String because, Object[] becauseArgs)
   at UserService.UnitTest.Application.Dtos.Requests.LoginUserRequestTests.LoginUserRequest_ComValoresPadrao_DeveInicializarPropriedadesCorretamente() in /Users/diasbruno/Documents/programacao/codigos/dotnet/bcommerce/backend/src/Services/UserService/UserService.UnitTest/Application/Dtos/Requests/LoginUserRequestTests.cs:line 43
   at System.RuntimeMethodHandle.InvokeMethod(Object target, Void** arguments, Signature sig, Boolean isConstructor)
   at System.Reflection.MethodBaseInvoker.InvokeWithNoArgs(Object obj, BindingFlags invokeAttr)</StackTrace>
        </ErrorInfo>
      </Output>
    </UnitTestResult>
    <UnitTestResult executionId="9908d0d9-e4bd-4965-bbe5-b322cbc04099" testId="cb09e10a-cb2e-1b8e-3daa-72534fbd5126" testName="UserService.UnitTest.Application.Dtos.Requests.CreateUserRequestTests.CreateUserRequest_ComEmailsEspeciais_DevePermitirAtribuicao" computerName="iMac-de-Bruno" duration="00:00:00.0026763" startTime="2025-09-25T19:08:29.0652780-03:00" endTime="2025-09-25T19:08:29.0652780-03:00" testType="13cdc9d9-ddb5-4fa4-a97d-d965ccfc6d4b" outcome="Passed" testListId="8c84fa94-04c1-424b-9868-57a2d4851a1d" relativeResultsDirectory="9908d0d9-e4bd-4965-bbe5-b322cbc04099" />
    <UnitTestResult executionId="3769dde6-0dec-464e-be55-1d10bfc4f7cc" testId="48bd79a2-cd27-17a1-11f4-ccc204ac86fe" testName="UserService.UnitTest.Domain.UserExtensionsTests.ObterNomeCompleto_QuandoAmbosNomesPreenchidos_DeveRetornarNomesConcatenados" computerName="iMac-de-Bruno" duration="00:00:00.0117868" startTime="2025-09-25T19:08:29.2404660-03:00" endTime="2025-09-25T19:08:29.2404660-03:00" testType="13cdc9d9-ddb5-4fa4-a97d-d965ccfc6d4b" outcome="Passed" testListId="8c84fa94-04c1-424b-9868-57a2d4851a1d" relativeResultsDirectory="3769dde6-0dec-464e-be55-1d10bfc4f7cc" />
    <UnitTestResult executionId="d5adb8c3-ee18-48ff-9798-52a10d1802e3" testId="4962ca82-da01-aab2-46bc-a4e89d3afecc" testName="UserService.UnitTest.Application.Services.PasswordEncripterTests.VerifyPassword_ComSenhaCorreta_DeveRetornarTrue" computerName="iMac-de-Bruno" duration="00:00:00.2594728" startTime="2025-09-25T19:08:31.8048550-03:00" endTime="2025-09-25T19:08:31.8048550-03:00" testType="13cdc9d9-ddb5-4fa4-a97d-d965ccfc6d4b" outcome="Passed" testListId="8c84fa94-04c1-424b-9868-57a2d4851a1d" relativeResultsDirectory="d5adb8c3-ee18-48ff-9798-52a10d1802e3" />
    <UnitTestResult executionId="bd7395d3-1e98-4070-9de1-827659a5fb08" testId="5d0b24fd-7155-7d7a-5557-3161f872b660" testName="UserService.UnitTest.Application.Commands.CreateUserCommandHandlerTests.Handle_QuandoBancoDadosFalha_DeveExcluirUsuarioDoKeycloakERetornarErro" computerName="iMac-de-Bruno" duration="00:00:00.0073392" startTime="2025-09-25T19:08:30.3161350-03:00" endTime="2025-09-25T19:08:30.3161360-03:00" testType="13cdc9d9-ddb5-4fa4-a97d-d965ccfc6d4b" outcome="Passed" testListId="8c84fa94-04c1-424b-9868-57a2d4851a1d" relativeResultsDirectory="bd7395d3-1e98-4070-9de1-827659a5fb08" />
    <UnitTestResult executionId="410e977c-8bcc-4138-b2db-54a284a6b786" testId="3d3a96f3-4a53-d31b-8129-bc34dd0b7ecd" testName="UserService.UnitTest.Domain.UserTests.Usuario_QuandoHashSenhaDefinido_DeveArmazenarCorretamente" computerName="iMac-de-Bruno" duration="00:00:00.0085435" startTime="2025-09-25T19:08:29.2926020-03:00" endTime="2025-09-25T19:08:29.2926030-03:00" testType="13cdc9d9-ddb5-4fa4-a97d-d965ccfc6d4b" outcome="Passed" testListId="8c84fa94-04c1-424b-9868-57a2d4851a1d" relativeResultsDirectory="410e977c-8bcc-4138-b2db-54a284a6b786" />
    <UnitTestResult executionId="d4bda1cb-14a1-4143-b01e-fdd93e6a3172" testId="afad3490-a86c-bf7f-cb49-696755a40d21" testName="UserService.UnitTest.Application.Commands.LoginUserCommandHandlerTests.Handle_ComDiferentesCredenciais_DeveProcessarCorretamente(email: &quot;admin@sistema.com&quot;, password: &quot;AdminPass@2024&quot;)" computerName="iMac-de-Bruno" duration="00:00:00.0088654" startTime="2025-09-25T19:08:29.4272390-03:00" endTime="2025-09-25T19:08:29.4272390-03:00" testType="13cdc9d9-ddb5-4fa4-a97d-d965ccfc6d4b" outcome="Passed" testListId="8c84fa94-04c1-424b-9868-57a2d4851a1d" relativeResultsDirectory="d4bda1cb-14a1-4143-b01e-fdd93e6a3172" />
    <UnitTestResult executionId="4ecae461-b486-4b11-83f3-df576fbecc70" testId="388b6e0c-13dd-b7a5-2fc2-3731d54c42f3" testName="UserService.UnitTest.Application.Dtos.Keycloak.CreateUserKeycloakTests.CreateUserKeycloak_ComSobrenomeVazioOuEspacos_DevePermitirCriacao(lastName: &quot;   &quot;)" computerName="iMac-de-Bruno" duration="00:00:00.0190207" startTime="2025-09-25T19:08:29.1578060-03:00" endTime="2025-09-25T19:08:29.1578060-03:00" testType="13cdc9d9-ddb5-4fa4-a97d-d965ccfc6d4b" outcome="Passed" testListId="8c84fa94-04c1-424b-9868-57a2d4851a1d" relativeResultsDirectory="4ecae461-b486-4b11-83f3-df576fbecc70" />
    <UnitTestResult executionId="c530612f-0c8d-4540-b226-a8b506ec0a31" testId="f1dfa061-45cf-ad83-4ed2-9af27658c2d2" testName="UserService.UnitTest.Application.Services.PasswordEncripterTests.VerifyPassword_ComSenhaNula_DeveLancarExcecao" computerName="iMac-de-Bruno" duration="00:00:00.1303910" startTime="2025-09-25T19:08:34.0334540-03:00" endTime="2025-09-25T19:08:34.0334540-03:00" testType="13cdc9d9-ddb5-4fa4-a97d-d965ccfc6d4b" outcome="Passed" testListId="8c84fa94-04c1-424b-9868-57a2d4851a1d" relativeResultsDirectory="c530612f-0c8d-4540-b226-a8b506ec0a31" />
    <UnitTestResult executionId="a80e84fa-27ae-4263-815e-9bb01aa04f93" testId="5b99c489-2c2b-0bf8-861d-b6b55d7c0637" testName="UserService.UnitTest.Application.Services.KeycloakServiceTests.DeleteUserAsync_ComIdValido_DeveExcluirUsuario" computerName="iMac-de-Bruno" duration="00:00:00.0099994" startTime="2025-09-25T19:08:29.4525640-03:00" endTime="2025-09-25T19:08:29.4525650-03:00" testType="13cdc9d9-ddb5-4fa4-a97d-d965ccfc6d4b" outcome="Passed" testListId="8c84fa94-04c1-424b-9868-57a2d4851a1d" relativeResultsDirectory="a80e84fa-27ae-4263-815e-9bb01aa04f93" />
    <UnitTestResult executionId="4d3cd0ba-214c-4b82-a7c5-d9aef652ead0" testId="d4de45df-2ee9-3818-54dc-270dc3bfcc8e" testName="UserService.UnitTest.Application.Dtos.Keycloak.LoginUserKeycloakTests.LoginUserKeycloak_ComSenhasEspeciais_DevePermitirCriacao" computerName="iMac-de-Bruno" duration="00:00:00.0836103" startTime="2025-09-25T19:08:29.0009500-03:00" endTime="2025-09-25T19:08:29.0009500-03:00" testType="13cdc9d9-ddb5-4fa4-a97d-d965ccfc6d4b" outcome="Passed" testListId="8c84fa94-04c1-424b-9868-57a2d4851a1d" relativeResultsDirectory="4d3cd0ba-214c-4b82-a7c5-d9aef652ead0" />
    <UnitTestResult executionId="e3ae6c15-e789-442f-8826-cb098d857306" testId="8605a51f-5b53-b458-2eee-61ca30b6c49e" testName="UserService.UnitTest.Application.Dtos.Requests.CreateUserRequestTests.CreateUserRequest_ComSenhaVaziaOuEspacos_DevePermitirAtribuicao(password: &quot; &quot;)" computerName="iMac-de-Bruno" duration="00:00:00.0024987" startTime="2025-09-25T19:08:29.0421530-03:00" endTime="2025-09-25T19:08:29.0421530-03:00" testType="13cdc9d9-ddb5-4fa4-a97d-d965ccfc6d4b" outcome="Passed" testListId="8c84fa94-04c1-424b-9868-57a2d4851a1d" relativeResultsDirectory="e3ae6c15-e789-442f-8826-cb098d857306" />
    <UnitTestResult executionId="282beb37-6819-4d17-8752-b51d337117ba" testId="7943d811-31a2-060e-ca85-3b49082e0953" testName="UserService.UnitTest.Application.Dtos.Keycloak.CreateUserKeycloakTests.CreateUserKeycloak_ComEmailsEspeciais_DevePermitirCriacao" computerName="iMac-de-Bruno" duration="00:00:00.0025052" startTime="2025-09-25T19:08:29.2614480-03:00" endTime="2025-09-25T19:08:29.2614480-03:00" testType="13cdc9d9-ddb5-4fa4-a97d-d965ccfc6d4b" outcome="Passed" testListId="8c84fa94-04c1-424b-9868-57a2d4851a1d" relativeResultsDirectory="282beb37-6819-4d17-8752-b51d337117ba" />
    <UnitTestResult executionId="e4cecddc-58d0-4530-b1a1-ed28ee3f9cde" testId="7387758e-7526-9d26-2c7f-e947817f37cd" testName="UserService.UnitTest.Application.Commands.LoginUserCommandTests.CriarComando_ComValoresPadrao_DeveInicializarPropriedadesVazias" computerName="iMac-de-Bruno" duration="00:00:00.0002740" startTime="2025-09-25T19:08:28.9724280-03:00" endTime="2025-09-25T19:08:28.9724280-03:00" testType="13cdc9d9-ddb5-4fa4-a97d-d965ccfc6d4b" outcome="Passed" testListId="8c84fa94-04c1-424b-9868-57a2d4851a1d" relativeResultsDirectory="e4cecddc-58d0-4530-b1a1-ed28ee3f9cde" />
    <UnitTestResult executionId="2bdcc60b-fbf2-4f34-aa12-6abc87b9267d" testId="8e4d3555-f949-af94-befc-35b2d860fb59" testName="UserService.UnitTest.Application.Commands.LoginUserCommandHandlerTests.Handle_ComDiferentesCredenciais_DeveProcessarCorretamente(email: &quot;usuario1@email.com&quot;, password: &quot;Senha123@&quot;)" computerName="iMac-de-Bruno" duration="00:00:00.0092412" startTime="2025-09-25T19:08:29.4182510-03:00" endTime="2025-09-25T19:08:29.4182510-03:00" testType="13cdc9d9-ddb5-4fa4-a97d-d965ccfc6d4b" outcome="Passed" testListId="8c84fa94-04c1-424b-9868-57a2d4851a1d" relativeResultsDirectory="2bdcc60b-fbf2-4f34-aa12-6abc87b9267d" />
    <UnitTestResult executionId="790cb92e-0254-42a4-9d0e-d5b8ca16214c" testId="c50df869-b3c4-1b8a-0bad-e772087c3927" testName="UserService.UnitTest.Application.Dtos.Keycloak.LoginUserKeycloakTests.LoginUserKeycloak_ComTodosValoresNulos_DevePermitirCriacao" computerName="iMac-de-Bruno" duration="00:00:00.0024965" startTime="2025-09-25T19:08:29.3856640-03:00" endTime="2025-09-25T19:08:29.3856640-03:00" testType="13cdc9d9-ddb5-4fa4-a97d-d965ccfc6d4b" outcome="Passed" testListId="8c84fa94-04c1-424b-9868-57a2d4851a1d" relativeResultsDirectory="790cb92e-0254-42a4-9d0e-d5b8ca16214c" />
    <UnitTestResult executionId="7d41f6ae-92f8-4adc-b372-91fe96b2272c" testId="6ac0c70b-d31f-4e55-f241-059d9fc6af8d" testName="UserService.UnitTest.Application.Dtos.Responses.CreateUserResponseTests.CreateUserResponse_ComDiferentesCombinacoesDeDados_DeveDefinirPropriedadesCorretamente(email: &quot;user@domain.org&quot;, firstName: &quot;Maria&quot;, lastName: &quot;Santos&quot;, phoneNumber: &quot;21888888888&quot;)" computerName="iMac-de-Bruno" duration="00:00:00.0024502" startTime="2025-09-25T19:08:29.0501310-03:00" endTime="2025-09-25T19:08:29.0501310-03:00" testType="13cdc9d9-ddb5-4fa4-a97d-d965ccfc6d4b" outcome="Passed" testListId="8c84fa94-04c1-424b-9868-57a2d4851a1d" relativeResultsDirectory="7d41f6ae-92f8-4adc-b372-91fe96b2272c" />
    <UnitTestResult executionId="6940c743-bfd3-433f-af58-88298efda9c1" testId="52dc71a2-de98-fb95-adf4-bf37edbf17ea" testName="UserService.UnitTest.Application.Commands.CreateUserCommandHandlerTests.Handle_ComDiferentesNomes_DeveCriarUsuarioCorretamente(firstName: &quot;João&quot;, lastName: &quot;Silva&quot;, email: &quot;joao@email.com&quot;)" computerName="iMac-de-Bruno" duration="00:00:01.2577963" startTime="2025-09-25T19:08:30.2414800-03:00" endTime="2025-09-25T19:08:30.2414800-03:00" testType="13cdc9d9-ddb5-4fa4-a97d-d965ccfc6d4b" outcome="Passed" testListId="8c84fa94-04c1-424b-9868-57a2d4851a1d" relativeResultsDirectory="6940c743-bfd3-433f-af58-88298efda9c1" />
    <UnitTestResult executionId="5b665392-e5ad-4371-8ff0-c79419398a83" testId="68cdc102-0b78-aded-7650-e7456cd3fc45" testName="UserService.UnitTest.Application.Commands.LoginUserCommandTests.CriarComando_ComEmailVazio_DevePermitirAtribuicao" computerName="iMac-de-Bruno" duration="00:00:00.0117039" startTime="2025-09-25T19:08:28.9923790-03:00" endTime="2025-09-25T19:08:28.9923790-03:00" testType="13cdc9d9-ddb5-4fa4-a97d-d965ccfc6d4b" outcome="Passed" testListId="8c84fa94-04c1-424b-9868-57a2d4851a1d" relativeResultsDirectory="5b665392-e5ad-4371-8ff0-c79419398a83" />
    <UnitTestResult executionId="1c45246b-4bc9-4f33-91f5-60dd11188ae6" testId="c8b241df-b57a-7afc-ce65-bc6f4fe57d65" testName="UserService.UnitTest.Application.Dtos.Keycloak.LoginUserKeycloakTests.LoginUserKeycloak_ComCaracteresDeControle_DevePermitirCriacao(email: &quot;\t&quot;, password: &quot;\t&quot;)" computerName="iMac-de-Bruno" duration="00:00:00.0155962" startTime="2025-09-25T19:08:29.3427290-03:00" endTime="2025-09-25T19:08:29.3427290-03:00" testType="13cdc9d9-ddb5-4fa4-a97d-d965ccfc6d4b" outcome="Passed" testListId="8c84fa94-04c1-424b-9868-57a2d4851a1d" relativeResultsDirectory="1c45246b-4bc9-4f33-91f5-60dd11188ae6" />
    <UnitTestResult executionId="bc51fa78-14ab-45e0-887d-7dab1c05c88c" testId="414134f3-58d7-42a3-8133-e2dd29b54451" testName="UserService.UnitTest.Domain.UserExtensionsTests.ContaEstaBloqueada_QuandoContaNaoBloqueada_DeveRetornarFalso" computerName="iMac-de-Bruno" duration="00:00:00.1613596" startTime="2025-09-25T19:08:29.0783880-03:00" endTime="2025-09-25T19:08:29.0783880-03:00" testType="13cdc9d9-ddb5-4fa4-a97d-d965ccfc6d4b" outcome="Passed" testListId="8c84fa94-04c1-424b-9868-57a2d4851a1d" relativeResultsDirectory="bc51fa78-14ab-45e0-887d-7dab1c05c88c" />
    <UnitTestResult executionId="b182d38e-4a1f-4b22-b465-09d6860d5aa2" testId="ddd1ea0e-e393-c749-0ee2-dc050219f555" testName="UserService.UnitTest.Domain.UserTests.Usuario_QuandoCpfDefinido_DeveAceitarFormatoValido" computerName="iMac-de-Bruno" duration="00:00:00.0128853" startTime="2025-09-25T19:08:29.2512190-03:00" endTime="2025-09-25T19:08:29.2512190-03:00" testType="13cdc9d9-ddb5-4fa4-a97d-d965ccfc6d4b" outcome="Passed" testListId="8c84fa94-04c1-424b-9868-57a2d4851a1d" relativeResultsDirectory="b182d38e-4a1f-4b22-b465-09d6860d5aa2" />
    <UnitTestResult executionId="6cfcf2fc-70fa-43bf-9358-c790cad2149c" testId="a3e5643c-9355-5ef0-9fdd-663141e30ddc" testName="UserService.UnitTest.Application.Dtos.Requests.CreateUserRequestTests.CreateUserRequest_ComEmailVazioOuEspacos_DevePermitirAtribuicao(email: &quot; &quot;)" computerName="iMac-de-Bruno" duration="00:00:00.0100906" startTime="2025-09-25T19:08:29.0114540-03:00" endTime="2025-09-25T19:08:29.0114540-03:00" testType="13cdc9d9-ddb5-4fa4-a97d-d965ccfc6d4b" outcome="Passed" testListId="8c84fa94-04c1-424b-9868-57a2d4851a1d" relativeResultsDirectory="6cfcf2fc-70fa-43bf-9358-c790cad2149c" />
    <UnitTestResult executionId="95ef7834-7233-4723-8bc3-39d6982739c8" testId="bc52523d-1094-382a-cf53-85f7b7340e87" testName="UserService.UnitTest.Application.Dtos.Keycloak.LoginUserKeycloakTests.LoginUserKeycloak_ComSenhasDeComprimentosVariados_DevePermitirCriacao" computerName="iMac-de-Bruno" duration="00:00:00.0065604" startTime="2025-09-25T19:08:29.4157440-03:00" endTime="2025-09-25T19:08:29.4157450-03:00" testType="13cdc9d9-ddb5-4fa4-a97d-d965ccfc6d4b" outcome="Passed" testListId="8c84fa94-04c1-424b-9868-57a2d4851a1d" relativeResultsDirectory="95ef7834-7233-4723-8bc3-39d6982739c8" />
    <UnitTestResult executionId="0818e90a-d52e-4988-ba78-d2a6282d24e7" testId="bb0d1e24-a3f4-bb68-7cb3-7cb15a9260e0" testName="UserService.UnitTest.Application.Dtos.Responses.LoginUserResponseTests.LoginUserResponse_ComExpiresInNegativoOuZero_DevePermitirAtribuicao(expiresIn: -1)" computerName="iMac-de-Bruno" duration="00:00:00.0066277" startTime="2025-09-25T19:08:29.4287290-03:00" endTime="2025-09-25T19:08:29.4287290-03:00" testType="13cdc9d9-ddb5-4fa4-a97d-d965ccfc6d4b" outcome="Passed" testListId="8c84fa94-04c1-424b-9868-57a2d4851a1d" relativeResultsDirectory="0818e90a-d52e-4988-ba78-d2a6282d24e7" />
    <UnitTestResult executionId="ca9bddc0-ee23-43d0-8406-c3b9a127ab94" testId="6ec4b983-e011-ac76-c70f-ccb20e8cd36d" testName="UserService.UnitTest.Domain.UserAddressExtensionsTests.ObterEnderecoFormatado_QuandoTodosCamposPreenchidos_DeveRetornarEnderecoCompletoFormatado" computerName="iMac-de-Bruno" duration="00:00:00.0070328" startTime="2025-09-25T19:08:29.2739590-03:00" endTime="2025-09-25T19:08:29.2739590-03:00" testType="13cdc9d9-ddb5-4fa4-a97d-d965ccfc6d4b" outcome="Passed" testListId="8c84fa94-04c1-424b-9868-57a2d4851a1d" relativeResultsDirectory="ca9bddc0-ee23-43d0-8406-c3b9a127ab94" />
    <UnitTestResult executionId="1e5a4a3e-aed4-415f-b9c2-2b1e6e4fd729" testId="cf5a24a9-4080-92c2-4e30-103efe359ce9" testName="UserService.UnitTest.Application.Dtos.Keycloak.LoginUserKeycloakTests.LoginUserKeycloak_ComDadosGeradosPorFaker_DeveDefinirPropriedadesCorretamente" computerName="iMac-de-Bruno" duration="00:00:00.0801015" startTime="2025-09-25T19:08:29.0809920-03:00" endTime="2025-09-25T19:08:29.0809930-03:00" testType="13cdc9d9-ddb5-4fa4-a97d-d965ccfc6d4b" outcome="Passed" testListId="8c84fa94-04c1-424b-9868-57a2d4851a1d" relativeResultsDirectory="1e5a4a3e-aed4-415f-b9c2-2b1e6e4fd729" />
    <UnitTestResult executionId="7cb54277-9e7b-4e5c-9d48-eb13187a3174" testId="5419300a-98b1-ab73-bf98-3b97b18b7197" testName="UserService.UnitTest.Application.Dtos.Requests.CreateUserRequestTests.CreateUserRequest_ComDiferentesValoresNewsletterOptIn_DeveDefinirCorretamente(newsletterOptIn: True)" computerName="iMac-de-Bruno" duration="00:00:00.0021815" startTime="2025-09-25T19:08:29.0778330-03:00" endTime="2025-09-25T19:08:29.0778330-03:00" testType="13cdc9d9-ddb5-4fa4-a97d-d965ccfc6d4b" outcome="Passed" testListId="8c84fa94-04c1-424b-9868-57a2d4851a1d" relativeResultsDirectory="7cb54277-9e7b-4e5c-9d48-eb13187a3174" />
    <UnitTestResult executionId="689f28c7-203a-4e68-974c-d0b0fd6c6500" testId="f8b9c1f4-0db3-006d-0ef5-a6aa990d269d" testName="UserService.UnitTest.Application.Commands.LoginUserCommandTests.CriarComando_ComDiferentesCredenciais_DeveDefinirPropriedadesCorretamente(email: &quot;maria@teste.com&quot;, password: &quot;OutraSenh@456&quot;)" computerName="iMac-de-Bruno" duration="00:00:00.0000112" startTime="2025-09-25T19:08:28.9723630-03:00" endTime="2025-09-25T19:08:28.9723630-03:00" testType="13cdc9d9-ddb5-4fa4-a97d-d965ccfc6d4b" outcome="Passed" testListId="8c84fa94-04c1-424b-9868-57a2d4851a1d" relativeResultsDirectory="689f28c7-203a-4e68-974c-d0b0fd6c6500" />
    <UnitTestResult executionId="82bd078f-2c16-451b-827d-ba75b2cac285" testId="9750dd9c-2b78-49b3-896d-e9ac5a9af7be" testName="UserService.UnitTest.Application.Dtos.Responses.LoginUserResponseTests.LoginUserResponse_ComExpiresInNegativoOuZero_DevePermitirAtribuicao(expiresIn: -3600)" computerName="iMac-de-Bruno" duration="00:00:00.0024835" startTime="2025-09-25T19:08:29.4312790-03:00" endTime="2025-09-25T19:08:29.4312790-03:00" testType="13cdc9d9-ddb5-4fa4-a97d-d965ccfc6d4b" outcome="Passed" testListId="8c84fa94-04c1-424b-9868-57a2d4851a1d" relativeResultsDirectory="82bd078f-2c16-451b-827d-ba75b2cac285" />
    <UnitTestResult executionId="64e0a995-d5af-4a45-8193-3b39c29654da" testId="b2a3e007-cd49-208a-a870-adc8ac444bd3" testName="UserService.UnitTest.Application.Dtos.Keycloak.CreateUserKeycloakTests.CreateUserKeycloak_ComNomeVazioOuEspacos_DevePermitirCriacao(firstName: &quot; &quot;)" computerName="iMac-de-Bruno" duration="00:00:00.0034337" startTime="2025-09-25T19:08:29.1351560-03:00" endTime="2025-09-25T19:08:29.1351570-03:00" testType="13cdc9d9-ddb5-4fa4-a97d-d965ccfc6d4b" outcome="Passed" testListId="8c84fa94-04c1-424b-9868-57a2d4851a1d" relativeResultsDirectory="64e0a995-d5af-4a45-8193-3b39c29654da" />
    <UnitTestResult executionId="d6462455-803d-4b37-8131-483bd538b0af" testId="60e7a40c-2559-e1f7-74cf-3fabd83a399a" testName="UserService.UnitTest.Application.Dtos.Keycloak.CreateUserKeycloakTests.CreateUserKeycloak_ComCaracteresUnicode_DevePermitirCriacao" computerName="iMac-de-Bruno" duration="00:00:00.0079044" startTime="2025-09-25T19:08:29.0488440-03:00" endTime="2025-09-25T19:08:29.0488440-03:00" testType="13cdc9d9-ddb5-4fa4-a97d-d965ccfc6d4b" outcome="Passed" testListId="8c84fa94-04c1-424b-9868-57a2d4851a1d" relativeResultsDirectory="d6462455-803d-4b37-8131-483bd538b0af" />
    <UnitTestResult executionId="9028cb0e-df13-4c32-abf2-00b8388c01af" testId="62979e70-b562-7bcf-8302-f965de4271f9" testName="UserService.UnitTest.Application.Services.KeycloakServiceTests.LoginAsync_ComCredenciaisInvalidas_DeveLancarKeycloakException" computerName="iMac-de-Bruno" duration="00:00:00.0058426" startTime="2025-09-25T19:08:29.5034970-03:00" endTime="2025-09-25T19:08:29.5034970-03:00" testType="13cdc9d9-ddb5-4fa4-a97d-d965ccfc6d4b" outcome="Passed" testListId="8c84fa94-04c1-424b-9868-57a2d4851a1d" relativeResultsDirectory="9028cb0e-df13-4c32-abf2-00b8388c01af" />
    <UnitTestResult executionId="0164fff9-fa5c-408c-9d5e-e28632ae7365" testId="15b00dc6-8761-7dfd-3524-dfc1c17e1a0e" testName="UserService.UnitTest.Application.Dtos.Keycloak.LoginUserKeycloakTests.LoginUserKeycloak_ComCaracteresDeControle_DevePermitirCriacao(email: &quot;\n&quot;, password: &quot;\n&quot;)" computerName="iMac-de-Bruno" duration="00:00:00.0028149" startTime="2025-09-25T19:08:29.3421580-03:00" endTime="2025-09-25T19:08:29.3421580-03:00" testType="13cdc9d9-ddb5-4fa4-a97d-d965ccfc6d4b" outcome="Passed" testListId="8c84fa94-04c1-424b-9868-57a2d4851a1d" relativeResultsDirectory="0164fff9-fa5c-408c-9d5e-e28632ae7365" />
    <UnitTestResult executionId="eb21eaf1-9a5e-45a7-8bbd-cf8e78e5b63f" testId="7ede7779-72d1-6379-5aa2-3b4e10425f37" testName="UserService.UnitTest.Application.Dtos.Keycloak.CreateUserKeycloakTests.CreateUserKeycloak_ComSobrenomeVazioOuEspacos_DevePermitirCriacao(lastName: &quot;&quot;)" computerName="iMac-de-Bruno" duration="00:00:00.0091567" startTime="2025-09-25T19:08:29.1665920-03:00" endTime="2025-09-25T19:08:29.1665920-03:00" testType="13cdc9d9-ddb5-4fa4-a97d-d965ccfc6d4b" outcome="Passed" testListId="8c84fa94-04c1-424b-9868-57a2d4851a1d" relativeResultsDirectory="eb21eaf1-9a5e-45a7-8bbd-cf8e78e5b63f" />
    <UnitTestResult executionId="93e1992d-0275-4e3c-9d9e-cdb378c834b3" testId="85e97acb-11de-08df-905a-21d5d5888d29" testName="UserService.UnitTest.Application.Dtos.Requests.LoginUserRequestTests.LoginUserRequest_ComAmbosValoresVazios_DevePermitirAtribuicao" computerName="iMac-de-Bruno" duration="00:00:00.0028678" startTime="2025-09-25T19:08:29.3421120-03:00" endTime="2025-09-25T19:08:29.3421120-03:00" testType="13cdc9d9-ddb5-4fa4-a97d-d965ccfc6d4b" outcome="Passed" testListId="8c84fa94-04c1-424b-9868-57a2d4851a1d" relativeResultsDirectory="93e1992d-0275-4e3c-9d9e-cdb378c834b3" />
    <UnitTestResult executionId="cf5628eb-974d-4611-8fbc-eeb34097f9be" testId="3853b90a-2672-1f1c-cb47-9a8657691f74" testName="UserService.UnitTest.Application.Services.PasswordEncripterTests.VerifyPassword_ComHashVazio_DeveRetornarFalse" computerName="iMac-de-Bruno" duration="00:00:00.0001812" startTime="2025-09-25T19:08:32.4626730-03:00" endTime="2025-09-25T19:08:32.4626740-03:00" testType="13cdc9d9-ddb5-4fa4-a97d-d965ccfc6d4b" outcome="Passed" testListId="8c84fa94-04c1-424b-9868-57a2d4851a1d" relativeResultsDirectory="cf5628eb-974d-4611-8fbc-eeb34097f9be" />
    <UnitTestResult executionId="83c2b10f-99a9-49d5-bf21-c660006b1370" testId="88a92719-9263-71f9-7f23-706865eca76f" testName="UserService.UnitTest.Application.Dtos.Responses.LoginUserResponseTests.LoginUserResponse_ComAccessTokenVazioOuEspacos_DevePermitirAtribuicao(accessToken: &quot;   &quot;)" computerName="iMac-de-Bruno" duration="00:00:00.0069067" startTime="2025-09-25T19:08:29.3920960-03:00" endTime="2025-09-25T19:08:29.3920960-03:00" testType="13cdc9d9-ddb5-4fa4-a97d-d965ccfc6d4b" outcome="Passed" testListId="8c84fa94-04c1-424b-9868-57a2d4851a1d" relativeResultsDirectory="83c2b10f-99a9-49d5-bf21-c660006b1370" />
    <UnitTestResult executionId="eb621a53-ceb4-4558-b411-9d8ab2732b79" testId="69cb5bae-b64d-0b6e-2d07-1d52f3e6a652" testName="UserService.UnitTest.Application.Commands.CreateUserCommandTests.CriarComando_ComDiferentesCombinacoes_DeveDefinirPropriedadesCorretamente(firstName: &quot;Maria&quot;, lastName: &quot;Santos&quot;, email: &quot;maria@teste.com&quot;, password: &quot;OutraSenh@456&quot;, newsletterOptIn: False)" computerName="iMac-de-Bruno" duration="00:00:00.0058770" startTime="2025-09-25T19:08:28.9926840-03:00" endTime="2025-09-25T19:08:28.9926840-03:00" testType="13cdc9d9-ddb5-4fa4-a97d-d965ccfc6d4b" outcome="Passed" testListId="8c84fa94-04c1-424b-9868-57a2d4851a1d" relativeResultsDirectory="eb621a53-ceb4-4558-b411-9d8ab2732b79" />
    <UnitTestResult executionId="d0697fb2-6980-4bf1-997c-140f4ded77db" testId="8bc2d5de-2e39-fb3e-290f-c92f9624e7e3" testName="UserService.UnitTest.Application.Dtos.Requests.LoginUserRequestTests.LoginUserRequest_ComEmailLongo_DevePermitirAtribuicao" computerName="iMac-de-Bruno" duration="00:00:00.0191698" startTime="2025-09-25T19:08:29.1550730-03:00" endTime="2025-09-25T19:08:29.1550730-03:00" testType="13cdc9d9-ddb5-4fa4-a97d-d965ccfc6d4b" outcome="Passed" testListId="8c84fa94-04c1-424b-9868-57a2d4851a1d" relativeResultsDirectory="d0697fb2-6980-4bf1-997c-140f4ded77db" />
    <UnitTestResult executionId="2e88c653-44ba-42cd-83a1-384e77b8c1ed" testId="fa0a95aa-2c09-8e24-ee1f-90b644f6c541" testName="UserService.UnitTest.Application.Dtos.Keycloak.LoginUserKeycloakTests.LoginUserKeycloak_ComEspacosNoMeio_DevePermitirCriacao" computerName="iMac-de-Bruno" duration="00:00:00.0079811" startTime="2025-09-25T19:08:29.4033160-03:00" endTime="2025-09-25T19:08:29.4033160-03:00" testType="13cdc9d9-ddb5-4fa4-a97d-d965ccfc6d4b" outcome="Passed" testListId="8c84fa94-04c1-424b-9868-57a2d4851a1d" relativeResultsDirectory="2e88c653-44ba-42cd-83a1-384e77b8c1ed" />
    <UnitTestResult executionId="7fe69379-e228-4f6b-acc9-842034cb8788" testId="fb4e8043-1be8-a3b6-ace5-e1812c7d0171" testName="UserService.UnitTest.Application.Dtos.Keycloak.LoginUserKeycloakTests.LoginUserKeycloak_ComEmailsComDominiosVariados_DevePermitirCriacao" computerName="iMac-de-Bruno" duration="00:00:00.0027637" startTime="2025-09-25T19:08:29.3831000-03:00" endTime="2025-09-25T19:08:29.3831000-03:00" testType="13cdc9d9-ddb5-4fa4-a97d-d965ccfc6d4b" outcome="Passed" testListId="8c84fa94-04c1-424b-9868-57a2d4851a1d" relativeResultsDirectory="7fe69379-e228-4f6b-acc9-842034cb8788" />
    <UnitTestResult executionId="0640c96d-f682-4059-ada0-7c08db1da262" testId="62906a2d-c9a3-7ca2-ff02-ff62630e8f77" testName="UserService.UnitTest.Domain.UserTests.Usuario_QuandoTentativasLoginFalhadasIncrementadas_DeveAtualizarCorretamente" computerName="iMac-de-Bruno" duration="00:00:00.0163973" startTime="2025-09-25T19:08:29.3420930-03:00" endTime="2025-09-25T19:08:29.3420930-03:00" testType="13cdc9d9-ddb5-4fa4-a97d-d965ccfc6d4b" outcome="Passed" testListId="8c84fa94-04c1-424b-9868-57a2d4851a1d" relativeResultsDirectory="0640c96d-f682-4059-ada0-7c08db1da262" />
    <UnitTestResult executionId="a48fb8c5-ab13-411b-9641-62b878eb2c8a" testId="742be29e-54ad-e490-38da-22b62f24307c" testName="UserService.UnitTest.Application.Services.PasswordEncripterTests.VerifyPassword_ComDiferentesCombinacoes_DeveRetornarResultadoCorreto(originalPassword: &quot;senha123&quot;, testPassword: &quot;senha123&quot;, expectedResult: True)" computerName="iMac-de-Bruno" duration="00:00:00.2589877" startTime="2025-09-25T19:08:30.7646930-03:00" endTime="2025-09-25T19:08:30.7646930-03:00" testType="13cdc9d9-ddb5-4fa4-a97d-d965ccfc6d4b" outcome="Passed" testListId="8c84fa94-04c1-424b-9868-57a2d4851a1d" relativeResultsDirectory="a48fb8c5-ab13-411b-9641-62b878eb2c8a" />
    <UnitTestResult executionId="36c7668a-153e-49bf-b7be-d0f3ee53b71d" testId="196aa29c-052f-4f3b-5b2a-8b52428522fd" testName="UserService.UnitTest.Application.Dtos.Responses.CreateUserResponseTests.CreateUserResponse_ComDadosValidos_DeveDefinirPropriedadesCorretamente" computerName="iMac-de-Bruno" duration="00:00:00.0199430" startTime="2025-09-25T19:08:29.0808230-03:00" endTime="2025-09-25T19:08:29.0808230-03:00" testType="13cdc9d9-ddb5-4fa4-a97d-d965ccfc6d4b" outcome="Passed" testListId="8c84fa94-04c1-424b-9868-57a2d4851a1d" relativeResultsDirectory="36c7668a-153e-49bf-b7be-d0f3ee53b71d" />
    <UnitTestResult executionId="ee72d210-69b1-4e13-9c73-58c5d616f9e1" testId="04460148-2641-a79d-220c-bb2c293f100f" testName="UserService.UnitTest.Application.Dtos.Requests.LoginUserRequestTests.LoginUserRequest_ComAmbosValoresNulos_DevePermitirAtribuicao" computerName="iMac-de-Bruno" duration="00:00:00.0082474" startTime="2025-09-25T19:08:29.2486580-03:00" endTime="2025-09-25T19:08:29.2486580-03:00" testType="13cdc9d9-ddb5-4fa4-a97d-d965ccfc6d4b" outcome="Passed" testListId="8c84fa94-04c1-424b-9868-57a2d4851a1d" relativeResultsDirectory="ee72d210-69b1-4e13-9c73-58c5d616f9e1" />
    <UnitTestResult executionId="ef235802-99ec-42dd-b64d-6c8441f70439" testId="d588092e-c472-cb56-3280-6b4137fa6cd2" testName="UserService.UnitTest.Application.Services.PasswordEncripterTests.EncryptPassword_ComSenhaVazia_DeveRetornarHashValido" computerName="iMac-de-Bruno" duration="00:00:00.1302454" startTime="2025-09-25T19:08:33.3824810-03:00" endTime="2025-09-25T19:08:33.3824810-03:00" testType="13cdc9d9-ddb5-4fa4-a97d-d965ccfc6d4b" outcome="Passed" testListId="8c84fa94-04c1-424b-9868-57a2d4851a1d" relativeResultsDirectory="ef235802-99ec-42dd-b64d-6c8441f70439" />
    <UnitTestResult executionId="112b6690-19ff-4dd5-af0f-21bda47537ca" testId="c4988668-44b7-6e24-5ea0-95fef931415f" testName="UserService.UnitTest.Application.Dtos.Keycloak.CreateUserKeycloakTests.CreateUserKeycloak_ComNomesComCaracteresEspeciais_DevePermitirCriacao" computerName="iMac-de-Bruno" duration="00:00:00.0071032" startTime="2025-09-25T19:08:29.0588310-03:00" endTime="2025-09-25T19:08:29.0588310-03:00" testType="13cdc9d9-ddb5-4fa4-a97d-d965ccfc6d4b" outcome="Passed" testListId="8c84fa94-04c1-424b-9868-57a2d4851a1d" relativeResultsDirectory="112b6690-19ff-4dd5-af0f-21bda47537ca" />
    <UnitTestResult executionId="4c571266-7b05-4f28-b48e-d2f2314daba2" testId="5d428a58-f006-fd3d-634c-486ac9ab59ac" testName="UserService.UnitTest.Application.Dtos.Requests.LoginUserRequestTests.LoginUserRequest_ComSenhaVaziaOuEspacos_DevePermitirAtribuicao(password: &quot;   &quot;)" computerName="iMac-de-Bruno" duration="00:00:00.0079590" startTime="2025-09-25T19:08:29.1994440-03:00" endTime="2025-09-25T19:08:29.1994450-03:00" testType="13cdc9d9-ddb5-4fa4-a97d-d965ccfc6d4b" outcome="Passed" testListId="8c84fa94-04c1-424b-9868-57a2d4851a1d" relativeResultsDirectory="4c571266-7b05-4f28-b48e-d2f2314daba2" />
    <UnitTestResult executionId="d846bd9b-cabd-49c2-b775-eba2f86f5b4e" testId="c9b85c87-edd6-fc28-1d79-33437f107ab8" testName="UserService.UnitTest.Application.Dtos.Keycloak.CreateUserKeycloakTests.CreateUserKeycloak_ComSenhaVaziaOuEspacos_DevePermitirCriacao(password: &quot;&quot;)" computerName="iMac-de-Bruno" duration="00:00:00.0029045" startTime="2025-09-25T19:08:29.1904630-03:00" endTime="2025-09-25T19:08:29.1904630-03:00" testType="13cdc9d9-ddb5-4fa4-a97d-d965ccfc6d4b" outcome="Passed" testListId="8c84fa94-04c1-424b-9868-57a2d4851a1d" relativeResultsDirectory="d846bd9b-cabd-49c2-b775-eba2f86f5b4e" />
    <UnitTestResult executionId="56e8d510-bfb4-449e-89ac-142d876d6690" testId="4a8777a8-dccb-6e9c-0f8a-78e986de79cb" testName="UserService.UnitTest.Application.Dtos.Responses.LoginUserResponseTests.LoginUserResponse_ComDiferentesTiposDeToken_DevePermitirAtribuicao(tokenType: &quot;Basic&quot;)" computerName="iMac-de-Bruno" duration="00:00:00.0857006" startTime="2025-09-25T19:08:29.0027830-03:00" endTime="2025-09-25T19:08:29.0027830-03:00" testType="13cdc9d9-ddb5-4fa4-a97d-d965ccfc6d4b" outcome="Passed" testListId="8c84fa94-04c1-424b-9868-57a2d4851a1d" relativeResultsDirectory="56e8d510-bfb4-449e-89ac-142d876d6690" />
    <UnitTestResult executionId="676df9e4-6786-4a2f-a0a2-567a4777e512" testId="5472f781-1150-479a-0d10-2e5fabc0b72f" testName="UserService.UnitTest.Application.Dtos.Requests.LoginUserRequestTests.LoginUserRequest_ComSenhaLonga_DevePermitirAtribuicao" computerName="iMac-de-Bruno" duration="00:00:00.0029348" startTime="2025-09-25T19:08:29.2403920-03:00" endTime="2025-09-25T19:08:29.2403930-03:00" testType="13cdc9d9-ddb5-4fa4-a97d-d965ccfc6d4b" outcome="Passed" testListId="8c84fa94-04c1-424b-9868-57a2d4851a1d" relativeResultsDirectory="676df9e4-6786-4a2f-a0a2-567a4777e512" />
    <UnitTestResult executionId="c761ddea-e8fc-4393-a013-d48e8e037a6b" testId="d73eb999-7432-4af9-c8e2-b1ec06fbd0ba" testName="UserService.UnitTest.Domain.UserTests.Usuario_QuandoEmailDefinido_DeveAceitarFormatosValidos(email: &quot;test@email.com&quot;)" computerName="iMac-de-Bruno" duration="00:00:00.0121248" startTime="2025-09-25T19:08:29.2634420-03:00" endTime="2025-09-25T19:08:29.2634420-03:00" testType="13cdc9d9-ddb5-4fa4-a97d-d965ccfc6d4b" outcome="Passed" testListId="8c84fa94-04c1-424b-9868-57a2d4851a1d" relativeResultsDirectory="c761ddea-e8fc-4393-a013-d48e8e037a6b" />
    <UnitTestResult executionId="a04318b8-a328-4340-b523-a7be93f36f5d" testId="f257391b-3a40-c27b-61ef-2e778289cdae" testName="UserService.UnitTest.Application.Dtos.Keycloak.LoginUserKeycloakTests.LoginUserKeycloak_ComEmailNulo_DevePermitirCriacao" computerName="iMac-de-Bruno" duration="00:00:00.0024960" startTime="2025-09-25T19:08:29.3952520-03:00" endTime="2025-09-25T19:08:29.3952520-03:00" testType="13cdc9d9-ddb5-4fa4-a97d-d965ccfc6d4b" outcome="Passed" testListId="8c84fa94-04c1-424b-9868-57a2d4851a1d" relativeResultsDirectory="a04318b8-a328-4340-b523-a7be93f36f5d" />
    <UnitTestResult executionId="129081cb-715a-4941-bc0d-5e7c50b0bfe1" testId="a7175ca1-e111-14da-b787-1aa39b5a9e4f" testName="UserService.UnitTest.Application.Services.PasswordEncripterTests.EncryptPassword_ComDiferentesSenhas_DeveRetornarHashesValidos(password: &quot;MinhaSenh@123&quot;)" computerName="iMac-de-Bruno" duration="00:00:00.1304642" startTime="2025-09-25T19:08:32.0656010-03:00" endTime="2025-09-25T19:08:32.0656020-03:00" testType="13cdc9d9-ddb5-4fa4-a97d-d965ccfc6d4b" outcome="Passed" testListId="8c84fa94-04c1-424b-9868-57a2d4851a1d" relativeResultsDirectory="129081cb-715a-4941-bc0d-5e7c50b0bfe1" />
    <UnitTestResult executionId="eafd6321-334b-4c1b-b9a9-51b283e1e245" testId="c5503723-d274-6d3e-f29b-d6aa6e37dd4d" testName="UserService.UnitTest.Application.Services.PasswordEncripterTests.EncryptPassword_ComDiferentesSenhas_DeveRetornarHashesValidos(password: &quot;P@ssw0rd!&quot;)" computerName="iMac-de-Bruno" duration="00:00:00.1301310" startTime="2025-09-25T19:08:31.9350280-03:00" endTime="2025-09-25T19:08:31.9350290-03:00" testType="13cdc9d9-ddb5-4fa4-a97d-d965ccfc6d4b" outcome="Passed" testListId="8c84fa94-04c1-424b-9868-57a2d4851a1d" relativeResultsDirectory="eafd6321-334b-4c1b-b9a9-51b283e1e245" />
    <UnitTestResult executionId="9761ebfd-f812-41ed-9656-196ba6cdb01d" testId="3b57956c-e654-1644-49d6-a98f07644b37" testName="UserService.UnitTest.Application.Dtos.Responses.CreateUserResponseTests.CreateUserResponse_ComNomesComCaracteresEspeciais_DevePermitirAtribuicao" computerName="iMac-de-Bruno" duration="00:00:00.0162045" startTime="2025-09-25T19:08:29.3426750-03:00" endTime="2025-09-25T19:08:29.3426750-03:00" testType="13cdc9d9-ddb5-4fa4-a97d-d965ccfc6d4b" outcome="Passed" testListId="8c84fa94-04c1-424b-9868-57a2d4851a1d" relativeResultsDirectory="9761ebfd-f812-41ed-9656-196ba6cdb01d" />
    <UnitTestResult executionId="836de471-1a06-4702-b67f-cd61730add11" testId="cedc76c1-a4d8-b8aa-f434-d87082eaf67b" testName="UserService.UnitTest.Application.Commands.LoginUserCommandTests.CriarComando_ComEmailNulo_DevePermitirAtribuicao" computerName="iMac-de-Bruno" duration="00:00:00.0206314" startTime="2025-09-25T19:08:28.9464740-03:00" endTime="2025-09-25T19:08:28.9465310-03:00" testType="13cdc9d9-ddb5-4fa4-a97d-d965ccfc6d4b" outcome="Passed" testListId="8c84fa94-04c1-424b-9868-57a2d4851a1d" relativeResultsDirectory="836de471-1a06-4702-b67f-cd61730add11" />
    <UnitTestResult executionId="f60c7243-ce83-4593-a876-c951a4631073" testId="64e11116-f5cb-bd3b-2e3c-4f33a15a2949" testName="UserService.UnitTest.Domain.UserTests.Usuario_QuandoDataNascimentoDefinida_DeveAceitarDataValida" computerName="iMac-de-Bruno" duration="00:00:00.0047850" startTime="2025-09-25T19:08:29.2839620-03:00" endTime="2025-09-25T19:08:29.2839630-03:00" testType="13cdc9d9-ddb5-4fa4-a97d-d965ccfc6d4b" outcome="Passed" testListId="8c84fa94-04c1-424b-9868-57a2d4851a1d" relativeResultsDirectory="f60c7243-ce83-4593-a876-c951a4631073" />
    <UnitTestResult executionId="512d1fc8-b6c1-4fe1-93dc-26f7a9a858d8" testId="63551efc-83f9-ad65-fc6c-5aba8aad3785" testName="UserService.UnitTest.Application.Dtos.Responses.CreateUserResponseTests.CreateUserResponse_ComPropriedadesBasicas_DeveDefinirCorretamente" computerName="iMac-de-Bruno" duration="00:00:00.0093528" startTime="2025-09-25T19:08:29.0901960-03:00" endTime="2025-09-25T19:08:29.0901960-03:00" testType="13cdc9d9-ddb5-4fa4-a97d-d965ccfc6d4b" outcome="Passed" testListId="8c84fa94-04c1-424b-9868-57a2d4851a1d" relativeResultsDirectory="512d1fc8-b6c1-4fe1-93dc-26f7a9a858d8" />
    <UnitTestResult executionId="dd55b2dd-b440-47ed-923f-6fda40c7b565" testId="3585b56d-a5f1-f683-7400-c0bfac8126e5" testName="UserService.UnitTest.Application.Dtos.Responses.LoginUserResponseTests.LoginUserResponse_ComTokenTypeVazioOuEspacos_DevePermitirAtribuicao(tokenType: &quot;   &quot;)" computerName="iMac-de-Bruno" duration="00:00:00.0026563" startTime="2025-09-25T19:08:29.3724090-03:00" endTime="2025-09-25T19:08:29.3724090-03:00" testType="13cdc9d9-ddb5-4fa4-a97d-d965ccfc6d4b" outcome="Passed" testListId="8c84fa94-04c1-424b-9868-57a2d4851a1d" relativeResultsDirectory="dd55b2dd-b440-47ed-923f-6fda40c7b565" />
    <UnitTestResult executionId="326c9434-6964-4c7d-bd6f-a1aa532dcffc" testId="f729a349-2432-6996-746c-8014e568a6b3" testName="UserService.UnitTest.Application.Dtos.Responses.LoginUserResponseTests.LoginUserResponse_ComExpiresInPositivo_DevePermitirAtribuicao(expiresIn: 3600)" computerName="iMac-de-Bruno" duration="00:00:00.0026411" startTime="2025-09-25T19:08:29.3434030-03:00" endTime="2025-09-25T19:08:29.3434030-03:00" testType="13cdc9d9-ddb5-4fa4-a97d-d965ccfc6d4b" outcome="Passed" testListId="8c84fa94-04c1-424b-9868-57a2d4851a1d" relativeResultsDirectory="326c9434-6964-4c7d-bd6f-a1aa532dcffc" />
    <UnitTestResult executionId="6c80007f-3b6c-450a-acf8-5bd0eeb4d80f" testId="216b8240-df47-df55-a8bc-b11def2680be" testName="UserService.UnitTest.Application.Dtos.Keycloak.LoginUserKeycloakTests.LoginUserKeycloak_DeveSerRecord_ComIgualdadeCorreta" computerName="iMac-de-Bruno" duration="00:00:00.0088093" startTime="2025-09-25T19:08:29.3680800-03:00" endTime="2025-09-25T19:08:29.3680800-03:00" testType="13cdc9d9-ddb5-4fa4-a97d-d965ccfc6d4b" outcome="Passed" testListId="8c84fa94-04c1-424b-9868-57a2d4851a1d" relativeResultsDirectory="6c80007f-3b6c-450a-acf8-5bd0eeb4d80f" />
    <UnitTestResult executionId="7485ce8a-9892-4787-a1a5-b8e359584b81" testId="c48f3693-24b9-b9f1-3b52-fe0f40af0c26" testName="UserService.UnitTest.Application.Dtos.Requests.LoginUserRequestTests.LoginUserRequest_ComEmailNulo_DevePermitirAtribuicao" computerName="iMac-de-Bruno" duration="00:00:00.0088330" startTime="2025-09-25T19:08:29.2372280-03:00" endTime="2025-09-25T19:08:29.2372290-03:00" testType="13cdc9d9-ddb5-4fa4-a97d-d965ccfc6d4b" outcome="Passed" testListId="8c84fa94-04c1-424b-9868-57a2d4851a1d" relativeResultsDirectory="7485ce8a-9892-4787-a1a5-b8e359584b81" />
    <UnitTestResult executionId="0ed90f26-890e-4112-a61b-fa72aa499e63" testId="52ed97e2-360f-9d0a-658b-04f22e2f374f" testName="UserService.UnitTest.Application.Dtos.Responses.LoginUserResponseTests.LoginUserResponse_ComDiferentesTiposDeToken_DevePermitirAtribuicao(tokenType: &quot;bearer&quot;)" computerName="iMac-de-Bruno" duration="00:00:00.0093915" startTime="2025-09-25T19:08:29.0121970-03:00" endTime="2025-09-25T19:08:29.0121970-03:00" testType="13cdc9d9-ddb5-4fa4-a97d-d965ccfc6d4b" outcome="Passed" testListId="8c84fa94-04c1-424b-9868-57a2d4851a1d" relativeResultsDirectory="0ed90f26-890e-4112-a61b-fa72aa499e63" />
    <UnitTestResult executionId="7672dbd2-81f3-4f98-b86f-d013b5f547c6" testId="9d369a17-d75d-c80a-d5fc-0a698e0e67e6" testName="UserService.UnitTest.Domain.UserTests.Usuario_QuandoPerfilDefinido_DeveAceitarPerfisValidos(role: Customer)" computerName="iMac-de-Bruno" duration="00:00:00.0098813" startTime="2025-09-25T19:08:29.3924280-03:00" endTime="2025-09-25T19:08:29.3924280-03:00" testType="13cdc9d9-ddb5-4fa4-a97d-d965ccfc6d4b" outcome="Passed" testListId="8c84fa94-04c1-424b-9868-57a2d4851a1d" relativeResultsDirectory="7672dbd2-81f3-4f98-b86f-d013b5f547c6" />
    <UnitTestResult executionId="e48e8a76-633a-4618-828c-4c1218d5f445" testId="c6a80189-81d8-ce21-9aeb-1becdbf04d47" testName="UserService.UnitTest.Application.Dtos.Responses.LoginUserResponseTests.LoginUserResponse_ComTokenTypeVazioOuEspacos_DevePermitirAtribuicao(tokenType: &quot; &quot;)" computerName="iMac-de-Bruno" duration="00:00:00.0072972" startTime="2025-09-25T19:08:29.3797880-03:00" endTime="2025-09-25T19:08:29.3797880-03:00" testType="13cdc9d9-ddb5-4fa4-a97d-d965ccfc6d4b" outcome="Passed" testListId="8c84fa94-04c1-424b-9868-57a2d4851a1d" relativeResultsDirectory="e48e8a76-633a-4618-828c-4c1218d5f445" />
    <UnitTestResult executionId="6cf86e10-d210-4556-853f-60c284025692" testId="d07ea7a5-c866-35f6-fba6-bbeb61c2cbd4" testName="UserService.UnitTest.Application.Services.PasswordEncripterTests.EncryptPassword_ComDiferentesSenhas_DeveRetornarHashesValidos(password: &quot;senha123&quot;)" computerName="iMac-de-Bruno" duration="00:00:00.1362539" startTime="2025-09-25T19:08:32.3320470-03:00" endTime="2025-09-25T19:08:32.3320470-03:00" testType="13cdc9d9-ddb5-4fa4-a97d-d965ccfc6d4b" outcome="Passed" testListId="8c84fa94-04c1-424b-9868-57a2d4851a1d" relativeResultsDirectory="6cf86e10-d210-4556-853f-60c284025692" />
    <UnitTestResult executionId="b278b505-b0a0-4501-8b74-d046b8d31c15" testId="cbeb45ac-56a9-b181-db70-bf0d2b8b3189" testName="UserService.UnitTest.Application.Dtos.Keycloak.CreateUserKeycloakTests.CreateUserKeycloak_ComDiferentesCombinacoesDeDados_DeveDefinirPropriedadesCorretamente(email: &quot;user@domain.org&quot;, password: &quot;mypassword&quot;, firstName: &quot;Maria&quot;, lastName: &quot;Santos&quot;, enabled: False)" computerName="iMac-de-Bruno" duration="00:00:00.0027675" startTime="2025-09-25T19:08:29.0241410-03:00" endTime="2025-09-25T19:08:29.0241410-03:00" testType="13cdc9d9-ddb5-4fa4-a97d-d965ccfc6d4b" outcome="Passed" testListId="8c84fa94-04c1-424b-9868-57a2d4851a1d" relativeResultsDirectory="b278b505-b0a0-4501-8b74-d046b8d31c15" />
    <UnitTestResult executionId="3eb40407-92b3-4e0f-85cf-f73560cf6a6e" testId="886d0801-1cdc-bf20-ec21-62fa42239b79" testName="UserService.UnitTest.Application.Dtos.Responses.LoginUserResponseTests.LoginUserResponse_ComExpiresInNegativoOuZero_DevePermitirAtribuicao(expiresIn: 0)" computerName="iMac-de-Bruno" duration="00:00:00.0068473" startTime="2025-09-25T19:08:29.4382510-03:00" endTime="2025-09-25T19:08:29.4382510-03:00" testType="13cdc9d9-ddb5-4fa4-a97d-d965ccfc6d4b" outcome="Passed" testListId="8c84fa94-04c1-424b-9868-57a2d4851a1d" relativeResultsDirectory="3eb40407-92b3-4e0f-85cf-f73560cf6a6e" />
    <UnitTestResult executionId="2005f4c8-ed23-4e59-8644-a4bd93eef9c7" testId="ead62057-8fe9-f841-c449-ad4098aa83d7" testName="UserService.UnitTest.Application.Dtos.Responses.LoginUserResponseTests.LoginUserResponse_ComDiferentesCombinacoesDeDados_DeveDefinirPropriedadesCorretamente(accessToken: &quot;access_token_456&quot;, refreshToken: &quot;eyJhbGciOiJIUzI1NiIsInR5cCI6IkpXVCJ9&quot;, tokenType: &quot;bearer&quot;, expiresIn: 7200)" computerName="iMac-de-Bruno" duration="00:00:00.0029596" startTime="2025-09-25T19:08:29.4088500-03:00" endTime="2025-09-25T19:08:29.4088500-03:00" testType="13cdc9d9-ddb5-4fa4-a97d-d965ccfc6d4b" outcome="Passed" testListId="8c84fa94-04c1-424b-9868-57a2d4851a1d" relativeResultsDirectory="2005f4c8-ed23-4e59-8644-a4bd93eef9c7" />
    <UnitTestResult executionId="d5a7c836-f3f1-4560-8464-4aa43d574991" testId="43b820b7-5647-d132-d063-6da9f9b3371e" testName="UserService.UnitTest.Application.Services.PasswordEncripterTests.VerifyPassword_ComDiferentesCombinacoes_DeveRetornarResultadoCorreto(originalPassword: &quot;P@ssw0rd!&quot;, testPassword: &quot;P@ssw0rd!&quot;, expectedResult: True)" computerName="iMac-de-Bruno" duration="00:00:00.6255693" startTime="2025-09-25T19:08:30.5055790-03:00" endTime="2025-09-25T19:08:30.5055790-03:00" testType="13cdc9d9-ddb5-4fa4-a97d-d965ccfc6d4b" outcome="Passed" testListId="8c84fa94-04c1-424b-9868-57a2d4851a1d" relativeResultsDirectory="d5a7c836-f3f1-4560-8464-4aa43d574991" />
    <UnitTestResult executionId="ba44f546-9f56-4cce-8c03-04b1eae8ce32" testId="26064631-63e7-bc93-4193-399fdd33c0b2" testName="UserService.UnitTest.Domain.UserTests.Usuario_QuandoStatusDefinido_DeveAceitarStatusValidos(status: Banido)" computerName="iMac-de-Bruno" duration="00:00:00.0117293" startTime="2025-09-25T19:08:29.1894820-03:00" endTime="2025-09-25T19:08:29.1894820-03:00" testType="13cdc9d9-ddb5-4fa4-a97d-d965ccfc6d4b" outcome="Passed" testListId="8c84fa94-04c1-424b-9868-57a2d4851a1d" relativeResultsDirectory="ba44f546-9f56-4cce-8c03-04b1eae8ce32" />
    <UnitTestResult executionId="860307ef-2d17-4d40-9508-b74f062d0f09" testId="03d95fe1-ceef-4489-acd8-3edec8b039fb" testName="UserService.UnitTest.Application.Dtos.Requests.CreateUserRequestTests.CreateUserRequest_ComTelefonesDiferentes_DevePermitirAtribuicao" computerName="iMac-de-Bruno" duration="00:00:00.0029401" startTime="2025-09-25T19:08:29.0683150-03:00" endTime="2025-09-25T19:08:29.0683150-03:00" testType="13cdc9d9-ddb5-4fa4-a97d-d965ccfc6d4b" outcome="Passed" testListId="8c84fa94-04c1-424b-9868-57a2d4851a1d" relativeResultsDirectory="860307ef-2d17-4d40-9508-b74f062d0f09" />
    <UnitTestResult executionId="8913d597-a0b2-4f23-9aab-125a2afa704c" testId="174b90df-372c-c4b4-5d45-c7118ef3adc9" testName="UserService.UnitTest.Application.Dtos.Responses.LoginUserResponseTests.LoginUserResponse_ComRefreshTokenVazioOuEspacos_DevePermitirAtribuicao(refreshToken: &quot;   &quot;)" computerName="iMac-de-Bruno" duration="00:00:00.0022018" startTime="2025-09-25T19:08:29.3614980-03:00" endTime="2025-09-25T19:08:29.3614980-03:00" testType="13cdc9d9-ddb5-4fa4-a97d-d965ccfc6d4b" outcome="Passed" testListId="8c84fa94-04c1-424b-9868-57a2d4851a1d" relativeResultsDirectory="8913d597-a0b2-4f23-9aab-125a2afa704c" />
    <UnitTestResult executionId="ad2b68c2-0850-4039-9187-f9ad7bf5dae7" testId="ef2bade2-f40a-f79a-d71d-087306ed8868" testName="UserService.UnitTest.Application.Services.PasswordEncripterTests.VerifyPassword_ComSenhaVazia_DeveRetornarFalse" computerName="iMac-de-Bruno" duration="00:00:00.1297864" startTime="2025-09-25T19:08:33.5128710-03:00" endTime="2025-09-25T19:08:33.5128710-03:00" testType="13cdc9d9-ddb5-4fa4-a97d-d965ccfc6d4b" outcome="Passed" testListId="8c84fa94-04c1-424b-9868-57a2d4851a1d" relativeResultsDirectory="ad2b68c2-0850-4039-9187-f9ad7bf5dae7" />
    <UnitTestResult executionId="e9756bdf-aa96-44f5-96e6-7886e2ef0b31" testId="63697932-2986-880a-55c5-32c06b77f11b" testName="UserService.UnitTest.Application.Dtos.Responses.LoginUserResponseTests.LoginUserResponse_ComExpiresInNegativoOuZero_DevePermitirAtribuicao(expiresIn: -2147483648)" computerName="iMac-de-Bruno" duration="00:00:00.0020713" startTime="2025-09-25T19:08:29.4220140-03:00" endTime="2025-09-25T19:08:29.4220140-03:00" testType="13cdc9d9-ddb5-4fa4-a97d-d965ccfc6d4b" outcome="Passed" testListId="8c84fa94-04c1-424b-9868-57a2d4851a1d" relativeResultsDirectory="e9756bdf-aa96-44f5-96e6-7886e2ef0b31" />
    <UnitTestResult executionId="a0e62da4-934b-4b33-be06-9937eb277ae2" testId="69eb78fd-0d27-b104-5384-38065d4960ea" testName="UserService.UnitTest.Application.Services.KeycloakServiceTests.GetUserByEmailAsync_ComEmailExistente_DeveRetornarUsuario" computerName="iMac-de-Bruno" duration="00:00:00.0159735" startTime="2025-09-25T19:08:29.4975650-03:00" endTime="2025-09-25T19:08:29.4975650-03:00" testType="13cdc9d9-ddb5-4fa4-a97d-d965ccfc6d4b" outcome="Passed" testListId="8c84fa94-04c1-424b-9868-57a2d4851a1d" relativeResultsDirectory="a0e62da4-934b-4b33-be06-9937eb277ae2" />
    <UnitTestResult executionId="44f81826-e554-426b-b3a2-241e7504f5b0" testId="de562b09-2c5e-f09c-fd30-893f727481c2" testName="UserService.UnitTest.Application.Dtos.Requests.CreateUserRequestTests.CreateUserRequest_ComDadosValidos_DeveDefinirPropriedadesCorretamente" computerName="iMac-de-Bruno" duration="00:00:00.0083779" startTime="2025-09-25T19:08:29.0507180-03:00" endTime="2025-09-25T19:08:29.0507180-03:00" testType="13cdc9d9-ddb5-4fa4-a97d-d965ccfc6d4b" outcome="Passed" testListId="8c84fa94-04c1-424b-9868-57a2d4851a1d" relativeResultsDirectory="44f81826-e554-426b-b3a2-241e7504f5b0" />
    <UnitTestResult executionId="6c624d4c-afa5-4cf4-b6ee-548d3ddb694e" testId="71279174-e79a-ca21-5900-ba860d67dd79" testName="UserService.UnitTest.Application.Services.PasswordEncripterTests.EncryptPassword_ComSenhaLonga_DeveProcessarCorretamente" computerName="iMac-de-Bruno" duration="00:00:00.2679340" startTime="2025-09-25T19:08:33.2512420-03:00" endTime="2025-09-25T19:08:33.2512420-03:00" testType="13cdc9d9-ddb5-4fa4-a97d-d965ccfc6d4b" outcome="Passed" testListId="8c84fa94-04c1-424b-9868-57a2d4851a1d" relativeResultsDirectory="6c624d4c-afa5-4cf4-b6ee-548d3ddb694e" />
    <UnitTestResult executionId="7826e8fe-cef0-461d-8113-d4bfd4a0e38a" testId="21f55e48-a0cb-c565-6b08-f52556623633" testName="UserService.UnitTest.Application.Dtos.Responses.LoginUserResponseTests.LoginUserResponse_ComModificacaoAposInicializacao_DevePermitirAlteracao" computerName="iMac-de-Bruno" duration="00:00:00.0080621" startTime="2025-09-25T19:08:29.3696470-03:00" endTime="2025-09-25T19:08:29.3696470-03:00" testType="13cdc9d9-ddb5-4fa4-a97d-d965ccfc6d4b" outcome="Passed" testListId="8c84fa94-04c1-424b-9868-57a2d4851a1d" relativeResultsDirectory="7826e8fe-cef0-461d-8113-d4bfd4a0e38a" />
    <UnitTestResult executionId="b7fd3488-5bd8-4178-9360-121b9ccc86f9" testId="415ca712-1aa2-06e2-e263-63f760b6c085" testName="UserService.UnitTest.Application.Dtos.Requests.CreateUserRequestTests.CreateUserRequest_ComTelefoneNulo_DevePermitirAtribuicao" computerName="iMac-de-Bruno" duration="00:00:00.0071265" startTime="2025-09-25T19:08:29.0755530-03:00" endTime="2025-09-25T19:08:29.0755540-03:00" testType="13cdc9d9-ddb5-4fa4-a97d-d965ccfc6d4b" outcome="Passed" testListId="8c84fa94-04c1-424b-9868-57a2d4851a1d" relativeResultsDirectory="b7fd3488-5bd8-4178-9360-121b9ccc86f9" />
    <UnitTestResult executionId="66a25515-6786-4acd-93f0-4fd67a625651" testId="54376db2-25bf-2edb-cd9f-93033e9bb5e9" testName="UserService.UnitTest.Application.Dtos.Keycloak.CreateUserKeycloakTests.CreateUserKeycloak_ComEmailVazioOuEspacos_DevePermitirCriacao(email: &quot; &quot;)" computerName="iMac-de-Bruno" duration="00:00:00.0091215" startTime="2025-09-25T19:08:29.0211960-03:00" endTime="2025-09-25T19:08:29.0211960-03:00" testType="13cdc9d9-ddb5-4fa4-a97d-d965ccfc6d4b" outcome="Passed" testListId="8c84fa94-04c1-424b-9868-57a2d4851a1d" relativeResultsDirectory="66a25515-6786-4acd-93f0-4fd67a625651" />
    <UnitTestResult executionId="fd6a1deb-4ca1-429d-b4e8-28926e0c4ed1" testId="0b5edc04-4e18-c4ac-4387-717b7ddaaef2" testName="UserService.UnitTest.Application.Dtos.Keycloak.LoginUserKeycloakTests.LoginUserKeycloak_ComSenhaVaziaOuEspacos_DevePermitirCriacao(password: &quot;   &quot;)" computerName="iMac-de-Bruno" duration="00:00:00.0103613" startTime="2025-09-25T19:08:29.3562250-03:00" endTime="2025-09-25T19:08:29.3562250-03:00" testType="13cdc9d9-ddb5-4fa4-a97d-d965ccfc6d4b" outcome="Passed" testListId="8c84fa94-04c1-424b-9868-57a2d4851a1d" relativeResultsDirectory="fd6a1deb-4ca1-429d-b4e8-28926e0c4ed1" />
  </Results>
  <TestDefinitions>
    <UnitTest name="UserService.UnitTest.Application.Dtos.Requests.CreateUserRequestTests.CreateUserRequest_ComTelefonesDiferentes_DevePermitirAtribuicao" storage="/users/diasbruno/documents/programacao/codigos/dotnet/bcommerce/backend/src/services/userservice/userservice.unittest/bin/debug/net8.0/userservice.unittest.dll" id="03d95fe1-ceef-4489-acd8-3edec8b039fb">
      <Execution id="860307ef-2d17-4d40-9508-b74f062d0f09" />
      <TestMethod codeBase="/Users/diasbruno/Documents/programacao/codigos/dotnet/bcommerce/backend/src/Services/UserService/UserService.UnitTest/bin/Debug/net8.0/UserService.UnitTest.dll" adapterTypeName="executor://xunit/VsTestRunner2/netcoreapp" className="UserService.UnitTest.Application.Dtos.Requests.CreateUserRequestTests" name="CreateUserRequest_ComTelefonesDiferentes_DevePermitirAtribuicao" />
    </UnitTest>
    <UnitTest name="UserService.UnitTest.Application.Dtos.Keycloak.CreateUserKeycloakTests.CreateUserKeycloak_ComTodosValoresVazios_DevePermitirCriacao" storage="/users/diasbruno/documents/programacao/codigos/dotnet/bcommerce/backend/src/services/userservice/userservice.unittest/bin/debug/net8.0/userservice.unittest.dll" id="5dff643f-cbf4-e0e0-57b8-42bc26c22629">
      <Execution id="701a2634-d66a-46b1-973d-b8480793d768" />
      <TestMethod codeBase="/Users/diasbruno/Documents/programacao/codigos/dotnet/bcommerce/backend/src/Services/UserService/UserService.UnitTest/bin/Debug/net8.0/UserService.UnitTest.dll" adapterTypeName="executor://xunit/VsTestRunner2/netcoreapp" className="UserService.UnitTest.Application.Dtos.Keycloak.CreateUserKeycloakTests" name="CreateUserKeycloak_ComTodosValoresVazios_DevePermitirCriacao" />
    </UnitTest>
    <UnitTest name="UserService.UnitTest.Application.Services.PasswordEncripterTests.VerifyPassword_ComSenhaVazia_DeveRetornarFalse" storage="/users/diasbruno/documents/programacao/codigos/dotnet/bcommerce/backend/src/services/userservice/userservice.unittest/bin/debug/net8.0/userservice.unittest.dll" id="ef2bade2-f40a-f79a-d71d-087306ed8868">
      <Execution id="ad2b68c2-0850-4039-9187-f9ad7bf5dae7" />
      <TestMethod codeBase="/Users/diasbruno/Documents/programacao/codigos/dotnet/bcommerce/backend/src/Services/UserService/UserService.UnitTest/bin/Debug/net8.0/UserService.UnitTest.dll" adapterTypeName="executor://xunit/VsTestRunner2/netcoreapp" className="UserService.UnitTest.Application.Services.PasswordEncripterTests" name="VerifyPassword_ComSenhaVazia_DeveRetornarFalse" />
    </UnitTest>
    <UnitTest name="UserService.UnitTest.Application.Dtos.Requests.LoginUserRequestTests.LoginUserRequest_ComDadosGeradosPorFaker_DeveDefinirPropriedadesCorretamente" storage="/users/diasbruno/documents/programacao/codigos/dotnet/bcommerce/backend/src/services/userservice/userservice.unittest/bin/debug/net8.0/userservice.unittest.dll" id="6c2097a4-bfd2-7cff-6d6c-a01d2699075f">
      <Execution id="451484af-137d-4028-b01a-4cf7fd03358c" />
      <TestMethod codeBase="/Users/diasbruno/Documents/programacao/codigos/dotnet/bcommerce/backend/src/Services/UserService/UserService.UnitTest/bin/Debug/net8.0/UserService.UnitTest.dll" adapterTypeName="executor://xunit/VsTestRunner2/netcoreapp" className="UserService.UnitTest.Application.Dtos.Requests.LoginUserRequestTests" name="LoginUserRequest_ComDadosGeradosPorFaker_DeveDefinirPropriedadesCorretamente" />
    </UnitTest>
    <UnitTest name="UserService.UnitTest.Application.Dtos.Responses.LoginUserResponseTests.LoginUserResponse_ComAccessTokenVazioOuEspacos_DevePermitirAtribuicao(accessToken: &quot;   &quot;)" storage="/users/diasbruno/documents/programacao/codigos/dotnet/bcommerce/backend/src/services/userservice/userservice.unittest/bin/debug/net8.0/userservice.unittest.dll" id="88a92719-9263-71f9-7f23-706865eca76f">
      <Execution id="83c2b10f-99a9-49d5-bf21-c660006b1370" />
      <TestMethod codeBase="/Users/diasbruno/Documents/programacao/codigos/dotnet/bcommerce/backend/src/Services/UserService/UserService.UnitTest/bin/Debug/net8.0/UserService.UnitTest.dll" adapterTypeName="executor://xunit/VsTestRunner2/netcoreapp" className="UserService.UnitTest.Application.Dtos.Responses.LoginUserResponseTests" name="LoginUserResponse_ComAccessTokenVazioOuEspacos_DevePermitirAtribuicao" />
    </UnitTest>
    <UnitTest name="UserService.UnitTest.Application.Dtos.Requests.CreateUserRequestTests.CreateUserRequest_ComTelefoneNulo_DevePermitirAtribuicao" storage="/users/diasbruno/documents/programacao/codigos/dotnet/bcommerce/backend/src/services/userservice/userservice.unittest/bin/debug/net8.0/userservice.unittest.dll" id="415ca712-1aa2-06e2-e263-63f760b6c085">
      <Execution id="b7fd3488-5bd8-4178-9360-121b9ccc86f9" />
      <TestMethod codeBase="/Users/diasbruno/Documents/programacao/codigos/dotnet/bcommerce/backend/src/Services/UserService/UserService.UnitTest/bin/Debug/net8.0/UserService.UnitTest.dll" adapterTypeName="executor://xunit/VsTestRunner2/netcoreapp" className="UserService.UnitTest.Application.Dtos.Requests.CreateUserRequestTests" name="CreateUserRequest_ComTelefoneNulo_DevePermitirAtribuicao" />
    </UnitTest>
    <UnitTest name="UserService.UnitTest.Application.Commands.CreateUserCommandTests.CriarComando_ComSenhaNula_DevePermitirAtribuicao" storage="/users/diasbruno/documents/programacao/codigos/dotnet/bcommerce/backend/src/services/userservice/userservice.unittest/bin/debug/net8.0/userservice.unittest.dll" id="bb295f3e-a215-64d0-04ce-1e667f89b126">
      <Execution id="e8aee32e-3d84-4438-bb7d-9ee3fd3d6f51" />
      <TestMethod codeBase="/Users/diasbruno/Documents/programacao/codigos/dotnet/bcommerce/backend/src/Services/UserService/UserService.UnitTest/bin/Debug/net8.0/UserService.UnitTest.dll" adapterTypeName="executor://xunit/VsTestRunner2/netcoreapp" className="UserService.UnitTest.Application.Commands.CreateUserCommandTests" name="CriarComando_ComSenhaNula_DevePermitirAtribuicao" />
    </UnitTest>
    <UnitTest name="UserService.UnitTest.Application.Dtos.Requests.LoginUserRequestTests.LoginUserRequest_ComCaracteresUnicode_DevePermitirAtribuicao" storage="/users/diasbruno/documents/programacao/codigos/dotnet/bcommerce/backend/src/services/userservice/userservice.unittest/bin/debug/net8.0/userservice.unittest.dll" id="425043c5-33b2-bd82-3d9f-363f8cb440bb">
      <Execution id="539d7bf3-8cfe-4801-bd7e-f22b10dbbe6a" />
      <TestMethod codeBase="/Users/diasbruno/Documents/programacao/codigos/dotnet/bcommerce/backend/src/Services/UserService/UserService.UnitTest/bin/Debug/net8.0/UserService.UnitTest.dll" adapterTypeName="executor://xunit/VsTestRunner2/netcoreapp" className="UserService.UnitTest.Application.Dtos.Requests.LoginUserRequestTests" name="LoginUserRequest_ComCaracteresUnicode_DevePermitirAtribuicao" />
    </UnitTest>
    <UnitTest name="UserService.UnitTest.Application.Dtos.Responses.CreateUserResponseTests.CreateUserResponse_ComDataAtual_DeveDefinirCorretamente" storage="/users/diasbruno/documents/programacao/codigos/dotnet/bcommerce/backend/src/services/userservice/userservice.unittest/bin/debug/net8.0/userservice.unittest.dll" id="c08ccbd0-b0b1-8315-a738-556c67c488ab">
      <Execution id="5dc947c4-866d-424b-828c-9e25ae651c16" />
      <TestMethod codeBase="/Users/diasbruno/Documents/programacao/codigos/dotnet/bcommerce/backend/src/Services/UserService/UserService.UnitTest/bin/Debug/net8.0/UserService.UnitTest.dll" adapterTypeName="executor://xunit/VsTestRunner2/netcoreapp" className="UserService.UnitTest.Application.Dtos.Responses.CreateUserResponseTests" name="CreateUserResponse_ComDataAtual_DeveDefinirCorretamente" />
    </UnitTest>
    <UnitTest name="UserService.UnitTest.Domain.UserTests.Usuario_QuandoEmailDefinido_DeveAceitarFormatosValidos(email: &quot;user.name@domain.com.br&quot;)" storage="/users/diasbruno/documents/programacao/codigos/dotnet/bcommerce/backend/src/services/userservice/userservice.unittest/bin/debug/net8.0/userservice.unittest.dll" id="a9e38d59-78a4-c80b-44bd-54e6e0d52647">
      <Execution id="618dd15e-3091-4819-a02e-9c52fd3e8d74" />
      <TestMethod codeBase="/Users/diasbruno/Documents/programacao/codigos/dotnet/bcommerce/backend/src/Services/UserService/UserService.UnitTest/bin/Debug/net8.0/UserService.UnitTest.dll" adapterTypeName="executor://xunit/VsTestRunner2/netcoreapp" className="UserService.UnitTest.Domain.UserTests" name="Usuario_QuandoEmailDefinido_DeveAceitarFormatosValidos" />
    </UnitTest>
    <UnitTest name="UserService.UnitTest.Application.Dtos.Keycloak.CreateUserKeycloakTests.CreateUserKeycloak_ComSenhaNula_DevePermitirCriacao" storage="/users/diasbruno/documents/programacao/codigos/dotnet/bcommerce/backend/src/services/userservice/userservice.unittest/bin/debug/net8.0/userservice.unittest.dll" id="800ab87e-4e31-82bd-9e61-5fa311d33f8d">
      <Execution id="2cb1304c-02e0-4b57-808f-5b72900c7b60" />
      <TestMethod codeBase="/Users/diasbruno/Documents/programacao/codigos/dotnet/bcommerce/backend/src/Services/UserService/UserService.UnitTest/bin/Debug/net8.0/UserService.UnitTest.dll" adapterTypeName="executor://xunit/VsTestRunner2/netcoreapp" className="UserService.UnitTest.Application.Dtos.Keycloak.CreateUserKeycloakTests" name="CreateUserKeycloak_ComSenhaNula_DevePermitirCriacao" />
    </UnitTest>
    <UnitTest name="UserService.UnitTest.Domain.UserExtensionsTests.EstaAtivo_QuandoUsuarioAtivoMasExcluido_DeveRetornarFalso" storage="/users/diasbruno/documents/programacao/codigos/dotnet/bcommerce/backend/src/services/userservice/userservice.unittest/bin/debug/net8.0/userservice.unittest.dll" id="79348a23-39f7-ae80-156c-06b1524027de">
      <Execution id="6a4e9327-0d00-46a3-b0c2-2d313d7403d2" />
      <TestMethod codeBase="/Users/diasbruno/Documents/programacao/codigos/dotnet/bcommerce/backend/src/Services/UserService/UserService.UnitTest/bin/Debug/net8.0/UserService.UnitTest.dll" adapterTypeName="executor://xunit/VsTestRunner2/netcoreapp" className="UserService.UnitTest.Domain.UserExtensionsTests" name="EstaAtivo_QuandoUsuarioAtivoMasExcluido_DeveRetornarFalso" />
    </UnitTest>
    <UnitTest name="UserService.UnitTest.Application.Dtos.Keycloak.CreateUserKeycloakTests.CreateUserKeycloak_ComNomeNulo_DevePermitirCriacao" storage="/users/diasbruno/documents/programacao/codigos/dotnet/bcommerce/backend/src/services/userservice/userservice.unittest/bin/debug/net8.0/userservice.unittest.dll" id="ef5e933d-b171-60ad-09e1-408e70e7e01e">
      <Execution id="7afb4ee3-c320-4577-8470-d22399631046" />
      <TestMethod codeBase="/Users/diasbruno/Documents/programacao/codigos/dotnet/bcommerce/backend/src/Services/UserService/UserService.UnitTest/bin/Debug/net8.0/UserService.UnitTest.dll" adapterTypeName="executor://xunit/VsTestRunner2/netcoreapp" className="UserService.UnitTest.Application.Dtos.Keycloak.CreateUserKeycloakTests" name="CreateUserKeycloak_ComNomeNulo_DevePermitirCriacao" />
    </UnitTest>
    <UnitTest name="UserService.UnitTest.Domain.UserTests.Usuario_QuandoContaBloqueada_DeveDefinirTempoBloqueio" storage="/users/diasbruno/documents/programacao/codigos/dotnet/bcommerce/backend/src/services/userservice/userservice.unittest/bin/debug/net8.0/userservice.unittest.dll" id="ca84de6c-cf9f-5b23-afbf-1743b69cec30">
      <Execution id="a617e118-e788-4366-8312-0c27a0ad4649" />
      <TestMethod codeBase="/Users/diasbruno/Documents/programacao/codigos/dotnet/bcommerce/backend/src/Services/UserService/UserService.UnitTest/bin/Debug/net8.0/UserService.UnitTest.dll" adapterTypeName="executor://xunit/VsTestRunner2/netcoreapp" className="UserService.UnitTest.Domain.UserTests" name="Usuario_QuandoContaBloqueada_DeveDefinirTempoBloqueio" />
    </UnitTest>
    <UnitTest name="UserService.UnitTest.Domain.UserTests.Usuario_QuandoOptInNewsletterDefinido_DeveSerVerdadeiro" storage="/users/diasbruno/documents/programacao/codigos/dotnet/bcommerce/backend/src/services/userservice/userservice.unittest/bin/debug/net8.0/userservice.unittest.dll" id="a6b1b7ac-423b-b64b-51be-ac14931efb88">
      <Execution id="57c78f21-34d7-4591-9939-731ab6a3b203" />
      <TestMethod codeBase="/Users/diasbruno/Documents/programacao/codigos/dotnet/bcommerce/backend/src/Services/UserService/UserService.UnitTest/bin/Debug/net8.0/UserService.UnitTest.dll" adapterTypeName="executor://xunit/VsTestRunner2/netcoreapp" className="UserService.UnitTest.Domain.UserTests" name="Usuario_QuandoOptInNewsletterDefinido_DeveSerVerdadeiro" />
    </UnitTest>
    <UnitTest name="UserService.UnitTest.Application.Dtos.Keycloak.LoginUserKeycloakTests.LoginUserKeycloak_ComCaracteresEspeciaisNoEmail_DevePermitirCriacao" storage="/users/diasbruno/documents/programacao/codigos/dotnet/bcommerce/backend/src/services/userservice/userservice.unittest/bin/debug/net8.0/userservice.unittest.dll" id="64e1aecb-9e30-c5d0-5a75-78b9e973ebdf">
      <Execution id="29486742-99a1-4c23-ac05-51b9bc9969df" />
      <TestMethod codeBase="/Users/diasbruno/Documents/programacao/codigos/dotnet/bcommerce/backend/src/Services/UserService/UserService.UnitTest/bin/Debug/net8.0/UserService.UnitTest.dll" adapterTypeName="executor://xunit/VsTestRunner2/netcoreapp" className="UserService.UnitTest.Application.Dtos.Keycloak.LoginUserKeycloakTests" name="LoginUserKeycloak_ComCaracteresEspeciaisNoEmail_DevePermitirCriacao" />
    </UnitTest>
    <UnitTest name="UserService.UnitTest.Domain.UserAddressExtensionsTests.ObterEnderecoFormatado_QuandoEstadoECidadeDiferentes_DeveRetornarFormatoCorreto" storage="/users/diasbruno/documents/programacao/codigos/dotnet/bcommerce/backend/src/services/userservice/userservice.unittest/bin/debug/net8.0/userservice.unittest.dll" id="1f3e13c8-fdf2-431b-6c82-bfa87b59881d">
      <Execution id="487fbefd-0f30-4813-b112-08f491babc9d" />
      <TestMethod codeBase="/Users/diasbruno/Documents/programacao/codigos/dotnet/bcommerce/backend/src/Services/UserService/UserService.UnitTest/bin/Debug/net8.0/UserService.UnitTest.dll" adapterTypeName="executor://xunit/VsTestRunner2/netcoreapp" className="UserService.UnitTest.Domain.UserAddressExtensionsTests" name="ObterEnderecoFormatado_QuandoEstadoECidadeDiferentes_DeveRetornarFormatoCorreto" />
    </UnitTest>
    <UnitTest name="UserService.UnitTest.Domain.UserTests.Usuario_QuandoEmailVerificado_DeveDefinirTempoVerificacao" storage="/users/diasbruno/documents/programacao/codigos/dotnet/bcommerce/backend/src/services/userservice/userservice.unittest/bin/debug/net8.0/userservice.unittest.dll" id="4d1201e1-a22a-3599-02cd-1e29c29de1df">
      <Execution id="710b5761-1405-4347-9d39-34160030fbf4" />
      <TestMethod codeBase="/Users/diasbruno/Documents/programacao/codigos/dotnet/bcommerce/backend/src/Services/UserService/UserService.UnitTest/bin/Debug/net8.0/UserService.UnitTest.dll" adapterTypeName="executor://xunit/VsTestRunner2/netcoreapp" className="UserService.UnitTest.Domain.UserTests" name="Usuario_QuandoEmailVerificado_DeveDefinirTempoVerificacao" />
    </UnitTest>
    <UnitTest name="UserService.UnitTest.Application.Commands.CreateUserCommandTests.CriarComando_ComEmailNulo_DevePermitirAtribuicao" storage="/users/diasbruno/documents/programacao/codigos/dotnet/bcommerce/backend/src/services/userservice/userservice.unittest/bin/debug/net8.0/userservice.unittest.dll" id="26079af3-3e3f-8f3b-a42e-328097e80d6a">
      <Execution id="6b1251b4-a0a2-41a5-89ff-51558a51659f" />
      <TestMethod codeBase="/Users/diasbruno/Documents/programacao/codigos/dotnet/bcommerce/backend/src/Services/UserService/UserService.UnitTest/bin/Debug/net8.0/UserService.UnitTest.dll" adapterTypeName="executor://xunit/VsTestRunner2/netcoreapp" className="UserService.UnitTest.Application.Commands.CreateUserCommandTests" name="CriarComando_ComEmailNulo_DevePermitirAtribuicao" />
    </UnitTest>
    <UnitTest name="UserService.UnitTest.Domain.UserExtensionsTests.ContaEstaBloqueada_QuandoBloqueioContaExpirado_DeveRetornarFalso" storage="/users/diasbruno/documents/programacao/codigos/dotnet/bcommerce/backend/src/services/userservice/userservice.unittest/bin/debug/net8.0/userservice.unittest.dll" id="d1d36e1b-6b66-412c-9ac8-f0b2dd2bf67a">
      <Execution id="a7185347-41d9-4c8b-b8f5-524675fb9fff" />
      <TestMethod codeBase="/Users/diasbruno/Documents/programacao/codigos/dotnet/bcommerce/backend/src/Services/UserService/UserService.UnitTest/bin/Debug/net8.0/UserService.UnitTest.dll" adapterTypeName="executor://xunit/VsTestRunner2/netcoreapp" className="UserService.UnitTest.Domain.UserExtensionsTests" name="ContaEstaBloqueada_QuandoBloqueioContaExpirado_DeveRetornarFalso" />
    </UnitTest>
    <UnitTest name="UserService.UnitTest.Application.Dtos.Responses.LoginUserResponseTests.LoginUserResponse_ComDiferentesCombinacoesDeDados_DeveDefinirPropriedadesCorretamente(accessToken: &quot;token_789&quot;, refreshToken: &quot;refresh_789&quot;, tokenType: &quot;JWT&quot;, expiresIn: 1800)" storage="/users/diasbruno/documents/programacao/codigos/dotnet/bcommerce/backend/src/services/userservice/userservice.unittest/bin/debug/net8.0/userservice.unittest.dll" id="aae218ae-567e-23fa-54aa-9977c35ea489">
      <Execution id="4d26a900-61c8-4160-8532-882c1fe935cf" />
      <TestMethod codeBase="/Users/diasbruno/Documents/programacao/codigos/dotnet/bcommerce/backend/src/Services/UserService/UserService.UnitTest/bin/Debug/net8.0/UserService.UnitTest.dll" adapterTypeName="executor://xunit/VsTestRunner2/netcoreapp" className="UserService.UnitTest.Application.Dtos.Responses.LoginUserResponseTests" name="LoginUserResponse_ComDiferentesCombinacoesDeDados_DeveDefinirPropriedadesCorretamente" />
    </UnitTest>
    <UnitTest name="UserService.UnitTest.Application.Dtos.Keycloak.CreateUserKeycloakTests.CreateUserKeycloak_ComSenhaVaziaOuEspacos_DevePermitirCriacao(password: &quot;&quot;)" storage="/users/diasbruno/documents/programacao/codigos/dotnet/bcommerce/backend/src/services/userservice/userservice.unittest/bin/debug/net8.0/userservice.unittest.dll" id="c9b85c87-edd6-fc28-1d79-33437f107ab8">
      <Execution id="d846bd9b-cabd-49c2-b775-eba2f86f5b4e" />
      <TestMethod codeBase="/Users/diasbruno/Documents/programacao/codigos/dotnet/bcommerce/backend/src/Services/UserService/UserService.UnitTest/bin/Debug/net8.0/UserService.UnitTest.dll" adapterTypeName="executor://xunit/VsTestRunner2/netcoreapp" className="UserService.UnitTest.Application.Dtos.Keycloak.CreateUserKeycloakTests" name="CreateUserKeycloak_ComSenhaVaziaOuEspacos_DevePermitirCriacao" />
    </UnitTest>
    <UnitTest name="UserService.UnitTest.Application.Dtos.Responses.LoginUserResponseTests.LoginUserResponse_ComValoresPadrao_DeveInicializarPropriedadesCorretamente" storage="/users/diasbruno/documents/programacao/codigos/dotnet/bcommerce/backend/src/services/userservice/userservice.unittest/bin/debug/net8.0/userservice.unittest.dll" id="090d0a31-3c26-6ead-5f5a-dd50f9b42ffc">
      <Execution id="aa33e3f7-c89f-4818-bb4c-0add985e1993" />
      <TestMethod codeBase="/Users/diasbruno/Documents/programacao/codigos/dotnet/bcommerce/backend/src/Services/UserService/UserService.UnitTest/bin/Debug/net8.0/UserService.UnitTest.dll" adapterTypeName="executor://xunit/VsTestRunner2/netcoreapp" className="UserService.UnitTest.Application.Dtos.Responses.LoginUserResponseTests" name="LoginUserResponse_ComValoresPadrao_DeveInicializarPropriedadesCorretamente" />
    </UnitTest>
    <UnitTest name="UserService.UnitTest.Application.Dtos.Requests.LoginUserRequestTests.LoginUserRequest_ComValoresPadrao_DeveInicializarPropriedadesCorretamente" storage="/users/diasbruno/documents/programacao/codigos/dotnet/bcommerce/backend/src/services/userservice/userservice.unittest/bin/debug/net8.0/userservice.unittest.dll" id="9c766e7e-ae27-4f8f-2f21-9970a9ba61fb">
      <Execution id="1456b7e0-27df-45ce-930c-3d9605e85a71" />
      <TestMethod codeBase="/Users/diasbruno/Documents/programacao/codigos/dotnet/bcommerce/backend/src/Services/UserService/UserService.UnitTest/bin/Debug/net8.0/UserService.UnitTest.dll" adapterTypeName="executor://xunit/VsTestRunner2/netcoreapp" className="UserService.UnitTest.Application.Dtos.Requests.LoginUserRequestTests" name="LoginUserRequest_ComValoresPadrao_DeveInicializarPropriedadesCorretamente" />
    </UnitTest>
    <UnitTest name="UserService.UnitTest.Application.Dtos.Requests.LoginUserRequestTests.LoginUserRequest_ComDiferentesCombinacoesDeDados_DeveDefinirPropriedadesCorretamente(email: &quot;test@example.com&quot;, password: &quot;password123&quot;)" storage="/users/diasbruno/documents/programacao/codigos/dotnet/bcommerce/backend/src/services/userservice/userservice.unittest/bin/debug/net8.0/userservice.unittest.dll" id="762466d0-457e-6010-61fb-66fa35b7091d">
      <Execution id="69df6356-37ba-49a5-9704-7ca27dd087af" />
      <TestMethod codeBase="/Users/diasbruno/Documents/programacao/codigos/dotnet/bcommerce/backend/src/Services/UserService/UserService.UnitTest/bin/Debug/net8.0/UserService.UnitTest.dll" adapterTypeName="executor://xunit/VsTestRunner2/netcoreapp" className="UserService.UnitTest.Application.Dtos.Requests.LoginUserRequestTests" name="LoginUserRequest_ComDiferentesCombinacoesDeDados_DeveDefinirPropriedadesCorretamente" />
    </UnitTest>
    <UnitTest name="UserService.UnitTest.Application.Dtos.Requests.CreateUserRequestTests.CreateUserRequest_ComDiferentesCombinacoesDeDados_DeveDefinirPropriedadesCorretamente(email: &quot;user@example.com&quot;, password: &quot;Password123!&quot;, firstName: &quot;João&quot;, lastName: &quot;Silva&quot;, newsletterOptIn: True)" storage="/users/diasbruno/documents/programacao/codigos/dotnet/bcommerce/backend/src/services/userservice/userservice.unittest/bin/debug/net8.0/userservice.unittest.dll" id="4aaa9357-1d22-5091-fa57-cbefdb70b12e">
      <Execution id="e70075c5-9e97-4ab8-bfac-758343b9ac99" />
      <TestMethod codeBase="/Users/diasbruno/Documents/programacao/codigos/dotnet/bcommerce/backend/src/Services/UserService/UserService.UnitTest/bin/Debug/net8.0/UserService.UnitTest.dll" adapterTypeName="executor://xunit/VsTestRunner2/netcoreapp" className="UserService.UnitTest.Application.Dtos.Requests.CreateUserRequestTests" name="CreateUserRequest_ComDiferentesCombinacoesDeDados_DeveDefinirPropriedadesCorretamente" />
    </UnitTest>
    <UnitTest name="UserService.UnitTest.Domain.UserExtensionsTests.ObterNomeCompleto_QuandoApenasUltimoNome_DeveRetornarUltimoNomeLimpo" storage="/users/diasbruno/documents/programacao/codigos/dotnet/bcommerce/backend/src/services/userservice/userservice.unittest/bin/debug/net8.0/userservice.unittest.dll" id="c755b11b-f466-4e23-50af-e38908de93f6">
      <Execution id="3b2aca58-e440-4de1-9385-7923be348add" />
      <TestMethod codeBase="/Users/diasbruno/Documents/programacao/codigos/dotnet/bcommerce/backend/src/Services/UserService/UserService.UnitTest/bin/Debug/net8.0/UserService.UnitTest.dll" adapterTypeName="executor://xunit/VsTestRunner2/netcoreapp" className="UserService.UnitTest.Domain.UserExtensionsTests" name="ObterNomeCompleto_QuandoApenasUltimoNome_DeveRetornarUltimoNomeLimpo" />
    </UnitTest>
    <UnitTest name="UserService.UnitTest.Application.Dtos.Keycloak.LoginUserKeycloakTests.LoginUserKeycloak_ComEmailsComDominiosVariados_DevePermitirCriacao" storage="/users/diasbruno/documents/programacao/codigos/dotnet/bcommerce/backend/src/services/userservice/userservice.unittest/bin/debug/net8.0/userservice.unittest.dll" id="fb4e8043-1be8-a3b6-ace5-e1812c7d0171">
      <Execution id="7fe69379-e228-4f6b-acc9-842034cb8788" />
      <TestMethod codeBase="/Users/diasbruno/Documents/programacao/codigos/dotnet/bcommerce/backend/src/Services/UserService/UserService.UnitTest/bin/Debug/net8.0/UserService.UnitTest.dll" adapterTypeName="executor://xunit/VsTestRunner2/netcoreapp" className="UserService.UnitTest.Application.Dtos.Keycloak.LoginUserKeycloakTests" name="LoginUserKeycloak_ComEmailsComDominiosVariados_DevePermitirCriacao" />
    </UnitTest>
    <UnitTest name="UserService.UnitTest.Application.Services.PasswordEncripterTests.VerifyPassword_ComDiferentesCombinacoes_DeveRetornarResultadoCorreto(originalPassword: &quot;MinhaSenh@123&quot;, testPassword: &quot;MinhaSenh@123&quot;, expectedResult: True)" storage="/users/diasbruno/documents/programacao/codigos/dotnet/bcommerce/backend/src/services/userservice/userservice.unittest/bin/debug/net8.0/userservice.unittest.dll" id="ad5f916d-7de8-7fad-1705-26caca99041f">
      <Execution id="6901c042-62b4-4f21-8256-0d1221891749" />
      <TestMethod codeBase="/Users/diasbruno/Documents/programacao/codigos/dotnet/bcommerce/backend/src/Services/UserService/UserService.UnitTest/bin/Debug/net8.0/UserService.UnitTest.dll" adapterTypeName="executor://xunit/VsTestRunner2/netcoreapp" className="UserService.UnitTest.Application.Services.PasswordEncripterTests" name="VerifyPassword_ComDiferentesCombinacoes_DeveRetornarResultadoCorreto" />
    </UnitTest>
    <UnitTest name="UserService.UnitTest.Application.Commands.CreateUserCommandHandlerTests.Handle_ComDiferentesNomes_DeveCriarUsuarioCorretamente(firstName: &quot;Pedro&quot;, lastName: &quot;Oliveira&quot;, email: &quot;pedro@exemplo.com&quot;)" storage="/users/diasbruno/documents/programacao/codigos/dotnet/bcommerce/backend/src/services/userservice/userservice.unittest/bin/debug/net8.0/userservice.unittest.dll" id="0ba21bfd-2612-6a9e-d512-e76f7cdd53a9">
      <Execution id="d582fa9c-eb94-45a6-a1ea-7d1c3ec0cef7" />
      <TestMethod codeBase="/Users/diasbruno/Documents/programacao/codigos/dotnet/bcommerce/backend/src/Services/UserService/UserService.UnitTest/bin/Debug/net8.0/UserService.UnitTest.dll" adapterTypeName="executor://xunit/VsTestRunner2/netcoreapp" className="UserService.UnitTest.Application.Commands.CreateUserCommandHandlerTests" name="Handle_ComDiferentesNomes_DeveCriarUsuarioCorretamente" />
    </UnitTest>
    <UnitTest name="UserService.UnitTest.Application.Dtos.Responses.LoginUserResponseTests.LoginUserResponse_ComTodosValoresVazios_DevePermitirAtribuicao" storage="/users/diasbruno/documents/programacao/codigos/dotnet/bcommerce/backend/src/services/userservice/userservice.unittest/bin/debug/net8.0/userservice.unittest.dll" id="2d6ddca9-e5c9-26e1-c1f8-c0aa5e28dd96">
      <Execution id="b0404657-f6f0-4a88-bfde-0a872d74edb4" />
      <TestMethod codeBase="/Users/diasbruno/Documents/programacao/codigos/dotnet/bcommerce/backend/src/Services/UserService/UserService.UnitTest/bin/Debug/net8.0/UserService.UnitTest.dll" adapterTypeName="executor://xunit/VsTestRunner2/netcoreapp" className="UserService.UnitTest.Application.Dtos.Responses.LoginUserResponseTests" name="LoginUserResponse_ComTodosValoresVazios_DevePermitirAtribuicao" />
    </UnitTest>
    <UnitTest name="UserService.UnitTest.Domain.UserTests.Usuario_QuandoTelefoneDefinido_DeveAceitarFormatoValido" storage="/users/diasbruno/documents/programacao/codigos/dotnet/bcommerce/backend/src/services/userservice/userservice.unittest/bin/debug/net8.0/userservice.unittest.dll" id="9587565c-e707-a92a-0a82-b6d084a96cdd">
      <Execution id="724e1592-16eb-440c-a3b4-9943ce22a874" />
      <TestMethod codeBase="/Users/diasbruno/Documents/programacao/codigos/dotnet/bcommerce/backend/src/Services/UserService/UserService.UnitTest/bin/Debug/net8.0/UserService.UnitTest.dll" adapterTypeName="executor://xunit/VsTestRunner2/netcoreapp" className="UserService.UnitTest.Domain.UserTests" name="Usuario_QuandoTelefoneDefinido_DeveAceitarFormatoValido" />
    </UnitTest>
    <UnitTest name="UserService.UnitTest.Application.Dtos.Requests.LoginUserRequestTests.LoginUserRequest_ComEmailVazioOuEspacos_DevePermitirAtribuicao(email: &quot;   &quot;)" storage="/users/diasbruno/documents/programacao/codigos/dotnet/bcommerce/backend/src/services/userservice/userservice.unittest/bin/debug/net8.0/userservice.unittest.dll" id="7edfa15f-a405-492f-f256-aeeef35b1c52">
      <Execution id="1566f3ea-94ae-4e05-98f5-e76d39e2f2b8" />
      <TestMethod codeBase="/Users/diasbruno/Documents/programacao/codigos/dotnet/bcommerce/backend/src/Services/UserService/UserService.UnitTest/bin/Debug/net8.0/UserService.UnitTest.dll" adapterTypeName="executor://xunit/VsTestRunner2/netcoreapp" className="UserService.UnitTest.Application.Dtos.Requests.LoginUserRequestTests" name="LoginUserRequest_ComEmailVazioOuEspacos_DevePermitirAtribuicao" />
    </UnitTest>
    <UnitTest name="UserService.UnitTest.Application.Dtos.Responses.LoginUserResponseTests.LoginUserResponse_ComTokenTypeVazioOuEspacos_DevePermitirAtribuicao(tokenType: &quot; &quot;)" storage="/users/diasbruno/documents/programacao/codigos/dotnet/bcommerce/backend/src/services/userservice/userservice.unittest/bin/debug/net8.0/userservice.unittest.dll" id="c6a80189-81d8-ce21-9aeb-1becdbf04d47">
      <Execution id="e48e8a76-633a-4618-828c-4c1218d5f445" />
      <TestMethod codeBase="/Users/diasbruno/Documents/programacao/codigos/dotnet/bcommerce/backend/src/Services/UserService/UserService.UnitTest/bin/Debug/net8.0/UserService.UnitTest.dll" adapterTypeName="executor://xunit/VsTestRunner2/netcoreapp" className="UserService.UnitTest.Application.Dtos.Responses.LoginUserResponseTests" name="LoginUserResponse_ComTokenTypeVazioOuEspacos_DevePermitirAtribuicao" />
    </UnitTest>
    <UnitTest name="UserService.UnitTest.Application.Services.PasswordEncripterTests.VerifyPassword_ComDiferentesCombinacoes_DeveRetornarResultadoCorreto(originalPassword: &quot;P@ssw0rd!&quot;, testPassword: &quot;P@ssw0rd!&quot;, expectedResult: True)" storage="/users/diasbruno/documents/programacao/codigos/dotnet/bcommerce/backend/src/services/userservice/userservice.unittest/bin/debug/net8.0/userservice.unittest.dll" id="43b820b7-5647-d132-d063-6da9f9b3371e">
      <Execution id="d5a7c836-f3f1-4560-8464-4aa43d574991" />
      <TestMethod codeBase="/Users/diasbruno/Documents/programacao/codigos/dotnet/bcommerce/backend/src/Services/UserService/UserService.UnitTest/bin/Debug/net8.0/UserService.UnitTest.dll" adapterTypeName="executor://xunit/VsTestRunner2/netcoreapp" className="UserService.UnitTest.Application.Services.PasswordEncripterTests" name="VerifyPassword_ComDiferentesCombinacoes_DeveRetornarResultadoCorreto" />
    </UnitTest>
    <UnitTest name="UserService.UnitTest.Application.Commands.LoginUserCommandHandlerTests.Handle_ComDiferentesCredenciais_DeveProcessarCorretamente(email: &quot;usuario2@teste.com&quot;, password: &quot;OutraSenh@456&quot;)" storage="/users/diasbruno/documents/programacao/codigos/dotnet/bcommerce/backend/src/services/userservice/userservice.unittest/bin/debug/net8.0/userservice.unittest.dll" id="8a8ab9a9-624d-93c7-93fa-9953d8835bdd">
      <Execution id="a9734cc4-f35c-4769-9a7b-8cb08c6c3fa3" />
      <TestMethod codeBase="/Users/diasbruno/Documents/programacao/codigos/dotnet/bcommerce/backend/src/Services/UserService/UserService.UnitTest/bin/Debug/net8.0/UserService.UnitTest.dll" adapterTypeName="executor://xunit/VsTestRunner2/netcoreapp" className="UserService.UnitTest.Application.Commands.LoginUserCommandHandlerTests" name="Handle_ComDiferentesCredenciais_DeveProcessarCorretamente" />
    </UnitTest>
    <UnitTest name="UserService.UnitTest.Domain.UserTests.Usuario_QuandoEmailDefinido_DeveAceitarFormatosValidos(email: &quot;test+tag@example.org&quot;)" storage="/users/diasbruno/documents/programacao/codigos/dotnet/bcommerce/backend/src/services/userservice/userservice.unittest/bin/debug/net8.0/userservice.unittest.dll" id="4a0fee84-a0e9-6e91-946c-e3024a3d1804">
      <Execution id="f1e68d82-b252-4fb1-a8e5-003f94b00bd0" />
      <TestMethod codeBase="/Users/diasbruno/Documents/programacao/codigos/dotnet/bcommerce/backend/src/Services/UserService/UserService.UnitTest/bin/Debug/net8.0/UserService.UnitTest.dll" adapterTypeName="executor://xunit/VsTestRunner2/netcoreapp" className="UserService.UnitTest.Domain.UserTests" name="Usuario_QuandoEmailDefinido_DeveAceitarFormatosValidos" />
    </UnitTest>
    <UnitTest name="UserService.UnitTest.Application.Dtos.Responses.LoginUserResponseTests.LoginUserResponse_ComDiferentesTiposDeToken_DevePermitirAtribuicao(tokenType: &quot;Bearer&quot;)" storage="/users/diasbruno/documents/programacao/codigos/dotnet/bcommerce/backend/src/services/userservice/userservice.unittest/bin/debug/net8.0/userservice.unittest.dll" id="12b0a882-1523-5493-37d9-a3daeaab53d7">
      <Execution id="ef5f2b72-4d2e-4460-9628-47ee01958469" />
      <TestMethod codeBase="/Users/diasbruno/Documents/programacao/codigos/dotnet/bcommerce/backend/src/Services/UserService/UserService.UnitTest/bin/Debug/net8.0/UserService.UnitTest.dll" adapterTypeName="executor://xunit/VsTestRunner2/netcoreapp" className="UserService.UnitTest.Application.Dtos.Responses.LoginUserResponseTests" name="LoginUserResponse_ComDiferentesTiposDeToken_DevePermitirAtribuicao" />
    </UnitTest>
    <UnitTest name="UserService.UnitTest.Application.Dtos.Responses.LoginUserResponseTests.LoginUserResponse_ComDadosValidos_DeveDefinirPropriedadesCorretamente" storage="/users/diasbruno/documents/programacao/codigos/dotnet/bcommerce/backend/src/services/userservice/userservice.unittest/bin/debug/net8.0/userservice.unittest.dll" id="f601ccbc-f153-73b7-b905-98210b7bdf42">
      <Execution id="b6d64829-6ce7-4cce-980e-9d91a17fad29" />
      <TestMethod codeBase="/Users/diasbruno/Documents/programacao/codigos/dotnet/bcommerce/backend/src/Services/UserService/UserService.UnitTest/bin/Debug/net8.0/UserService.UnitTest.dll" adapterTypeName="executor://xunit/VsTestRunner2/netcoreapp" className="UserService.UnitTest.Application.Dtos.Responses.LoginUserResponseTests" name="LoginUserResponse_ComDadosValidos_DeveDefinirPropriedadesCorretamente" />
    </UnitTest>
    <UnitTest name="UserService.UnitTest.Domain.UserExtensionsTests.ObterNomeCompleto_QuandoApenasPrimeiroNome_DeveRetornarPrimeiroNomeLimpo" storage="/users/diasbruno/documents/programacao/codigos/dotnet/bcommerce/backend/src/services/userservice/userservice.unittest/bin/debug/net8.0/userservice.unittest.dll" id="1971d78d-d90b-8b5b-2193-80ba0ab46f86">
      <Execution id="a5c57d1d-05e7-439f-9361-a516bbffa977" />
      <TestMethod codeBase="/Users/diasbruno/Documents/programacao/codigos/dotnet/bcommerce/backend/src/Services/UserService/UserService.UnitTest/bin/Debug/net8.0/UserService.UnitTest.dll" adapterTypeName="executor://xunit/VsTestRunner2/netcoreapp" className="UserService.UnitTest.Domain.UserExtensionsTests" name="ObterNomeCompleto_QuandoApenasPrimeiroNome_DeveRetornarPrimeiroNomeLimpo" />
    </UnitTest>
    <UnitTest name="UserService.UnitTest.Domain.UserTests.Usuario_QuandoOptInNewsletterNaoDefinido_DeveSerFalso" storage="/users/diasbruno/documents/programacao/codigos/dotnet/bcommerce/backend/src/services/userservice/userservice.unittest/bin/debug/net8.0/userservice.unittest.dll" id="9040559d-3d05-8a7d-2668-cc2dfe090132">
      <Execution id="49c08ebd-4544-4313-bcc8-36b9557b7c02" />
      <TestMethod codeBase="/Users/diasbruno/Documents/programacao/codigos/dotnet/bcommerce/backend/src/Services/UserService/UserService.UnitTest/bin/Debug/net8.0/UserService.UnitTest.dll" adapterTypeName="executor://xunit/VsTestRunner2/netcoreapp" className="UserService.UnitTest.Domain.UserTests" name="Usuario_QuandoOptInNewsletterNaoDefinido_DeveSerFalso" />
    </UnitTest>
    <UnitTest name="UserService.UnitTest.Application.Dtos.Responses.LoginUserResponseTests.LoginUserResponse_ComRefreshTokenVazioOuEspacos_DevePermitirAtribuicao(refreshToken: &quot; &quot;)" storage="/users/diasbruno/documents/programacao/codigos/dotnet/bcommerce/backend/src/services/userservice/userservice.unittest/bin/debug/net8.0/userservice.unittest.dll" id="0c3f05e8-f904-c7ee-3d10-d355752717ad">
      <Execution id="b828406a-926f-47f4-9ba7-77df242db85e" />
      <TestMethod codeBase="/Users/diasbruno/Documents/programacao/codigos/dotnet/bcommerce/backend/src/Services/UserService/UserService.UnitTest/bin/Debug/net8.0/UserService.UnitTest.dll" adapterTypeName="executor://xunit/VsTestRunner2/netcoreapp" className="UserService.UnitTest.Application.Dtos.Responses.LoginUserResponseTests" name="LoginUserResponse_ComRefreshTokenVazioOuEspacos_DevePermitirAtribuicao" />
    </UnitTest>
    <UnitTest name="UserService.UnitTest.Domain.UserTests.Usuario_QuandoCriadoComDadosValidos_DeveDefinirPropriedadesCorretamente" storage="/users/diasbruno/documents/programacao/codigos/dotnet/bcommerce/backend/src/services/userservice/userservice.unittest/bin/debug/net8.0/userservice.unittest.dll" id="1b308ed0-4249-aeaf-a5c6-a42fc7e35ef2">
      <Execution id="e2bda33c-2cc4-49f5-ada7-25896aa6d614" />
      <TestMethod codeBase="/Users/diasbruno/Documents/programacao/codigos/dotnet/bcommerce/backend/src/Services/UserService/UserService.UnitTest/bin/Debug/net8.0/UserService.UnitTest.dll" adapterTypeName="executor://xunit/VsTestRunner2/netcoreapp" className="UserService.UnitTest.Domain.UserTests" name="Usuario_QuandoCriadoComDadosValidos_DeveDefinirPropriedadesCorretamente" />
    </UnitTest>
    <UnitTest name="UserService.UnitTest.Application.Commands.LoginUserCommandTests.CriarComando_ComEmailVazio_DevePermitirAtribuicao" storage="/users/diasbruno/documents/programacao/codigos/dotnet/bcommerce/backend/src/services/userservice/userservice.unittest/bin/debug/net8.0/userservice.unittest.dll" id="68cdc102-0b78-aded-7650-e7456cd3fc45">
      <Execution id="5b665392-e5ad-4371-8ff0-c79419398a83" />
      <TestMethod codeBase="/Users/diasbruno/Documents/programacao/codigos/dotnet/bcommerce/backend/src/Services/UserService/UserService.UnitTest/bin/Debug/net8.0/UserService.UnitTest.dll" adapterTypeName="executor://xunit/VsTestRunner2/netcoreapp" className="UserService.UnitTest.Application.Commands.LoginUserCommandTests" name="CriarComando_ComEmailVazio_DevePermitirAtribuicao" />
    </UnitTest>
    <UnitTest name="UserService.UnitTest.Application.Services.PasswordEncripterTests.VerifyPassword_ComSenhaNula_DeveLancarExcecao" storage="/users/diasbruno/documents/programacao/codigos/dotnet/bcommerce/backend/src/services/userservice/userservice.unittest/bin/debug/net8.0/userservice.unittest.dll" id="f1dfa061-45cf-ad83-4ed2-9af27658c2d2">
      <Execution id="c530612f-0c8d-4540-b226-a8b506ec0a31" />
      <TestMethod codeBase="/Users/diasbruno/Documents/programacao/codigos/dotnet/bcommerce/backend/src/Services/UserService/UserService.UnitTest/bin/Debug/net8.0/UserService.UnitTest.dll" adapterTypeName="executor://xunit/VsTestRunner2/netcoreapp" className="UserService.UnitTest.Application.Services.PasswordEncripterTests" name="VerifyPassword_ComSenhaNula_DeveLancarExcecao" />
    </UnitTest>
    <UnitTest name="UserService.UnitTest.Application.Dtos.Keycloak.LoginUserKeycloakTests.LoginUserKeycloak_ComSenhaNula_DevePermitirCriacao" storage="/users/diasbruno/documents/programacao/codigos/dotnet/bcommerce/backend/src/services/userservice/userservice.unittest/bin/debug/net8.0/userservice.unittest.dll" id="0c48391f-be0c-8965-413f-2e78d8b8e6c2">
      <Execution id="32a335b9-d0cf-47fb-b777-fc0724e203e6" />
      <TestMethod codeBase="/Users/diasbruno/Documents/programacao/codigos/dotnet/bcommerce/backend/src/Services/UserService/UserService.UnitTest/bin/Debug/net8.0/UserService.UnitTest.dll" adapterTypeName="executor://xunit/VsTestRunner2/netcoreapp" className="UserService.UnitTest.Application.Dtos.Keycloak.LoginUserKeycloakTests" name="LoginUserKeycloak_ComSenhaNula_DevePermitirCriacao" />
    </UnitTest>
    <UnitTest name="UserService.UnitTest.Application.Dtos.Keycloak.CreateUserKeycloakTests.CreateUserKeycloak_ComSobrenomeVazioOuEspacos_DevePermitirCriacao(lastName: &quot;   &quot;)" storage="/users/diasbruno/documents/programacao/codigos/dotnet/bcommerce/backend/src/services/userservice/userservice.unittest/bin/debug/net8.0/userservice.unittest.dll" id="388b6e0c-13dd-b7a5-2fc2-3731d54c42f3">
      <Execution id="4ecae461-b486-4b11-83f3-df576fbecc70" />
      <TestMethod codeBase="/Users/diasbruno/Documents/programacao/codigos/dotnet/bcommerce/backend/src/Services/UserService/UserService.UnitTest/bin/Debug/net8.0/UserService.UnitTest.dll" adapterTypeName="executor://xunit/VsTestRunner2/netcoreapp" className="UserService.UnitTest.Application.Dtos.Keycloak.CreateUserKeycloakTests" name="CreateUserKeycloak_ComSobrenomeVazioOuEspacos_DevePermitirCriacao" />
    </UnitTest>
    <UnitTest name="UserService.UnitTest.Application.Commands.CreateUserCommandTests.CriarComando_ComDadosValidos_DeveDefinirPropriedadesCorretamente" storage="/users/diasbruno/documents/programacao/codigos/dotnet/bcommerce/backend/src/services/userservice/userservice.unittest/bin/debug/net8.0/userservice.unittest.dll" id="b624b957-033e-f1f6-e698-ab5559eeeca7">
      <Execution id="fe211b2d-811c-4755-bb18-4bb03d3eb7a4" />
      <TestMethod codeBase="/Users/diasbruno/Documents/programacao/codigos/dotnet/bcommerce/backend/src/Services/UserService/UserService.UnitTest/bin/Debug/net8.0/UserService.UnitTest.dll" adapterTypeName="executor://xunit/VsTestRunner2/netcoreapp" className="UserService.UnitTest.Application.Commands.CreateUserCommandTests" name="CriarComando_ComDadosValidos_DeveDefinirPropriedadesCorretamente" />
    </UnitTest>
    <UnitTest name="UserService.UnitTest.Application.Commands.CreateUserCommandTests.CriarComando_ComDiferentesCombinacoes_DeveDefinirPropriedadesCorretamente(firstName: &quot;Pedro&quot;, lastName: &quot;Oliveira&quot;, email: &quot;pedro@exemplo.com&quot;, password: &quot;MinhaSenh@789&quot;, newsletterOptIn: True)" storage="/users/diasbruno/documents/programacao/codigos/dotnet/bcommerce/backend/src/services/userservice/userservice.unittest/bin/debug/net8.0/userservice.unittest.dll" id="87e23f8d-e70f-363d-9c8c-54c8a64e43d4">
      <Execution id="4d8e178b-d05e-47e9-8b3d-9389d0c31bef" />
      <TestMethod codeBase="/Users/diasbruno/Documents/programacao/codigos/dotnet/bcommerce/backend/src/Services/UserService/UserService.UnitTest/bin/Debug/net8.0/UserService.UnitTest.dll" adapterTypeName="executor://xunit/VsTestRunner2/netcoreapp" className="UserService.UnitTest.Application.Commands.CreateUserCommandTests" name="CriarComando_ComDiferentesCombinacoes_DeveDefinirPropriedadesCorretamente" />
    </UnitTest>
    <UnitTest name="UserService.UnitTest.Application.Dtos.Keycloak.CreateUserKeycloakTests.CreateUserKeycloak_ComDiferentesValoresEnabled_DeveDefinirCorretamente(enabled: False)" storage="/users/diasbruno/documents/programacao/codigos/dotnet/bcommerce/backend/src/services/userservice/userservice.unittest/bin/debug/net8.0/userservice.unittest.dll" id="e33addc7-21b5-57ef-72f7-0fff7fcb126d">
      <Execution id="02860198-da7c-4153-950e-e3e8565f54f7" />
      <TestMethod codeBase="/Users/diasbruno/Documents/programacao/codigos/dotnet/bcommerce/backend/src/Services/UserService/UserService.UnitTest/bin/Debug/net8.0/UserService.UnitTest.dll" adapterTypeName="executor://xunit/VsTestRunner2/netcoreapp" className="UserService.UnitTest.Application.Dtos.Keycloak.CreateUserKeycloakTests" name="CreateUserKeycloak_ComDiferentesValoresEnabled_DeveDefinirCorretamente" />
    </UnitTest>
    <UnitTest name="UserService.UnitTest.Application.Dtos.Keycloak.CreateUserKeycloakTests.CreateUserKeycloak_ComSobrenomeNulo_DevePermitirCriacao" storage="/users/diasbruno/documents/programacao/codigos/dotnet/bcommerce/backend/src/services/userservice/userservice.unittest/bin/debug/net8.0/userservice.unittest.dll" id="ed8fd7b5-fd68-aba1-5990-e3b2c6e291bd">
      <Execution id="99e82a1a-4961-49b1-898f-17a5a8706ac3" />
      <TestMethod codeBase="/Users/diasbruno/Documents/programacao/codigos/dotnet/bcommerce/backend/src/Services/UserService/UserService.UnitTest/bin/Debug/net8.0/UserService.UnitTest.dll" adapterTypeName="executor://xunit/VsTestRunner2/netcoreapp" className="UserService.UnitTest.Application.Dtos.Keycloak.CreateUserKeycloakTests" name="CreateUserKeycloak_ComSobrenomeNulo_DevePermitirCriacao" />
    </UnitTest>
    <UnitTest name="UserService.UnitTest.Application.Dtos.Keycloak.CreateUserKeycloakTests.CreateUserKeycloak_ComNomesComCaracteresEspeciais_DevePermitirCriacao" storage="/users/diasbruno/documents/programacao/codigos/dotnet/bcommerce/backend/src/services/userservice/userservice.unittest/bin/debug/net8.0/userservice.unittest.dll" id="c4988668-44b7-6e24-5ea0-95fef931415f">
      <Execution id="112b6690-19ff-4dd5-af0f-21bda47537ca" />
      <TestMethod codeBase="/Users/diasbruno/Documents/programacao/codigos/dotnet/bcommerce/backend/src/Services/UserService/UserService.UnitTest/bin/Debug/net8.0/UserService.UnitTest.dll" adapterTypeName="executor://xunit/VsTestRunner2/netcoreapp" className="UserService.UnitTest.Application.Dtos.Keycloak.CreateUserKeycloakTests" name="CreateUserKeycloak_ComNomesComCaracteresEspeciais_DevePermitirCriacao" />
    </UnitTest>
    <UnitTest name="UserService.UnitTest.Application.Services.PasswordEncripterTests.EncryptPassword_ComDiferentesSenhas_DeveRetornarHashesValidos(password: &quot;senha123&quot;)" storage="/users/diasbruno/documents/programacao/codigos/dotnet/bcommerce/backend/src/services/userservice/userservice.unittest/bin/debug/net8.0/userservice.unittest.dll" id="d07ea7a5-c866-35f6-fba6-bbeb61c2cbd4">
      <Execution id="6cf86e10-d210-4556-853f-60c284025692" />
      <TestMethod codeBase="/Users/diasbruno/Documents/programacao/codigos/dotnet/bcommerce/backend/src/Services/UserService/UserService.UnitTest/bin/Debug/net8.0/UserService.UnitTest.dll" adapterTypeName="executor://xunit/VsTestRunner2/netcoreapp" className="UserService.UnitTest.Application.Services.PasswordEncripterTests" name="EncryptPassword_ComDiferentesSenhas_DeveRetornarHashesValidos" />
    </UnitTest>
    <UnitTest name="UserService.UnitTest.Application.Commands.LoginUserCommandTests.CriarComando_ComEmailNulo_DevePermitirAtribuicao" storage="/users/diasbruno/documents/programacao/codigos/dotnet/bcommerce/backend/src/services/userservice/userservice.unittest/bin/debug/net8.0/userservice.unittest.dll" id="cedc76c1-a4d8-b8aa-f434-d87082eaf67b">
      <Execution id="836de471-1a06-4702-b67f-cd61730add11" />
      <TestMethod codeBase="/Users/diasbruno/Documents/programacao/codigos/dotnet/bcommerce/backend/src/Services/UserService/UserService.UnitTest/bin/Debug/net8.0/UserService.UnitTest.dll" adapterTypeName="executor://xunit/VsTestRunner2/netcoreapp" className="UserService.UnitTest.Application.Commands.LoginUserCommandTests" name="CriarComando_ComEmailNulo_DevePermitirAtribuicao" />
    </UnitTest>
    <UnitTest name="UserService.UnitTest.Application.Commands.LoginUserCommandHandlerTests.Handle_ComCredenciaisValidas_DeveRetornarTokenComSucesso" storage="/users/diasbruno/documents/programacao/codigos/dotnet/bcommerce/backend/src/services/userservice/userservice.unittest/bin/debug/net8.0/userservice.unittest.dll" id="f2e7343d-6d78-f1e1-176c-353e3e9faddd">
      <Execution id="96af917f-6d5d-481a-8a8f-be5cfb5549ca" />
      <TestMethod codeBase="/Users/diasbruno/Documents/programacao/codigos/dotnet/bcommerce/backend/src/Services/UserService/UserService.UnitTest/bin/Debug/net8.0/UserService.UnitTest.dll" adapterTypeName="executor://xunit/VsTestRunner2/netcoreapp" className="UserService.UnitTest.Application.Commands.LoginUserCommandHandlerTests" name="Handle_ComCredenciaisValidas_DeveRetornarTokenComSucesso" />
    </UnitTest>
    <UnitTest name="UserService.UnitTest.Application.Dtos.Keycloak.LoginUserKeycloakTests.LoginUserKeycloak_ComTodosValoresVazios_DevePermitirCriacao" storage="/users/diasbruno/documents/programacao/codigos/dotnet/bcommerce/backend/src/services/userservice/userservice.unittest/bin/debug/net8.0/userservice.unittest.dll" id="7eae36c3-ee24-af2b-4dea-08e2bb1fce66">
      <Execution id="ad80516e-a4f4-4ab3-bf1b-c71203789b67" />
      <TestMethod codeBase="/Users/diasbruno/Documents/programacao/codigos/dotnet/bcommerce/backend/src/Services/UserService/UserService.UnitTest/bin/Debug/net8.0/UserService.UnitTest.dll" adapterTypeName="executor://xunit/VsTestRunner2/netcoreapp" className="UserService.UnitTest.Application.Dtos.Keycloak.LoginUserKeycloakTests" name="LoginUserKeycloak_ComTodosValoresVazios_DevePermitirCriacao" />
    </UnitTest>
    <UnitTest name="UserService.UnitTest.Application.Dtos.Keycloak.CreateUserKeycloakTests.CreateUserKeycloak_ComNomeVazioOuEspacos_DevePermitirCriacao(firstName: &quot;   &quot;)" storage="/users/diasbruno/documents/programacao/codigos/dotnet/bcommerce/backend/src/services/userservice/userservice.unittest/bin/debug/net8.0/userservice.unittest.dll" id="dfffac1e-78f0-5445-18b0-a7609894571f">
      <Execution id="28bee9bc-81a1-4876-8281-da2c309e3d1a" />
      <TestMethod codeBase="/Users/diasbruno/Documents/programacao/codigos/dotnet/bcommerce/backend/src/Services/UserService/UserService.UnitTest/bin/Debug/net8.0/UserService.UnitTest.dll" adapterTypeName="executor://xunit/VsTestRunner2/netcoreapp" className="UserService.UnitTest.Application.Dtos.Keycloak.CreateUserKeycloakTests" name="CreateUserKeycloak_ComNomeVazioOuEspacos_DevePermitirCriacao" />
    </UnitTest>
    <UnitTest name="UserService.UnitTest.Application.Dtos.Responses.LoginUserResponseTests.LoginUserResponse_ComTokensJWT_DevePermitirAtribuicao" storage="/users/diasbruno/documents/programacao/codigos/dotnet/bcommerce/backend/src/services/userservice/userservice.unittest/bin/debug/net8.0/userservice.unittest.dll" id="fc3482e3-2884-5135-2840-da422505e3a5">
      <Execution id="b5de597f-07fa-4a20-9bc7-28efd6606a4f" />
      <TestMethod codeBase="/Users/diasbruno/Documents/programacao/codigos/dotnet/bcommerce/backend/src/Services/UserService/UserService.UnitTest/bin/Debug/net8.0/UserService.UnitTest.dll" adapterTypeName="executor://xunit/VsTestRunner2/netcoreapp" className="UserService.UnitTest.Application.Dtos.Responses.LoginUserResponseTests" name="LoginUserResponse_ComTokensJWT_DevePermitirAtribuicao" />
    </UnitTest>
    <UnitTest name="UserService.UnitTest.Domain.UserTests.Usuario_QuandoEmailDefinido_DeveAceitarFormatosValidos(email: &quot;test@email.com&quot;)" storage="/users/diasbruno/documents/programacao/codigos/dotnet/bcommerce/backend/src/services/userservice/userservice.unittest/bin/debug/net8.0/userservice.unittest.dll" id="d73eb999-7432-4af9-c8e2-b1ec06fbd0ba">
      <Execution id="c761ddea-e8fc-4393-a013-d48e8e037a6b" />
      <TestMethod codeBase="/Users/diasbruno/Documents/programacao/codigos/dotnet/bcommerce/backend/src/Services/UserService/UserService.UnitTest/bin/Debug/net8.0/UserService.UnitTest.dll" adapterTypeName="executor://xunit/VsTestRunner2/netcoreapp" className="UserService.UnitTest.Domain.UserTests" name="Usuario_QuandoEmailDefinido_DeveAceitarFormatosValidos" />
    </UnitTest>
    <UnitTest name="UserService.UnitTest.Application.Services.KeycloakServiceTests.LoginAsync_ComCredenciaisValidas_DeveRetornarToken" storage="/users/diasbruno/documents/programacao/codigos/dotnet/bcommerce/backend/src/services/userservice/userservice.unittest/bin/debug/net8.0/userservice.unittest.dll" id="b05efab7-1ebd-bef8-6ba5-abf4e1e5530e">
      <Execution id="70b0d699-6b55-4762-9376-ebf173b1dcf8" />
      <TestMethod codeBase="/Users/diasbruno/Documents/programacao/codigos/dotnet/bcommerce/backend/src/Services/UserService/UserService.UnitTest/bin/Debug/net8.0/UserService.UnitTest.dll" adapterTypeName="executor://xunit/VsTestRunner2/netcoreapp" className="UserService.UnitTest.Application.Services.KeycloakServiceTests" name="LoginAsync_ComCredenciaisValidas_DeveRetornarToken" />
    </UnitTest>
    <UnitTest name="UserService.UnitTest.Application.Services.PasswordEncripterTests.VerifyPassword_ComDiferentesCombinacoes_DeveRetornarResultadoCorreto(originalPassword: &quot;senha123&quot;, testPassword: &quot;senha123&quot;, expectedResult: True)" storage="/users/diasbruno/documents/programacao/codigos/dotnet/bcommerce/backend/src/services/userservice/userservice.unittest/bin/debug/net8.0/userservice.unittest.dll" id="742be29e-54ad-e490-38da-22b62f24307c">
      <Execution id="a48fb8c5-ab13-411b-9641-62b878eb2c8a" />
      <TestMethod codeBase="/Users/diasbruno/Documents/programacao/codigos/dotnet/bcommerce/backend/src/Services/UserService/UserService.UnitTest/bin/Debug/net8.0/UserService.UnitTest.dll" adapterTypeName="executor://xunit/VsTestRunner2/netcoreapp" className="UserService.UnitTest.Application.Services.PasswordEncripterTests" name="VerifyPassword_ComDiferentesCombinacoes_DeveRetornarResultadoCorreto" />
    </UnitTest>
    <UnitTest name="UserService.UnitTest.Application.Dtos.Keycloak.LoginUserKeycloakTests.LoginUserKeycloak_ComSenhasComCaracteresEspeciais_DevePermitirCriacao" storage="/users/diasbruno/documents/programacao/codigos/dotnet/bcommerce/backend/src/services/userservice/userservice.unittest/bin/debug/net8.0/userservice.unittest.dll" id="c456ba12-b1e4-9738-717f-8bfea1b5b728">
      <Execution id="a283b9a9-316c-4315-a5a0-598582e19a21" />
      <TestMethod codeBase="/Users/diasbruno/Documents/programacao/codigos/dotnet/bcommerce/backend/src/Services/UserService/UserService.UnitTest/bin/Debug/net8.0/UserService.UnitTest.dll" adapterTypeName="executor://xunit/VsTestRunner2/netcoreapp" className="UserService.UnitTest.Application.Dtos.Keycloak.LoginUserKeycloakTests" name="LoginUserKeycloak_ComSenhasComCaracteresEspeciais_DevePermitirCriacao" />
    </UnitTest>
    <UnitTest name="UserService.UnitTest.Application.Dtos.Requests.CreateUserRequestTests.CreateUserRequest_ComNomesComCaracteresEspeciais_DevePermitirAtribuicao" storage="/users/diasbruno/documents/programacao/codigos/dotnet/bcommerce/backend/src/services/userservice/userservice.unittest/bin/debug/net8.0/userservice.unittest.dll" id="2e34d629-a46e-48e7-0407-be18d7e17c76">
      <Execution id="885ca76d-92c7-4029-87ff-d8f232533d32" />
      <TestMethod codeBase="/Users/diasbruno/Documents/programacao/codigos/dotnet/bcommerce/backend/src/Services/UserService/UserService.UnitTest/bin/Debug/net8.0/UserService.UnitTest.dll" adapterTypeName="executor://xunit/VsTestRunner2/netcoreapp" className="UserService.UnitTest.Application.Dtos.Requests.CreateUserRequestTests" name="CreateUserRequest_ComNomesComCaracteresEspeciais_DevePermitirAtribuicao" />
    </UnitTest>
    <UnitTest name="UserService.UnitTest.Application.Dtos.Keycloak.CreateUserKeycloakTests.CreateUserKeycloak_ComSenhasEspeciais_DevePermitirCriacao" storage="/users/diasbruno/documents/programacao/codigos/dotnet/bcommerce/backend/src/services/userservice/userservice.unittest/bin/debug/net8.0/userservice.unittest.dll" id="f926bebb-7b15-fc0a-b671-c48777b3d530">
      <Execution id="dc23c5b9-1d5c-426f-823e-129d49a58881" />
      <TestMethod codeBase="/Users/diasbruno/Documents/programacao/codigos/dotnet/bcommerce/backend/src/Services/UserService/UserService.UnitTest/bin/Debug/net8.0/UserService.UnitTest.dll" adapterTypeName="executor://xunit/VsTestRunner2/netcoreapp" className="UserService.UnitTest.Application.Dtos.Keycloak.CreateUserKeycloakTests" name="CreateUserKeycloak_ComSenhasEspeciais_DevePermitirCriacao" />
    </UnitTest>
    <UnitTest name="UserService.UnitTest.Application.Dtos.Requests.LoginUserRequestTests.LoginUserRequest_ComEmailVazioOuEspacos_DevePermitirAtribuicao(email: &quot;&quot;)" storage="/users/diasbruno/documents/programacao/codigos/dotnet/bcommerce/backend/src/services/userservice/userservice.unittest/bin/debug/net8.0/userservice.unittest.dll" id="cc234b36-f0df-dc23-3cca-bb9fc67efa0f">
      <Execution id="1e7325aa-5a39-45b2-b32a-516fe310cf15" />
      <TestMethod codeBase="/Users/diasbruno/Documents/programacao/codigos/dotnet/bcommerce/backend/src/Services/UserService/UserService.UnitTest/bin/Debug/net8.0/UserService.UnitTest.dll" adapterTypeName="executor://xunit/VsTestRunner2/netcoreapp" className="UserService.UnitTest.Application.Dtos.Requests.LoginUserRequestTests" name="LoginUserRequest_ComEmailVazioOuEspacos_DevePermitirAtribuicao" />
    </UnitTest>
    <UnitTest name="UserService.UnitTest.Application.Services.PasswordEncripterTests.EncryptPassword_ComDiferentesSenhas_DeveRetornarHashesValidos(password: &quot;SenhaComCaracteresEspeciais!@#$%^&amp;*()&quot;)" storage="/users/diasbruno/documents/programacao/codigos/dotnet/bcommerce/backend/src/services/userservice/userservice.unittest/bin/debug/net8.0/userservice.unittest.dll" id="416c1b16-fe7b-bcee-e981-d48a8e82fc3c">
      <Execution id="2367b0e6-4cca-4138-b17c-d9f98f1e2c6f" />
      <TestMethod codeBase="/Users/diasbruno/Documents/programacao/codigos/dotnet/bcommerce/backend/src/Services/UserService/UserService.UnitTest/bin/Debug/net8.0/UserService.UnitTest.dll" adapterTypeName="executor://xunit/VsTestRunner2/netcoreapp" className="UserService.UnitTest.Application.Services.PasswordEncripterTests" name="EncryptPassword_ComDiferentesSenhas_DeveRetornarHashesValidos" />
    </UnitTest>
    <UnitTest name="UserService.UnitTest.Application.Services.KeycloakServiceTests.GetUserByEmailAsync_ComEmailExistente_DeveRetornarUsuario" storage="/users/diasbruno/documents/programacao/codigos/dotnet/bcommerce/backend/src/services/userservice/userservice.unittest/bin/debug/net8.0/userservice.unittest.dll" id="69eb78fd-0d27-b104-5384-38065d4960ea">
      <Execution id="a0e62da4-934b-4b33-be06-9937eb277ae2" />
      <TestMethod codeBase="/Users/diasbruno/Documents/programacao/codigos/dotnet/bcommerce/backend/src/Services/UserService/UserService.UnitTest/bin/Debug/net8.0/UserService.UnitTest.dll" adapterTypeName="executor://xunit/VsTestRunner2/netcoreapp" className="UserService.UnitTest.Application.Services.KeycloakServiceTests" name="GetUserByEmailAsync_ComEmailExistente_DeveRetornarUsuario" />
    </UnitTest>
    <UnitTest name="UserService.UnitTest.Application.Dtos.Responses.LoginUserResponseTests.LoginUserResponse_ComDiferentesTiposDeToken_DevePermitirAtribuicao(tokenType: &quot;BEARER&quot;)" storage="/users/diasbruno/documents/programacao/codigos/dotnet/bcommerce/backend/src/services/userservice/userservice.unittest/bin/debug/net8.0/userservice.unittest.dll" id="5dd926b3-7dcc-5adb-6291-fac7f1fedccb">
      <Execution id="6edaf7be-af65-4228-be66-36807ff9287d" />
      <TestMethod codeBase="/Users/diasbruno/Documents/programacao/codigos/dotnet/bcommerce/backend/src/Services/UserService/UserService.UnitTest/bin/Debug/net8.0/UserService.UnitTest.dll" adapterTypeName="executor://xunit/VsTestRunner2/netcoreapp" className="UserService.UnitTest.Application.Dtos.Responses.LoginUserResponseTests" name="LoginUserResponse_ComDiferentesTiposDeToken_DevePermitirAtribuicao" />
    </UnitTest>
    <UnitTest name="UserService.UnitTest.Application.Dtos.Responses.LoginUserResponseTests.LoginUserResponse_ComDiferentesTiposDeToken_DevePermitirAtribuicao(tokenType: &quot;bearer&quot;)" storage="/users/diasbruno/documents/programacao/codigos/dotnet/bcommerce/backend/src/services/userservice/userservice.unittest/bin/debug/net8.0/userservice.unittest.dll" id="52ed97e2-360f-9d0a-658b-04f22e2f374f">
      <Execution id="0ed90f26-890e-4112-a61b-fa72aa499e63" />
      <TestMethod codeBase="/Users/diasbruno/Documents/programacao/codigos/dotnet/bcommerce/backend/src/Services/UserService/UserService.UnitTest/bin/Debug/net8.0/UserService.UnitTest.dll" adapterTypeName="executor://xunit/VsTestRunner2/netcoreapp" className="UserService.UnitTest.Application.Dtos.Responses.LoginUserResponseTests" name="LoginUserResponse_ComDiferentesTiposDeToken_DevePermitirAtribuicao" />
    </UnitTest>
    <UnitTest name="UserService.UnitTest.Application.Dtos.Responses.CreateUserResponseTests.CreateUserResponse_ComDiferentesCombinacoesDeDados_DeveDefinirPropriedadesCorretamente(email: &quot;admin@company.net&quot;, firstName: &quot;Pedro&quot;, lastName: &quot;Oliveira&quot;, phoneNumber: &quot;31777777777&quot;)" storage="/users/diasbruno/documents/programacao/codigos/dotnet/bcommerce/backend/src/services/userservice/userservice.unittest/bin/debug/net8.0/userservice.unittest.dll" id="3d0f690d-1546-6c6f-ab8b-cba4d994071b">
      <Execution id="5f1c08b1-0805-47a7-9be4-c4a8a2c5ce14" />
      <TestMethod codeBase="/Users/diasbruno/Documents/programacao/codigos/dotnet/bcommerce/backend/src/Services/UserService/UserService.UnitTest/bin/Debug/net8.0/UserService.UnitTest.dll" adapterTypeName="executor://xunit/VsTestRunner2/netcoreapp" className="UserService.UnitTest.Application.Dtos.Responses.CreateUserResponseTests" name="CreateUserResponse_ComDiferentesCombinacoesDeDados_DeveDefinirPropriedadesCorretamente" />
    </UnitTest>
    <UnitTest name="UserService.UnitTest.Application.Commands.LoginUserCommandTests.CriarComando_ComSenhaNula_DevePermitirAtribuicao" storage="/users/diasbruno/documents/programacao/codigos/dotnet/bcommerce/backend/src/services/userservice/userservice.unittest/bin/debug/net8.0/userservice.unittest.dll" id="e17b7cb9-2e37-5171-bf20-8e757d62d918">
      <Execution id="fd00d29e-b425-4a76-8d78-2921847e1e0d" />
      <TestMethod codeBase="/Users/diasbruno/Documents/programacao/codigos/dotnet/bcommerce/backend/src/Services/UserService/UserService.UnitTest/bin/Debug/net8.0/UserService.UnitTest.dll" adapterTypeName="executor://xunit/VsTestRunner2/netcoreapp" className="UserService.UnitTest.Application.Commands.LoginUserCommandTests" name="CriarComando_ComSenhaNula_DevePermitirAtribuicao" />
    </UnitTest>
    <UnitTest name="UserService.UnitTest.Application.Services.KeycloakServiceTests.LoginAsync_ComCredenciaisInvalidas_DeveLancarKeycloakException" storage="/users/diasbruno/documents/programacao/codigos/dotnet/bcommerce/backend/src/services/userservice/userservice.unittest/bin/debug/net8.0/userservice.unittest.dll" id="62979e70-b562-7bcf-8302-f965de4271f9">
      <Execution id="9028cb0e-df13-4c32-abf2-00b8388c01af" />
      <TestMethod codeBase="/Users/diasbruno/Documents/programacao/codigos/dotnet/bcommerce/backend/src/Services/UserService/UserService.UnitTest/bin/Debug/net8.0/UserService.UnitTest.dll" adapterTypeName="executor://xunit/VsTestRunner2/netcoreapp" className="UserService.UnitTest.Application.Services.KeycloakServiceTests" name="LoginAsync_ComCredenciaisInvalidas_DeveLancarKeycloakException" />
    </UnitTest>
    <UnitTest name="UserService.UnitTest.Application.Dtos.Keycloak.LoginUserKeycloakTests.LoginUserKeycloak_ComSenhasDeComprimentosVariados_DevePermitirCriacao" storage="/users/diasbruno/documents/programacao/codigos/dotnet/bcommerce/backend/src/services/userservice/userservice.unittest/bin/debug/net8.0/userservice.unittest.dll" id="bc52523d-1094-382a-cf53-85f7b7340e87">
      <Execution id="95ef7834-7233-4723-8bc3-39d6982739c8" />
      <TestMethod codeBase="/Users/diasbruno/Documents/programacao/codigos/dotnet/bcommerce/backend/src/Services/UserService/UserService.UnitTest/bin/Debug/net8.0/UserService.UnitTest.dll" adapterTypeName="executor://xunit/VsTestRunner2/netcoreapp" className="UserService.UnitTest.Application.Dtos.Keycloak.LoginUserKeycloakTests" name="LoginUserKeycloak_ComSenhasDeComprimentosVariados_DevePermitirCriacao" />
    </UnitTest>
    <UnitTest name="UserService.UnitTest.Application.Dtos.Requests.LoginUserRequestTests.LoginUserRequest_ComDiferentesCombinacoesDeDados_DeveDefinirPropriedadesCorretamente(email: &quot;admin@company.net&quot;, password: &quot;admin123&quot;)" storage="/users/diasbruno/documents/programacao/codigos/dotnet/bcommerce/backend/src/services/userservice/userservice.unittest/bin/debug/net8.0/userservice.unittest.dll" id="704e5cb4-d810-ebf8-c7a7-7bec5914c853">
      <Execution id="7c80db1e-760b-4a75-a42d-fbef83d3b91a" />
      <TestMethod codeBase="/Users/diasbruno/Documents/programacao/codigos/dotnet/bcommerce/backend/src/Services/UserService/UserService.UnitTest/bin/Debug/net8.0/UserService.UnitTest.dll" adapterTypeName="executor://xunit/VsTestRunner2/netcoreapp" className="UserService.UnitTest.Application.Dtos.Requests.LoginUserRequestTests" name="LoginUserRequest_ComDiferentesCombinacoesDeDados_DeveDefinirPropriedadesCorretamente" />
    </UnitTest>
    <UnitTest name="UserService.UnitTest.Application.Services.PasswordEncripterTests.VerifyPassword_ComHashVazio_DeveRetornarFalse" storage="/users/diasbruno/documents/programacao/codigos/dotnet/bcommerce/backend/src/services/userservice/userservice.unittest/bin/debug/net8.0/userservice.unittest.dll" id="3853b90a-2672-1f1c-cb47-9a8657691f74">
      <Execution id="cf5628eb-974d-4611-8fbc-eeb34097f9be" />
      <TestMethod codeBase="/Users/diasbruno/Documents/programacao/codigos/dotnet/bcommerce/backend/src/Services/UserService/UserService.UnitTest/bin/Debug/net8.0/UserService.UnitTest.dll" adapterTypeName="executor://xunit/VsTestRunner2/netcoreapp" className="UserService.UnitTest.Application.Services.PasswordEncripterTests" name="VerifyPassword_ComHashVazio_DeveRetornarFalse" />
    </UnitTest>
    <UnitTest name="UserService.UnitTest.Application.Dtos.Responses.CreateUserResponseTests.CreateUserResponse_ComDiferentesCombinacoesDeDados_DeveDefinirPropriedadesCorretamente(email: &quot;test@example.com&quot;, firstName: &quot;João&quot;, lastName: &quot;Silva&quot;, phoneNumber: &quot;11999999999&quot;)" storage="/users/diasbruno/documents/programacao/codigos/dotnet/bcommerce/backend/src/services/userservice/userservice.unittest/bin/debug/net8.0/userservice.unittest.dll" id="e7609c01-9db8-7c78-36f4-866ca84178af">
      <Execution id="d81445fe-93ae-4055-afe2-03f742d55118" />
      <TestMethod codeBase="/Users/diasbruno/Documents/programacao/codigos/dotnet/bcommerce/backend/src/Services/UserService/UserService.UnitTest/bin/Debug/net8.0/UserService.UnitTest.dll" adapterTypeName="executor://xunit/VsTestRunner2/netcoreapp" className="UserService.UnitTest.Application.Dtos.Responses.CreateUserResponseTests" name="CreateUserResponse_ComDiferentesCombinacoesDeDados_DeveDefinirPropriedadesCorretamente" />
    </UnitTest>
    <UnitTest name="UserService.UnitTest.Application.Services.KeycloakServiceTests.GetUserByEmailAsync_ComEmailInexistente_DeveRetornarNull" storage="/users/diasbruno/documents/programacao/codigos/dotnet/bcommerce/backend/src/services/userservice/userservice.unittest/bin/debug/net8.0/userservice.unittest.dll" id="bc5c4759-edfa-f30e-f4d0-0354fe026593">
      <Execution id="0da0b4c9-e504-45b7-a9a5-1705915081b4" />
      <TestMethod codeBase="/Users/diasbruno/Documents/programacao/codigos/dotnet/bcommerce/backend/src/Services/UserService/UserService.UnitTest/bin/Debug/net8.0/UserService.UnitTest.dll" adapterTypeName="executor://xunit/VsTestRunner2/netcoreapp" className="UserService.UnitTest.Application.Services.KeycloakServiceTests" name="GetUserByEmailAsync_ComEmailInexistente_DeveRetornarNull" />
    </UnitTest>
    <UnitTest name="UserService.UnitTest.Application.Dtos.Responses.LoginUserResponseTests.LoginUserResponse_ComRefreshTokenVazioOuEspacos_DevePermitirAtribuicao(refreshToken: &quot;   &quot;)" storage="/users/diasbruno/documents/programacao/codigos/dotnet/bcommerce/backend/src/services/userservice/userservice.unittest/bin/debug/net8.0/userservice.unittest.dll" id="174b90df-372c-c4b4-5d45-c7118ef3adc9">
      <Execution id="8913d597-a0b2-4f23-9aab-125a2afa704c" />
      <TestMethod codeBase="/Users/diasbruno/Documents/programacao/codigos/dotnet/bcommerce/backend/src/Services/UserService/UserService.UnitTest/bin/Debug/net8.0/UserService.UnitTest.dll" adapterTypeName="executor://xunit/VsTestRunner2/netcoreapp" className="UserService.UnitTest.Application.Dtos.Responses.LoginUserResponseTests" name="LoginUserResponse_ComRefreshTokenVazioOuEspacos_DevePermitirAtribuicao" />
    </UnitTest>
    <UnitTest name="UserService.UnitTest.Domain.UserExtensionsTests.EstaAtivo_QuandoUsuarioInativo_DeveRetornarFalso" storage="/users/diasbruno/documents/programacao/codigos/dotnet/bcommerce/backend/src/services/userservice/userservice.unittest/bin/debug/net8.0/userservice.unittest.dll" id="685f973e-3db8-7bb4-f100-0e47ca648e30">
      <Execution id="08b3f762-e431-49a1-97f9-64b8d6bcfe37" />
      <TestMethod codeBase="/Users/diasbruno/Documents/programacao/codigos/dotnet/bcommerce/backend/src/Services/UserService/UserService.UnitTest/bin/Debug/net8.0/UserService.UnitTest.dll" adapterTypeName="executor://xunit/VsTestRunner2/netcoreapp" className="UserService.UnitTest.Domain.UserExtensionsTests" name="EstaAtivo_QuandoUsuarioInativo_DeveRetornarFalso" />
    </UnitTest>
    <UnitTest name="UserService.UnitTest.Domain.UserAddressExtensionsTests.ObterEnderecoFormatado_QuandoNumeroRuaAlfanumerico_DeveTratarCorretamente" storage="/users/diasbruno/documents/programacao/codigos/dotnet/bcommerce/backend/src/services/userservice/userservice.unittest/bin/debug/net8.0/userservice.unittest.dll" id="de151c58-4467-4a44-0aaa-73fe7dfaabe6">
      <Execution id="2233bf2e-4f0f-4442-9f34-fecceab50ec9" />
      <TestMethod codeBase="/Users/diasbruno/Documents/programacao/codigos/dotnet/bcommerce/backend/src/Services/UserService/UserService.UnitTest/bin/Debug/net8.0/UserService.UnitTest.dll" adapterTypeName="executor://xunit/VsTestRunner2/netcoreapp" className="UserService.UnitTest.Domain.UserAddressExtensionsTests" name="ObterEnderecoFormatado_QuandoNumeroRuaAlfanumerico_DeveTratarCorretamente" />
    </UnitTest>
    <UnitTest name="UserService.UnitTest.Application.Services.PasswordEncripterTests.EncryptPassword_ComSenhaLonga_DeveProcessarCorretamente" storage="/users/diasbruno/documents/programacao/codigos/dotnet/bcommerce/backend/src/services/userservice/userservice.unittest/bin/debug/net8.0/userservice.unittest.dll" id="71279174-e79a-ca21-5900-ba860d67dd79">
      <Execution id="6c624d4c-afa5-4cf4-b6ee-548d3ddb694e" />
      <TestMethod codeBase="/Users/diasbruno/Documents/programacao/codigos/dotnet/bcommerce/backend/src/Services/UserService/UserService.UnitTest/bin/Debug/net8.0/UserService.UnitTest.dll" adapterTypeName="executor://xunit/VsTestRunner2/netcoreapp" className="UserService.UnitTest.Application.Services.PasswordEncripterTests" name="EncryptPassword_ComSenhaLonga_DeveProcessarCorretamente" />
    </UnitTest>
    <UnitTest name="UserService.UnitTest.Application.Dtos.Responses.LoginUserResponseTests.LoginUserResponse_ComExpiresInNegativoOuZero_DevePermitirAtribuicao(expiresIn: 0)" storage="/users/diasbruno/documents/programacao/codigos/dotnet/bcommerce/backend/src/services/userservice/userservice.unittest/bin/debug/net8.0/userservice.unittest.dll" id="886d0801-1cdc-bf20-ec21-62fa42239b79">
      <Execution id="3eb40407-92b3-4e0f-85cf-f73560cf6a6e" />
      <TestMethod codeBase="/Users/diasbruno/Documents/programacao/codigos/dotnet/bcommerce/backend/src/Services/UserService/UserService.UnitTest/bin/Debug/net8.0/UserService.UnitTest.dll" adapterTypeName="executor://xunit/VsTestRunner2/netcoreapp" className="UserService.UnitTest.Application.Dtos.Responses.LoginUserResponseTests" name="LoginUserResponse_ComExpiresInNegativoOuZero_DevePermitirAtribuicao" />
    </UnitTest>
    <UnitTest name="UserService.UnitTest.Application.Dtos.Keycloak.LoginUserKeycloakTests.LoginUserKeycloak_ComDiferentesCombinacoesDeDados_DeveDefinirPropriedadesCorretamente(email: &quot;usuario@empresa.com.br&quot;, password: &quot;senha456&quot;)" storage="/users/diasbruno/documents/programacao/codigos/dotnet/bcommerce/backend/src/services/userservice/userservice.unittest/bin/debug/net8.0/userservice.unittest.dll" id="5f112932-e4a3-e21b-c96c-cffdbc816fb8">
      <Execution id="5af6d767-0dbf-4e45-92d5-0d45021b34d5" />
      <TestMethod codeBase="/Users/diasbruno/Documents/programacao/codigos/dotnet/bcommerce/backend/src/Services/UserService/UserService.UnitTest/bin/Debug/net8.0/UserService.UnitTest.dll" adapterTypeName="executor://xunit/VsTestRunner2/netcoreapp" className="UserService.UnitTest.Application.Dtos.Keycloak.LoginUserKeycloakTests" name="LoginUserKeycloak_ComDiferentesCombinacoesDeDados_DeveDefinirPropriedadesCorretamente" />
    </UnitTest>
    <UnitTest name="UserService.UnitTest.Application.Services.PasswordEncripterTests.EncryptPassword_ComSenhaNula_DeveLancarExcecao" storage="/users/diasbruno/documents/programacao/codigos/dotnet/bcommerce/backend/src/services/userservice/userservice.unittest/bin/debug/net8.0/userservice.unittest.dll" id="99ce01d7-0310-a92e-fac7-c4d886c40f40">
      <Execution id="78271fb4-bc43-4f28-9194-76a66715721f" />
      <TestMethod codeBase="/Users/diasbruno/Documents/programacao/codigos/dotnet/bcommerce/backend/src/Services/UserService/UserService.UnitTest/bin/Debug/net8.0/UserService.UnitTest.dll" adapterTypeName="executor://xunit/VsTestRunner2/netcoreapp" className="UserService.UnitTest.Application.Services.PasswordEncripterTests" name="EncryptPassword_ComSenhaNula_DeveLancarExcecao" />
    </UnitTest>
    <UnitTest name="UserService.UnitTest.Application.Dtos.Keycloak.LoginUserKeycloakTests.LoginUserKeycloak_ComDadosGeradosPorFaker_DeveDefinirPropriedadesCorretamente" storage="/users/diasbruno/documents/programacao/codigos/dotnet/bcommerce/backend/src/services/userservice/userservice.unittest/bin/debug/net8.0/userservice.unittest.dll" id="cf5a24a9-4080-92c2-4e30-103efe359ce9">
      <Execution id="1e5a4a3e-aed4-415f-b9c2-2b1e6e4fd729" />
      <TestMethod codeBase="/Users/diasbruno/Documents/programacao/codigos/dotnet/bcommerce/backend/src/Services/UserService/UserService.UnitTest/bin/Debug/net8.0/UserService.UnitTest.dll" adapterTypeName="executor://xunit/VsTestRunner2/netcoreapp" className="UserService.UnitTest.Application.Dtos.Keycloak.LoginUserKeycloakTests" name="LoginUserKeycloak_ComDadosGeradosPorFaker_DeveDefinirPropriedadesCorretamente" />
    </UnitTest>
    <UnitTest name="UserService.UnitTest.Application.Dtos.Keycloak.LoginUserKeycloakTests.LoginUserKeycloak_ComTodosValoresNulos_DevePermitirCriacao" storage="/users/diasbruno/documents/programacao/codigos/dotnet/bcommerce/backend/src/services/userservice/userservice.unittest/bin/debug/net8.0/userservice.unittest.dll" id="c50df869-b3c4-1b8a-0bad-e772087c3927">
      <Execution id="790cb92e-0254-42a4-9d0e-d5b8ca16214c" />
      <TestMethod codeBase="/Users/diasbruno/Documents/programacao/codigos/dotnet/bcommerce/backend/src/Services/UserService/UserService.UnitTest/bin/Debug/net8.0/UserService.UnitTest.dll" adapterTypeName="executor://xunit/VsTestRunner2/netcoreapp" className="UserService.UnitTest.Application.Dtos.Keycloak.LoginUserKeycloakTests" name="LoginUserKeycloak_ComTodosValoresNulos_DevePermitirCriacao" />
    </UnitTest>
    <UnitTest name="UserService.UnitTest.Application.Dtos.Keycloak.CreateUserKeycloakTests.CreateUserKeycloak_ComEmailsEspeciais_DevePermitirCriacao" storage="/users/diasbruno/documents/programacao/codigos/dotnet/bcommerce/backend/src/services/userservice/userservice.unittest/bin/debug/net8.0/userservice.unittest.dll" id="7943d811-31a2-060e-ca85-3b49082e0953">
      <Execution id="282beb37-6819-4d17-8752-b51d337117ba" />
      <TestMethod codeBase="/Users/diasbruno/Documents/programacao/codigos/dotnet/bcommerce/backend/src/Services/UserService/UserService.UnitTest/bin/Debug/net8.0/UserService.UnitTest.dll" adapterTypeName="executor://xunit/VsTestRunner2/netcoreapp" className="UserService.UnitTest.Application.Dtos.Keycloak.CreateUserKeycloakTests" name="CreateUserKeycloak_ComEmailsEspeciais_DevePermitirCriacao" />
    </UnitTest>
    <UnitTest name="UserService.UnitTest.Domain.UserTests.Usuario_QuandoStatusDefinido_DeveAceitarStatusValidos(status: Ativo)" storage="/users/diasbruno/documents/programacao/codigos/dotnet/bcommerce/backend/src/services/userservice/userservice.unittest/bin/debug/net8.0/userservice.unittest.dll" id="39c83dc9-bff9-8f55-ddbe-fe65559349c5">
      <Execution id="c40a8188-d34e-446b-a124-24a731dd0559" />
      <TestMethod codeBase="/Users/diasbruno/Documents/programacao/codigos/dotnet/bcommerce/backend/src/Services/UserService/UserService.UnitTest/bin/Debug/net8.0/UserService.UnitTest.dll" adapterTypeName="executor://xunit/VsTestRunner2/netcoreapp" className="UserService.UnitTest.Domain.UserTests" name="Usuario_QuandoStatusDefinido_DeveAceitarStatusValidos" />
    </UnitTest>
    <UnitTest name="UserService.UnitTest.Application.Dtos.Keycloak.CreateUserKeycloakTests.CreateUserKeycloak_ComTodosValoresNulos_DevePermitirCriacao" storage="/users/diasbruno/documents/programacao/codigos/dotnet/bcommerce/backend/src/services/userservice/userservice.unittest/bin/debug/net8.0/userservice.unittest.dll" id="aeb58abd-f3e4-0504-34c7-844f95ce41e7">
      <Execution id="469d8b2c-dc7a-41da-8a22-ef9224193c00" />
      <TestMethod codeBase="/Users/diasbruno/Documents/programacao/codigos/dotnet/bcommerce/backend/src/Services/UserService/UserService.UnitTest/bin/Debug/net8.0/UserService.UnitTest.dll" adapterTypeName="executor://xunit/VsTestRunner2/netcoreapp" className="UserService.UnitTest.Application.Dtos.Keycloak.CreateUserKeycloakTests" name="CreateUserKeycloak_ComTodosValoresNulos_DevePermitirCriacao" />
    </UnitTest>
    <UnitTest name="UserService.UnitTest.Domain.UserTests.Usuario_QuandoMultiplosUsuariosCriados_DeveConterIdsUnicos" storage="/users/diasbruno/documents/programacao/codigos/dotnet/bcommerce/backend/src/services/userservice/userservice.unittest/bin/debug/net8.0/userservice.unittest.dll" id="d615c036-bfee-2e66-fa83-8efa087e47ad">
      <Execution id="a7ba0ab5-56cb-46b4-8340-02c3c1641f97" />
      <TestMethod codeBase="/Users/diasbruno/Documents/programacao/codigos/dotnet/bcommerce/backend/src/Services/UserService/UserService.UnitTest/bin/Debug/net8.0/UserService.UnitTest.dll" adapterTypeName="executor://xunit/VsTestRunner2/netcoreapp" className="UserService.UnitTest.Domain.UserTests" name="Usuario_QuandoMultiplosUsuariosCriados_DeveConterIdsUnicos" />
    </UnitTest>
    <UnitTest name="UserService.UnitTest.Application.Dtos.Responses.LoginUserResponseTests.LoginUserResponse_ComDiferentesCombinacoesDeDados_DeveDefinirPropriedadesCorretamente(accessToken: &quot;eyJhbGciOiJIUzI1NiIsInR5cCI6IkpXVCJ9&quot;, refreshToken: &quot;refresh_token_123&quot;, tokenType: &quot;Bearer&quot;, expiresIn: 3600)" storage="/users/diasbruno/documents/programacao/codigos/dotnet/bcommerce/backend/src/services/userservice/userservice.unittest/bin/debug/net8.0/userservice.unittest.dll" id="7ec66689-aa2d-ed93-e94a-32ea19a0b6cd">
      <Execution id="28a66589-ba36-4f1f-8d24-7aba3707e47a" />
      <TestMethod codeBase="/Users/diasbruno/Documents/programacao/codigos/dotnet/bcommerce/backend/src/Services/UserService/UserService.UnitTest/bin/Debug/net8.0/UserService.UnitTest.dll" adapterTypeName="executor://xunit/VsTestRunner2/netcoreapp" className="UserService.UnitTest.Application.Dtos.Responses.LoginUserResponseTests" name="LoginUserResponse_ComDiferentesCombinacoesDeDados_DeveDefinirPropriedadesCorretamente" />
    </UnitTest>
    <UnitTest name="UserService.UnitTest.Application.Dtos.Keycloak.LoginUserKeycloakTests.LoginUserKeycloak_ComEmailVazioOuEspacos_DevePermitirCriacao(email: &quot; &quot;)" storage="/users/diasbruno/documents/programacao/codigos/dotnet/bcommerce/backend/src/services/userservice/userservice.unittest/bin/debug/net8.0/userservice.unittest.dll" id="3d3b9104-58df-c60e-7604-16031cc31e72">
      <Execution id="e1d2c29f-2db7-43cb-ae2d-90c944afc3ab" />
      <TestMethod codeBase="/Users/diasbruno/Documents/programacao/codigos/dotnet/bcommerce/backend/src/Services/UserService/UserService.UnitTest/bin/Debug/net8.0/UserService.UnitTest.dll" adapterTypeName="executor://xunit/VsTestRunner2/netcoreapp" className="UserService.UnitTest.Application.Dtos.Keycloak.LoginUserKeycloakTests" name="LoginUserKeycloak_ComEmailVazioOuEspacos_DevePermitirCriacao" />
    </UnitTest>
    <UnitTest name="UserService.UnitTest.Application.Dtos.Requests.CreateUserRequestTests.CreateUserRequest_ComDiferentesValoresNewsletterOptIn_DeveDefinirCorretamente(newsletterOptIn: True)" storage="/users/diasbruno/documents/programacao/codigos/dotnet/bcommerce/backend/src/services/userservice/userservice.unittest/bin/debug/net8.0/userservice.unittest.dll" id="5419300a-98b1-ab73-bf98-3b97b18b7197">
      <Execution id="7cb54277-9e7b-4e5c-9d48-eb13187a3174" />
      <TestMethod codeBase="/Users/diasbruno/Documents/programacao/codigos/dotnet/bcommerce/backend/src/Services/UserService/UserService.UnitTest/bin/Debug/net8.0/UserService.UnitTest.dll" adapterTypeName="executor://xunit/VsTestRunner2/netcoreapp" className="UserService.UnitTest.Application.Dtos.Requests.CreateUserRequestTests" name="CreateUserRequest_ComDiferentesValoresNewsletterOptIn_DeveDefinirCorretamente" />
    </UnitTest>
    <UnitTest name="UserService.UnitTest.Application.Commands.CreateUserCommandTests.CriarComando_ComDiferentesCombinacoes_DeveDefinirPropriedadesCorretamente(firstName: &quot;João&quot;, lastName: &quot;Silva&quot;, email: &quot;joao@email.com&quot;, password: &quot;Senha@123&quot;, newsletterOptIn: True)" storage="/users/diasbruno/documents/programacao/codigos/dotnet/bcommerce/backend/src/services/userservice/userservice.unittest/bin/debug/net8.0/userservice.unittest.dll" id="056bffb9-bb7c-2664-0173-299ed12f750f">
      <Execution id="0714c57f-9c63-464b-b0ba-c3289645902a" />
      <TestMethod codeBase="/Users/diasbruno/Documents/programacao/codigos/dotnet/bcommerce/backend/src/Services/UserService/UserService.UnitTest/bin/Debug/net8.0/UserService.UnitTest.dll" adapterTypeName="executor://xunit/VsTestRunner2/netcoreapp" className="UserService.UnitTest.Application.Commands.CreateUserCommandTests" name="CriarComando_ComDiferentesCombinacoes_DeveDefinirPropriedadesCorretamente" />
    </UnitTest>
    <UnitTest name="UserService.UnitTest.Application.Dtos.Responses.CreateUserResponseTests.CreateUserResponse_ComNomesComCaracteresEspeciais_DevePermitirAtribuicao" storage="/users/diasbruno/documents/programacao/codigos/dotnet/bcommerce/backend/src/services/userservice/userservice.unittest/bin/debug/net8.0/userservice.unittest.dll" id="3b57956c-e654-1644-49d6-a98f07644b37">
      <Execution id="9761ebfd-f812-41ed-9656-196ba6cdb01d" />
      <TestMethod codeBase="/Users/diasbruno/Documents/programacao/codigos/dotnet/bcommerce/backend/src/Services/UserService/UserService.UnitTest/bin/Debug/net8.0/UserService.UnitTest.dll" adapterTypeName="executor://xunit/VsTestRunner2/netcoreapp" className="UserService.UnitTest.Application.Dtos.Responses.CreateUserResponseTests" name="CreateUserResponse_ComNomesComCaracteresEspeciais_DevePermitirAtribuicao" />
    </UnitTest>
    <UnitTest name="UserService.UnitTest.Application.Commands.LoginUserCommandHandlerTests.Handle_ComCredenciaisInvalidas_DeveRetornarFalha" storage="/users/diasbruno/documents/programacao/codigos/dotnet/bcommerce/backend/src/services/userservice/userservice.unittest/bin/debug/net8.0/userservice.unittest.dll" id="9275a646-add3-ee8d-c809-ecb8a8e3f3fc">
      <Execution id="c25b3ea9-8aad-4680-bf3d-b839cbd24da0" />
      <TestMethod codeBase="/Users/diasbruno/Documents/programacao/codigos/dotnet/bcommerce/backend/src/Services/UserService/UserService.UnitTest/bin/Debug/net8.0/UserService.UnitTest.dll" adapterTypeName="executor://xunit/VsTestRunner2/netcoreapp" className="UserService.UnitTest.Application.Commands.LoginUserCommandHandlerTests" name="Handle_ComCredenciaisInvalidas_DeveRetornarFalha" />
    </UnitTest>
    <UnitTest name="UserService.UnitTest.Application.Dtos.Responses.CreateUserResponseTests.CreateUserResponse_ComDiferentesCombinacoesDeDados_DeveDefinirPropriedadesCorretamente(email: &quot;user@domain.org&quot;, firstName: &quot;Maria&quot;, lastName: &quot;Santos&quot;, phoneNumber: &quot;21888888888&quot;)" storage="/users/diasbruno/documents/programacao/codigos/dotnet/bcommerce/backend/src/services/userservice/userservice.unittest/bin/debug/net8.0/userservice.unittest.dll" id="6ac0c70b-d31f-4e55-f241-059d9fc6af8d">
      <Execution id="7d41f6ae-92f8-4adc-b372-91fe96b2272c" />
      <TestMethod codeBase="/Users/diasbruno/Documents/programacao/codigos/dotnet/bcommerce/backend/src/Services/UserService/UserService.UnitTest/bin/Debug/net8.0/UserService.UnitTest.dll" adapterTypeName="executor://xunit/VsTestRunner2/netcoreapp" className="UserService.UnitTest.Application.Dtos.Responses.CreateUserResponseTests" name="CreateUserResponse_ComDiferentesCombinacoesDeDados_DeveDefinirPropriedadesCorretamente" />
    </UnitTest>
    <UnitTest name="UserService.UnitTest.Application.Dtos.Keycloak.LoginUserKeycloakTests.LoginUserKeycloak_ComSenhaVaziaOuEspacos_DevePermitirCriacao(password: &quot;&quot;)" storage="/users/diasbruno/documents/programacao/codigos/dotnet/bcommerce/backend/src/services/userservice/userservice.unittest/bin/debug/net8.0/userservice.unittest.dll" id="a59e1625-fe42-9ffa-bcbd-f929f28211e5">
      <Execution id="ea9dc4ed-03ed-4db8-a235-2da26c9d2874" />
      <TestMethod codeBase="/Users/diasbruno/Documents/programacao/codigos/dotnet/bcommerce/backend/src/Services/UserService/UserService.UnitTest/bin/Debug/net8.0/UserService.UnitTest.dll" adapterTypeName="executor://xunit/VsTestRunner2/netcoreapp" className="UserService.UnitTest.Application.Dtos.Keycloak.LoginUserKeycloakTests" name="LoginUserKeycloak_ComSenhaVaziaOuEspacos_DevePermitirCriacao" />
    </UnitTest>
    <UnitTest name="UserService.UnitTest.Application.Dtos.Keycloak.LoginUserKeycloakTests.LoginUserKeycloak_ComEmailLongo_DevePermitirCriacao" storage="/users/diasbruno/documents/programacao/codigos/dotnet/bcommerce/backend/src/services/userservice/userservice.unittest/bin/debug/net8.0/userservice.unittest.dll" id="d9e444cf-8e9b-8caf-5fd4-b02fbc20ebc7">
      <Execution id="07695f6f-4227-4558-8718-6580197403ec" />
      <TestMethod codeBase="/Users/diasbruno/Documents/programacao/codigos/dotnet/bcommerce/backend/src/Services/UserService/UserService.UnitTest/bin/Debug/net8.0/UserService.UnitTest.dll" adapterTypeName="executor://xunit/VsTestRunner2/netcoreapp" className="UserService.UnitTest.Application.Dtos.Keycloak.LoginUserKeycloakTests" name="LoginUserKeycloak_ComEmailLongo_DevePermitirCriacao" />
    </UnitTest>
    <UnitTest name="UserService.UnitTest.Application.Dtos.Requests.LoginUserRequestTests.LoginUserRequest_ComEmailNulo_DevePermitirAtribuicao" storage="/users/diasbruno/documents/programacao/codigos/dotnet/bcommerce/backend/src/services/userservice/userservice.unittest/bin/debug/net8.0/userservice.unittest.dll" id="c48f3693-24b9-b9f1-3b52-fe0f40af0c26">
      <Execution id="7485ce8a-9892-4787-a1a5-b8e359584b81" />
      <TestMethod codeBase="/Users/diasbruno/Documents/programacao/codigos/dotnet/bcommerce/backend/src/Services/UserService/UserService.UnitTest/bin/Debug/net8.0/UserService.UnitTest.dll" adapterTypeName="executor://xunit/VsTestRunner2/netcoreapp" className="UserService.UnitTest.Application.Dtos.Requests.LoginUserRequestTests" name="LoginUserRequest_ComEmailNulo_DevePermitirAtribuicao" />
    </UnitTest>
    <UnitTest name="UserService.UnitTest.Application.Services.KeycloakServiceTests.CreateUserAsync_QuandoUsuarioJaExiste_DeveLancarKeycloakException" storage="/users/diasbruno/documents/programacao/codigos/dotnet/bcommerce/backend/src/services/userservice/userservice.unittest/bin/debug/net8.0/userservice.unittest.dll" id="8e65df34-fb75-1ca3-79e1-1466c62e6424">
      <Execution id="e2cf0be4-9bb8-4386-95c5-596cf150ac44" />
      <TestMethod codeBase="/Users/diasbruno/Documents/programacao/codigos/dotnet/bcommerce/backend/src/Services/UserService/UserService.UnitTest/bin/Debug/net8.0/UserService.UnitTest.dll" adapterTypeName="executor://xunit/VsTestRunner2/netcoreapp" className="UserService.UnitTest.Application.Services.KeycloakServiceTests" name="CreateUserAsync_QuandoUsuarioJaExiste_DeveLancarKeycloakException" />
    </UnitTest>
    <UnitTest name="UserService.UnitTest.Application.Services.KeycloakServiceTests.DeleteUserAsync_ComIdInvalido_DeveLancarKeycloakException" storage="/users/diasbruno/documents/programacao/codigos/dotnet/bcommerce/backend/src/services/userservice/userservice.unittest/bin/debug/net8.0/userservice.unittest.dll" id="63366a20-6db0-419c-82ee-cfc1077912c7">
      <Execution id="7f32994c-7bd9-4a45-8a03-b9d8c9f723f2" />
      <TestMethod codeBase="/Users/diasbruno/Documents/programacao/codigos/dotnet/bcommerce/backend/src/Services/UserService/UserService.UnitTest/bin/Debug/net8.0/UserService.UnitTest.dll" adapterTypeName="executor://xunit/VsTestRunner2/netcoreapp" className="UserService.UnitTest.Application.Services.KeycloakServiceTests" name="DeleteUserAsync_ComIdInvalido_DeveLancarKeycloakException" />
    </UnitTest>
    <UnitTest name="UserService.UnitTest.Application.Dtos.Requests.CreateUserRequestTests.CreateUserRequest_ComDiferentesCombinacoesDeDados_DeveDefinirPropriedadesCorretamente(email: &quot;admin@company.net&quot;, password: &quot;Admin123!&quot;, firstName: &quot;Pedro&quot;, lastName: &quot;Oliveira&quot;, newsletterOptIn: True)" storage="/users/diasbruno/documents/programacao/codigos/dotnet/bcommerce/backend/src/services/userservice/userservice.unittest/bin/debug/net8.0/userservice.unittest.dll" id="086109bb-4851-86ac-8048-855ebf2ac4dd">
      <Execution id="dfaa04d6-9dda-4270-9d5b-a51bad3f102e" />
      <TestMethod codeBase="/Users/diasbruno/Documents/programacao/codigos/dotnet/bcommerce/backend/src/Services/UserService/UserService.UnitTest/bin/Debug/net8.0/UserService.UnitTest.dll" adapterTypeName="executor://xunit/VsTestRunner2/netcoreapp" className="UserService.UnitTest.Application.Dtos.Requests.CreateUserRequestTests" name="CreateUserRequest_ComDiferentesCombinacoesDeDados_DeveDefinirPropriedadesCorretamente" />
    </UnitTest>
    <UnitTest name="UserService.UnitTest.Application.Dtos.Responses.LoginUserResponseTests.LoginUserResponse_ComAccessTokenNulo_DevePermitirAtribuicao" storage="/users/diasbruno/documents/programacao/codigos/dotnet/bcommerce/backend/src/services/userservice/userservice.unittest/bin/debug/net8.0/userservice.unittest.dll" id="e94e9e48-4109-66a8-d8d8-eba19f7e0e5d">
      <Execution id="b34236d3-9150-45d0-812b-43bec332b18f" />
      <TestMethod codeBase="/Users/diasbruno/Documents/programacao/codigos/dotnet/bcommerce/backend/src/Services/UserService/UserService.UnitTest/bin/Debug/net8.0/UserService.UnitTest.dll" adapterTypeName="executor://xunit/VsTestRunner2/netcoreapp" className="UserService.UnitTest.Application.Dtos.Responses.LoginUserResponseTests" name="LoginUserResponse_ComAccessTokenNulo_DevePermitirAtribuicao" />
    </UnitTest>
    <UnitTest name="UserService.UnitTest.Application.Dtos.Keycloak.LoginUserKeycloakTests.LoginUserKeycloak_ComSenhaVaziaOuEspacos_DevePermitirCriacao(password: &quot;   &quot;)" storage="/users/diasbruno/documents/programacao/codigos/dotnet/bcommerce/backend/src/services/userservice/userservice.unittest/bin/debug/net8.0/userservice.unittest.dll" id="0b5edc04-4e18-c4ac-4387-717b7ddaaef2">
      <Execution id="fd6a1deb-4ca1-429d-b4e8-28926e0c4ed1" />
      <TestMethod codeBase="/Users/diasbruno/Documents/programacao/codigos/dotnet/bcommerce/backend/src/Services/UserService/UserService.UnitTest/bin/Debug/net8.0/UserService.UnitTest.dll" adapterTypeName="executor://xunit/VsTestRunner2/netcoreapp" className="UserService.UnitTest.Application.Dtos.Keycloak.LoginUserKeycloakTests" name="LoginUserKeycloak_ComSenhaVaziaOuEspacos_DevePermitirCriacao" />
    </UnitTest>
    <UnitTest name="UserService.UnitTest.Application.Dtos.Keycloak.LoginUserKeycloakTests.LoginUserKeycloak_ComEmailVazioOuEspacos_DevePermitirCriacao(email: &quot;&quot;)" storage="/users/diasbruno/documents/programacao/codigos/dotnet/bcommerce/backend/src/services/userservice/userservice.unittest/bin/debug/net8.0/userservice.unittest.dll" id="c583d44d-cb65-5444-4a7b-6bfc282c0edb">
      <Execution id="b11f769b-a345-4a4b-a4fa-1f7b866d39b7" />
      <TestMethod codeBase="/Users/diasbruno/Documents/programacao/codigos/dotnet/bcommerce/backend/src/Services/UserService/UserService.UnitTest/bin/Debug/net8.0/UserService.UnitTest.dll" adapterTypeName="executor://xunit/VsTestRunner2/netcoreapp" className="UserService.UnitTest.Application.Dtos.Keycloak.LoginUserKeycloakTests" name="LoginUserKeycloak_ComEmailVazioOuEspacos_DevePermitirCriacao" />
    </UnitTest>
    <UnitTest name="UserService.UnitTest.Application.Dtos.Keycloak.LoginUserKeycloakTests.LoginUserKeycloak_ComEmailNulo_DevePermitirCriacao" storage="/users/diasbruno/documents/programacao/codigos/dotnet/bcommerce/backend/src/services/userservice/userservice.unittest/bin/debug/net8.0/userservice.unittest.dll" id="f257391b-3a40-c27b-61ef-2e778289cdae">
      <Execution id="a04318b8-a328-4340-b523-a7be93f36f5d" />
      <TestMethod codeBase="/Users/diasbruno/Documents/programacao/codigos/dotnet/bcommerce/backend/src/Services/UserService/UserService.UnitTest/bin/Debug/net8.0/UserService.UnitTest.dll" adapterTypeName="executor://xunit/VsTestRunner2/netcoreapp" className="UserService.UnitTest.Application.Dtos.Keycloak.LoginUserKeycloakTests" name="LoginUserKeycloak_ComEmailNulo_DevePermitirCriacao" />
    </UnitTest>
    <UnitTest name="UserService.UnitTest.Application.Dtos.Responses.LoginUserResponseTests.LoginUserResponse_ComExpiresInPositivo_DevePermitirAtribuicao(expiresIn: 3600)" storage="/users/diasbruno/documents/programacao/codigos/dotnet/bcommerce/backend/src/services/userservice/userservice.unittest/bin/debug/net8.0/userservice.unittest.dll" id="f729a349-2432-6996-746c-8014e568a6b3">
      <Execution id="326c9434-6964-4c7d-bd6f-a1aa532dcffc" />
      <TestMethod codeBase="/Users/diasbruno/Documents/programacao/codigos/dotnet/bcommerce/backend/src/Services/UserService/UserService.UnitTest/bin/Debug/net8.0/UserService.UnitTest.dll" adapterTypeName="executor://xunit/VsTestRunner2/netcoreapp" className="UserService.UnitTest.Application.Dtos.Responses.LoginUserResponseTests" name="LoginUserResponse_ComExpiresInPositivo_DevePermitirAtribuicao" />
    </UnitTest>
    <UnitTest name="UserService.UnitTest.Application.Services.PasswordEncripterTests.EncryptPassword_ComMesmaSenha_DeveGerarHashesDiferentes" storage="/users/diasbruno/documents/programacao/codigos/dotnet/bcommerce/backend/src/services/userservice/userservice.unittest/bin/debug/net8.0/userservice.unittest.dll" id="b0f95758-67ad-2207-a23b-1a1ecc3898ca">
      <Execution id="ba02da0f-b094-4019-b3fd-8ae853424dda" />
      <TestMethod codeBase="/Users/diasbruno/Documents/programacao/codigos/dotnet/bcommerce/backend/src/Services/UserService/UserService.UnitTest/bin/Debug/net8.0/UserService.UnitTest.dll" adapterTypeName="executor://xunit/VsTestRunner2/netcoreapp" className="UserService.UnitTest.Application.Services.PasswordEncripterTests" name="EncryptPassword_ComMesmaSenha_DeveGerarHashesDiferentes" />
    </UnitTest>
    <UnitTest name="UserService.UnitTest.Application.Dtos.Keycloak.CreateUserKeycloakTests.CreateUserKeycloak_ComDadosValidos_DeveDefinirPropriedadesCorretamente" storage="/users/diasbruno/documents/programacao/codigos/dotnet/bcommerce/backend/src/services/userservice/userservice.unittest/bin/debug/net8.0/userservice.unittest.dll" id="43c647ac-36a5-f495-7f58-968313b51a91">
      <Execution id="ee303ae1-4aff-4527-9437-864d47162f85" />
      <TestMethod codeBase="/Users/diasbruno/Documents/programacao/codigos/dotnet/bcommerce/backend/src/Services/UserService/UserService.UnitTest/bin/Debug/net8.0/UserService.UnitTest.dll" adapterTypeName="executor://xunit/VsTestRunner2/netcoreapp" className="UserService.UnitTest.Application.Dtos.Keycloak.CreateUserKeycloakTests" name="CreateUserKeycloak_ComDadosValidos_DeveDefinirPropriedadesCorretamente" />
    </UnitTest>
    <UnitTest name="UserService.UnitTest.Application.Dtos.Requests.LoginUserRequestTests.LoginUserRequest_ComEmailLongo_DevePermitirAtribuicao" storage="/users/diasbruno/documents/programacao/codigos/dotnet/bcommerce/backend/src/services/userservice/userservice.unittest/bin/debug/net8.0/userservice.unittest.dll" id="8bc2d5de-2e39-fb3e-290f-c92f9624e7e3">
      <Execution id="d0697fb2-6980-4bf1-997c-140f4ded77db" />
      <TestMethod codeBase="/Users/diasbruno/Documents/programacao/codigos/dotnet/bcommerce/backend/src/Services/UserService/UserService.UnitTest/bin/Debug/net8.0/UserService.UnitTest.dll" adapterTypeName="executor://xunit/VsTestRunner2/netcoreapp" className="UserService.UnitTest.Application.Dtos.Requests.LoginUserRequestTests" name="LoginUserRequest_ComEmailLongo_DevePermitirAtribuicao" />
    </UnitTest>
    <UnitTest name="UserService.UnitTest.Application.Dtos.Responses.LoginUserResponseTests.LoginUserResponse_ComAccessTokenVazioOuEspacos_DevePermitirAtribuicao(accessToken: &quot;&quot;)" storage="/users/diasbruno/documents/programacao/codigos/dotnet/bcommerce/backend/src/services/userservice/userservice.unittest/bin/debug/net8.0/userservice.unittest.dll" id="ff10f1fb-9148-fd50-0d1e-8fe2d3c731fc">
      <Execution id="5427449a-23f1-4824-ba63-44f2ee15e4b9" />
      <TestMethod codeBase="/Users/diasbruno/Documents/programacao/codigos/dotnet/bcommerce/backend/src/Services/UserService/UserService.UnitTest/bin/Debug/net8.0/UserService.UnitTest.dll" adapterTypeName="executor://xunit/VsTestRunner2/netcoreapp" className="UserService.UnitTest.Application.Dtos.Responses.LoginUserResponseTests" name="LoginUserResponse_ComAccessTokenVazioOuEspacos_DevePermitirAtribuicao" />
    </UnitTest>
    <UnitTest name="UserService.UnitTest.Application.Dtos.Keycloak.LoginUserKeycloakTests.LoginUserKeycloak_ComMultiplosArroba_DevePermitirCriacao" storage="/users/diasbruno/documents/programacao/codigos/dotnet/bcommerce/backend/src/services/userservice/userservice.unittest/bin/debug/net8.0/userservice.unittest.dll" id="5844cf9d-d151-80a2-e86b-d98f9de3c340">
      <Execution id="8ad2f688-9443-4a81-a9aa-cdfa222a2953" />
      <TestMethod codeBase="/Users/diasbruno/Documents/programacao/codigos/dotnet/bcommerce/backend/src/Services/UserService/UserService.UnitTest/bin/Debug/net8.0/UserService.UnitTest.dll" adapterTypeName="executor://xunit/VsTestRunner2/netcoreapp" className="UserService.UnitTest.Application.Dtos.Keycloak.LoginUserKeycloakTests" name="LoginUserKeycloak_ComMultiplosArroba_DevePermitirCriacao" />
    </UnitTest>
    <UnitTest name="UserService.UnitTest.Application.Commands.LoginUserCommandHandlerTests.Handle_ComDiferentesCredenciais_DeveProcessarCorretamente(email: &quot;admin@sistema.com&quot;, password: &quot;AdminPass@2024&quot;)" storage="/users/diasbruno/documents/programacao/codigos/dotnet/bcommerce/backend/src/services/userservice/userservice.unittest/bin/debug/net8.0/userservice.unittest.dll" id="afad3490-a86c-bf7f-cb49-696755a40d21">
      <Execution id="d4bda1cb-14a1-4143-b01e-fdd93e6a3172" />
      <TestMethod codeBase="/Users/diasbruno/Documents/programacao/codigos/dotnet/bcommerce/backend/src/Services/UserService/UserService.UnitTest/bin/Debug/net8.0/UserService.UnitTest.dll" adapterTypeName="executor://xunit/VsTestRunner2/netcoreapp" className="UserService.UnitTest.Application.Commands.LoginUserCommandHandlerTests" name="Handle_ComDiferentesCredenciais_DeveProcessarCorretamente" />
    </UnitTest>
    <UnitTest name="UserService.UnitTest.Application.Commands.LoginUserCommandHandlerTests.Handle_ComErroDeConexao_DeveRetornarFalha" storage="/users/diasbruno/documents/programacao/codigos/dotnet/bcommerce/backend/src/services/userservice/userservice.unittest/bin/debug/net8.0/userservice.unittest.dll" id="82f90efb-2a5a-b512-1e2b-542fb4c0c77d">
      <Execution id="76b36072-ae0f-47ab-95d6-012c1267e2dc" />
      <TestMethod codeBase="/Users/diasbruno/Documents/programacao/codigos/dotnet/bcommerce/backend/src/Services/UserService/UserService.UnitTest/bin/Debug/net8.0/UserService.UnitTest.dll" adapterTypeName="executor://xunit/VsTestRunner2/netcoreapp" className="UserService.UnitTest.Application.Commands.LoginUserCommandHandlerTests" name="Handle_ComErroDeConexao_DeveRetornarFalha" />
    </UnitTest>
    <UnitTest name="UserService.UnitTest.Application.Commands.LoginUserCommandTests.CriarComando_ComDiferentesCredenciais_DeveDefinirPropriedadesCorretamente(email: &quot;pedro@exemplo.com&quot;, password: &quot;MinhaSenh@789&quot;)" storage="/users/diasbruno/documents/programacao/codigos/dotnet/bcommerce/backend/src/services/userservice/userservice.unittest/bin/debug/net8.0/userservice.unittest.dll" id="48561c54-6a4b-b8c4-7322-8c229edf3aee">
      <Execution id="fef65479-d16e-4e13-8a5b-6d7d4f5b6191" />
      <TestMethod codeBase="/Users/diasbruno/Documents/programacao/codigos/dotnet/bcommerce/backend/src/Services/UserService/UserService.UnitTest/bin/Debug/net8.0/UserService.UnitTest.dll" adapterTypeName="executor://xunit/VsTestRunner2/netcoreapp" className="UserService.UnitTest.Application.Commands.LoginUserCommandTests" name="CriarComando_ComDiferentesCredenciais_DeveDefinirPropriedadesCorretamente" />
    </UnitTest>
    <UnitTest name="UserService.UnitTest.Domain.UserExtensionsTests.ObterNomeCompleto_QuandoAmbosNomesVazios_DeveRetornarStringVazia" storage="/users/diasbruno/documents/programacao/codigos/dotnet/bcommerce/backend/src/services/userservice/userservice.unittest/bin/debug/net8.0/userservice.unittest.dll" id="6d19f980-ef8d-bc1f-5044-1e73e326a8c9">
      <Execution id="a1c52e27-2dee-4a9d-bea6-3ee5771e64bd" />
      <TestMethod codeBase="/Users/diasbruno/Documents/programacao/codigos/dotnet/bcommerce/backend/src/Services/UserService/UserService.UnitTest/bin/Debug/net8.0/UserService.UnitTest.dll" adapterTypeName="executor://xunit/VsTestRunner2/netcoreapp" className="UserService.UnitTest.Domain.UserExtensionsTests" name="ObterNomeCompleto_QuandoAmbosNomesVazios_DeveRetornarStringVazia" />
    </UnitTest>
    <UnitTest name="UserService.UnitTest.Domain.UserExtensionsTests.ContaEstaBloqueada_QuandoContaBloqueadaNoFuturo_DeveRetornarVerdadeiro" storage="/users/diasbruno/documents/programacao/codigos/dotnet/bcommerce/backend/src/services/userservice/userservice.unittest/bin/debug/net8.0/userservice.unittest.dll" id="6da30459-8d51-b30f-28ae-6a40ce6af825">
      <Execution id="18d50d8b-defe-43f5-b8af-731c52572fcd" />
      <TestMethod codeBase="/Users/diasbruno/Documents/programacao/codigos/dotnet/bcommerce/backend/src/Services/UserService/UserService.UnitTest/bin/Debug/net8.0/UserService.UnitTest.dll" adapterTypeName="executor://xunit/VsTestRunner2/netcoreapp" className="UserService.UnitTest.Domain.UserExtensionsTests" name="ContaEstaBloqueada_QuandoContaBloqueadaNoFuturo_DeveRetornarVerdadeiro" />
    </UnitTest>
    <UnitTest name="UserService.UnitTest.Domain.UserTests.Usuario_QuandoTentativasLoginFalhadasIncrementadas_DeveAtualizarCorretamente" storage="/users/diasbruno/documents/programacao/codigos/dotnet/bcommerce/backend/src/services/userservice/userservice.unittest/bin/debug/net8.0/userservice.unittest.dll" id="62906a2d-c9a3-7ca2-ff02-ff62630e8f77">
      <Execution id="0640c96d-f682-4059-ada0-7c08db1da262" />
      <TestMethod codeBase="/Users/diasbruno/Documents/programacao/codigos/dotnet/bcommerce/backend/src/Services/UserService/UserService.UnitTest/bin/Debug/net8.0/UserService.UnitTest.dll" adapterTypeName="executor://xunit/VsTestRunner2/netcoreapp" className="UserService.UnitTest.Domain.UserTests" name="Usuario_QuandoTentativasLoginFalhadasIncrementadas_DeveAtualizarCorretamente" />
    </UnitTest>
    <UnitTest name="UserService.UnitTest.Application.Dtos.Responses.LoginUserResponseTests.LoginUserResponse_ComDiferentesTiposDeToken_DevePermitirAtribuicao(tokenType: &quot;jwt&quot;)" storage="/users/diasbruno/documents/programacao/codigos/dotnet/bcommerce/backend/src/services/userservice/userservice.unittest/bin/debug/net8.0/userservice.unittest.dll" id="c9240ac8-7223-b2ae-8354-f3ae56247b3c">
      <Execution id="d88d30a7-9435-42c7-9516-3dd4ce99a78e" />
      <TestMethod codeBase="/Users/diasbruno/Documents/programacao/codigos/dotnet/bcommerce/backend/src/Services/UserService/UserService.UnitTest/bin/Debug/net8.0/UserService.UnitTest.dll" adapterTypeName="executor://xunit/VsTestRunner2/netcoreapp" className="UserService.UnitTest.Application.Dtos.Responses.LoginUserResponseTests" name="LoginUserResponse_ComDiferentesTiposDeToken_DevePermitirAtribuicao" />
    </UnitTest>
    <UnitTest name="UserService.UnitTest.Domain.UserTests.Usuario_QuandoDataNascimentoDefinida_DeveAceitarDataValida" storage="/users/diasbruno/documents/programacao/codigos/dotnet/bcommerce/backend/src/services/userservice/userservice.unittest/bin/debug/net8.0/userservice.unittest.dll" id="64e11116-f5cb-bd3b-2e3c-4f33a15a2949">
      <Execution id="f60c7243-ce83-4593-a876-c951a4631073" />
      <TestMethod codeBase="/Users/diasbruno/Documents/programacao/codigos/dotnet/bcommerce/backend/src/Services/UserService/UserService.UnitTest/bin/Debug/net8.0/UserService.UnitTest.dll" adapterTypeName="executor://xunit/VsTestRunner2/netcoreapp" className="UserService.UnitTest.Domain.UserTests" name="Usuario_QuandoDataNascimentoDefinida_DeveAceitarDataValida" />
    </UnitTest>
    <UnitTest name="UserService.UnitTest.Application.Dtos.Requests.LoginUserRequestTests.LoginUserRequest_ComDiferentesCombinacoesDeDados_DeveDefinirPropriedadesCorretamente(email: &quot;cliente@loja.com.br&quot;, password: &quot;senha456&quot;)" storage="/users/diasbruno/documents/programacao/codigos/dotnet/bcommerce/backend/src/services/userservice/userservice.unittest/bin/debug/net8.0/userservice.unittest.dll" id="eee2f393-fda3-ea94-c73b-e4971c0ece61">
      <Execution id="4925802e-269d-41a4-81dd-7d66cc7a7149" />
      <TestMethod codeBase="/Users/diasbruno/Documents/programacao/codigos/dotnet/bcommerce/backend/src/Services/UserService/UserService.UnitTest/bin/Debug/net8.0/UserService.UnitTest.dll" adapterTypeName="executor://xunit/VsTestRunner2/netcoreapp" className="UserService.UnitTest.Application.Dtos.Requests.LoginUserRequestTests" name="LoginUserRequest_ComDiferentesCombinacoesDeDados_DeveDefinirPropriedadesCorretamente" />
    </UnitTest>
    <UnitTest name="UserService.UnitTest.Application.Dtos.Keycloak.LoginUserKeycloakTests.LoginUserKeycloak_ComCaracteresUnicode_DevePermitirCriacao" storage="/users/diasbruno/documents/programacao/codigos/dotnet/bcommerce/backend/src/services/userservice/userservice.unittest/bin/debug/net8.0/userservice.unittest.dll" id="b7851f75-cf1b-778a-1103-796d63a4420d">
      <Execution id="27d8c576-204c-4e54-b320-a26792935e57" />
      <TestMethod codeBase="/Users/diasbruno/Documents/programacao/codigos/dotnet/bcommerce/backend/src/Services/UserService/UserService.UnitTest/bin/Debug/net8.0/UserService.UnitTest.dll" adapterTypeName="executor://xunit/VsTestRunner2/netcoreapp" className="UserService.UnitTest.Application.Dtos.Keycloak.LoginUserKeycloakTests" name="LoginUserKeycloak_ComCaracteresUnicode_DevePermitirCriacao" />
    </UnitTest>
    <UnitTest name="UserService.UnitTest.Domain.UserTests.Usuario_QuandoStatusDefinido_DeveAceitarStatusValidos(status: Inativo)" storage="/users/diasbruno/documents/programacao/codigos/dotnet/bcommerce/backend/src/services/userservice/userservice.unittest/bin/debug/net8.0/userservice.unittest.dll" id="7ecbc807-4ca7-8eb2-8a35-043115ffccdd">
      <Execution id="c934defc-dbc8-4010-8740-e8dff12ca026" />
      <TestMethod codeBase="/Users/diasbruno/Documents/programacao/codigos/dotnet/bcommerce/backend/src/Services/UserService/UserService.UnitTest/bin/Debug/net8.0/UserService.UnitTest.dll" adapterTypeName="executor://xunit/VsTestRunner2/netcoreapp" className="UserService.UnitTest.Domain.UserTests" name="Usuario_QuandoStatusDefinido_DeveAceitarStatusValidos" />
    </UnitTest>
    <UnitTest name="UserService.UnitTest.Application.Commands.LoginUserCommandTests.CriarComando_ComDiferentesCredenciais_DeveDefinirPropriedadesCorretamente(email: &quot;joao@email.com&quot;, password: &quot;Senha123@&quot;)" storage="/users/diasbruno/documents/programacao/codigos/dotnet/bcommerce/backend/src/services/userservice/userservice.unittest/bin/debug/net8.0/userservice.unittest.dll" id="5e8a1a7b-63fd-ef39-f9dc-927456d0cd7a">
      <Execution id="47e76693-8f69-4e51-b65e-41e4cd9942e2" />
      <TestMethod codeBase="/Users/diasbruno/Documents/programacao/codigos/dotnet/bcommerce/backend/src/Services/UserService/UserService.UnitTest/bin/Debug/net8.0/UserService.UnitTest.dll" adapterTypeName="executor://xunit/VsTestRunner2/netcoreapp" className="UserService.UnitTest.Application.Commands.LoginUserCommandTests" name="CriarComando_ComDiferentesCredenciais_DeveDefinirPropriedadesCorretamente" />
    </UnitTest>
    <UnitTest name="UserService.UnitTest.Application.Dtos.Requests.LoginUserRequestTests.LoginUserRequest_ComDadosValidos_DeveDefinirPropriedadesCorretamente" storage="/users/diasbruno/documents/programacao/codigos/dotnet/bcommerce/backend/src/services/userservice/userservice.unittest/bin/debug/net8.0/userservice.unittest.dll" id="46e0884c-ae3b-4d83-aeb1-d47418a639bb">
      <Execution id="099f63d7-f994-44bc-9db0-34f1e4a7469b" />
      <TestMethod codeBase="/Users/diasbruno/Documents/programacao/codigos/dotnet/bcommerce/backend/src/Services/UserService/UserService.UnitTest/bin/Debug/net8.0/UserService.UnitTest.dll" adapterTypeName="executor://xunit/VsTestRunner2/netcoreapp" className="UserService.UnitTest.Application.Dtos.Requests.LoginUserRequestTests" name="LoginUserRequest_ComDadosValidos_DeveDefinirPropriedadesCorretamente" />
    </UnitTest>
    <UnitTest name="UserService.UnitTest.Application.Dtos.Requests.LoginUserRequestTests.LoginUserRequest_ComAmbosValoresVazios_DevePermitirAtribuicao" storage="/users/diasbruno/documents/programacao/codigos/dotnet/bcommerce/backend/src/services/userservice/userservice.unittest/bin/debug/net8.0/userservice.unittest.dll" id="85e97acb-11de-08df-905a-21d5d5888d29">
      <Execution id="93e1992d-0275-4e3c-9d9e-cdb378c834b3" />
      <TestMethod codeBase="/Users/diasbruno/Documents/programacao/codigos/dotnet/bcommerce/backend/src/Services/UserService/UserService.UnitTest/bin/Debug/net8.0/UserService.UnitTest.dll" adapterTypeName="executor://xunit/VsTestRunner2/netcoreapp" className="UserService.UnitTest.Application.Dtos.Requests.LoginUserRequestTests" name="LoginUserRequest_ComAmbosValoresVazios_DevePermitirAtribuicao" />
    </UnitTest>
    <UnitTest name="UserService.UnitTest.Application.Dtos.Keycloak.LoginUserKeycloakTests.LoginUserKeycloak_ComDiferentesCombinacoesDeDados_DeveDefinirPropriedadesCorretamente(email: &quot;test@example.com&quot;, password: &quot;password123&quot;)" storage="/users/diasbruno/documents/programacao/codigos/dotnet/bcommerce/backend/src/services/userservice/userservice.unittest/bin/debug/net8.0/userservice.unittest.dll" id="455cce1f-5d9c-b7d3-8180-a6a1c0a52a90">
      <Execution id="27193d93-6639-4fba-9965-792f2a330d97" />
      <TestMethod codeBase="/Users/diasbruno/Documents/programacao/codigos/dotnet/bcommerce/backend/src/Services/UserService/UserService.UnitTest/bin/Debug/net8.0/UserService.UnitTest.dll" adapterTypeName="executor://xunit/VsTestRunner2/netcoreapp" className="UserService.UnitTest.Application.Dtos.Keycloak.LoginUserKeycloakTests" name="LoginUserKeycloak_ComDiferentesCombinacoesDeDados_DeveDefinirPropriedadesCorretamente" />
    </UnitTest>
    <UnitTest name="UserService.UnitTest.Application.Dtos.Requests.LoginUserRequestTests.LoginUserRequest_ComDiferentesCombinacoesDeDados_DeveDefinirPropriedadesCorretamente(email: &quot;user@domain.org&quot;, password: &quot;mypassword&quot;)" storage="/users/diasbruno/documents/programacao/codigos/dotnet/bcommerce/backend/src/services/userservice/userservice.unittest/bin/debug/net8.0/userservice.unittest.dll" id="84b86d7e-0f77-e8bb-8ca8-882d441f0046">
      <Execution id="5e0d9346-c520-4464-8ae8-e4d073ee07b4" />
      <TestMethod codeBase="/Users/diasbruno/Documents/programacao/codigos/dotnet/bcommerce/backend/src/Services/UserService/UserService.UnitTest/bin/Debug/net8.0/UserService.UnitTest.dll" adapterTypeName="executor://xunit/VsTestRunner2/netcoreapp" className="UserService.UnitTest.Application.Dtos.Requests.LoginUserRequestTests" name="LoginUserRequest_ComDiferentesCombinacoesDeDados_DeveDefinirPropriedadesCorretamente" />
    </UnitTest>
    <UnitTest name="UserService.UnitTest.Application.Dtos.Responses.LoginUserResponseTests.LoginUserResponse_ComExpiresInPositivo_DevePermitirAtribuicao(expiresIn: 1)" storage="/users/diasbruno/documents/programacao/codigos/dotnet/bcommerce/backend/src/services/userservice/userservice.unittest/bin/debug/net8.0/userservice.unittest.dll" id="de239b90-b605-59bc-881a-9849b83cab21">
      <Execution id="2bfb7fff-1537-4659-b99b-a524a6083a6e" />
      <TestMethod codeBase="/Users/diasbruno/Documents/programacao/codigos/dotnet/bcommerce/backend/src/Services/UserService/UserService.UnitTest/bin/Debug/net8.0/UserService.UnitTest.dll" adapterTypeName="executor://xunit/VsTestRunner2/netcoreapp" className="UserService.UnitTest.Application.Dtos.Responses.LoginUserResponseTests" name="LoginUserResponse_ComExpiresInPositivo_DevePermitirAtribuicao" />
    </UnitTest>
    <UnitTest name="UserService.UnitTest.Application.Dtos.Responses.LoginUserResponseTests.LoginUserResponse_ComRefreshTokenVazioOuEspacos_DevePermitirAtribuicao(refreshToken: &quot;&quot;)" storage="/users/diasbruno/documents/programacao/codigos/dotnet/bcommerce/backend/src/services/userservice/userservice.unittest/bin/debug/net8.0/userservice.unittest.dll" id="7c721a92-dfd1-4b2a-435e-f0420f1fa1bf">
      <Execution id="52a6fdee-6264-4065-b613-109ca0d25b4e" />
      <TestMethod codeBase="/Users/diasbruno/Documents/programacao/codigos/dotnet/bcommerce/backend/src/Services/UserService/UserService.UnitTest/bin/Debug/net8.0/UserService.UnitTest.dll" adapterTypeName="executor://xunit/VsTestRunner2/netcoreapp" className="UserService.UnitTest.Application.Dtos.Responses.LoginUserResponseTests" name="LoginUserResponse_ComRefreshTokenVazioOuEspacos_DevePermitirAtribuicao" />
    </UnitTest>
    <UnitTest name="UserService.UnitTest.Application.Dtos.Keycloak.CreateUserKeycloakTests.CreateUserKeycloak_ComEmailVazioOuEspacos_DevePermitirCriacao(email: &quot;&quot;)" storage="/users/diasbruno/documents/programacao/codigos/dotnet/bcommerce/backend/src/services/userservice/userservice.unittest/bin/debug/net8.0/userservice.unittest.dll" id="90c63f74-3282-2911-4a3a-7a9b7bbc7867">
      <Execution id="b5646d49-6c06-426f-882c-21c5a08ab39b" />
      <TestMethod codeBase="/Users/diasbruno/Documents/programacao/codigos/dotnet/bcommerce/backend/src/Services/UserService/UserService.UnitTest/bin/Debug/net8.0/UserService.UnitTest.dll" adapterTypeName="executor://xunit/VsTestRunner2/netcoreapp" className="UserService.UnitTest.Application.Dtos.Keycloak.CreateUserKeycloakTests" name="CreateUserKeycloak_ComEmailVazioOuEspacos_DevePermitirCriacao" />
    </UnitTest>
    <UnitTest name="UserService.UnitTest.Application.Dtos.Responses.LoginUserResponseTests.LoginUserResponse_ComTodosValoresNulos_DevePermitirAtribuicao" storage="/users/diasbruno/documents/programacao/codigos/dotnet/bcommerce/backend/src/services/userservice/userservice.unittest/bin/debug/net8.0/userservice.unittest.dll" id="159104f6-eb79-1c15-6755-1a4755d7ed51">
      <Execution id="45b18bcb-0503-4846-b2a1-1d383439f00d" />
      <TestMethod codeBase="/Users/diasbruno/Documents/programacao/codigos/dotnet/bcommerce/backend/src/Services/UserService/UserService.UnitTest/bin/Debug/net8.0/UserService.UnitTest.dll" adapterTypeName="executor://xunit/VsTestRunner2/netcoreapp" className="UserService.UnitTest.Application.Dtos.Responses.LoginUserResponseTests" name="LoginUserResponse_ComTodosValoresNulos_DevePermitirAtribuicao" />
    </UnitTest>
    <UnitTest name="UserService.UnitTest.Application.Dtos.Responses.LoginUserResponseTests.LoginUserResponse_ComAccessTokenVazioOuEspacos_DevePermitirAtribuicao(accessToken: &quot; &quot;)" storage="/users/diasbruno/documents/programacao/codigos/dotnet/bcommerce/backend/src/services/userservice/userservice.unittest/bin/debug/net8.0/userservice.unittest.dll" id="26a1e3f4-4540-430c-31e0-ad5c7e3416b4">
      <Execution id="8f7e4fd5-36ac-4b80-9922-b53303a62358" />
      <TestMethod codeBase="/Users/diasbruno/Documents/programacao/codigos/dotnet/bcommerce/backend/src/Services/UserService/UserService.UnitTest/bin/Debug/net8.0/UserService.UnitTest.dll" adapterTypeName="executor://xunit/VsTestRunner2/netcoreapp" className="UserService.UnitTest.Application.Dtos.Responses.LoginUserResponseTests" name="LoginUserResponse_ComAccessTokenVazioOuEspacos_DevePermitirAtribuicao" />
    </UnitTest>
    <UnitTest name="UserService.UnitTest.Application.Dtos.Responses.CreateUserResponseTests.CreateUserResponse_ComNomesNulos_DevePermitirAtribuicao" storage="/users/diasbruno/documents/programacao/codigos/dotnet/bcommerce/backend/src/services/userservice/userservice.unittest/bin/debug/net8.0/userservice.unittest.dll" id="98212644-d194-40f8-f990-1100931aab24">
      <Execution id="4878675e-a5fa-46d6-a88f-37e5d02d1bf3" />
      <TestMethod codeBase="/Users/diasbruno/Documents/programacao/codigos/dotnet/bcommerce/backend/src/Services/UserService/UserService.UnitTest/bin/Debug/net8.0/UserService.UnitTest.dll" adapterTypeName="executor://xunit/VsTestRunner2/netcoreapp" className="UserService.UnitTest.Application.Dtos.Responses.CreateUserResponseTests" name="CreateUserResponse_ComNomesNulos_DevePermitirAtribuicao" />
    </UnitTest>
    <UnitTest name="UserService.UnitTest.Application.Dtos.Responses.CreateUserResponseTests.CreateUserResponse_ComDadosValidos_DeveDefinirPropriedadesCorretamente" storage="/users/diasbruno/documents/programacao/codigos/dotnet/bcommerce/backend/src/services/userservice/userservice.unittest/bin/debug/net8.0/userservice.unittest.dll" id="196aa29c-052f-4f3b-5b2a-8b52428522fd">
      <Execution id="36c7668a-153e-49bf-b7be-d0f3ee53b71d" />
      <TestMethod codeBase="/Users/diasbruno/Documents/programacao/codigos/dotnet/bcommerce/backend/src/Services/UserService/UserService.UnitTest/bin/Debug/net8.0/UserService.UnitTest.dll" adapterTypeName="executor://xunit/VsTestRunner2/netcoreapp" className="UserService.UnitTest.Application.Dtos.Responses.CreateUserResponseTests" name="CreateUserResponse_ComDadosValidos_DeveDefinirPropriedadesCorretamente" />
    </UnitTest>
    <UnitTest name="UserService.UnitTest.Application.Dtos.Keycloak.CreateUserKeycloakTests.CreateUserKeycloak_ComNomeVazioOuEspacos_DevePermitirCriacao(firstName: &quot; &quot;)" storage="/users/diasbruno/documents/programacao/codigos/dotnet/bcommerce/backend/src/services/userservice/userservice.unittest/bin/debug/net8.0/userservice.unittest.dll" id="b2a3e007-cd49-208a-a870-adc8ac444bd3">
      <Execution id="64e0a995-d5af-4a45-8193-3b39c29654da" />
      <TestMethod codeBase="/Users/diasbruno/Documents/programacao/codigos/dotnet/bcommerce/backend/src/Services/UserService/UserService.UnitTest/bin/Debug/net8.0/UserService.UnitTest.dll" adapterTypeName="executor://xunit/VsTestRunner2/netcoreapp" className="UserService.UnitTest.Application.Dtos.Keycloak.CreateUserKeycloakTests" name="CreateUserKeycloak_ComNomeVazioOuEspacos_DevePermitirCriacao" />
    </UnitTest>
    <UnitTest name="UserService.UnitTest.Application.Dtos.Keycloak.LoginUserKeycloakTests.LoginUserKeycloak_ComEmailVazioOuEspacos_DevePermitirCriacao(email: &quot;   &quot;)" storage="/users/diasbruno/documents/programacao/codigos/dotnet/bcommerce/backend/src/services/userservice/userservice.unittest/bin/debug/net8.0/userservice.unittest.dll" id="61f1e916-f7d2-9c70-1f9f-c8fae1845eae">
      <Execution id="206cef99-49ea-490a-b4a6-a922e46317d2" />
      <TestMethod codeBase="/Users/diasbruno/Documents/programacao/codigos/dotnet/bcommerce/backend/src/Services/UserService/UserService.UnitTest/bin/Debug/net8.0/UserService.UnitTest.dll" adapterTypeName="executor://xunit/VsTestRunner2/netcoreapp" className="UserService.UnitTest.Application.Dtos.Keycloak.LoginUserKeycloakTests" name="LoginUserKeycloak_ComEmailVazioOuEspacos_DevePermitirCriacao" />
    </UnitTest>
    <UnitTest name="UserService.UnitTest.Application.Dtos.Responses.LoginUserResponseTests.LoginUserResponse_ComExpiresInPositivo_DevePermitirAtribuicao(expiresIn: 86400)" storage="/users/diasbruno/documents/programacao/codigos/dotnet/bcommerce/backend/src/services/userservice/userservice.unittest/bin/debug/net8.0/userservice.unittest.dll" id="4436b52f-e223-af1e-ebed-65a03d230b7b">
      <Execution id="fc8ff61f-82bf-409e-b114-2c85c06145a1" />
      <TestMethod codeBase="/Users/diasbruno/Documents/programacao/codigos/dotnet/bcommerce/backend/src/Services/UserService/UserService.UnitTest/bin/Debug/net8.0/UserService.UnitTest.dll" adapterTypeName="executor://xunit/VsTestRunner2/netcoreapp" className="UserService.UnitTest.Application.Dtos.Responses.LoginUserResponseTests" name="LoginUserResponse_ComExpiresInPositivo_DevePermitirAtribuicao" />
    </UnitTest>
    <UnitTest name="UserService.UnitTest.Application.Dtos.Requests.CreateUserRequestTests.CreateUserRequest_ComNomeNulo_DevePermitirAtribuicao" storage="/users/diasbruno/documents/programacao/codigos/dotnet/bcommerce/backend/src/services/userservice/userservice.unittest/bin/debug/net8.0/userservice.unittest.dll" id="438d9816-90e7-c5aa-584c-a5a27cabf72a">
      <Execution id="b9f26e00-efb9-48fb-a675-2d8c476987b6" />
      <TestMethod codeBase="/Users/diasbruno/Documents/programacao/codigos/dotnet/bcommerce/backend/src/Services/UserService/UserService.UnitTest/bin/Debug/net8.0/UserService.UnitTest.dll" adapterTypeName="executor://xunit/VsTestRunner2/netcoreapp" className="UserService.UnitTest.Application.Dtos.Requests.CreateUserRequestTests" name="CreateUserRequest_ComNomeNulo_DevePermitirAtribuicao" />
    </UnitTest>
    <UnitTest name="UserService.UnitTest.Application.Dtos.Keycloak.CreateUserKeycloakTests.CreateUserKeycloak_ComEmailNulo_DevePermitirCriacao" storage="/users/diasbruno/documents/programacao/codigos/dotnet/bcommerce/backend/src/services/userservice/userservice.unittest/bin/debug/net8.0/userservice.unittest.dll" id="411ae6e3-411d-bed2-74f1-79868b4b9025">
      <Execution id="fbda71b7-2201-4305-ab27-1f4318761ba9" />
      <TestMethod codeBase="/Users/diasbruno/Documents/programacao/codigos/dotnet/bcommerce/backend/src/Services/UserService/UserService.UnitTest/bin/Debug/net8.0/UserService.UnitTest.dll" adapterTypeName="executor://xunit/VsTestRunner2/netcoreapp" className="UserService.UnitTest.Application.Dtos.Keycloak.CreateUserKeycloakTests" name="CreateUserKeycloak_ComEmailNulo_DevePermitirCriacao" />
    </UnitTest>
    <UnitTest name="UserService.UnitTest.Application.Services.PasswordEncripterTests.VerifyPassword_ComSenhaIncorreta_DeveRetornarFalse" storage="/users/diasbruno/documents/programacao/codigos/dotnet/bcommerce/backend/src/services/userservice/userservice.unittest/bin/debug/net8.0/userservice.unittest.dll" id="0a819944-3627-6320-8a60-5c8e3670cd38">
      <Execution id="a9af5267-516a-4bcd-a0d4-323a3c0f6c2e" />
      <TestMethod codeBase="/Users/diasbruno/Documents/programacao/codigos/dotnet/bcommerce/backend/src/Services/UserService/UserService.UnitTest/bin/Debug/net8.0/UserService.UnitTest.dll" adapterTypeName="executor://xunit/VsTestRunner2/netcoreapp" className="UserService.UnitTest.Application.Services.PasswordEncripterTests" name="VerifyPassword_ComSenhaIncorreta_DeveRetornarFalse" />
    </UnitTest>
    <UnitTest name="UserService.UnitTest.Application.Dtos.Responses.LoginUserResponseTests.LoginUserResponse_ComExpiresInPositivo_DevePermitirAtribuicao(expiresIn: 7200)" storage="/users/diasbruno/documents/programacao/codigos/dotnet/bcommerce/backend/src/services/userservice/userservice.unittest/bin/debug/net8.0/userservice.unittest.dll" id="edcaa81b-5da7-b2f8-7b08-62b73bfcfb3b">
      <Execution id="09443436-1c0e-4064-95aa-448b658c5612" />
      <TestMethod codeBase="/Users/diasbruno/Documents/programacao/codigos/dotnet/bcommerce/backend/src/Services/UserService/UserService.UnitTest/bin/Debug/net8.0/UserService.UnitTest.dll" adapterTypeName="executor://xunit/VsTestRunner2/netcoreapp" className="UserService.UnitTest.Application.Dtos.Responses.LoginUserResponseTests" name="LoginUserResponse_ComExpiresInPositivo_DevePermitirAtribuicao" />
    </UnitTest>
    <UnitTest name="UserService.UnitTest.Application.Dtos.Requests.LoginUserRequestTests.LoginUserRequest_ComSenhaVaziaOuEspacos_DevePermitirAtribuicao(password: &quot;&quot;)" storage="/users/diasbruno/documents/programacao/codigos/dotnet/bcommerce/backend/src/services/userservice/userservice.unittest/bin/debug/net8.0/userservice.unittest.dll" id="a02ff287-97b3-5f57-60b5-31628fd9cbb4">
      <Execution id="1708aef3-3912-42f3-8491-eada4062a2f6" />
      <TestMethod codeBase="/Users/diasbruno/Documents/programacao/codigos/dotnet/bcommerce/backend/src/Services/UserService/UserService.UnitTest/bin/Debug/net8.0/UserService.UnitTest.dll" adapterTypeName="executor://xunit/VsTestRunner2/netcoreapp" className="UserService.UnitTest.Application.Dtos.Requests.LoginUserRequestTests" name="LoginUserRequest_ComSenhaVaziaOuEspacos_DevePermitirAtribuicao" />
    </UnitTest>
    <UnitTest name="UserService.UnitTest.Application.Dtos.Requests.LoginUserRequestTests.LoginUserRequest_ComSenhaNula_DevePermitirAtribuicao" storage="/users/diasbruno/documents/programacao/codigos/dotnet/bcommerce/backend/src/services/userservice/userservice.unittest/bin/debug/net8.0/userservice.unittest.dll" id="27959c8b-f4d6-bcae-f560-fc37c4b787a5">
      <Execution id="0b481732-87ac-4dce-a501-d6cde0699ec2" />
      <TestMethod codeBase="/Users/diasbruno/Documents/programacao/codigos/dotnet/bcommerce/backend/src/Services/UserService/UserService.UnitTest/bin/Debug/net8.0/UserService.UnitTest.dll" adapterTypeName="executor://xunit/VsTestRunner2/netcoreapp" className="UserService.UnitTest.Application.Dtos.Requests.LoginUserRequestTests" name="LoginUserRequest_ComSenhaNula_DevePermitirAtribuicao" />
    </UnitTest>
    <UnitTest name="UserService.UnitTest.Domain.UserExtensionsTests.ObterNomeCompleto_QuandoAmbosNomesPreenchidos_DeveRetornarNomesConcatenados" storage="/users/diasbruno/documents/programacao/codigos/dotnet/bcommerce/backend/src/services/userservice/userservice.unittest/bin/debug/net8.0/userservice.unittest.dll" id="48bd79a2-cd27-17a1-11f4-ccc204ac86fe">
      <Execution id="3769dde6-0dec-464e-be55-1d10bfc4f7cc" />
      <TestMethod codeBase="/Users/diasbruno/Documents/programacao/codigos/dotnet/bcommerce/backend/src/Services/UserService/UserService.UnitTest/bin/Debug/net8.0/UserService.UnitTest.dll" adapterTypeName="executor://xunit/VsTestRunner2/netcoreapp" className="UserService.UnitTest.Domain.UserExtensionsTests" name="ObterNomeCompleto_QuandoAmbosNomesPreenchidos_DeveRetornarNomesConcatenados" />
    </UnitTest>
    <UnitTest name="UserService.UnitTest.Application.Dtos.Responses.LoginUserResponseTests.LoginUserResponse_ComTokensLongos_DevePermitirAtribuicao" storage="/users/diasbruno/documents/programacao/codigos/dotnet/bcommerce/backend/src/services/userservice/userservice.unittest/bin/debug/net8.0/userservice.unittest.dll" id="fc494b64-1641-291d-8211-f4797e8db9a4">
      <Execution id="87fee476-9a98-42fb-b36c-5ec3cbc4750b" />
      <TestMethod codeBase="/Users/diasbruno/Documents/programacao/codigos/dotnet/bcommerce/backend/src/Services/UserService/UserService.UnitTest/bin/Debug/net8.0/UserService.UnitTest.dll" adapterTypeName="executor://xunit/VsTestRunner2/netcoreapp" className="UserService.UnitTest.Application.Dtos.Responses.LoginUserResponseTests" name="LoginUserResponse_ComTokensLongos_DevePermitirAtribuicao" />
    </UnitTest>
    <UnitTest name="UserService.UnitTest.Application.Services.PasswordEncripterTests.EncryptPassword_ComDiferentesSenhas_DeveRetornarHashesValidos(password: &quot;123456789&quot;)" storage="/users/diasbruno/documents/programacao/codigos/dotnet/bcommerce/backend/src/services/userservice/userservice.unittest/bin/debug/net8.0/userservice.unittest.dll" id="06eb3a68-60dc-b444-9f0c-a9219a04835f">
      <Execution id="640c870b-e232-4eb0-aaca-eef2d0b93650" />
      <TestMethod codeBase="/Users/diasbruno/Documents/programacao/codigos/dotnet/bcommerce/backend/src/Services/UserService/UserService.UnitTest/bin/Debug/net8.0/UserService.UnitTest.dll" adapterTypeName="executor://xunit/VsTestRunner2/netcoreapp" className="UserService.UnitTest.Application.Services.PasswordEncripterTests" name="EncryptPassword_ComDiferentesSenhas_DeveRetornarHashesValidos" />
    </UnitTest>
    <UnitTest name="UserService.UnitTest.Application.Services.PasswordEncripterTests.VerifyPassword_ComDiferentesCombinacoes_DeveRetornarResultadoCorreto(originalPassword: &quot;senha123&quot;, testPassword: &quot;senha124&quot;, expectedResult: False)" storage="/users/diasbruno/documents/programacao/codigos/dotnet/bcommerce/backend/src/services/userservice/userservice.unittest/bin/debug/net8.0/userservice.unittest.dll" id="f004bd56-4237-fb56-b159-57cfea5e0649">
      <Execution id="7b5926f8-7408-4093-ba3d-a894dae5796e" />
      <TestMethod codeBase="/Users/diasbruno/Documents/programacao/codigos/dotnet/bcommerce/backend/src/Services/UserService/UserService.UnitTest/bin/Debug/net8.0/UserService.UnitTest.dll" adapterTypeName="executor://xunit/VsTestRunner2/netcoreapp" className="UserService.UnitTest.Application.Services.PasswordEncripterTests" name="VerifyPassword_ComDiferentesCombinacoes_DeveRetornarResultadoCorreto" />
    </UnitTest>
    <UnitTest name="UserService.UnitTest.Domain.UserExtensionsTests.ContaEstaBloqueada_QuandoContaNaoBloqueada_DeveRetornarFalso" storage="/users/diasbruno/documents/programacao/codigos/dotnet/bcommerce/backend/src/services/userservice/userservice.unittest/bin/debug/net8.0/userservice.unittest.dll" id="414134f3-58d7-42a3-8133-e2dd29b54451">
      <Execution id="bc51fa78-14ab-45e0-887d-7dab1c05c88c" />
      <TestMethod codeBase="/Users/diasbruno/Documents/programacao/codigos/dotnet/bcommerce/backend/src/Services/UserService/UserService.UnitTest/bin/Debug/net8.0/UserService.UnitTest.dll" adapterTypeName="executor://xunit/VsTestRunner2/netcoreapp" className="UserService.UnitTest.Domain.UserExtensionsTests" name="ContaEstaBloqueada_QuandoContaNaoBloqueada_DeveRetornarFalso" />
    </UnitTest>
    <UnitTest name="UserService.UnitTest.Application.Dtos.Responses.CreateUserResponseTests.CreateUserResponse_ComPropriedadesBasicas_DeveDefinirCorretamente" storage="/users/diasbruno/documents/programacao/codigos/dotnet/bcommerce/backend/src/services/userservice/userservice.unittest/bin/debug/net8.0/userservice.unittest.dll" id="63551efc-83f9-ad65-fc6c-5aba8aad3785">
      <Execution id="512d1fc8-b6c1-4fe1-93dc-26f7a9a858d8" />
      <TestMethod codeBase="/Users/diasbruno/Documents/programacao/codigos/dotnet/bcommerce/backend/src/Services/UserService/UserService.UnitTest/bin/Debug/net8.0/UserService.UnitTest.dll" adapterTypeName="executor://xunit/VsTestRunner2/netcoreapp" className="UserService.UnitTest.Application.Dtos.Responses.CreateUserResponseTests" name="CreateUserResponse_ComPropriedadesBasicas_DeveDefinirCorretamente" />
    </UnitTest>
    <UnitTest name="UserService.UnitTest.Application.Dtos.Responses.LoginUserResponseTests.LoginUserResponse_ComExpiresInPositivo_DevePermitirAtribuicao(expiresIn: 2147483647)" storage="/users/diasbruno/documents/programacao/codigos/dotnet/bcommerce/backend/src/services/userservice/userservice.unittest/bin/debug/net8.0/userservice.unittest.dll" id="c9ed4de0-edb4-2421-4a75-550bc1b97f3e">
      <Execution id="07cae24a-facf-4571-ae37-9fbbb9b7f487" />
      <TestMethod codeBase="/Users/diasbruno/Documents/programacao/codigos/dotnet/bcommerce/backend/src/Services/UserService/UserService.UnitTest/bin/Debug/net8.0/UserService.UnitTest.dll" adapterTypeName="executor://xunit/VsTestRunner2/netcoreapp" className="UserService.UnitTest.Application.Dtos.Responses.LoginUserResponseTests" name="LoginUserResponse_ComExpiresInPositivo_DevePermitirAtribuicao" />
    </UnitTest>
    <UnitTest name="UserService.UnitTest.Application.Commands.LoginUserCommandTests.CriarComando_ComValoresPadrao_DeveInicializarPropriedadesVazias" storage="/users/diasbruno/documents/programacao/codigos/dotnet/bcommerce/backend/src/services/userservice/userservice.unittest/bin/debug/net8.0/userservice.unittest.dll" id="7387758e-7526-9d26-2c7f-e947817f37cd">
      <Execution id="e4cecddc-58d0-4530-b1a1-ed28ee3f9cde" />
      <TestMethod codeBase="/Users/diasbruno/Documents/programacao/codigos/dotnet/bcommerce/backend/src/Services/UserService/UserService.UnitTest/bin/Debug/net8.0/UserService.UnitTest.dll" adapterTypeName="executor://xunit/VsTestRunner2/netcoreapp" className="UserService.UnitTest.Application.Commands.LoginUserCommandTests" name="CriarComando_ComValoresPadrao_DeveInicializarPropriedadesVazias" />
    </UnitTest>
    <UnitTest name="UserService.UnitTest.Application.Dtos.Requests.CreateUserRequestTests.CreateUserRequest_ComEmailVazioOuEspacos_DevePermitirAtribuicao(email: &quot;   &quot;)" storage="/users/diasbruno/documents/programacao/codigos/dotnet/bcommerce/backend/src/services/userservice/userservice.unittest/bin/debug/net8.0/userservice.unittest.dll" id="93cf9568-02cf-a7ef-7bf3-1c1b12265775">
      <Execution id="3c41634f-7725-4432-a32c-310c2461be44" />
      <TestMethod codeBase="/Users/diasbruno/Documents/programacao/codigos/dotnet/bcommerce/backend/src/Services/UserService/UserService.UnitTest/bin/Debug/net8.0/UserService.UnitTest.dll" adapterTypeName="executor://xunit/VsTestRunner2/netcoreapp" className="UserService.UnitTest.Application.Dtos.Requests.CreateUserRequestTests" name="CreateUserRequest_ComEmailVazioOuEspacos_DevePermitirAtribuicao" />
    </UnitTest>
    <UnitTest name="UserService.UnitTest.Application.Dtos.Keycloak.CreateUserKeycloakTests.CreateUserKeycloak_ComSenhaLonga_DevePermitirCriacao" storage="/users/diasbruno/documents/programacao/codigos/dotnet/bcommerce/backend/src/services/userservice/userservice.unittest/bin/debug/net8.0/userservice.unittest.dll" id="11dec80e-4942-7ddf-1040-87ce1993a7ec">
      <Execution id="6498c79b-070f-4df2-8e5e-8a8098457dfa" />
      <TestMethod codeBase="/Users/diasbruno/Documents/programacao/codigos/dotnet/bcommerce/backend/src/Services/UserService/UserService.UnitTest/bin/Debug/net8.0/UserService.UnitTest.dll" adapterTypeName="executor://xunit/VsTestRunner2/netcoreapp" className="UserService.UnitTest.Application.Dtos.Keycloak.CreateUserKeycloakTests" name="CreateUserKeycloak_ComSenhaLonga_DevePermitirCriacao" />
    </UnitTest>
    <UnitTest name="UserService.UnitTest.Application.Dtos.Requests.CreateUserRequestTests.CreateUserRequest_ComValoresPadrao_DeveInicializarPropriedadesCorretamente" storage="/users/diasbruno/documents/programacao/codigos/dotnet/bcommerce/backend/src/services/userservice/userservice.unittest/bin/debug/net8.0/userservice.unittest.dll" id="009779f3-5c3d-dc58-740e-b1f2d7abf61c">
      <Execution id="4b71284f-f54f-4f8d-a071-24469bf29cd2" />
      <TestMethod codeBase="/Users/diasbruno/Documents/programacao/codigos/dotnet/bcommerce/backend/src/Services/UserService/UserService.UnitTest/bin/Debug/net8.0/UserService.UnitTest.dll" adapterTypeName="executor://xunit/VsTestRunner2/netcoreapp" className="UserService.UnitTest.Application.Dtos.Requests.CreateUserRequestTests" name="CreateUserRequest_ComValoresPadrao_DeveInicializarPropriedadesCorretamente" />
    </UnitTest>
    <UnitTest name="UserService.UnitTest.Application.Services.PasswordEncripterTests.EncryptPassword_ComSenhaValida_DeveRetornarHashBCrypt" storage="/users/diasbruno/documents/programacao/codigos/dotnet/bcommerce/backend/src/services/userservice/userservice.unittest/bin/debug/net8.0/userservice.unittest.dll" id="34a07d72-0db6-b075-6ccb-662b30076737">
      <Execution id="c9dc6ade-fd3a-49a1-9aad-8a3d8fb0b264" />
      <TestMethod codeBase="/Users/diasbruno/Documents/programacao/codigos/dotnet/bcommerce/backend/src/Services/UserService/UserService.UnitTest/bin/Debug/net8.0/UserService.UnitTest.dll" adapterTypeName="executor://xunit/VsTestRunner2/netcoreapp" className="UserService.UnitTest.Application.Services.PasswordEncripterTests" name="EncryptPassword_ComSenhaValida_DeveRetornarHashBCrypt" />
    </UnitTest>
    <UnitTest name="UserService.UnitTest.Application.Services.PasswordEncripterTests.EncryptPassword_ComDiferentesSenhas_DeveRetornarHashesValidos(password: &quot;P@ssw0rd!&quot;)" storage="/users/diasbruno/documents/programacao/codigos/dotnet/bcommerce/backend/src/services/userservice/userservice.unittest/bin/debug/net8.0/userservice.unittest.dll" id="c5503723-d274-6d3e-f29b-d6aa6e37dd4d">
      <Execution id="eafd6321-334b-4c1b-b9a9-51b283e1e245" />
      <TestMethod codeBase="/Users/diasbruno/Documents/programacao/codigos/dotnet/bcommerce/backend/src/Services/UserService/UserService.UnitTest/bin/Debug/net8.0/UserService.UnitTest.dll" adapterTypeName="executor://xunit/VsTestRunner2/netcoreapp" className="UserService.UnitTest.Application.Services.PasswordEncripterTests" name="EncryptPassword_ComDiferentesSenhas_DeveRetornarHashesValidos" />
    </UnitTest>
    <UnitTest name="UserService.UnitTest.Application.Services.PasswordEncripterTests.EncryptPassword_ComCaracteresUnicode_DeveProcessarCorretamente" storage="/users/diasbruno/documents/programacao/codigos/dotnet/bcommerce/backend/src/services/userservice/userservice.unittest/bin/debug/net8.0/userservice.unittest.dll" id="a655f03f-04ab-3f43-8793-397ba77d999a">
      <Execution id="b9900045-45df-4e29-806a-c3962506ed22" />
      <TestMethod codeBase="/Users/diasbruno/Documents/programacao/codigos/dotnet/bcommerce/backend/src/Services/UserService/UserService.UnitTest/bin/Debug/net8.0/UserService.UnitTest.dll" adapterTypeName="executor://xunit/VsTestRunner2/netcoreapp" className="UserService.UnitTest.Application.Services.PasswordEncripterTests" name="EncryptPassword_ComCaracteresUnicode_DeveProcessarCorretamente" />
    </UnitTest>
    <UnitTest name="UserService.UnitTest.Application.Dtos.Requests.LoginUserRequestTests.LoginUserRequest_ComSenhaVaziaOuEspacos_DevePermitirAtribuicao(password: &quot; &quot;)" storage="/users/diasbruno/documents/programacao/codigos/dotnet/bcommerce/backend/src/services/userservice/userservice.unittest/bin/debug/net8.0/userservice.unittest.dll" id="b9ac6a1b-ee8a-094a-ffba-407fb51c3368">
      <Execution id="0618d5a0-5727-4926-ac47-7abb429fcc67" />
      <TestMethod codeBase="/Users/diasbruno/Documents/programacao/codigos/dotnet/bcommerce/backend/src/Services/UserService/UserService.UnitTest/bin/Debug/net8.0/UserService.UnitTest.dll" adapterTypeName="executor://xunit/VsTestRunner2/netcoreapp" className="UserService.UnitTest.Application.Dtos.Requests.LoginUserRequestTests" name="LoginUserRequest_ComSenhaVaziaOuEspacos_DevePermitirAtribuicao" />
    </UnitTest>
    <UnitTest name="UserService.UnitTest.Application.Dtos.Keycloak.CreateUserKeycloakTests.CreateUserKeycloak_ComCaracteresUnicode_DevePermitirCriacao" storage="/users/diasbruno/documents/programacao/codigos/dotnet/bcommerce/backend/src/services/userservice/userservice.unittest/bin/debug/net8.0/userservice.unittest.dll" id="60e7a40c-2559-e1f7-74cf-3fabd83a399a">
      <Execution id="d6462455-803d-4b37-8131-483bd538b0af" />
      <TestMethod codeBase="/Users/diasbruno/Documents/programacao/codigos/dotnet/bcommerce/backend/src/Services/UserService/UserService.UnitTest/bin/Debug/net8.0/UserService.UnitTest.dll" adapterTypeName="executor://xunit/VsTestRunner2/netcoreapp" className="UserService.UnitTest.Application.Dtos.Keycloak.CreateUserKeycloakTests" name="CreateUserKeycloak_ComCaracteresUnicode_DevePermitirCriacao" />
    </UnitTest>
    <UnitTest name="UserService.UnitTest.Application.Dtos.Requests.CreateUserRequestTests.CreateUserRequest_ComDiferentesValoresNewsletterOptIn_DeveDefinirCorretamente(newsletterOptIn: False)" storage="/users/diasbruno/documents/programacao/codigos/dotnet/bcommerce/backend/src/services/userservice/userservice.unittest/bin/debug/net8.0/userservice.unittest.dll" id="0af16215-3a39-209d-efb8-6a04305b77c8">
      <Execution id="b247ae63-281c-4376-acd5-a809a0c931f3" />
      <TestMethod codeBase="/Users/diasbruno/Documents/programacao/codigos/dotnet/bcommerce/backend/src/Services/UserService/UserService.UnitTest/bin/Debug/net8.0/UserService.UnitTest.dll" adapterTypeName="executor://xunit/VsTestRunner2/netcoreapp" className="UserService.UnitTest.Application.Dtos.Requests.CreateUserRequestTests" name="CreateUserRequest_ComDiferentesValoresNewsletterOptIn_DeveDefinirCorretamente" />
    </UnitTest>
    <UnitTest name="UserService.UnitTest.Application.Dtos.Requests.CreateUserRequestTests.CreateUserRequest_ComSenhaVaziaOuEspacos_DevePermitirAtribuicao(password: &quot; &quot;)" storage="/users/diasbruno/documents/programacao/codigos/dotnet/bcommerce/backend/src/services/userservice/userservice.unittest/bin/debug/net8.0/userservice.unittest.dll" id="8605a51f-5b53-b458-2eee-61ca30b6c49e">
      <Execution id="e3ae6c15-e789-442f-8826-cb098d857306" />
      <TestMethod codeBase="/Users/diasbruno/Documents/programacao/codigos/dotnet/bcommerce/backend/src/Services/UserService/UserService.UnitTest/bin/Debug/net8.0/UserService.UnitTest.dll" adapterTypeName="executor://xunit/VsTestRunner2/netcoreapp" className="UserService.UnitTest.Application.Dtos.Requests.CreateUserRequestTests" name="CreateUserRequest_ComSenhaVaziaOuEspacos_DevePermitirAtribuicao" />
    </UnitTest>
    <UnitTest name="UserService.UnitTest.Application.Commands.LoginUserCommandHandlerTests.Handle_ComDiferentesCredenciais_DeveProcessarCorretamente(email: &quot;usuario1@email.com&quot;, password: &quot;Senha123@&quot;)" storage="/users/diasbruno/documents/programacao/codigos/dotnet/bcommerce/backend/src/services/userservice/userservice.unittest/bin/debug/net8.0/userservice.unittest.dll" id="8e4d3555-f949-af94-befc-35b2d860fb59">
      <Execution id="2bdcc60b-fbf2-4f34-aa12-6abc87b9267d" />
      <TestMethod codeBase="/Users/diasbruno/Documents/programacao/codigos/dotnet/bcommerce/backend/src/Services/UserService/UserService.UnitTest/bin/Debug/net8.0/UserService.UnitTest.dll" adapterTypeName="executor://xunit/VsTestRunner2/netcoreapp" className="UserService.UnitTest.Application.Commands.LoginUserCommandHandlerTests" name="Handle_ComDiferentesCredenciais_DeveProcessarCorretamente" />
    </UnitTest>
    <UnitTest name="UserService.UnitTest.Domain.UserTests.Usuario_QuandoPerfilDefinido_DeveAceitarPerfisValidos(role: Customer)" storage="/users/diasbruno/documents/programacao/codigos/dotnet/bcommerce/backend/src/services/userservice/userservice.unittest/bin/debug/net8.0/userservice.unittest.dll" id="9d369a17-d75d-c80a-d5fc-0a698e0e67e6">
      <Execution id="7672dbd2-81f3-4f98-b86f-d013b5f547c6" />
      <TestMethod codeBase="/Users/diasbruno/Documents/programacao/codigos/dotnet/bcommerce/backend/src/Services/UserService/UserService.UnitTest/bin/Debug/net8.0/UserService.UnitTest.dll" adapterTypeName="executor://xunit/VsTestRunner2/netcoreapp" className="UserService.UnitTest.Domain.UserTests" name="Usuario_QuandoPerfilDefinido_DeveAceitarPerfisValidos" />
    </UnitTest>
    <UnitTest name="UserService.UnitTest.Application.Dtos.Responses.LoginUserResponseTests.LoginUserResponse_ComExpiresInNegativoOuZero_DevePermitirAtribuicao(expiresIn: -1)" storage="/users/diasbruno/documents/programacao/codigos/dotnet/bcommerce/backend/src/services/userservice/userservice.unittest/bin/debug/net8.0/userservice.unittest.dll" id="bb0d1e24-a3f4-bb68-7cb3-7cb15a9260e0">
      <Execution id="0818e90a-d52e-4988-ba78-d2a6282d24e7" />
      <TestMethod codeBase="/Users/diasbruno/Documents/programacao/codigos/dotnet/bcommerce/backend/src/Services/UserService/UserService.UnitTest/bin/Debug/net8.0/UserService.UnitTest.dll" adapterTypeName="executor://xunit/VsTestRunner2/netcoreapp" className="UserService.UnitTest.Application.Dtos.Responses.LoginUserResponseTests" name="LoginUserResponse_ComExpiresInNegativoOuZero_DevePermitirAtribuicao" />
    </UnitTest>
    <UnitTest name="UserService.UnitTest.Application.Dtos.Responses.LoginUserResponseTests.LoginUserResponse_ComDiferentesTiposDeToken_DevePermitirAtribuicao(tokenType: &quot;JWT&quot;)" storage="/users/diasbruno/documents/programacao/codigos/dotnet/bcommerce/backend/src/services/userservice/userservice.unittest/bin/debug/net8.0/userservice.unittest.dll" id="6765ccef-ec2d-9a3b-bf9d-f6ba1b86f954">
      <Execution id="3a018ddb-5c51-4152-86f1-d577da161cf4" />
      <TestMethod codeBase="/Users/diasbruno/Documents/programacao/codigos/dotnet/bcommerce/backend/src/Services/UserService/UserService.UnitTest/bin/Debug/net8.0/UserService.UnitTest.dll" adapterTypeName="executor://xunit/VsTestRunner2/netcoreapp" className="UserService.UnitTest.Application.Dtos.Responses.LoginUserResponseTests" name="LoginUserResponse_ComDiferentesTiposDeToken_DevePermitirAtribuicao" />
    </UnitTest>
    <UnitTest name="UserService.UnitTest.Application.Commands.CreateUserCommandTests.CriarComando_ComValoresPadrao_DeveInicializarPropriedadesVazias" storage="/users/diasbruno/documents/programacao/codigos/dotnet/bcommerce/backend/src/services/userservice/userservice.unittest/bin/debug/net8.0/userservice.unittest.dll" id="27c79a35-e4d6-9afe-a6d3-d329dddd2aab">
      <Execution id="09136165-15f0-41d0-b085-889f1eca1f90" />
      <TestMethod codeBase="/Users/diasbruno/Documents/programacao/codigos/dotnet/bcommerce/backend/src/Services/UserService/UserService.UnitTest/bin/Debug/net8.0/UserService.UnitTest.dll" adapterTypeName="executor://xunit/VsTestRunner2/netcoreapp" className="UserService.UnitTest.Application.Commands.CreateUserCommandTests" name="CriarComando_ComValoresPadrao_DeveInicializarPropriedadesVazias" />
    </UnitTest>
    <UnitTest name="UserService.UnitTest.Application.Commands.CreateUserCommandHandlerTests.Handle_QuandoBancoDadosFalha_DeveExcluirUsuarioDoKeycloakERetornarErro" storage="/users/diasbruno/documents/programacao/codigos/dotnet/bcommerce/backend/src/services/userservice/userservice.unittest/bin/debug/net8.0/userservice.unittest.dll" id="5d0b24fd-7155-7d7a-5557-3161f872b660">
      <Execution id="bd7395d3-1e98-4070-9de1-827659a5fb08" />
      <TestMethod codeBase="/Users/diasbruno/Documents/programacao/codigos/dotnet/bcommerce/backend/src/Services/UserService/UserService.UnitTest/bin/Debug/net8.0/UserService.UnitTest.dll" adapterTypeName="executor://xunit/VsTestRunner2/netcoreapp" className="UserService.UnitTest.Application.Commands.CreateUserCommandHandlerTests" name="Handle_QuandoBancoDadosFalha_DeveExcluirUsuarioDoKeycloakERetornarErro" />
    </UnitTest>
    <UnitTest name="UserService.UnitTest.Domain.UserTests.Usuario_QuandoPerfilDefinido_DeveAceitarPerfisValidos(role: Admin)" storage="/users/diasbruno/documents/programacao/codigos/dotnet/bcommerce/backend/src/services/userservice/userservice.unittest/bin/debug/net8.0/userservice.unittest.dll" id="671947d4-fe02-9f57-6838-91768cf202dc">
      <Execution id="dfd32275-3439-46f1-af6c-7e499a9e3154" />
      <TestMethod codeBase="/Users/diasbruno/Documents/programacao/codigos/dotnet/bcommerce/backend/src/Services/UserService/UserService.UnitTest/bin/Debug/net8.0/UserService.UnitTest.dll" adapterTypeName="executor://xunit/VsTestRunner2/netcoreapp" className="UserService.UnitTest.Domain.UserTests" name="Usuario_QuandoPerfilDefinido_DeveAceitarPerfisValidos" />
    </UnitTest>
    <UnitTest name="UserService.UnitTest.Application.Dtos.Keycloak.CreateUserKeycloakTests.CreateUserKeycloak_ComSobrenomeVazioOuEspacos_DevePermitirCriacao(lastName: &quot; &quot;)" storage="/users/diasbruno/documents/programacao/codigos/dotnet/bcommerce/backend/src/services/userservice/userservice.unittest/bin/debug/net8.0/userservice.unittest.dll" id="292a0587-9db2-78cd-7bbb-972a0e245863">
      <Execution id="de41b7fc-ed0e-4ede-a198-4a1fd562eef9" />
      <TestMethod codeBase="/Users/diasbruno/Documents/programacao/codigos/dotnet/bcommerce/backend/src/Services/UserService/UserService.UnitTest/bin/Debug/net8.0/UserService.UnitTest.dll" adapterTypeName="executor://xunit/VsTestRunner2/netcoreapp" className="UserService.UnitTest.Application.Dtos.Keycloak.CreateUserKeycloakTests" name="CreateUserKeycloak_ComSobrenomeVazioOuEspacos_DevePermitirCriacao" />
    </UnitTest>
    <UnitTest name="UserService.UnitTest.Application.Services.PasswordEncripterTests.VerifyPassword_ComDiferentesCombinacoes_DeveRetornarResultadoCorreto(originalPassword: &quot;MinhaSenh@123&quot;, testPassword: &quot;MinhaSenh@124&quot;, expectedResult: False)" storage="/users/diasbruno/documents/programacao/codigos/dotnet/bcommerce/backend/src/services/userservice/userservice.unittest/bin/debug/net8.0/userservice.unittest.dll" id="ee8dd72d-e27b-e47a-e9ab-ea48b4ee24c7">
      <Execution id="77dfd90a-645f-4601-b816-87ee01fb9191" />
      <TestMethod codeBase="/Users/diasbruno/Documents/programacao/codigos/dotnet/bcommerce/backend/src/Services/UserService/UserService.UnitTest/bin/Debug/net8.0/UserService.UnitTest.dll" adapterTypeName="executor://xunit/VsTestRunner2/netcoreapp" className="UserService.UnitTest.Application.Services.PasswordEncripterTests" name="VerifyPassword_ComDiferentesCombinacoes_DeveRetornarResultadoCorreto" />
    </UnitTest>
    <UnitTest name="UserService.UnitTest.Application.Dtos.Requests.CreateUserRequestTests.CreateUserRequest_ComEmailsEspeciais_DevePermitirAtribuicao" storage="/users/diasbruno/documents/programacao/codigos/dotnet/bcommerce/backend/src/services/userservice/userservice.unittest/bin/debug/net8.0/userservice.unittest.dll" id="cb09e10a-cb2e-1b8e-3daa-72534fbd5126">
      <Execution id="9908d0d9-e4bd-4965-bbe5-b322cbc04099" />
      <TestMethod codeBase="/Users/diasbruno/Documents/programacao/codigos/dotnet/bcommerce/backend/src/Services/UserService/UserService.UnitTest/bin/Debug/net8.0/UserService.UnitTest.dll" adapterTypeName="executor://xunit/VsTestRunner2/netcoreapp" className="UserService.UnitTest.Application.Dtos.Requests.CreateUserRequestTests" name="CreateUserRequest_ComEmailsEspeciais_DevePermitirAtribuicao" />
    </UnitTest>
    <UnitTest name="UserService.UnitTest.Application.Dtos.Keycloak.CreateUserKeycloakTests.CreateUserKeycloak_ComNomeVazioOuEspacos_DevePermitirCriacao(firstName: &quot;&quot;)" storage="/users/diasbruno/documents/programacao/codigos/dotnet/bcommerce/backend/src/services/userservice/userservice.unittest/bin/debug/net8.0/userservice.unittest.dll" id="744291e4-2147-88d0-85fe-fccdcda5c85a">
      <Execution id="2534eefe-1615-42b5-a67d-3fc891a40d0d" />
      <TestMethod codeBase="/Users/diasbruno/Documents/programacao/codigos/dotnet/bcommerce/backend/src/Services/UserService/UserService.UnitTest/bin/Debug/net8.0/UserService.UnitTest.dll" adapterTypeName="executor://xunit/VsTestRunner2/netcoreapp" className="UserService.UnitTest.Application.Dtos.Keycloak.CreateUserKeycloakTests" name="CreateUserKeycloak_ComNomeVazioOuEspacos_DevePermitirCriacao" />
    </UnitTest>
    <UnitTest name="UserService.UnitTest.Application.Commands.CreateUserCommandHandlerTests.Handle_QuandoKeycloakFalha_DeveRetornarErroSemCriarUsuarioNoBanco" storage="/users/diasbruno/documents/programacao/codigos/dotnet/bcommerce/backend/src/services/userservice/userservice.unittest/bin/debug/net8.0/userservice.unittest.dll" id="321b1e81-3b6f-125b-b35e-2cc7a19e0114">
      <Execution id="e31f809f-7d28-4c36-b323-c87481e37c6e" />
      <TestMethod codeBase="/Users/diasbruno/Documents/programacao/codigos/dotnet/bcommerce/backend/src/Services/UserService/UserService.UnitTest/bin/Debug/net8.0/UserService.UnitTest.dll" adapterTypeName="executor://xunit/VsTestRunner2/netcoreapp" className="UserService.UnitTest.Application.Commands.CreateUserCommandHandlerTests" name="Handle_QuandoKeycloakFalha_DeveRetornarErroSemCriarUsuarioNoBanco" />
    </UnitTest>
    <UnitTest name="UserService.UnitTest.Application.Services.PasswordEncripterTests.EncryptPassword_ComDiferentesSenhas_DeveRetornarHashesValidos(password: &quot;MinhaSenh@123&quot;)" storage="/users/diasbruno/documents/programacao/codigos/dotnet/bcommerce/backend/src/services/userservice/userservice.unittest/bin/debug/net8.0/userservice.unittest.dll" id="a7175ca1-e111-14da-b787-1aa39b5a9e4f">
      <Execution id="129081cb-715a-4941-bc0d-5e7c50b0bfe1" />
      <TestMethod codeBase="/Users/diasbruno/Documents/programacao/codigos/dotnet/bcommerce/backend/src/Services/UserService/UserService.UnitTest/bin/Debug/net8.0/UserService.UnitTest.dll" adapterTypeName="executor://xunit/VsTestRunner2/netcoreapp" className="UserService.UnitTest.Application.Services.PasswordEncripterTests" name="EncryptPassword_ComDiferentesSenhas_DeveRetornarHashesValidos" />
    </UnitTest>
    <UnitTest name="UserService.UnitTest.Application.Dtos.Responses.LoginUserResponseTests.LoginUserResponse_ComTokenTypeNulo_DevePermitirAtribuicao" storage="/users/diasbruno/documents/programacao/codigos/dotnet/bcommerce/backend/src/services/userservice/userservice.unittest/bin/debug/net8.0/userservice.unittest.dll" id="d67fc309-5de0-ad1c-c75e-133e682e42ef">
      <Execution id="50c3b952-064e-4c49-9f52-bcd703914866" />
      <TestMethod codeBase="/Users/diasbruno/Documents/programacao/codigos/dotnet/bcommerce/backend/src/Services/UserService/UserService.UnitTest/bin/Debug/net8.0/UserService.UnitTest.dll" adapterTypeName="executor://xunit/VsTestRunner2/netcoreapp" className="UserService.UnitTest.Application.Dtos.Responses.LoginUserResponseTests" name="LoginUserResponse_ComTokenTypeNulo_DevePermitirAtribuicao" />
    </UnitTest>
    <UnitTest name="UserService.UnitTest.Domain.UserExtensionsTests.ObterNomeCompleto_QuandoNomesComEspacosExtras_DeveRetornarResultadoLimpo" storage="/users/diasbruno/documents/programacao/codigos/dotnet/bcommerce/backend/src/services/userservice/userservice.unittest/bin/debug/net8.0/userservice.unittest.dll" id="c4ff8b3d-e919-3d50-b132-1b2dbc4179a6">
      <Execution id="0cd970f0-a7b9-4a15-b009-bd5ce12d8a65" />
      <TestMethod codeBase="/Users/diasbruno/Documents/programacao/codigos/dotnet/bcommerce/backend/src/Services/UserService/UserService.UnitTest/bin/Debug/net8.0/UserService.UnitTest.dll" adapterTypeName="executor://xunit/VsTestRunner2/netcoreapp" className="UserService.UnitTest.Domain.UserExtensionsTests" name="ObterNomeCompleto_QuandoNomesComEspacosExtras_DeveRetornarResultadoLimpo" />
    </UnitTest>
    <UnitTest name="UserService.UnitTest.Application.Dtos.Keycloak.CreateUserKeycloakTests.CreateUserKeycloak_DeveSerRecord_ComIgualdadeCorreta" storage="/users/diasbruno/documents/programacao/codigos/dotnet/bcommerce/backend/src/services/userservice/userservice.unittest/bin/debug/net8.0/userservice.unittest.dll" id="8ad9e2fc-bb4a-628d-20d6-9b682849afbc">
      <Execution id="f069248c-ec46-4191-b8f5-d63956966780" />
      <TestMethod codeBase="/Users/diasbruno/Documents/programacao/codigos/dotnet/bcommerce/backend/src/Services/UserService/UserService.UnitTest/bin/Debug/net8.0/UserService.UnitTest.dll" adapterTypeName="executor://xunit/VsTestRunner2/netcoreapp" className="UserService.UnitTest.Application.Dtos.Keycloak.CreateUserKeycloakTests" name="CreateUserKeycloak_DeveSerRecord_ComIgualdadeCorreta" />
    </UnitTest>
    <UnitTest name="UserService.UnitTest.Application.Dtos.Keycloak.LoginUserKeycloakTests.LoginUserKeycloak_ComEmailsDeComprimentosVariados_DevePermitirCriacao" storage="/users/diasbruno/documents/programacao/codigos/dotnet/bcommerce/backend/src/services/userservice/userservice.unittest/bin/debug/net8.0/userservice.unittest.dll" id="5a16a19d-db28-a783-60f7-38ea9759e1ca">
      <Execution id="d52473cb-cddc-4d56-bc0c-8e235c0f8436" />
      <TestMethod codeBase="/Users/diasbruno/Documents/programacao/codigos/dotnet/bcommerce/backend/src/Services/UserService/UserService.UnitTest/bin/Debug/net8.0/UserService.UnitTest.dll" adapterTypeName="executor://xunit/VsTestRunner2/netcoreapp" className="UserService.UnitTest.Application.Dtos.Keycloak.LoginUserKeycloakTests" name="LoginUserKeycloak_ComEmailsDeComprimentosVariados_DevePermitirCriacao" />
    </UnitTest>
    <UnitTest name="UserService.UnitTest.Application.Dtos.Responses.LoginUserResponseTests.LoginUserResponse_ComExpiresInNegativoOuZero_DevePermitirAtribuicao(expiresIn: -2147483648)" storage="/users/diasbruno/documents/programacao/codigos/dotnet/bcommerce/backend/src/services/userservice/userservice.unittest/bin/debug/net8.0/userservice.unittest.dll" id="63697932-2986-880a-55c5-32c06b77f11b">
      <Execution id="e9756bdf-aa96-44f5-96e6-7886e2ef0b31" />
      <TestMethod codeBase="/Users/diasbruno/Documents/programacao/codigos/dotnet/bcommerce/backend/src/Services/UserService/UserService.UnitTest/bin/Debug/net8.0/UserService.UnitTest.dll" adapterTypeName="executor://xunit/VsTestRunner2/netcoreapp" className="UserService.UnitTest.Application.Dtos.Responses.LoginUserResponseTests" name="LoginUserResponse_ComExpiresInNegativoOuZero_DevePermitirAtribuicao" />
    </UnitTest>
    <UnitTest name="UserService.UnitTest.Domain.UserAddressExtensionsTests.ObterEnderecoFormatado_QuandoComplementoVazio_DeveRetornarEnderecoFormatadoSemComplemento" storage="/users/diasbruno/documents/programacao/codigos/dotnet/bcommerce/backend/src/services/userservice/userservice.unittest/bin/debug/net8.0/userservice.unittest.dll" id="57a41fb6-ad6a-e4d4-d70e-2b7b58d9ebe6">
      <Execution id="1be4b750-4844-4f7d-914d-0c7ccda7165a" />
      <TestMethod codeBase="/Users/diasbruno/Documents/programacao/codigos/dotnet/bcommerce/backend/src/Services/UserService/UserService.UnitTest/bin/Debug/net8.0/UserService.UnitTest.dll" adapterTypeName="executor://xunit/VsTestRunner2/netcoreapp" className="UserService.UnitTest.Domain.UserAddressExtensionsTests" name="ObterEnderecoFormatado_QuandoComplementoVazio_DeveRetornarEnderecoFormatadoSemComplemento" />
    </UnitTest>
    <UnitTest name="UserService.UnitTest.Domain.UserAddressExtensionsTests.ObterEnderecoFormatado_QuandoTodosCamposPreenchidos_DeveRetornarEnderecoCompletoFormatado" storage="/users/diasbruno/documents/programacao/codigos/dotnet/bcommerce/backend/src/services/userservice/userservice.unittest/bin/debug/net8.0/userservice.unittest.dll" id="6ec4b983-e011-ac76-c70f-ccb20e8cd36d">
      <Execution id="ca9bddc0-ee23-43d0-8406-c3b9a127ab94" />
      <TestMethod codeBase="/Users/diasbruno/Documents/programacao/codigos/dotnet/bcommerce/backend/src/Services/UserService/UserService.UnitTest/bin/Debug/net8.0/UserService.UnitTest.dll" adapterTypeName="executor://xunit/VsTestRunner2/netcoreapp" className="UserService.UnitTest.Domain.UserAddressExtensionsTests" name="ObterEnderecoFormatado_QuandoTodosCamposPreenchidos_DeveRetornarEnderecoCompletoFormatado" />
    </UnitTest>
    <UnitTest name="UserService.UnitTest.Application.Dtos.Keycloak.CreateUserKeycloakTests.CreateUserKeycloak_ComEmailVazioOuEspacos_DevePermitirCriacao(email: &quot; &quot;)" storage="/users/diasbruno/documents/programacao/codigos/dotnet/bcommerce/backend/src/services/userservice/userservice.unittest/bin/debug/net8.0/userservice.unittest.dll" id="54376db2-25bf-2edb-cd9f-93033e9bb5e9">
      <Execution id="66a25515-6786-4acd-93f0-4fd67a625651" />
      <TestMethod codeBase="/Users/diasbruno/Documents/programacao/codigos/dotnet/bcommerce/backend/src/Services/UserService/UserService.UnitTest/bin/Debug/net8.0/UserService.UnitTest.dll" adapterTypeName="executor://xunit/VsTestRunner2/netcoreapp" className="UserService.UnitTest.Application.Dtos.Keycloak.CreateUserKeycloakTests" name="CreateUserKeycloak_ComEmailVazioOuEspacos_DevePermitirCriacao" />
    </UnitTest>
    <UnitTest name="UserService.UnitTest.Domain.UserTests.Usuario_QuandoCriado_DeveConterValoresPadrao" storage="/users/diasbruno/documents/programacao/codigos/dotnet/bcommerce/backend/src/services/userservice/userservice.unittest/bin/debug/net8.0/userservice.unittest.dll" id="bd897cf6-b359-a5cf-c938-32be8844fb0a">
      <Execution id="cf1e0a01-3c9b-40f4-acc2-1ebd56fba145" />
      <TestMethod codeBase="/Users/diasbruno/Documents/programacao/codigos/dotnet/bcommerce/backend/src/Services/UserService/UserService.UnitTest/bin/Debug/net8.0/UserService.UnitTest.dll" adapterTypeName="executor://xunit/VsTestRunner2/netcoreapp" className="UserService.UnitTest.Domain.UserTests" name="Usuario_QuandoCriado_DeveConterValoresPadrao" />
    </UnitTest>
    <UnitTest name="UserService.UnitTest.Application.Dtos.Responses.LoginUserResponseTests.LoginUserResponse_ComModificacaoAposInicializacao_DevePermitirAlteracao" storage="/users/diasbruno/documents/programacao/codigos/dotnet/bcommerce/backend/src/services/userservice/userservice.unittest/bin/debug/net8.0/userservice.unittest.dll" id="21f55e48-a0cb-c565-6b08-f52556623633">
      <Execution id="7826e8fe-cef0-461d-8113-d4bfd4a0e38a" />
      <TestMethod codeBase="/Users/diasbruno/Documents/programacao/codigos/dotnet/bcommerce/backend/src/Services/UserService/UserService.UnitTest/bin/Debug/net8.0/UserService.UnitTest.dll" adapterTypeName="executor://xunit/VsTestRunner2/netcoreapp" className="UserService.UnitTest.Application.Dtos.Responses.LoginUserResponseTests" name="LoginUserResponse_ComModificacaoAposInicializacao_DevePermitirAlteracao" />
    </UnitTest>
    <UnitTest name="UserService.UnitTest.Application.Dtos.Keycloak.CreateUserKeycloakTests.CreateUserKeycloak_ComSenhaVaziaOuEspacos_DevePermitirCriacao(password: &quot; &quot;)" storage="/users/diasbruno/documents/programacao/codigos/dotnet/bcommerce/backend/src/services/userservice/userservice.unittest/bin/debug/net8.0/userservice.unittest.dll" id="f7068f37-243f-6241-9d48-0587635c77e0">
      <Execution id="1286667b-9599-4de6-9bda-8c23f1d52fe0" />
      <TestMethod codeBase="/Users/diasbruno/Documents/programacao/codigos/dotnet/bcommerce/backend/src/Services/UserService/UserService.UnitTest/bin/Debug/net8.0/UserService.UnitTest.dll" adapterTypeName="executor://xunit/VsTestRunner2/netcoreapp" className="UserService.UnitTest.Application.Dtos.Keycloak.CreateUserKeycloakTests" name="CreateUserKeycloak_ComSenhaVaziaOuEspacos_DevePermitirCriacao" />
    </UnitTest>
    <UnitTest name="UserService.UnitTest.Application.Dtos.Responses.CreateUserResponseTests.CreateUserResponse_ComDataCreatedAtMinValue_DevePermitirAtribuicao" storage="/users/diasbruno/documents/programacao/codigos/dotnet/bcommerce/backend/src/services/userservice/userservice.unittest/bin/debug/net8.0/userservice.unittest.dll" id="177c4f00-d318-dd96-9df5-bf4c4ce41fca">
      <Execution id="756c6953-9176-4d04-8155-2e2aa9d11764" />
      <TestMethod codeBase="/Users/diasbruno/Documents/programacao/codigos/dotnet/bcommerce/backend/src/Services/UserService/UserService.UnitTest/bin/Debug/net8.0/UserService.UnitTest.dll" adapterTypeName="executor://xunit/VsTestRunner2/netcoreapp" className="UserService.UnitTest.Application.Dtos.Responses.CreateUserResponseTests" name="CreateUserResponse_ComDataCreatedAtMinValue_DevePermitirAtribuicao" />
    </UnitTest>
    <UnitTest name="UserService.UnitTest.Application.Dtos.Responses.CreateUserResponseTests.CreateUserResponse_ComTelefoneNulo_DevePermitirAtribuicao" storage="/users/diasbruno/documents/programacao/codigos/dotnet/bcommerce/backend/src/services/userservice/userservice.unittest/bin/debug/net8.0/userservice.unittest.dll" id="594efe64-66ef-f3fa-a651-622da975ad06">
      <Execution id="ae76d90c-bcf0-4a1d-aa92-e34a0a1af19a" />
      <TestMethod codeBase="/Users/diasbruno/Documents/programacao/codigos/dotnet/bcommerce/backend/src/Services/UserService/UserService.UnitTest/bin/Debug/net8.0/UserService.UnitTest.dll" adapterTypeName="executor://xunit/VsTestRunner2/netcoreapp" className="UserService.UnitTest.Application.Dtos.Responses.CreateUserResponseTests" name="CreateUserResponse_ComTelefoneNulo_DevePermitirAtribuicao" />
    </UnitTest>
    <UnitTest name="UserService.UnitTest.Application.Commands.CreateUserCommandHandlerTests.Handle_ComDadosValidos_DeveCriarUsuarioComSucesso" storage="/users/diasbruno/documents/programacao/codigos/dotnet/bcommerce/backend/src/services/userservice/userservice.unittest/bin/debug/net8.0/userservice.unittest.dll" id="beed8b53-967c-b437-29a7-7caedf262cbb">
      <Execution id="eac5ace6-76fc-4f93-a194-e5092ca904d4" />
      <TestMethod codeBase="/Users/diasbruno/Documents/programacao/codigos/dotnet/bcommerce/backend/src/Services/UserService/UserService.UnitTest/bin/Debug/net8.0/UserService.UnitTest.dll" adapterTypeName="executor://xunit/VsTestRunner2/netcoreapp" className="UserService.UnitTest.Application.Commands.CreateUserCommandHandlerTests" name="Handle_ComDadosValidos_DeveCriarUsuarioComSucesso" />
    </UnitTest>
    <UnitTest name="UserService.UnitTest.Application.Dtos.Responses.CreateUserResponseTests.CreateUserResponse_ComModificacaoAposInicializacao_DevePermitirAlteracao" storage="/users/diasbruno/documents/programacao/codigos/dotnet/bcommerce/backend/src/services/userservice/userservice.unittest/bin/debug/net8.0/userservice.unittest.dll" id="9299e862-b0a5-f8a1-d40d-507b3a421874">
      <Execution id="5e077f1f-08e4-47e8-b5ad-949e0d35d2c6" />
      <TestMethod codeBase="/Users/diasbruno/Documents/programacao/codigos/dotnet/bcommerce/backend/src/Services/UserService/UserService.UnitTest/bin/Debug/net8.0/UserService.UnitTest.dll" adapterTypeName="executor://xunit/VsTestRunner2/netcoreapp" className="UserService.UnitTest.Application.Dtos.Responses.CreateUserResponseTests" name="CreateUserResponse_ComModificacaoAposInicializacao_DevePermitirAlteracao" />
    </UnitTest>
    <UnitTest name="UserService.UnitTest.Application.Dtos.Responses.LoginUserResponseTests.LoginUserResponse_ComDiferentesTiposDeToken_DevePermitirAtribuicao(tokenType: &quot;Token&quot;)" storage="/users/diasbruno/documents/programacao/codigos/dotnet/bcommerce/backend/src/services/userservice/userservice.unittest/bin/debug/net8.0/userservice.unittest.dll" id="6c9747e9-bd57-8249-8a7f-864315c9ac24">
      <Execution id="406c246e-6187-4938-90db-7a261e76e93e" />
      <TestMethod codeBase="/Users/diasbruno/Documents/programacao/codigos/dotnet/bcommerce/backend/src/Services/UserService/UserService.UnitTest/bin/Debug/net8.0/UserService.UnitTest.dll" adapterTypeName="executor://xunit/VsTestRunner2/netcoreapp" className="UserService.UnitTest.Application.Dtos.Responses.LoginUserResponseTests" name="LoginUserResponse_ComDiferentesTiposDeToken_DevePermitirAtribuicao" />
    </UnitTest>
    <UnitTest name="UserService.UnitTest.Application.Services.PasswordEncripterTests.VerifyPassword_ComSenhaCorreta_DeveRetornarTrue" storage="/users/diasbruno/documents/programacao/codigos/dotnet/bcommerce/backend/src/services/userservice/userservice.unittest/bin/debug/net8.0/userservice.unittest.dll" id="4962ca82-da01-aab2-46bc-a4e89d3afecc">
      <Execution id="d5adb8c3-ee18-48ff-9798-52a10d1802e3" />
      <TestMethod codeBase="/Users/diasbruno/Documents/programacao/codigos/dotnet/bcommerce/backend/src/Services/UserService/UserService.UnitTest/bin/Debug/net8.0/UserService.UnitTest.dll" adapterTypeName="executor://xunit/VsTestRunner2/netcoreapp" className="UserService.UnitTest.Application.Services.PasswordEncripterTests" name="VerifyPassword_ComSenhaCorreta_DeveRetornarTrue" />
    </UnitTest>
    <UnitTest name="UserService.UnitTest.Application.Services.PasswordEncripterTests.VerifyPassword_ComHashInvalido_DeveRetornarFalse" storage="/users/diasbruno/documents/programacao/codigos/dotnet/bcommerce/backend/src/services/userservice/userservice.unittest/bin/debug/net8.0/userservice.unittest.dll" id="3593c9e6-b8b7-1a29-7bc2-970c783b8a12">
      <Execution id="17c0b185-b7c3-4bbe-a083-67ee99c74319" />
      <TestMethod codeBase="/Users/diasbruno/Documents/programacao/codigos/dotnet/bcommerce/backend/src/Services/UserService/UserService.UnitTest/bin/Debug/net8.0/UserService.UnitTest.dll" adapterTypeName="executor://xunit/VsTestRunner2/netcoreapp" className="UserService.UnitTest.Application.Services.PasswordEncripterTests" name="VerifyPassword_ComHashInvalido_DeveRetornarFalse" />
    </UnitTest>
    <UnitTest name="UserService.UnitTest.Application.Dtos.Keycloak.CreateUserKeycloakTests.CreateUserKeycloak_ComDiferentesValoresEnabled_DeveDefinirCorretamente(enabled: True)" storage="/users/diasbruno/documents/programacao/codigos/dotnet/bcommerce/backend/src/services/userservice/userservice.unittest/bin/debug/net8.0/userservice.unittest.dll" id="11759d32-7c45-d95c-6b8c-5bd352b4a13c">
      <Execution id="0c91b700-0373-464e-a46e-64c5d14d5817" />
      <TestMethod codeBase="/Users/diasbruno/Documents/programacao/codigos/dotnet/bcommerce/backend/src/Services/UserService/UserService.UnitTest/bin/Debug/net8.0/UserService.UnitTest.dll" adapterTypeName="executor://xunit/VsTestRunner2/netcoreapp" className="UserService.UnitTest.Application.Dtos.Keycloak.CreateUserKeycloakTests" name="CreateUserKeycloak_ComDiferentesValoresEnabled_DeveDefinirCorretamente" />
    </UnitTest>
    <UnitTest name="UserService.UnitTest.Application.Dtos.Keycloak.CreateUserKeycloakTests.CreateUserKeycloak_ComEmailVazioOuEspacos_DevePermitirCriacao(email: &quot;   &quot;)" storage="/users/diasbruno/documents/programacao/codigos/dotnet/bcommerce/backend/src/services/userservice/userservice.unittest/bin/debug/net8.0/userservice.unittest.dll" id="1fc346ea-fc82-e479-51b5-1538e7b4e1d0">
      <Execution id="29bf21df-8bd1-4dc0-8e8b-824546329430" />
      <TestMethod codeBase="/Users/diasbruno/Documents/programacao/codigos/dotnet/bcommerce/backend/src/Services/UserService/UserService.UnitTest/bin/Debug/net8.0/UserService.UnitTest.dll" adapterTypeName="executor://xunit/VsTestRunner2/netcoreapp" className="UserService.UnitTest.Application.Dtos.Keycloak.CreateUserKeycloakTests" name="CreateUserKeycloak_ComEmailVazioOuEspacos_DevePermitirCriacao" />
    </UnitTest>
    <UnitTest name="UserService.UnitTest.Application.Commands.CreateUserCommandHandlerTests.Handle_ComDiferentesNomes_DeveCriarUsuarioCorretamente(firstName: &quot;Maria&quot;, lastName: &quot;Santos&quot;, email: &quot;maria@teste.com&quot;)" storage="/users/diasbruno/documents/programacao/codigos/dotnet/bcommerce/backend/src/services/userservice/userservice.unittest/bin/debug/net8.0/userservice.unittest.dll" id="754684df-2078-e9d9-05ec-2216a102cf01">
      <Execution id="b570b7db-c1c7-41f4-a941-473950b4625b" />
      <TestMethod codeBase="/Users/diasbruno/Documents/programacao/codigos/dotnet/bcommerce/backend/src/Services/UserService/UserService.UnitTest/bin/Debug/net8.0/UserService.UnitTest.dll" adapterTypeName="executor://xunit/VsTestRunner2/netcoreapp" className="UserService.UnitTest.Application.Commands.CreateUserCommandHandlerTests" name="Handle_ComDiferentesNomes_DeveCriarUsuarioCorretamente" />
    </UnitTest>
    <UnitTest name="UserService.UnitTest.Application.Dtos.Keycloak.CreateUserKeycloakTests.CreateUserKeycloak_ComDadosGeradosPorFaker_DeveDefinirPropriedadesCorretamente" storage="/users/diasbruno/documents/programacao/codigos/dotnet/bcommerce/backend/src/services/userservice/userservice.unittest/bin/debug/net8.0/userservice.unittest.dll" id="cdbf9444-aba6-6b34-3425-8f44fe4f52b2">
      <Execution id="6fc72d13-335e-43a2-b158-e3e0a08cb7b7" />
      <TestMethod codeBase="/Users/diasbruno/Documents/programacao/codigos/dotnet/bcommerce/backend/src/Services/UserService/UserService.UnitTest/bin/Debug/net8.0/UserService.UnitTest.dll" adapterTypeName="executor://xunit/VsTestRunner2/netcoreapp" className="UserService.UnitTest.Application.Dtos.Keycloak.CreateUserKeycloakTests" name="CreateUserKeycloak_ComDadosGeradosPorFaker_DeveDefinirPropriedadesCorretamente" />
    </UnitTest>
    <UnitTest name="UserService.UnitTest.Application.Dtos.Requests.LoginUserRequestTests.LoginUserRequest_ComAmbosValoresNulos_DevePermitirAtribuicao" storage="/users/diasbruno/documents/programacao/codigos/dotnet/bcommerce/backend/src/services/userservice/userservice.unittest/bin/debug/net8.0/userservice.unittest.dll" id="04460148-2641-a79d-220c-bb2c293f100f">
      <Execution id="ee72d210-69b1-4e13-9c73-58c5d616f9e1" />
      <TestMethod codeBase="/Users/diasbruno/Documents/programacao/codigos/dotnet/bcommerce/backend/src/Services/UserService/UserService.UnitTest/bin/Debug/net8.0/UserService.UnitTest.dll" adapterTypeName="executor://xunit/VsTestRunner2/netcoreapp" className="UserService.UnitTest.Application.Dtos.Requests.LoginUserRequestTests" name="LoginUserRequest_ComAmbosValoresNulos_DevePermitirAtribuicao" />
    </UnitTest>
    <UnitTest name="UserService.UnitTest.Application.Dtos.Keycloak.CreateUserKeycloakTests.CreateUserKeycloak_ComSenhaVaziaOuEspacos_DevePermitirCriacao(password: &quot;   &quot;)" storage="/users/diasbruno/documents/programacao/codigos/dotnet/bcommerce/backend/src/services/userservice/userservice.unittest/bin/debug/net8.0/userservice.unittest.dll" id="fe2188a3-a528-1695-0a18-13de35ee7b3e">
      <Execution id="7c0bd6ae-4d4c-48ae-9bd3-eab55c996824" />
      <TestMethod codeBase="/Users/diasbruno/Documents/programacao/codigos/dotnet/bcommerce/backend/src/Services/UserService/UserService.UnitTest/bin/Debug/net8.0/UserService.UnitTest.dll" adapterTypeName="executor://xunit/VsTestRunner2/netcoreapp" className="UserService.UnitTest.Application.Dtos.Keycloak.CreateUserKeycloakTests" name="CreateUserKeycloak_ComSenhaVaziaOuEspacos_DevePermitirCriacao" />
    </UnitTest>
    <UnitTest name="UserService.UnitTest.Application.Dtos.Keycloak.LoginUserKeycloakTests.LoginUserKeycloak_ComDiferentesCombinacoesDeDados_DeveDefinirPropriedadesCorretamente(email: &quot;user@domain.org&quot;, password: &quot;mypassword&quot;)" storage="/users/diasbruno/documents/programacao/codigos/dotnet/bcommerce/backend/src/services/userservice/userservice.unittest/bin/debug/net8.0/userservice.unittest.dll" id="efce2778-6fda-3f27-2510-fe092485530c">
      <Execution id="95b87a7b-8d4e-4ce5-8316-4e9c87b659b8" />
      <TestMethod codeBase="/Users/diasbruno/Documents/programacao/codigos/dotnet/bcommerce/backend/src/Services/UserService/UserService.UnitTest/bin/Debug/net8.0/UserService.UnitTest.dll" adapterTypeName="executor://xunit/VsTestRunner2/netcoreapp" className="UserService.UnitTest.Application.Dtos.Keycloak.LoginUserKeycloakTests" name="LoginUserKeycloak_ComDiferentesCombinacoesDeDados_DeveDefinirPropriedadesCorretamente" />
    </UnitTest>
    <UnitTest name="UserService.UnitTest.Application.Dtos.Keycloak.LoginUserKeycloakTests.LoginUserKeycloak_ComSenhaVaziaOuEspacos_DevePermitirCriacao(password: &quot; &quot;)" storage="/users/diasbruno/documents/programacao/codigos/dotnet/bcommerce/backend/src/services/userservice/userservice.unittest/bin/debug/net8.0/userservice.unittest.dll" id="2be66668-c2f3-3050-1567-934895ed4271">
      <Execution id="c3598dc3-aea4-4dc9-b18c-6d9e9553d74c" />
      <TestMethod codeBase="/Users/diasbruno/Documents/programacao/codigos/dotnet/bcommerce/backend/src/Services/UserService/UserService.UnitTest/bin/Debug/net8.0/UserService.UnitTest.dll" adapterTypeName="executor://xunit/VsTestRunner2/netcoreapp" className="UserService.UnitTest.Application.Dtos.Keycloak.LoginUserKeycloakTests" name="LoginUserKeycloak_ComSenhaVaziaOuEspacos_DevePermitirCriacao" />
    </UnitTest>
    <UnitTest name="UserService.UnitTest.Application.Services.PasswordEncripterTests.VerifyPassword_ComDiferentesCombinacoes_DeveRetornarResultadoCorreto(originalPassword: &quot;P@ssw0rd!&quot;, testPassword: &quot;P@ssw0rd?&quot;, expectedResult: False)" storage="/users/diasbruno/documents/programacao/codigos/dotnet/bcommerce/backend/src/services/userservice/userservice.unittest/bin/debug/net8.0/userservice.unittest.dll" id="8b4feff8-524d-e5f0-2b1a-0eced3e687c2">
      <Execution id="b0c3fced-2550-4494-8dab-4c51515ac509" />
      <TestMethod codeBase="/Users/diasbruno/Documents/programacao/codigos/dotnet/bcommerce/backend/src/Services/UserService/UserService.UnitTest/bin/Debug/net8.0/UserService.UnitTest.dll" adapterTypeName="executor://xunit/VsTestRunner2/netcoreapp" className="UserService.UnitTest.Application.Services.PasswordEncripterTests" name="VerifyPassword_ComDiferentesCombinacoes_DeveRetornarResultadoCorreto" />
    </UnitTest>
    <UnitTest name="UserService.UnitTest.Application.Dtos.Responses.LoginUserResponseTests.LoginUserResponse_ComTokenTypeVazioOuEspacos_DevePermitirAtribuicao(tokenType: &quot;   &quot;)" storage="/users/diasbruno/documents/programacao/codigos/dotnet/bcommerce/backend/src/services/userservice/userservice.unittest/bin/debug/net8.0/userservice.unittest.dll" id="3585b56d-a5f1-f683-7400-c0bfac8126e5">
      <Execution id="dd55b2dd-b440-47ed-923f-6fda40c7b565" />
      <TestMethod codeBase="/Users/diasbruno/Documents/programacao/codigos/dotnet/bcommerce/backend/src/Services/UserService/UserService.UnitTest/bin/Debug/net8.0/UserService.UnitTest.dll" adapterTypeName="executor://xunit/VsTestRunner2/netcoreapp" className="UserService.UnitTest.Application.Dtos.Responses.LoginUserResponseTests" name="LoginUserResponse_ComTokenTypeVazioOuEspacos_DevePermitirAtribuicao" />
    </UnitTest>
    <UnitTest name="UserService.UnitTest.Application.Commands.LoginUserCommandTests.CriarComando_ComDiferentesCredenciais_DeveDefinirPropriedadesCorretamente(email: &quot;admin@sistema.com&quot;, password: &quot;AdminPass@2024&quot;)" storage="/users/diasbruno/documents/programacao/codigos/dotnet/bcommerce/backend/src/services/userservice/userservice.unittest/bin/debug/net8.0/userservice.unittest.dll" id="4d5abda7-7da4-712d-602e-675946223906">
      <Execution id="c129ec07-b350-4d73-b5e6-46ae7ccd37c2" />
      <TestMethod codeBase="/Users/diasbruno/Documents/programacao/codigos/dotnet/bcommerce/backend/src/Services/UserService/UserService.UnitTest/bin/Debug/net8.0/UserService.UnitTest.dll" adapterTypeName="executor://xunit/VsTestRunner2/netcoreapp" className="UserService.UnitTest.Application.Commands.LoginUserCommandTests" name="CriarComando_ComDiferentesCredenciais_DeveDefinirPropriedadesCorretamente" />
    </UnitTest>
    <UnitTest name="UserService.UnitTest.Application.Commands.LoginUserCommandTests.CriarComando_ComSenhaVazia_DevePermitirAtribuicao" storage="/users/diasbruno/documents/programacao/codigos/dotnet/bcommerce/backend/src/services/userservice/userservice.unittest/bin/debug/net8.0/userservice.unittest.dll" id="d25a2280-e4df-068e-ba83-2e9ea0e06963">
      <Execution id="640983ba-6da5-4f19-b8f4-15d84cb7b772" />
      <TestMethod codeBase="/Users/diasbruno/Documents/programacao/codigos/dotnet/bcommerce/backend/src/Services/UserService/UserService.UnitTest/bin/Debug/net8.0/UserService.UnitTest.dll" adapterTypeName="executor://xunit/VsTestRunner2/netcoreapp" className="UserService.UnitTest.Application.Commands.LoginUserCommandTests" name="CriarComando_ComSenhaVazia_DevePermitirAtribuicao" />
    </UnitTest>
    <UnitTest name="UserService.UnitTest.Application.Dtos.Requests.LoginUserRequestTests.LoginUserRequest_ComSenhasEspeciais_DevePermitirAtribuicao" storage="/users/diasbruno/documents/programacao/codigos/dotnet/bcommerce/backend/src/services/userservice/userservice.unittest/bin/debug/net8.0/userservice.unittest.dll" id="1bdb6140-e78c-1d86-2209-d2ec03185fc5">
      <Execution id="5f92646c-bb4b-4e43-94b6-c9f6936a89f4" />
      <TestMethod codeBase="/Users/diasbruno/Documents/programacao/codigos/dotnet/bcommerce/backend/src/Services/UserService/UserService.UnitTest/bin/Debug/net8.0/UserService.UnitTest.dll" adapterTypeName="executor://xunit/VsTestRunner2/netcoreapp" className="UserService.UnitTest.Application.Dtos.Requests.LoginUserRequestTests" name="LoginUserRequest_ComSenhasEspeciais_DevePermitirAtribuicao" />
    </UnitTest>
    <UnitTest name="UserService.UnitTest.Domain.UserTests.Usuario_QuandoCpfDefinido_DeveAceitarFormatoValido" storage="/users/diasbruno/documents/programacao/codigos/dotnet/bcommerce/backend/src/services/userservice/userservice.unittest/bin/debug/net8.0/userservice.unittest.dll" id="ddd1ea0e-e393-c749-0ee2-dc050219f555">
      <Execution id="b182d38e-4a1f-4b22-b465-09d6860d5aa2" />
      <TestMethod codeBase="/Users/diasbruno/Documents/programacao/codigos/dotnet/bcommerce/backend/src/Services/UserService/UserService.UnitTest/bin/Debug/net8.0/UserService.UnitTest.dll" adapterTypeName="executor://xunit/VsTestRunner2/netcoreapp" className="UserService.UnitTest.Domain.UserTests" name="Usuario_QuandoCpfDefinido_DeveAceitarFormatoValido" />
    </UnitTest>
    <UnitTest name="UserService.UnitTest.Application.Dtos.Keycloak.LoginUserKeycloakTests.LoginUserKeycloak_ComEspacosNoMeio_DevePermitirCriacao" storage="/users/diasbruno/documents/programacao/codigos/dotnet/bcommerce/backend/src/services/userservice/userservice.unittest/bin/debug/net8.0/userservice.unittest.dll" id="fa0a95aa-2c09-8e24-ee1f-90b644f6c541">
      <Execution id="2e88c653-44ba-42cd-83a1-384e77b8c1ed" />
      <TestMethod codeBase="/Users/diasbruno/Documents/programacao/codigos/dotnet/bcommerce/backend/src/Services/UserService/UserService.UnitTest/bin/Debug/net8.0/UserService.UnitTest.dll" adapterTypeName="executor://xunit/VsTestRunner2/netcoreapp" className="UserService.UnitTest.Application.Dtos.Keycloak.LoginUserKeycloakTests" name="LoginUserKeycloak_ComEspacosNoMeio_DevePermitirCriacao" />
    </UnitTest>
    <UnitTest name="UserService.UnitTest.Application.Dtos.Keycloak.CreateUserKeycloakTests.CreateUserKeycloak_ComDiferentesCombinacoesDeDados_DeveDefinirPropriedadesCorretamente(email: &quot;test@example.com&quot;, password: &quot;password123&quot;, firstName: &quot;João&quot;, lastName: &quot;Silva&quot;, enabled: True)" storage="/users/diasbruno/documents/programacao/codigos/dotnet/bcommerce/backend/src/services/userservice/userservice.unittest/bin/debug/net8.0/userservice.unittest.dll" id="b69a7e55-e708-888c-36a6-d240809edd1d">
      <Execution id="dc17fa05-df12-4dc2-9115-a52bb4a2c26a" />
      <TestMethod codeBase="/Users/diasbruno/Documents/programacao/codigos/dotnet/bcommerce/backend/src/Services/UserService/UserService.UnitTest/bin/Debug/net8.0/UserService.UnitTest.dll" adapterTypeName="executor://xunit/VsTestRunner2/netcoreapp" className="UserService.UnitTest.Application.Dtos.Keycloak.CreateUserKeycloakTests" name="CreateUserKeycloak_ComDiferentesCombinacoesDeDados_DeveDefinirPropriedadesCorretamente" />
    </UnitTest>
    <UnitTest name="UserService.UnitTest.Application.Dtos.Responses.CreateUserResponseTests.CreateUserResponse_ComEmailsEspeciais_DevePermitirAtribuicao" storage="/users/diasbruno/documents/programacao/codigos/dotnet/bcommerce/backend/src/services/userservice/userservice.unittest/bin/debug/net8.0/userservice.unittest.dll" id="7941353a-f8ea-7b06-dce7-e997d2179900">
      <Execution id="555fffed-de90-4425-9216-b7044252af5c" />
      <TestMethod codeBase="/Users/diasbruno/Documents/programacao/codigos/dotnet/bcommerce/backend/src/Services/UserService/UserService.UnitTest/bin/Debug/net8.0/UserService.UnitTest.dll" adapterTypeName="executor://xunit/VsTestRunner2/netcoreapp" className="UserService.UnitTest.Application.Dtos.Responses.CreateUserResponseTests" name="CreateUserResponse_ComEmailsEspeciais_DevePermitirAtribuicao" />
    </UnitTest>
    <UnitTest name="UserService.UnitTest.Application.Commands.CreateUserCommandHandlerTests.Handle_ComDiferentesNomes_DeveCriarUsuarioCorretamente(firstName: &quot;João&quot;, lastName: &quot;Silva&quot;, email: &quot;joao@email.com&quot;)" storage="/users/diasbruno/documents/programacao/codigos/dotnet/bcommerce/backend/src/services/userservice/userservice.unittest/bin/debug/net8.0/userservice.unittest.dll" id="52dc71a2-de98-fb95-adf4-bf37edbf17ea">
      <Execution id="6940c743-bfd3-433f-af58-88298efda9c1" />
      <TestMethod codeBase="/Users/diasbruno/Documents/programacao/codigos/dotnet/bcommerce/backend/src/Services/UserService/UserService.UnitTest/bin/Debug/net8.0/UserService.UnitTest.dll" adapterTypeName="executor://xunit/VsTestRunner2/netcoreapp" className="UserService.UnitTest.Application.Commands.CreateUserCommandHandlerTests" name="Handle_ComDiferentesNomes_DeveCriarUsuarioCorretamente" />
    </UnitTest>
    <UnitTest name="UserService.UnitTest.Application.Dtos.Requests.CreateUserRequestTests.CreateUserRequest_ComEmailVazioOuEspacos_DevePermitirAtribuicao(email: &quot;&quot;)" storage="/users/diasbruno/documents/programacao/codigos/dotnet/bcommerce/backend/src/services/userservice/userservice.unittest/bin/debug/net8.0/userservice.unittest.dll" id="2aa59a7e-a129-de74-a7d8-c821b33e35fe">
      <Execution id="7b45b6d8-de53-4a6f-982a-0119ee4c723b" />
      <TestMethod codeBase="/Users/diasbruno/Documents/programacao/codigos/dotnet/bcommerce/backend/src/Services/UserService/UserService.UnitTest/bin/Debug/net8.0/UserService.UnitTest.dll" adapterTypeName="executor://xunit/VsTestRunner2/netcoreapp" className="UserService.UnitTest.Application.Dtos.Requests.CreateUserRequestTests" name="CreateUserRequest_ComEmailVazioOuEspacos_DevePermitirAtribuicao" />
    </UnitTest>
    <UnitTest name="UserService.UnitTest.Domain.UserExtensionsTests.EstaAtivo_QuandoUsuarioAtivoENaoExcluido_DeveRetornarVerdadeiro" storage="/users/diasbruno/documents/programacao/codigos/dotnet/bcommerce/backend/src/services/userservice/userservice.unittest/bin/debug/net8.0/userservice.unittest.dll" id="54d87476-fac0-c322-a77c-5ae4bf7dbc25">
      <Execution id="0cf19e19-3549-4b13-9742-48ffc9159e45" />
      <TestMethod codeBase="/Users/diasbruno/Documents/programacao/codigos/dotnet/bcommerce/backend/src/Services/UserService/UserService.UnitTest/bin/Debug/net8.0/UserService.UnitTest.dll" adapterTypeName="executor://xunit/VsTestRunner2/netcoreapp" className="UserService.UnitTest.Domain.UserExtensionsTests" name="EstaAtivo_QuandoUsuarioAtivoENaoExcluido_DeveRetornarVerdadeiro" />
    </UnitTest>
    <UnitTest name="UserService.UnitTest.Application.Dtos.Requests.CreateUserRequestTests.CreateUserRequest_ComDiferentesCombinacoesDeDados_DeveDefinirPropriedadesCorretamente(email: &quot;test@test.com&quot;, password: &quot;MyPassword456@&quot;, firstName: &quot;Maria&quot;, lastName: &quot;Santos&quot;, newsletterOptIn: False)" storage="/users/diasbruno/documents/programacao/codigos/dotnet/bcommerce/backend/src/services/userservice/userservice.unittest/bin/debug/net8.0/userservice.unittest.dll" id="d3ffaa66-2f24-2166-2b50-3115a0a23863">
      <Execution id="e2b356a8-08b0-4216-aba8-cf5ffd877f38" />
      <TestMethod codeBase="/Users/diasbruno/Documents/programacao/codigos/dotnet/bcommerce/backend/src/Services/UserService/UserService.UnitTest/bin/Debug/net8.0/UserService.UnitTest.dll" adapterTypeName="executor://xunit/VsTestRunner2/netcoreapp" className="UserService.UnitTest.Application.Dtos.Requests.CreateUserRequestTests" name="CreateUserRequest_ComDiferentesCombinacoesDeDados_DeveDefinirPropriedadesCorretamente" />
    </UnitTest>
    <UnitTest name="UserService.UnitTest.Domain.UserExtensionsTests.EstaAtivo_QuandoUsuarioBanido_DeveRetornarFalso" storage="/users/diasbruno/documents/programacao/codigos/dotnet/bcommerce/backend/src/services/userservice/userservice.unittest/bin/debug/net8.0/userservice.unittest.dll" id="52610562-4e87-9bc0-3f6e-3a8d1eb26cfc">
      <Execution id="fb60178a-cffa-4c1a-b8f6-7e2107b120a6" />
      <TestMethod codeBase="/Users/diasbruno/Documents/programacao/codigos/dotnet/bcommerce/backend/src/Services/UserService/UserService.UnitTest/bin/Debug/net8.0/UserService.UnitTest.dll" adapterTypeName="executor://xunit/VsTestRunner2/netcoreapp" className="UserService.UnitTest.Domain.UserExtensionsTests" name="EstaAtivo_QuandoUsuarioBanido_DeveRetornarFalso" />
    </UnitTest>
    <UnitTest name="UserService.UnitTest.Application.Dtos.Requests.CreateUserRequestTests.CreateUserRequest_ComSenhaVaziaOuEspacos_DevePermitirAtribuicao(password: &quot;&quot;)" storage="/users/diasbruno/documents/programacao/codigos/dotnet/bcommerce/backend/src/services/userservice/userservice.unittest/bin/debug/net8.0/userservice.unittest.dll" id="91a43f25-3310-9dee-b091-2cf37d2dd2a2">
      <Execution id="ca3b1522-21d5-4191-9151-5384b2f0afff" />
      <TestMethod codeBase="/Users/diasbruno/Documents/programacao/codigos/dotnet/bcommerce/backend/src/Services/UserService/UserService.UnitTest/bin/Debug/net8.0/UserService.UnitTest.dll" adapterTypeName="executor://xunit/VsTestRunner2/netcoreapp" className="UserService.UnitTest.Application.Dtos.Requests.CreateUserRequestTests" name="CreateUserRequest_ComSenhaVaziaOuEspacos_DevePermitirAtribuicao" />
    </UnitTest>
    <UnitTest name="UserService.UnitTest.Application.Dtos.Responses.LoginUserResponseTests.LoginUserResponse_ComExpiresInNegativoOuZero_DevePermitirAtribuicao(expiresIn: -3600)" storage="/users/diasbruno/documents/programacao/codigos/dotnet/bcommerce/backend/src/services/userservice/userservice.unittest/bin/debug/net8.0/userservice.unittest.dll" id="9750dd9c-2b78-49b3-896d-e9ac5a9af7be">
      <Execution id="82bd078f-2c16-451b-827d-ba75b2cac285" />
      <TestMethod codeBase="/Users/diasbruno/Documents/programacao/codigos/dotnet/bcommerce/backend/src/Services/UserService/UserService.UnitTest/bin/Debug/net8.0/UserService.UnitTest.dll" adapterTypeName="executor://xunit/VsTestRunner2/netcoreapp" className="UserService.UnitTest.Application.Dtos.Responses.LoginUserResponseTests" name="LoginUserResponse_ComExpiresInNegativoOuZero_DevePermitirAtribuicao" />
    </UnitTest>
    <UnitTest name="UserService.UnitTest.Application.Dtos.Requests.LoginUserRequestTests.LoginUserRequest_ComEmailsEspeciais_DevePermitirAtribuicao" storage="/users/diasbruno/documents/programacao/codigos/dotnet/bcommerce/backend/src/services/userservice/userservice.unittest/bin/debug/net8.0/userservice.unittest.dll" id="634cab5d-65e2-e851-73ca-27de73ab3cf8">
      <Execution id="2b70e614-5c4e-4062-b092-a34ea03938ff" />
      <TestMethod codeBase="/Users/diasbruno/Documents/programacao/codigos/dotnet/bcommerce/backend/src/Services/UserService/UserService.UnitTest/bin/Debug/net8.0/UserService.UnitTest.dll" adapterTypeName="executor://xunit/VsTestRunner2/netcoreapp" className="UserService.UnitTest.Application.Dtos.Requests.LoginUserRequestTests" name="LoginUserRequest_ComEmailsEspeciais_DevePermitirAtribuicao" />
    </UnitTest>
    <UnitTest name="UserService.UnitTest.Application.Commands.LoginUserCommandTests.CriarComando_ComDiferentesCredenciais_DeveDefinirPropriedadesCorretamente(email: &quot;maria@teste.com&quot;, password: &quot;OutraSenh@456&quot;)" storage="/users/diasbruno/documents/programacao/codigos/dotnet/bcommerce/backend/src/services/userservice/userservice.unittest/bin/debug/net8.0/userservice.unittest.dll" id="f8b9c1f4-0db3-006d-0ef5-a6aa990d269d">
      <Execution id="689f28c7-203a-4e68-974c-d0b0fd6c6500" />
      <TestMethod codeBase="/Users/diasbruno/Documents/programacao/codigos/dotnet/bcommerce/backend/src/Services/UserService/UserService.UnitTest/bin/Debug/net8.0/UserService.UnitTest.dll" adapterTypeName="executor://xunit/VsTestRunner2/netcoreapp" className="UserService.UnitTest.Application.Commands.LoginUserCommandTests" name="CriarComando_ComDiferentesCredenciais_DeveDefinirPropriedadesCorretamente" />
    </UnitTest>
    <UnitTest name="UserService.UnitTest.Application.Commands.LoginUserCommandHandlerTests.Handle_ComTokenExpirado_DeveRetornarNovoToken" storage="/users/diasbruno/documents/programacao/codigos/dotnet/bcommerce/backend/src/services/userservice/userservice.unittest/bin/debug/net8.0/userservice.unittest.dll" id="1c704678-463f-c674-d616-2ae71f417d3c">
      <Execution id="056204a2-f943-426f-b2e2-9ddc8c22cce9" />
      <TestMethod codeBase="/Users/diasbruno/Documents/programacao/codigos/dotnet/bcommerce/backend/src/Services/UserService/UserService.UnitTest/bin/Debug/net8.0/UserService.UnitTest.dll" adapterTypeName="executor://xunit/VsTestRunner2/netcoreapp" className="UserService.UnitTest.Application.Commands.LoginUserCommandHandlerTests" name="Handle_ComTokenExpirado_DeveRetornarNovoToken" />
    </UnitTest>
    <UnitTest name="UserService.UnitTest.Application.Dtos.Keycloak.LoginUserKeycloakTests.LoginUserKeycloak_ComSenhaLonga_DevePermitirCriacao" storage="/users/diasbruno/documents/programacao/codigos/dotnet/bcommerce/backend/src/services/userservice/userservice.unittest/bin/debug/net8.0/userservice.unittest.dll" id="40267795-dc66-6ccc-4acd-9fb940d31784">
      <Execution id="36b85bf3-8a10-463f-90e4-0d91b76029d4" />
      <TestMethod codeBase="/Users/diasbruno/Documents/programacao/codigos/dotnet/bcommerce/backend/src/Services/UserService/UserService.UnitTest/bin/Debug/net8.0/UserService.UnitTest.dll" adapterTypeName="executor://xunit/VsTestRunner2/netcoreapp" className="UserService.UnitTest.Application.Dtos.Keycloak.LoginUserKeycloakTests" name="LoginUserKeycloak_ComSenhaLonga_DevePermitirCriacao" />
    </UnitTest>
    <UnitTest name="UserService.UnitTest.Application.Dtos.Responses.LoginUserResponseTests.LoginUserResponse_ComExpiresInPositivo_DevePermitirAtribuicao(expiresIn: 60)" storage="/users/diasbruno/documents/programacao/codigos/dotnet/bcommerce/backend/src/services/userservice/userservice.unittest/bin/debug/net8.0/userservice.unittest.dll" id="598f2432-3031-3292-0b86-7b41692c0aed">
      <Execution id="331e0d21-bf5f-4e20-9f3f-c79c0d6acbfd" />
      <TestMethod codeBase="/Users/diasbruno/Documents/programacao/codigos/dotnet/bcommerce/backend/src/Services/UserService/UserService.UnitTest/bin/Debug/net8.0/UserService.UnitTest.dll" adapterTypeName="executor://xunit/VsTestRunner2/netcoreapp" className="UserService.UnitTest.Application.Dtos.Responses.LoginUserResponseTests" name="LoginUserResponse_ComExpiresInPositivo_DevePermitirAtribuicao" />
    </UnitTest>
    <UnitTest name="UserService.UnitTest.Application.Dtos.Responses.LoginUserResponseTests.LoginUserResponse_ComRefreshTokenNulo_DevePermitirAtribuicao" storage="/users/diasbruno/documents/programacao/codigos/dotnet/bcommerce/backend/src/services/userservice/userservice.unittest/bin/debug/net8.0/userservice.unittest.dll" id="bf68a559-d665-c831-c945-a09fc53e9224">
      <Execution id="f59bd47a-8042-4ca1-bc03-1db154394748" />
      <TestMethod codeBase="/Users/diasbruno/Documents/programacao/codigos/dotnet/bcommerce/backend/src/Services/UserService/UserService.UnitTest/bin/Debug/net8.0/UserService.UnitTest.dll" adapterTypeName="executor://xunit/VsTestRunner2/netcoreapp" className="UserService.UnitTest.Application.Dtos.Responses.LoginUserResponseTests" name="LoginUserResponse_ComRefreshTokenNulo_DevePermitirAtribuicao" />
    </UnitTest>
    <UnitTest name="UserService.UnitTest.Application.Services.KeycloakServiceTests.CreateUserAsync_ComDadosValidos_DeveRetornarIdDoUsuario" storage="/users/diasbruno/documents/programacao/codigos/dotnet/bcommerce/backend/src/services/userservice/userservice.unittest/bin/debug/net8.0/userservice.unittest.dll" id="a162fb02-6727-1347-585a-e2195cf4b9d9">
      <Execution id="a65b4218-7e24-4ec0-8104-39547b8b6253" />
      <TestMethod codeBase="/Users/diasbruno/Documents/programacao/codigos/dotnet/bcommerce/backend/src/Services/UserService/UserService.UnitTest/bin/Debug/net8.0/UserService.UnitTest.dll" adapterTypeName="executor://xunit/VsTestRunner2/netcoreapp" className="UserService.UnitTest.Application.Services.KeycloakServiceTests" name="CreateUserAsync_ComDadosValidos_DeveRetornarIdDoUsuario" />
    </UnitTest>
    <UnitTest name="UserService.UnitTest.Application.Services.KeycloakServiceTests.DeleteUserAsync_ComIdValido_DeveExcluirUsuario" storage="/users/diasbruno/documents/programacao/codigos/dotnet/bcommerce/backend/src/services/userservice/userservice.unittest/bin/debug/net8.0/userservice.unittest.dll" id="5b99c489-2c2b-0bf8-861d-b6b55d7c0637">
      <Execution id="a80e84fa-27ae-4263-815e-9bb01aa04f93" />
      <TestMethod codeBase="/Users/diasbruno/Documents/programacao/codigos/dotnet/bcommerce/backend/src/Services/UserService/UserService.UnitTest/bin/Debug/net8.0/UserService.UnitTest.dll" adapterTypeName="executor://xunit/VsTestRunner2/netcoreapp" className="UserService.UnitTest.Application.Services.KeycloakServiceTests" name="DeleteUserAsync_ComIdValido_DeveExcluirUsuario" />
    </UnitTest>
    <UnitTest name="UserService.UnitTest.Domain.UserTests.Usuario_QuandoStatusDefinido_DeveAceitarStatusValidos(status: Banido)" storage="/users/diasbruno/documents/programacao/codigos/dotnet/bcommerce/backend/src/services/userservice/userservice.unittest/bin/debug/net8.0/userservice.unittest.dll" id="26064631-63e7-bc93-4193-399fdd33c0b2">
      <Execution id="ba44f546-9f56-4cce-8c03-04b1eae8ce32" />
      <TestMethod codeBase="/Users/diasbruno/Documents/programacao/codigos/dotnet/bcommerce/backend/src/Services/UserService/UserService.UnitTest/bin/Debug/net8.0/UserService.UnitTest.dll" adapterTypeName="executor://xunit/VsTestRunner2/netcoreapp" className="UserService.UnitTest.Domain.UserTests" name="Usuario_QuandoStatusDefinido_DeveAceitarStatusValidos" />
    </UnitTest>
    <UnitTest name="UserService.UnitTest.Application.Dtos.Keycloak.LoginUserKeycloakTests.LoginUserKeycloak_ComDiferentesCombinacoesDeDados_DeveDefinirPropriedadesCorretamente(email: &quot;admin@company.net&quot;, password: &quot;admin123&quot;)" storage="/users/diasbruno/documents/programacao/codigos/dotnet/bcommerce/backend/src/services/userservice/userservice.unittest/bin/debug/net8.0/userservice.unittest.dll" id="0890c174-8954-2f4a-3f68-95be19917f04">
      <Execution id="571c9f0f-78e6-4009-be42-f4619066dcd9" />
      <TestMethod codeBase="/Users/diasbruno/Documents/programacao/codigos/dotnet/bcommerce/backend/src/Services/UserService/UserService.UnitTest/bin/Debug/net8.0/UserService.UnitTest.dll" adapterTypeName="executor://xunit/VsTestRunner2/netcoreapp" className="UserService.UnitTest.Application.Dtos.Keycloak.LoginUserKeycloakTests" name="LoginUserKeycloak_ComDiferentesCombinacoesDeDados_DeveDefinirPropriedadesCorretamente" />
    </UnitTest>
    <UnitTest name="UserService.UnitTest.Application.Dtos.Keycloak.CreateUserKeycloakTests.CreateUserKeycloak_ComDiferentesCombinacoesDeDados_DeveDefinirPropriedadesCorretamente(email: &quot;user@domain.org&quot;, password: &quot;mypassword&quot;, firstName: &quot;Maria&quot;, lastName: &quot;Santos&quot;, enabled: False)" storage="/users/diasbruno/documents/programacao/codigos/dotnet/bcommerce/backend/src/services/userservice/userservice.unittest/bin/debug/net8.0/userservice.unittest.dll" id="cbeb45ac-56a9-b181-db70-bf0d2b8b3189">
      <Execution id="b278b505-b0a0-4501-8b74-d046b8d31c15" />
      <TestMethod codeBase="/Users/diasbruno/Documents/programacao/codigos/dotnet/bcommerce/backend/src/Services/UserService/UserService.UnitTest/bin/Debug/net8.0/UserService.UnitTest.dll" adapterTypeName="executor://xunit/VsTestRunner2/netcoreapp" className="UserService.UnitTest.Application.Dtos.Keycloak.CreateUserKeycloakTests" name="CreateUserKeycloak_ComDiferentesCombinacoesDeDados_DeveDefinirPropriedadesCorretamente" />
    </UnitTest>
    <UnitTest name="UserService.UnitTest.Application.Dtos.Keycloak.LoginUserKeycloakTests.LoginUserKeycloak_ComDadosValidos_DeveDefinirPropriedadesCorretamente" storage="/users/diasbruno/documents/programacao/codigos/dotnet/bcommerce/backend/src/services/userservice/userservice.unittest/bin/debug/net8.0/userservice.unittest.dll" id="e44fe725-b575-6f4a-5e8e-46f6a09a49db">
      <Execution id="504743e0-df31-4034-8f27-7e3b7408606e" />
      <TestMethod codeBase="/Users/diasbruno/Documents/programacao/codigos/dotnet/bcommerce/backend/src/Services/UserService/UserService.UnitTest/bin/Debug/net8.0/UserService.UnitTest.dll" adapterTypeName="executor://xunit/VsTestRunner2/netcoreapp" className="UserService.UnitTest.Application.Dtos.Keycloak.LoginUserKeycloakTests" name="LoginUserKeycloak_ComDadosValidos_DeveDefinirPropriedadesCorretamente" />
    </UnitTest>
    <UnitTest name="UserService.UnitTest.Application.Dtos.Keycloak.LoginUserKeycloakTests.LoginUserKeycloak_ComCaracteresDeControle_DevePermitirCriacao(email: &quot;\t&quot;, password: &quot;\t&quot;)" storage="/users/diasbruno/documents/programacao/codigos/dotnet/bcommerce/backend/src/services/userservice/userservice.unittest/bin/debug/net8.0/userservice.unittest.dll" id="c8b241df-b57a-7afc-ce65-bc6f4fe57d65">
      <Execution id="1c45246b-4bc9-4f33-91f5-60dd11188ae6" />
      <TestMethod codeBase="/Users/diasbruno/Documents/programacao/codigos/dotnet/bcommerce/backend/src/Services/UserService/UserService.UnitTest/bin/Debug/net8.0/UserService.UnitTest.dll" adapterTypeName="executor://xunit/VsTestRunner2/netcoreapp" className="UserService.UnitTest.Application.Dtos.Keycloak.LoginUserKeycloakTests" name="LoginUserKeycloak_ComCaracteresDeControle_DevePermitirCriacao" />
    </UnitTest>
    <UnitTest name="UserService.UnitTest.Application.Dtos.Keycloak.CreateUserKeycloakTests.CreateUserKeycloak_ComNomesLongos_DevePermitirCriacao" storage="/users/diasbruno/documents/programacao/codigos/dotnet/bcommerce/backend/src/services/userservice/userservice.unittest/bin/debug/net8.0/userservice.unittest.dll" id="8302d487-c677-8166-612f-48492666d649">
      <Execution id="b18392e7-6fc1-43ca-9027-efd378aa6aeb" />
      <TestMethod codeBase="/Users/diasbruno/Documents/programacao/codigos/dotnet/bcommerce/backend/src/Services/UserService/UserService.UnitTest/bin/Debug/net8.0/UserService.UnitTest.dll" adapterTypeName="executor://xunit/VsTestRunner2/netcoreapp" className="UserService.UnitTest.Application.Dtos.Keycloak.CreateUserKeycloakTests" name="CreateUserKeycloak_ComNomesLongos_DevePermitirCriacao" />
    </UnitTest>
    <UnitTest name="UserService.UnitTest.Application.Dtos.Requests.LoginUserRequestTests.LoginUserRequest_ComSenhaLonga_DevePermitirAtribuicao" storage="/users/diasbruno/documents/programacao/codigos/dotnet/bcommerce/backend/src/services/userservice/userservice.unittest/bin/debug/net8.0/userservice.unittest.dll" id="5472f781-1150-479a-0d10-2e5fabc0b72f">
      <Execution id="676df9e4-6786-4a2f-a0a2-567a4777e512" />
      <TestMethod codeBase="/Users/diasbruno/Documents/programacao/codigos/dotnet/bcommerce/backend/src/Services/UserService/UserService.UnitTest/bin/Debug/net8.0/UserService.UnitTest.dll" adapterTypeName="executor://xunit/VsTestRunner2/netcoreapp" className="UserService.UnitTest.Application.Dtos.Requests.LoginUserRequestTests" name="LoginUserRequest_ComSenhaLonga_DevePermitirAtribuicao" />
    </UnitTest>
    <UnitTest name="UserService.UnitTest.Application.Dtos.Responses.LoginUserResponseTests.LoginUserResponse_ComDadosGeradosPorFaker_DeveDefinirPropriedadesCorretamente" storage="/users/diasbruno/documents/programacao/codigos/dotnet/bcommerce/backend/src/services/userservice/userservice.unittest/bin/debug/net8.0/userservice.unittest.dll" id="faefb261-f41f-8e5b-71a1-227183d9ce70">
      <Execution id="5763313f-0e23-4cff-a435-f63bed97f241" />
      <TestMethod codeBase="/Users/diasbruno/Documents/programacao/codigos/dotnet/bcommerce/backend/src/Services/UserService/UserService.UnitTest/bin/Debug/net8.0/UserService.UnitTest.dll" adapterTypeName="executor://xunit/VsTestRunner2/netcoreapp" className="UserService.UnitTest.Application.Dtos.Responses.LoginUserResponseTests" name="LoginUserResponse_ComDadosGeradosPorFaker_DeveDefinirPropriedadesCorretamente" />
    </UnitTest>
    <UnitTest name="UserService.UnitTest.Application.Dtos.Responses.LoginUserResponseTests.LoginUserResponse_ComDiferentesCombinacoesDeDados_DeveDefinirPropriedadesCorretamente(accessToken: &quot;access_token_456&quot;, refreshToken: &quot;eyJhbGciOiJIUzI1NiIsInR5cCI6IkpXVCJ9&quot;, tokenType: &quot;bearer&quot;, expiresIn: 7200)" storage="/users/diasbruno/documents/programacao/codigos/dotnet/bcommerce/backend/src/services/userservice/userservice.unittest/bin/debug/net8.0/userservice.unittest.dll" id="ead62057-8fe9-f841-c449-ad4098aa83d7">
      <Execution id="2005f4c8-ed23-4e59-8644-a4bd93eef9c7" />
      <TestMethod codeBase="/Users/diasbruno/Documents/programacao/codigos/dotnet/bcommerce/backend/src/Services/UserService/UserService.UnitTest/bin/Debug/net8.0/UserService.UnitTest.dll" adapterTypeName="executor://xunit/VsTestRunner2/netcoreapp" className="UserService.UnitTest.Application.Dtos.Responses.LoginUserResponseTests" name="LoginUserResponse_ComDiferentesCombinacoesDeDados_DeveDefinirPropriedadesCorretamente" />
    </UnitTest>
    <UnitTest name="UserService.UnitTest.Application.Dtos.Requests.LoginUserRequestTests.LoginUserRequest_ComEmailVazioOuEspacos_DevePermitirAtribuicao(email: &quot; &quot;)" storage="/users/diasbruno/documents/programacao/codigos/dotnet/bcommerce/backend/src/services/userservice/userservice.unittest/bin/debug/net8.0/userservice.unittest.dll" id="6e09464b-843d-f2ce-e00c-4cd1a0bc9135">
      <Execution id="2fde6f68-863b-40df-bd5b-e93c0e422e72" />
      <TestMethod codeBase="/Users/diasbruno/Documents/programacao/codigos/dotnet/bcommerce/backend/src/Services/UserService/UserService.UnitTest/bin/Debug/net8.0/UserService.UnitTest.dll" adapterTypeName="executor://xunit/VsTestRunner2/netcoreapp" className="UserService.UnitTest.Application.Dtos.Requests.LoginUserRequestTests" name="LoginUserRequest_ComEmailVazioOuEspacos_DevePermitirAtribuicao" />
    </UnitTest>
    <UnitTest name="UserService.UnitTest.Application.Dtos.Requests.CreateUserRequestTests.CreateUserRequest_ComEmailVazioOuEspacos_DevePermitirAtribuicao(email: &quot; &quot;)" storage="/users/diasbruno/documents/programacao/codigos/dotnet/bcommerce/backend/src/services/userservice/userservice.unittest/bin/debug/net8.0/userservice.unittest.dll" id="a3e5643c-9355-5ef0-9fdd-663141e30ddc">
      <Execution id="6cfcf2fc-70fa-43bf-9358-c790cad2149c" />
      <TestMethod codeBase="/Users/diasbruno/Documents/programacao/codigos/dotnet/bcommerce/backend/src/Services/UserService/UserService.UnitTest/bin/Debug/net8.0/UserService.UnitTest.dll" adapterTypeName="executor://xunit/VsTestRunner2/netcoreapp" className="UserService.UnitTest.Application.Dtos.Requests.CreateUserRequestTests" name="CreateUserRequest_ComEmailVazioOuEspacos_DevePermitirAtribuicao" />
    </UnitTest>
    <UnitTest name="UserService.UnitTest.Application.Dtos.Keycloak.LoginUserKeycloakTests.LoginUserKeycloak_DeveSerRecord_ComIgualdadeCorreta" storage="/users/diasbruno/documents/programacao/codigos/dotnet/bcommerce/backend/src/services/userservice/userservice.unittest/bin/debug/net8.0/userservice.unittest.dll" id="216b8240-df47-df55-a8bc-b11def2680be">
      <Execution id="6c80007f-3b6c-450a-acf8-5bd0eeb4d80f" />
      <TestMethod codeBase="/Users/diasbruno/Documents/programacao/codigos/dotnet/bcommerce/backend/src/Services/UserService/UserService.UnitTest/bin/Debug/net8.0/UserService.UnitTest.dll" adapterTypeName="executor://xunit/VsTestRunner2/netcoreapp" className="UserService.UnitTest.Application.Dtos.Keycloak.LoginUserKeycloakTests" name="LoginUserKeycloak_DeveSerRecord_ComIgualdadeCorreta" />
    </UnitTest>
    <UnitTest name="UserService.UnitTest.Application.Services.PasswordEncripterTests.VerifyPassword_ComHashNulo_DeveLancarExcecao" storage="/users/diasbruno/documents/programacao/codigos/dotnet/bcommerce/backend/src/services/userservice/userservice.unittest/bin/debug/net8.0/userservice.unittest.dll" id="ff68200b-b0bf-e5fc-2918-72089de7bd93">
      <Execution id="cfb35859-8464-419c-a897-13b65dc9c0f4" />
      <TestMethod codeBase="/Users/diasbruno/Documents/programacao/codigos/dotnet/bcommerce/backend/src/Services/UserService/UserService.UnitTest/bin/Debug/net8.0/UserService.UnitTest.dll" adapterTypeName="executor://xunit/VsTestRunner2/netcoreapp" className="UserService.UnitTest.Application.Services.PasswordEncripterTests" name="VerifyPassword_ComHashNulo_DeveLancarExcecao" />
    </UnitTest>
    <UnitTest name="UserService.UnitTest.Application.Dtos.Responses.CreateUserResponseTests.CreateUserResponse_ComValoresPadrao_DeveInicializarPropriedadesCorretamente" storage="/users/diasbruno/documents/programacao/codigos/dotnet/bcommerce/backend/src/services/userservice/userservice.unittest/bin/debug/net8.0/userservice.unittest.dll" id="bb35b0ea-0a5f-40e6-f51d-49c9b4409aee">
      <Execution id="01ce77bb-aaab-47e7-b6b2-a3e4d49893db" />
      <TestMethod codeBase="/Users/diasbruno/Documents/programacao/codigos/dotnet/bcommerce/backend/src/Services/UserService/UserService.UnitTest/bin/Debug/net8.0/UserService.UnitTest.dll" adapterTypeName="executor://xunit/VsTestRunner2/netcoreapp" className="UserService.UnitTest.Application.Dtos.Responses.CreateUserResponseTests" name="CreateUserResponse_ComValoresPadrao_DeveInicializarPropriedadesCorretamente" />
    </UnitTest>
    <UnitTest name="UserService.UnitTest.Application.Dtos.Keycloak.CreateUserKeycloakTests.CreateUserKeycloak_ComSobrenomeVazioOuEspacos_DevePermitirCriacao(lastName: &quot;&quot;)" storage="/users/diasbruno/documents/programacao/codigos/dotnet/bcommerce/backend/src/services/userservice/userservice.unittest/bin/debug/net8.0/userservice.unittest.dll" id="7ede7779-72d1-6379-5aa2-3b4e10425f37">
      <Execution id="eb21eaf1-9a5e-45a7-8bbd-cf8e78e5b63f" />
      <TestMethod codeBase="/Users/diasbruno/Documents/programacao/codigos/dotnet/bcommerce/backend/src/Services/UserService/UserService.UnitTest/bin/Debug/net8.0/UserService.UnitTest.dll" adapterTypeName="executor://xunit/VsTestRunner2/netcoreapp" className="UserService.UnitTest.Application.Dtos.Keycloak.CreateUserKeycloakTests" name="CreateUserKeycloak_ComSobrenomeVazioOuEspacos_DevePermitirCriacao" />
    </UnitTest>
    <UnitTest name="UserService.UnitTest.Application.Dtos.Requests.CreateUserRequestTests.CreateUserRequest_ComSenhaVaziaOuEspacos_DevePermitirAtribuicao(password: &quot;   &quot;)" storage="/users/diasbruno/documents/programacao/codigos/dotnet/bcommerce/backend/src/services/userservice/userservice.unittest/bin/debug/net8.0/userservice.unittest.dll" id="6415e2ed-39aa-afa9-bb78-ac012cc586fb">
      <Execution id="7ab70445-c412-438e-b171-2ccfcc580f5f" />
      <TestMethod codeBase="/Users/diasbruno/Documents/programacao/codigos/dotnet/bcommerce/backend/src/Services/UserService/UserService.UnitTest/bin/Debug/net8.0/UserService.UnitTest.dll" adapterTypeName="executor://xunit/VsTestRunner2/netcoreapp" className="UserService.UnitTest.Application.Dtos.Requests.CreateUserRequestTests" name="CreateUserRequest_ComSenhaVaziaOuEspacos_DevePermitirAtribuicao" />
    </UnitTest>
    <UnitTest name="UserService.UnitTest.Application.Dtos.Responses.CreateUserResponseTests.CreateUserResponse_ComIdGuidVazio_DevePermitirAtribuicao" storage="/users/diasbruno/documents/programacao/codigos/dotnet/bcommerce/backend/src/services/userservice/userservice.unittest/bin/debug/net8.0/userservice.unittest.dll" id="a56b3ef2-0695-0a5d-706a-729e986fec53">
      <Execution id="fa56fa97-db9f-49dc-98c7-b3d0a0df29f1" />
      <TestMethod codeBase="/Users/diasbruno/Documents/programacao/codigos/dotnet/bcommerce/backend/src/Services/UserService/UserService.UnitTest/bin/Debug/net8.0/UserService.UnitTest.dll" adapterTypeName="executor://xunit/VsTestRunner2/netcoreapp" className="UserService.UnitTest.Application.Dtos.Responses.CreateUserResponseTests" name="CreateUserResponse_ComIdGuidVazio_DevePermitirAtribuicao" />
    </UnitTest>
    <UnitTest name="UserService.UnitTest.Application.Dtos.Keycloak.LoginUserKeycloakTests.LoginUserKeycloak_ComCaracteresDeControle_DevePermitirCriacao(email: &quot;\n&quot;, password: &quot;\n&quot;)" storage="/users/diasbruno/documents/programacao/codigos/dotnet/bcommerce/backend/src/services/userservice/userservice.unittest/bin/debug/net8.0/userservice.unittest.dll" id="15b00dc6-8761-7dfd-3524-dfc1c17e1a0e">
      <Execution id="0164fff9-fa5c-408c-9d5e-e28632ae7365" />
      <TestMethod codeBase="/Users/diasbruno/Documents/programacao/codigos/dotnet/bcommerce/backend/src/Services/UserService/UserService.UnitTest/bin/Debug/net8.0/UserService.UnitTest.dll" adapterTypeName="executor://xunit/VsTestRunner2/netcoreapp" className="UserService.UnitTest.Application.Dtos.Keycloak.LoginUserKeycloakTests" name="LoginUserKeycloak_ComCaracteresDeControle_DevePermitirCriacao" />
    </UnitTest>
    <UnitTest name="UserService.UnitTest.Domain.UserAddressExtensionsTests.ObterEnderecoFormatado_QuandoComplementoNulo_DeveRetornarEnderecoFormatadoSemComplemento" storage="/users/diasbruno/documents/programacao/codigos/dotnet/bcommerce/backend/src/services/userservice/userservice.unittest/bin/debug/net8.0/userservice.unittest.dll" id="00a0325e-b219-1db4-5680-42c714d4d7b7">
      <Execution id="f1680cd6-1874-4c3b-865c-43082a3dfa48" />
      <TestMethod codeBase="/Users/diasbruno/Documents/programacao/codigos/dotnet/bcommerce/backend/src/Services/UserService/UserService.UnitTest/bin/Debug/net8.0/UserService.UnitTest.dll" adapterTypeName="executor://xunit/VsTestRunner2/netcoreapp" className="UserService.UnitTest.Domain.UserAddressExtensionsTests" name="ObterEnderecoFormatado_QuandoComplementoNulo_DeveRetornarEnderecoFormatadoSemComplemento" />
    </UnitTest>
    <UnitTest name="UserService.UnitTest.Application.Commands.LoginUserCommandHandlerTests.Handle_ComCancelationToken_DevePassarTokenParaKeycloak" storage="/users/diasbruno/documents/programacao/codigos/dotnet/bcommerce/backend/src/services/userservice/userservice.unittest/bin/debug/net8.0/userservice.unittest.dll" id="acab582f-6225-ac34-6f12-d725784a465c">
      <Execution id="cd9274ea-4f0a-4710-8e97-ab09e7931335" />
      <TestMethod codeBase="/Users/diasbruno/Documents/programacao/codigos/dotnet/bcommerce/backend/src/Services/UserService/UserService.UnitTest/bin/Debug/net8.0/UserService.UnitTest.dll" adapterTypeName="executor://xunit/VsTestRunner2/netcoreapp" className="UserService.UnitTest.Application.Commands.LoginUserCommandHandlerTests" name="Handle_ComCancelationToken_DevePassarTokenParaKeycloak" />
    </UnitTest>
    <UnitTest name="UserService.UnitTest.Application.Dtos.Requests.CreateUserRequestTests.CreateUserRequest_ComEmailNulo_DevePermitirAtribuicao" storage="/users/diasbruno/documents/programacao/codigos/dotnet/bcommerce/backend/src/services/userservice/userservice.unittest/bin/debug/net8.0/userservice.unittest.dll" id="6974fed6-7f35-242d-e3df-a93c0def144e">
      <Execution id="a1af59b6-28cf-43a2-b6a8-afd944902ead" />
      <TestMethod codeBase="/Users/diasbruno/Documents/programacao/codigos/dotnet/bcommerce/backend/src/Services/UserService/UserService.UnitTest/bin/Debug/net8.0/UserService.UnitTest.dll" adapterTypeName="executor://xunit/VsTestRunner2/netcoreapp" className="UserService.UnitTest.Application.Dtos.Requests.CreateUserRequestTests" name="CreateUserRequest_ComEmailNulo_DevePermitirAtribuicao" />
    </UnitTest>
    <UnitTest name="UserService.UnitTest.Application.Dtos.Keycloak.CreateUserKeycloakTests.CreateUserKeycloak_ComDiferentesCombinacoesDeDados_DeveDefinirPropriedadesCorretamente(email: &quot;admin@company.net&quot;, password: &quot;admin123&quot;, firstName: &quot;Pedro&quot;, lastName: &quot;Oliveira&quot;, enabled: True)" storage="/users/diasbruno/documents/programacao/codigos/dotnet/bcommerce/backend/src/services/userservice/userservice.unittest/bin/debug/net8.0/userservice.unittest.dll" id="4a337eb1-d6fd-e7af-b760-c85c1072731f">
      <Execution id="79d5cdea-4b50-4ff0-bf67-88ce8430ccc4" />
      <TestMethod codeBase="/Users/diasbruno/Documents/programacao/codigos/dotnet/bcommerce/backend/src/Services/UserService/UserService.UnitTest/bin/Debug/net8.0/UserService.UnitTest.dll" adapterTypeName="executor://xunit/VsTestRunner2/netcoreapp" className="UserService.UnitTest.Application.Dtos.Keycloak.CreateUserKeycloakTests" name="CreateUserKeycloak_ComDiferentesCombinacoesDeDados_DeveDefinirPropriedadesCorretamente" />
    </UnitTest>
    <UnitTest name="UserService.UnitTest.Application.Dtos.Keycloak.LoginUserKeycloakTests.LoginUserKeycloak_ComCaracteresDeControle_DevePermitirCriacao(email: &quot;\r&quot;, password: &quot;\r&quot;)" storage="/users/diasbruno/documents/programacao/codigos/dotnet/bcommerce/backend/src/services/userservice/userservice.unittest/bin/debug/net8.0/userservice.unittest.dll" id="a30d56a5-15c9-b03d-3d85-2e961a7c1a18">
      <Execution id="fa465638-b234-4f70-ad65-36209e84f5ed" />
      <TestMethod codeBase="/Users/diasbruno/Documents/programacao/codigos/dotnet/bcommerce/backend/src/Services/UserService/UserService.UnitTest/bin/Debug/net8.0/UserService.UnitTest.dll" adapterTypeName="executor://xunit/VsTestRunner2/netcoreapp" className="UserService.UnitTest.Application.Dtos.Keycloak.LoginUserKeycloakTests" name="LoginUserKeycloak_ComCaracteresDeControle_DevePermitirCriacao" />
    </UnitTest>
    <UnitTest name="UserService.UnitTest.Application.Dtos.Requests.LoginUserRequestTests.LoginUserRequest_ComModificacaoAposInicializacao_DevePermitirAlteracao" storage="/users/diasbruno/documents/programacao/codigos/dotnet/bcommerce/backend/src/services/userservice/userservice.unittest/bin/debug/net8.0/userservice.unittest.dll" id="db4284d8-875f-34c1-8ceb-995f4fcededb">
      <Execution id="0b8da245-720c-4421-9f53-ed54dda46893" />
      <TestMethod codeBase="/Users/diasbruno/Documents/programacao/codigos/dotnet/bcommerce/backend/src/Services/UserService/UserService.UnitTest/bin/Debug/net8.0/UserService.UnitTest.dll" adapterTypeName="executor://xunit/VsTestRunner2/netcoreapp" className="UserService.UnitTest.Application.Dtos.Requests.LoginUserRequestTests" name="LoginUserRequest_ComModificacaoAposInicializacao_DevePermitirAlteracao" />
    </UnitTest>
    <UnitTest name="UserService.UnitTest.Application.Dtos.Requests.CreateUserRequestTests.CreateUserRequest_ComSenhaNula_DevePermitirAtribuicao" storage="/users/diasbruno/documents/programacao/codigos/dotnet/bcommerce/backend/src/services/userservice/userservice.unittest/bin/debug/net8.0/userservice.unittest.dll" id="4981f8ca-67b0-28b7-16fb-bd68d0fadc37">
      <Execution id="6a669578-08ed-45aa-bf60-9bdda8ef2b13" />
      <TestMethod codeBase="/Users/diasbruno/Documents/programacao/codigos/dotnet/bcommerce/backend/src/Services/UserService/UserService.UnitTest/bin/Debug/net8.0/UserService.UnitTest.dll" adapterTypeName="executor://xunit/VsTestRunner2/netcoreapp" className="UserService.UnitTest.Application.Dtos.Requests.CreateUserRequestTests" name="CreateUserRequest_ComSenhaNula_DevePermitirAtribuicao" />
    </UnitTest>
    <UnitTest name="UserService.UnitTest.Application.Dtos.Requests.CreateUserRequestTests.CreateUserRequest_ComDadosValidos_DeveDefinirPropriedadesCorretamente" storage="/users/diasbruno/documents/programacao/codigos/dotnet/bcommerce/backend/src/services/userservice/userservice.unittest/bin/debug/net8.0/userservice.unittest.dll" id="de562b09-2c5e-f09c-fd30-893f727481c2">
      <Execution id="44f81826-e554-426b-b3a2-241e7504f5b0" />
      <TestMethod codeBase="/Users/diasbruno/Documents/programacao/codigos/dotnet/bcommerce/backend/src/Services/UserService/UserService.UnitTest/bin/Debug/net8.0/UserService.UnitTest.dll" adapterTypeName="executor://xunit/VsTestRunner2/netcoreapp" className="UserService.UnitTest.Application.Dtos.Requests.CreateUserRequestTests" name="CreateUserRequest_ComDadosValidos_DeveDefinirPropriedadesCorretamente" />
    </UnitTest>
    <UnitTest name="UserService.UnitTest.Application.Commands.CreateUserCommandTests.CriarComando_ComDiferentesCombinacoes_DeveDefinirPropriedadesCorretamente(firstName: &quot;Maria&quot;, lastName: &quot;Santos&quot;, email: &quot;maria@teste.com&quot;, password: &quot;OutraSenh@456&quot;, newsletterOptIn: False)" storage="/users/diasbruno/documents/programacao/codigos/dotnet/bcommerce/backend/src/services/userservice/userservice.unittest/bin/debug/net8.0/userservice.unittest.dll" id="69cb5bae-b64d-0b6e-2d07-1d52f3e6a652">
      <Execution id="eb621a53-ceb4-4558-b411-9d8ab2732b79" />
      <TestMethod codeBase="/Users/diasbruno/Documents/programacao/codigos/dotnet/bcommerce/backend/src/Services/UserService/UserService.UnitTest/bin/Debug/net8.0/UserService.UnitTest.dll" adapterTypeName="executor://xunit/VsTestRunner2/netcoreapp" className="UserService.UnitTest.Application.Commands.CreateUserCommandTests" name="CriarComando_ComDiferentesCombinacoes_DeveDefinirPropriedadesCorretamente" />
    </UnitTest>
    <UnitTest name="UserService.UnitTest.Application.Dtos.Responses.LoginUserResponseTests.LoginUserResponse_ComTokenTypeVazioOuEspacos_DevePermitirAtribuicao(tokenType: &quot;&quot;)" storage="/users/diasbruno/documents/programacao/codigos/dotnet/bcommerce/backend/src/services/userservice/userservice.unittest/bin/debug/net8.0/userservice.unittest.dll" id="4b5865a6-7130-4ee3-4f6a-51455f5ae41c">
      <Execution id="f630676e-7e50-4e06-8573-afa34ca72e1b" />
      <TestMethod codeBase="/Users/diasbruno/Documents/programacao/codigos/dotnet/bcommerce/backend/src/Services/UserService/UserService.UnitTest/bin/Debug/net8.0/UserService.UnitTest.dll" adapterTypeName="executor://xunit/VsTestRunner2/netcoreapp" className="UserService.UnitTest.Application.Dtos.Responses.LoginUserResponseTests" name="LoginUserResponse_ComTokenTypeVazioOuEspacos_DevePermitirAtribuicao" />
    </UnitTest>
    <UnitTest name="UserService.UnitTest.Application.Dtos.Keycloak.LoginUserKeycloakTests.LoginUserKeycloak_ComEmailsEspeciais_DevePermitirCriacao" storage="/users/diasbruno/documents/programacao/codigos/dotnet/bcommerce/backend/src/services/userservice/userservice.unittest/bin/debug/net8.0/userservice.unittest.dll" id="754d74b5-9f62-1c41-8e5d-2dd8b5f59b70">
      <Execution id="fc5dd88d-8d7e-4655-b2dd-ce327be2c3c0" />
      <TestMethod codeBase="/Users/diasbruno/Documents/programacao/codigos/dotnet/bcommerce/backend/src/Services/UserService/UserService.UnitTest/bin/Debug/net8.0/UserService.UnitTest.dll" adapterTypeName="executor://xunit/VsTestRunner2/netcoreapp" className="UserService.UnitTest.Application.Dtos.Keycloak.LoginUserKeycloakTests" name="LoginUserKeycloak_ComEmailsEspeciais_DevePermitirCriacao" />
    </UnitTest>
    <UnitTest name="UserService.UnitTest.Application.Dtos.Keycloak.LoginUserKeycloakTests.LoginUserKeycloak_ComSenhasEspeciais_DevePermitirCriacao" storage="/users/diasbruno/documents/programacao/codigos/dotnet/bcommerce/backend/src/services/userservice/userservice.unittest/bin/debug/net8.0/userservice.unittest.dll" id="d4de45df-2ee9-3818-54dc-270dc3bfcc8e">
      <Execution id="4d3cd0ba-214c-4b82-a7c5-d9aef652ead0" />
      <TestMethod codeBase="/Users/diasbruno/Documents/programacao/codigos/dotnet/bcommerce/backend/src/Services/UserService/UserService.UnitTest/bin/Debug/net8.0/UserService.UnitTest.dll" adapterTypeName="executor://xunit/VsTestRunner2/netcoreapp" className="UserService.UnitTest.Application.Dtos.Keycloak.LoginUserKeycloakTests" name="LoginUserKeycloak_ComSenhasEspeciais_DevePermitirCriacao" />
    </UnitTest>
    <UnitTest name="UserService.UnitTest.Domain.UserTests.Usuario_QuandoHashSenhaDefinido_DeveArmazenarCorretamente" storage="/users/diasbruno/documents/programacao/codigos/dotnet/bcommerce/backend/src/services/userservice/userservice.unittest/bin/debug/net8.0/userservice.unittest.dll" id="3d3a96f3-4a53-d31b-8129-bc34dd0b7ecd">
      <Execution id="410e977c-8bcc-4138-b2db-54a284a6b786" />
      <TestMethod codeBase="/Users/diasbruno/Documents/programacao/codigos/dotnet/bcommerce/backend/src/Services/UserService/UserService.UnitTest/bin/Debug/net8.0/UserService.UnitTest.dll" adapterTypeName="executor://xunit/VsTestRunner2/netcoreapp" className="UserService.UnitTest.Domain.UserTests" name="Usuario_QuandoHashSenhaDefinido_DeveArmazenarCorretamente" />
    </UnitTest>
    <UnitTest name="UserService.UnitTest.Application.Dtos.Responses.CreateUserResponseTests.CreateUserResponse_ComEmailNulo_DevePermitirAtribuicao" storage="/users/diasbruno/documents/programacao/codigos/dotnet/bcommerce/backend/src/services/userservice/userservice.unittest/bin/debug/net8.0/userservice.unittest.dll" id="ca9a6897-c80b-4651-66cf-d5f43912bd5c">
      <Execution id="2013de39-ec42-468e-8183-641af9c7ba9c" />
      <TestMethod codeBase="/Users/diasbruno/Documents/programacao/codigos/dotnet/bcommerce/backend/src/Services/UserService/UserService.UnitTest/bin/Debug/net8.0/UserService.UnitTest.dll" adapterTypeName="executor://xunit/VsTestRunner2/netcoreapp" className="UserService.UnitTest.Application.Dtos.Responses.CreateUserResponseTests" name="CreateUserResponse_ComEmailNulo_DevePermitirAtribuicao" />
    </UnitTest>
    <UnitTest name="UserService.UnitTest.Application.Services.PasswordEncripterTests.EncryptPassword_ComSenhaVazia_DeveRetornarHashValido" storage="/users/diasbruno/documents/programacao/codigos/dotnet/bcommerce/backend/src/services/userservice/userservice.unittest/bin/debug/net8.0/userservice.unittest.dll" id="d588092e-c472-cb56-3280-6b4137fa6cd2">
      <Execution id="ef235802-99ec-42dd-b64d-6c8441f70439" />
      <TestMethod codeBase="/Users/diasbruno/Documents/programacao/codigos/dotnet/bcommerce/backend/src/Services/UserService/UserService.UnitTest/bin/Debug/net8.0/UserService.UnitTest.dll" adapterTypeName="executor://xunit/VsTestRunner2/netcoreapp" className="UserService.UnitTest.Application.Services.PasswordEncripterTests" name="EncryptPassword_ComSenhaVazia_DeveRetornarHashValido" />
    </UnitTest>
    <UnitTest name="UserService.UnitTest.Application.Commands.LoginUserCommandHandlerTests.Handle_ComUsuarioInexistente_DeveRetornarFalha" storage="/users/diasbruno/documents/programacao/codigos/dotnet/bcommerce/backend/src/services/userservice/userservice.unittest/bin/debug/net8.0/userservice.unittest.dll" id="6db8dbd3-7b5f-7324-b691-1ab92965e592">
      <Execution id="b1192670-ed31-4231-b646-98fbb53786b7" />
      <TestMethod codeBase="/Users/diasbruno/Documents/programacao/codigos/dotnet/bcommerce/backend/src/Services/UserService/UserService.UnitTest/bin/Debug/net8.0/UserService.UnitTest.dll" adapterTypeName="executor://xunit/VsTestRunner2/netcoreapp" className="UserService.UnitTest.Application.Commands.LoginUserCommandHandlerTests" name="Handle_ComUsuarioInexistente_DeveRetornarFalha" />
    </UnitTest>
    <UnitTest name="UserService.UnitTest.Application.Dtos.Requests.LoginUserRequestTests.LoginUserRequest_ComSenhaVaziaOuEspacos_DevePermitirAtribuicao(password: &quot;   &quot;)" storage="/users/diasbruno/documents/programacao/codigos/dotnet/bcommerce/backend/src/services/userservice/userservice.unittest/bin/debug/net8.0/userservice.unittest.dll" id="5d428a58-f006-fd3d-634c-486ac9ab59ac">
      <Execution id="4c571266-7b05-4f28-b48e-d2f2314daba2" />
      <TestMethod codeBase="/Users/diasbruno/Documents/programacao/codigos/dotnet/bcommerce/backend/src/Services/UserService/UserService.UnitTest/bin/Debug/net8.0/UserService.UnitTest.dll" adapterTypeName="executor://xunit/VsTestRunner2/netcoreapp" className="UserService.UnitTest.Application.Dtos.Requests.LoginUserRequestTests" name="LoginUserRequest_ComSenhaVaziaOuEspacos_DevePermitirAtribuicao" />
    </UnitTest>
    <UnitTest name="UserService.UnitTest.Application.Commands.CreateUserCommandHandlerTests.Handle_ComNewsletterOptInFalse_DeveCriarUsuarioSemNewsletter" storage="/users/diasbruno/documents/programacao/codigos/dotnet/bcommerce/backend/src/services/userservice/userservice.unittest/bin/debug/net8.0/userservice.unittest.dll" id="0e5fcfee-bd6d-f45f-061a-0b8ebdec31cd">
      <Execution id="4075c65b-8a4f-4952-801b-f81803c240d4" />
      <TestMethod codeBase="/Users/diasbruno/Documents/programacao/codigos/dotnet/bcommerce/backend/src/Services/UserService/UserService.UnitTest/bin/Debug/net8.0/UserService.UnitTest.dll" adapterTypeName="executor://xunit/VsTestRunner2/netcoreapp" className="UserService.UnitTest.Application.Commands.CreateUserCommandHandlerTests" name="Handle_ComNewsletterOptInFalse_DeveCriarUsuarioSemNewsletter" />
    </UnitTest>
    <UnitTest name="UserService.UnitTest.Application.Commands.LoginUserCommandTests.CriarComando_ComDadosValidos_DeveDefinirPropriedadesCorretamente" storage="/users/diasbruno/documents/programacao/codigos/dotnet/bcommerce/backend/src/services/userservice/userservice.unittest/bin/debug/net8.0/userservice.unittest.dll" id="fb095c6b-ef89-7c80-525c-de74a5eb5df3">
      <Execution id="0a0b9ab7-daee-4eb9-a702-229b60fe5bda" />
      <TestMethod codeBase="/Users/diasbruno/Documents/programacao/codigos/dotnet/bcommerce/backend/src/Services/UserService/UserService.UnitTest/bin/Debug/net8.0/UserService.UnitTest.dll" adapterTypeName="executor://xunit/VsTestRunner2/netcoreapp" className="UserService.UnitTest.Application.Commands.LoginUserCommandTests" name="CriarComando_ComDadosValidos_DeveDefinirPropriedadesCorretamente" />
    </UnitTest>
    <UnitTest name="UserService.UnitTest.Application.Dtos.Responses.LoginUserResponseTests.LoginUserResponse_ComDiferentesTiposDeToken_DevePermitirAtribuicao(tokenType: &quot;Basic&quot;)" storage="/users/diasbruno/documents/programacao/codigos/dotnet/bcommerce/backend/src/services/userservice/userservice.unittest/bin/debug/net8.0/userservice.unittest.dll" id="4a8777a8-dccb-6e9c-0f8a-78e986de79cb">
      <Execution id="56e8d510-bfb4-449e-89ac-142d876d6690" />
      <TestMethod codeBase="/Users/diasbruno/Documents/programacao/codigos/dotnet/bcommerce/backend/src/Services/UserService/UserService.UnitTest/bin/Debug/net8.0/UserService.UnitTest.dll" adapterTypeName="executor://xunit/VsTestRunner2/netcoreapp" className="UserService.UnitTest.Application.Dtos.Responses.LoginUserResponseTests" name="LoginUserResponse_ComDiferentesTiposDeToken_DevePermitirAtribuicao" />
    </UnitTest>
    <UnitTest name="UserService.UnitTest.Domain.UserTests.Usuario_QuandoCriadoComBuilder_DeveConterDadosValidos" storage="/users/diasbruno/documents/programacao/codigos/dotnet/bcommerce/backend/src/services/userservice/userservice.unittest/bin/debug/net8.0/userservice.unittest.dll" id="77c0768c-514d-6c68-1812-d761e9395ff3">
      <Execution id="24698009-90a8-49bb-ae13-86f44a168aba" />
      <TestMethod codeBase="/Users/diasbruno/Documents/programacao/codigos/dotnet/bcommerce/backend/src/Services/UserService/UserService.UnitTest/bin/Debug/net8.0/UserService.UnitTest.dll" adapterTypeName="executor://xunit/VsTestRunner2/netcoreapp" className="UserService.UnitTest.Domain.UserTests" name="Usuario_QuandoCriadoComBuilder_DeveConterDadosValidos" />
    </UnitTest>
    <UnitTest name="UserService.UnitTest.Domain.UserAddressExtensionsTests.ObterEnderecoFormatado_QuandoComplementoEspacosVazios_DeveRetornarEnderecoFormatadoSemComplemento" storage="/users/diasbruno/documents/programacao/codigos/dotnet/bcommerce/backend/src/services/userservice/userservice.unittest/bin/debug/net8.0/userservice.unittest.dll" id="579b5bed-355d-f06a-3878-0843fd9bf111">
      <Execution id="bf310f10-2dc6-4f11-a3b1-3b3384fd72a9" />
      <TestMethod codeBase="/Users/diasbruno/Documents/programacao/codigos/dotnet/bcommerce/backend/src/Services/UserService/UserService.UnitTest/bin/Debug/net8.0/UserService.UnitTest.dll" adapterTypeName="executor://xunit/VsTestRunner2/netcoreapp" className="UserService.UnitTest.Domain.UserAddressExtensionsTests" name="ObterEnderecoFormatado_QuandoComplementoEspacosVazios_DeveRetornarEnderecoFormatadoSemComplemento" />
    </UnitTest>
    <UnitTest name="UserService.UnitTest.Application.Dtos.Responses.CreateUserResponseTests.CreateUserResponse_ComDataCreatedAtMaxValue_DevePermitirAtribuicao" storage="/users/diasbruno/documents/programacao/codigos/dotnet/bcommerce/backend/src/services/userservice/userservice.unittest/bin/debug/net8.0/userservice.unittest.dll" id="94c2b6de-5241-d485-ac8e-41560f178d01">
      <Execution id="af8bb7c7-af7a-4e5e-be11-b2aadcdcb39e" />
      <TestMethod codeBase="/Users/diasbruno/Documents/programacao/codigos/dotnet/bcommerce/backend/src/Services/UserService/UserService.UnitTest/bin/Debug/net8.0/UserService.UnitTest.dll" adapterTypeName="executor://xunit/VsTestRunner2/netcoreapp" className="UserService.UnitTest.Application.Dtos.Responses.CreateUserResponseTests" name="CreateUserResponse_ComDataCreatedAtMaxValue_DevePermitirAtribuicao" />
    </UnitTest>
  </TestDefinitions>
  <TestEntries>
    <TestEntry testId="edcaa81b-5da7-b2f8-7b08-62b73bfcfb3b" executionId="09443436-1c0e-4064-95aa-448b658c5612" testListId="8c84fa94-04c1-424b-9868-57a2d4851a1d" />
    <TestEntry testId="8e65df34-fb75-1ca3-79e1-1466c62e6424" executionId="e2cf0be4-9bb8-4386-95c5-596cf150ac44" testListId="8c84fa94-04c1-424b-9868-57a2d4851a1d" />
    <TestEntry testId="27c79a35-e4d6-9afe-a6d3-d329dddd2aab" executionId="09136165-15f0-41d0-b085-889f1eca1f90" testListId="8c84fa94-04c1-424b-9868-57a2d4851a1d" />
    <TestEntry testId="4aaa9357-1d22-5091-fa57-cbefdb70b12e" executionId="e70075c5-9e97-4ab8-bfac-758343b9ac99" testListId="8c84fa94-04c1-424b-9868-57a2d4851a1d" />
    <TestEntry testId="4981f8ca-67b0-28b7-16fb-bd68d0fadc37" executionId="6a669578-08ed-45aa-bf60-9bdda8ef2b13" testListId="8c84fa94-04c1-424b-9868-57a2d4851a1d" />
    <TestEntry testId="4d1201e1-a22a-3599-02cd-1e29c29de1df" executionId="710b5761-1405-4347-9d39-34160030fbf4" testListId="8c84fa94-04c1-424b-9868-57a2d4851a1d" />
    <TestEntry testId="c08ccbd0-b0b1-8315-a738-556c67c488ab" executionId="5dc947c4-866d-424b-828c-9e25ae651c16" testListId="8c84fa94-04c1-424b-9868-57a2d4851a1d" />
    <TestEntry testId="b9ac6a1b-ee8a-094a-ffba-407fb51c3368" executionId="0618d5a0-5727-4926-ac47-7abb429fcc67" testListId="8c84fa94-04c1-424b-9868-57a2d4851a1d" />
    <TestEntry testId="321b1e81-3b6f-125b-b35e-2cc7a19e0114" executionId="e31f809f-7d28-4c36-b323-c87481e37c6e" testListId="8c84fa94-04c1-424b-9868-57a2d4851a1d" />
    <TestEntry testId="90c63f74-3282-2911-4a3a-7a9b7bbc7867" executionId="b5646d49-6c06-426f-882c-21c5a08ab39b" testListId="8c84fa94-04c1-424b-9868-57a2d4851a1d" />
    <TestEntry testId="579b5bed-355d-f06a-3878-0843fd9bf111" executionId="bf310f10-2dc6-4f11-a3b1-3b3384fd72a9" testListId="8c84fa94-04c1-424b-9868-57a2d4851a1d" />
    <TestEntry testId="3d0f690d-1546-6c6f-ab8b-cba4d994071b" executionId="5f1c08b1-0805-47a7-9be4-c4a8a2c5ce14" testListId="8c84fa94-04c1-424b-9868-57a2d4851a1d" />
    <TestEntry testId="4436b52f-e223-af1e-ebed-65a03d230b7b" executionId="fc8ff61f-82bf-409e-b114-2c85c06145a1" testListId="8c84fa94-04c1-424b-9868-57a2d4851a1d" />
    <TestEntry testId="8b4feff8-524d-e5f0-2b1a-0eced3e687c2" executionId="b0c3fced-2550-4494-8dab-4c51515ac509" testListId="8c84fa94-04c1-424b-9868-57a2d4851a1d" />
    <TestEntry testId="e17b7cb9-2e37-5171-bf20-8e757d62d918" executionId="fd00d29e-b425-4a76-8d78-2921847e1e0d" testListId="8c84fa94-04c1-424b-9868-57a2d4851a1d" />
    <TestEntry testId="8ad9e2fc-bb4a-628d-20d6-9b682849afbc" executionId="f069248c-ec46-4191-b8f5-d63956966780" testListId="8c84fa94-04c1-424b-9868-57a2d4851a1d" />
    <TestEntry testId="11dec80e-4942-7ddf-1040-87ce1993a7ec" executionId="6498c79b-070f-4df2-8e5e-8a8098457dfa" testListId="8c84fa94-04c1-424b-9868-57a2d4851a1d" />
    <TestEntry testId="52610562-4e87-9bc0-3f6e-3a8d1eb26cfc" executionId="fb60178a-cffa-4c1a-b8f6-7e2107b120a6" testListId="8c84fa94-04c1-424b-9868-57a2d4851a1d" />
    <TestEntry testId="5a16a19d-db28-a783-60f7-38ea9759e1ca" executionId="d52473cb-cddc-4d56-bc0c-8e235c0f8436" testListId="8c84fa94-04c1-424b-9868-57a2d4851a1d" />
    <TestEntry testId="754684df-2078-e9d9-05ec-2216a102cf01" executionId="b570b7db-c1c7-41f4-a941-473950b4625b" testListId="8c84fa94-04c1-424b-9868-57a2d4851a1d" />
    <TestEntry testId="9587565c-e707-a92a-0a82-b6d084a96cdd" executionId="724e1592-16eb-440c-a3b4-9943ce22a874" testListId="8c84fa94-04c1-424b-9868-57a2d4851a1d" />
    <TestEntry testId="411ae6e3-411d-bed2-74f1-79868b4b9025" executionId="fbda71b7-2201-4305-ab27-1f4318761ba9" testListId="8c84fa94-04c1-424b-9868-57a2d4851a1d" />
    <TestEntry testId="e33addc7-21b5-57ef-72f7-0fff7fcb126d" executionId="02860198-da7c-4153-950e-e3e8565f54f7" testListId="8c84fa94-04c1-424b-9868-57a2d4851a1d" />
    <TestEntry testId="a655f03f-04ab-3f43-8793-397ba77d999a" executionId="b9900045-45df-4e29-806a-c3962506ed22" testListId="8c84fa94-04c1-424b-9868-57a2d4851a1d" />
    <TestEntry testId="64e1aecb-9e30-c5d0-5a75-78b9e973ebdf" executionId="29486742-99a1-4c23-ac05-51b9bc9969df" testListId="8c84fa94-04c1-424b-9868-57a2d4851a1d" />
    <TestEntry testId="b0f95758-67ad-2207-a23b-1a1ecc3898ca" executionId="ba02da0f-b094-4019-b3fd-8ae853424dda" testListId="8c84fa94-04c1-424b-9868-57a2d4851a1d" />
    <TestEntry testId="91a43f25-3310-9dee-b091-2cf37d2dd2a2" executionId="ca3b1522-21d5-4191-9151-5384b2f0afff" testListId="8c84fa94-04c1-424b-9868-57a2d4851a1d" />
    <TestEntry testId="762466d0-457e-6010-61fb-66fa35b7091d" executionId="69df6356-37ba-49a5-9704-7ca27dd087af" testListId="8c84fa94-04c1-424b-9868-57a2d4851a1d" />
    <TestEntry testId="4b5865a6-7130-4ee3-4f6a-51455f5ae41c" executionId="f630676e-7e50-4e06-8573-afa34ca72e1b" testListId="8c84fa94-04c1-424b-9868-57a2d4851a1d" />
    <TestEntry testId="db4284d8-875f-34c1-8ceb-995f4fcededb" executionId="0b8da245-720c-4421-9f53-ed54dda46893" testListId="8c84fa94-04c1-424b-9868-57a2d4851a1d" />
    <TestEntry testId="a59e1625-fe42-9ffa-bcbd-f929f28211e5" executionId="ea9dc4ed-03ed-4db8-a235-2da26c9d2874" testListId="8c84fa94-04c1-424b-9868-57a2d4851a1d" />
    <TestEntry testId="0af16215-3a39-209d-efb8-6a04305b77c8" executionId="b247ae63-281c-4376-acd5-a809a0c931f3" testListId="8c84fa94-04c1-424b-9868-57a2d4851a1d" />
    <TestEntry testId="faefb261-f41f-8e5b-71a1-227183d9ce70" executionId="5763313f-0e23-4cff-a435-f63bed97f241" testListId="8c84fa94-04c1-424b-9868-57a2d4851a1d" />
    <TestEntry testId="fe2188a3-a528-1695-0a18-13de35ee7b3e" executionId="7c0bd6ae-4d4c-48ae-9bd3-eab55c996824" testListId="8c84fa94-04c1-424b-9868-57a2d4851a1d" />
    <TestEntry testId="c4ff8b3d-e919-3d50-b132-1b2dbc4179a6" executionId="0cd970f0-a7b9-4a15-b009-bd5ce12d8a65" testListId="8c84fa94-04c1-424b-9868-57a2d4851a1d" />
    <TestEntry testId="c755b11b-f466-4e23-50af-e38908de93f6" executionId="3b2aca58-e440-4de1-9385-7923be348add" testListId="8c84fa94-04c1-424b-9868-57a2d4851a1d" />
    <TestEntry testId="7eae36c3-ee24-af2b-4dea-08e2bb1fce66" executionId="ad80516e-a4f4-4ab3-bf1b-c71203789b67" testListId="8c84fa94-04c1-424b-9868-57a2d4851a1d" />
    <TestEntry testId="d25a2280-e4df-068e-ba83-2e9ea0e06963" executionId="640983ba-6da5-4f19-b8f4-15d84cb7b772" testListId="8c84fa94-04c1-424b-9868-57a2d4851a1d" />
    <TestEntry testId="f7068f37-243f-6241-9d48-0587635c77e0" executionId="1286667b-9599-4de6-9bda-8c23f1d52fe0" testListId="8c84fa94-04c1-424b-9868-57a2d4851a1d" />
    <TestEntry testId="f926bebb-7b15-fc0a-b671-c48777b3d530" executionId="dc23c5b9-1d5c-426f-823e-129d49a58881" testListId="8c84fa94-04c1-424b-9868-57a2d4851a1d" />
    <TestEntry testId="84b86d7e-0f77-e8bb-8ca8-882d441f0046" executionId="5e0d9346-c520-4464-8ae8-e4d073ee07b4" testListId="8c84fa94-04c1-424b-9868-57a2d4851a1d" />
    <TestEntry testId="800ab87e-4e31-82bd-9e61-5fa311d33f8d" executionId="2cb1304c-02e0-4b57-808f-5b72900c7b60" testListId="8c84fa94-04c1-424b-9868-57a2d4851a1d" />
    <TestEntry testId="c456ba12-b1e4-9738-717f-8bfea1b5b728" executionId="a283b9a9-316c-4315-a5a0-598582e19a21" testListId="8c84fa94-04c1-424b-9868-57a2d4851a1d" />
    <TestEntry testId="8a8ab9a9-624d-93c7-93fa-9953d8835bdd" executionId="a9734cc4-f35c-4769-9a7b-8cb08c6c3fa3" testListId="8c84fa94-04c1-424b-9868-57a2d4851a1d" />
    <TestEntry testId="e7609c01-9db8-7c78-36f4-866ca84178af" executionId="d81445fe-93ae-4055-afe2-03f742d55118" testListId="8c84fa94-04c1-424b-9868-57a2d4851a1d" />
    <TestEntry testId="d9e444cf-8e9b-8caf-5fd4-b02fbc20ebc7" executionId="07695f6f-4227-4558-8718-6580197403ec" testListId="8c84fa94-04c1-424b-9868-57a2d4851a1d" />
    <TestEntry testId="056bffb9-bb7c-2664-0173-299ed12f750f" executionId="0714c57f-9c63-464b-b0ba-c3289645902a" testListId="8c84fa94-04c1-424b-9868-57a2d4851a1d" />
    <TestEntry testId="efce2778-6fda-3f27-2510-fe092485530c" executionId="95b87a7b-8d4e-4ce5-8316-4e9c87b659b8" testListId="8c84fa94-04c1-424b-9868-57a2d4851a1d" />
    <TestEntry testId="a6b1b7ac-423b-b64b-51be-ac14931efb88" executionId="57c78f21-34d7-4591-9939-731ab6a3b203" testListId="8c84fa94-04c1-424b-9868-57a2d4851a1d" />
    <TestEntry testId="1c704678-463f-c674-d616-2ae71f417d3c" executionId="056204a2-f943-426f-b2e2-9ddc8c22cce9" testListId="8c84fa94-04c1-424b-9868-57a2d4851a1d" />
    <TestEntry testId="cc234b36-f0df-dc23-3cca-bb9fc67efa0f" executionId="1e7325aa-5a39-45b2-b32a-516fe310cf15" testListId="8c84fa94-04c1-424b-9868-57a2d4851a1d" />
    <TestEntry testId="2d6ddca9-e5c9-26e1-c1f8-c0aa5e28dd96" executionId="b0404657-f6f0-4a88-bfde-0a872d74edb4" testListId="8c84fa94-04c1-424b-9868-57a2d4851a1d" />
    <TestEntry testId="6765ccef-ec2d-9a3b-bf9d-f6ba1b86f954" executionId="3a018ddb-5c51-4152-86f1-d577da161cf4" testListId="8c84fa94-04c1-424b-9868-57a2d4851a1d" />
    <TestEntry testId="5844cf9d-d151-80a2-e86b-d98f9de3c340" executionId="8ad2f688-9443-4a81-a9aa-cdfa222a2953" testListId="8c84fa94-04c1-424b-9868-57a2d4851a1d" />
    <TestEntry testId="4a337eb1-d6fd-e7af-b760-c85c1072731f" executionId="79d5cdea-4b50-4ff0-bf67-88ce8430ccc4" testListId="8c84fa94-04c1-424b-9868-57a2d4851a1d" />
    <TestEntry testId="438d9816-90e7-c5aa-584c-a5a27cabf72a" executionId="b9f26e00-efb9-48fb-a675-2d8c476987b6" testListId="8c84fa94-04c1-424b-9868-57a2d4851a1d" />
    <TestEntry testId="d1d36e1b-6b66-412c-9ac8-f0b2dd2bf67a" executionId="a7185347-41d9-4c8b-b8f5-524675fb9fff" testListId="8c84fa94-04c1-424b-9868-57a2d4851a1d" />
    <TestEntry testId="79348a23-39f7-ae80-156c-06b1524027de" executionId="6a4e9327-0d00-46a3-b0c2-2d313d7403d2" testListId="8c84fa94-04c1-424b-9868-57a2d4851a1d" />
    <TestEntry testId="3593c9e6-b8b7-1a29-7bc2-970c783b8a12" executionId="17c0b185-b7c3-4bbe-a083-67ee99c74319" testListId="8c84fa94-04c1-424b-9868-57a2d4851a1d" />
    <TestEntry testId="bd897cf6-b359-a5cf-c938-32be8844fb0a" executionId="cf1e0a01-3c9b-40f4-acc2-1ebd56fba145" testListId="8c84fa94-04c1-424b-9868-57a2d4851a1d" />
    <TestEntry testId="a9e38d59-78a4-c80b-44bd-54e6e0d52647" executionId="618dd15e-3091-4819-a02e-9c52fd3e8d74" testListId="8c84fa94-04c1-424b-9868-57a2d4851a1d" />
    <TestEntry testId="a162fb02-6727-1347-585a-e2195cf4b9d9" executionId="a65b4218-7e24-4ec0-8104-39547b8b6253" testListId="8c84fa94-04c1-424b-9868-57a2d4851a1d" />
    <TestEntry testId="7ecbc807-4ca7-8eb2-8a35-043115ffccdd" executionId="c934defc-dbc8-4010-8740-e8dff12ca026" testListId="8c84fa94-04c1-424b-9868-57a2d4851a1d" />
    <TestEntry testId="1fc346ea-fc82-e479-51b5-1538e7b4e1d0" executionId="29bf21df-8bd1-4dc0-8e8b-824546329430" testListId="8c84fa94-04c1-424b-9868-57a2d4851a1d" />
    <TestEntry testId="d615c036-bfee-2e66-fa83-8efa087e47ad" executionId="a7ba0ab5-56cb-46b4-8340-02c3c1641f97" testListId="8c84fa94-04c1-424b-9868-57a2d4851a1d" />
    <TestEntry testId="fc494b64-1641-291d-8211-f4797e8db9a4" executionId="87fee476-9a98-42fb-b36c-5ec3cbc4750b" testListId="8c84fa94-04c1-424b-9868-57a2d4851a1d" />
    <TestEntry testId="744291e4-2147-88d0-85fe-fccdcda5c85a" executionId="2534eefe-1615-42b5-a67d-3fc891a40d0d" testListId="8c84fa94-04c1-424b-9868-57a2d4851a1d" />
    <TestEntry testId="beed8b53-967c-b437-29a7-7caedf262cbb" executionId="eac5ace6-76fc-4f93-a194-e5092ca904d4" testListId="8c84fa94-04c1-424b-9868-57a2d4851a1d" />
    <TestEntry testId="b7851f75-cf1b-778a-1103-796d63a4420d" executionId="27d8c576-204c-4e54-b320-a26792935e57" testListId="8c84fa94-04c1-424b-9868-57a2d4851a1d" />
    <TestEntry testId="48561c54-6a4b-b8c4-7322-8c229edf3aee" executionId="fef65479-d16e-4e13-8a5b-6d7d4f5b6191" testListId="8c84fa94-04c1-424b-9868-57a2d4851a1d" />
    <TestEntry testId="5f112932-e4a3-e21b-c96c-cffdbc816fb8" executionId="5af6d767-0dbf-4e45-92d5-0d45021b34d5" testListId="8c84fa94-04c1-424b-9868-57a2d4851a1d" />
    <TestEntry testId="94c2b6de-5241-d485-ac8e-41560f178d01" executionId="af8bb7c7-af7a-4e5e-be11-b2aadcdcb39e" testListId="8c84fa94-04c1-424b-9868-57a2d4851a1d" />
    <TestEntry testId="de239b90-b605-59bc-881a-9849b83cab21" executionId="2bfb7fff-1537-4659-b99b-a524a6083a6e" testListId="8c84fa94-04c1-424b-9868-57a2d4851a1d" />
    <TestEntry testId="b05efab7-1ebd-bef8-6ba5-abf4e1e5530e" executionId="70b0d699-6b55-4762-9376-ebf173b1dcf8" testListId="8c84fa94-04c1-424b-9868-57a2d4851a1d" />
    <TestEntry testId="40267795-dc66-6ccc-4acd-9fb940d31784" executionId="36b85bf3-8a10-463f-90e4-0d91b76029d4" testListId="8c84fa94-04c1-424b-9868-57a2d4851a1d" />
    <TestEntry testId="06eb3a68-60dc-b444-9f0c-a9219a04835f" executionId="640c870b-e232-4eb0-aaca-eef2d0b93650" testListId="8c84fa94-04c1-424b-9868-57a2d4851a1d" />
    <TestEntry testId="ee8dd72d-e27b-e47a-e9ab-ea48b4ee24c7" executionId="77dfd90a-645f-4601-b816-87ee01fb9191" testListId="8c84fa94-04c1-424b-9868-57a2d4851a1d" />
    <TestEntry testId="0e5fcfee-bd6d-f45f-061a-0b8ebdec31cd" executionId="4075c65b-8a4f-4952-801b-f81803c240d4" testListId="8c84fa94-04c1-424b-9868-57a2d4851a1d" />
    <TestEntry testId="11759d32-7c45-d95c-6b8c-5bd352b4a13c" executionId="0c91b700-0373-464e-a46e-64c5d14d5817" testListId="8c84fa94-04c1-424b-9868-57a2d4851a1d" />
    <TestEntry testId="425043c5-33b2-bd82-3d9f-363f8cb440bb" executionId="539d7bf3-8cfe-4801-bd7e-f22b10dbbe6a" testListId="8c84fa94-04c1-424b-9868-57a2d4851a1d" />
    <TestEntry testId="2aa59a7e-a129-de74-a7d8-c821b33e35fe" executionId="7b45b6d8-de53-4a6f-982a-0119ee4c723b" testListId="8c84fa94-04c1-424b-9868-57a2d4851a1d" />
    <TestEntry testId="159104f6-eb79-1c15-6755-1a4755d7ed51" executionId="45b18bcb-0503-4846-b2a1-1d383439f00d" testListId="8c84fa94-04c1-424b-9868-57a2d4851a1d" />
    <TestEntry testId="ff10f1fb-9148-fd50-0d1e-8fe2d3c731fc" executionId="5427449a-23f1-4824-ba63-44f2ee15e4b9" testListId="8c84fa94-04c1-424b-9868-57a2d4851a1d" />
    <TestEntry testId="1bdb6140-e78c-1d86-2209-d2ec03185fc5" executionId="5f92646c-bb4b-4e43-94b6-c9f6936a89f4" testListId="8c84fa94-04c1-424b-9868-57a2d4851a1d" />
    <TestEntry testId="704e5cb4-d810-ebf8-c7a7-7bec5914c853" executionId="7c80db1e-760b-4a75-a42d-fbef83d3b91a" testListId="8c84fa94-04c1-424b-9868-57a2d4851a1d" />
    <TestEntry testId="e94e9e48-4109-66a8-d8d8-eba19f7e0e5d" executionId="b34236d3-9150-45d0-812b-43bec332b18f" testListId="8c84fa94-04c1-424b-9868-57a2d4851a1d" />
    <TestEntry testId="b624b957-033e-f1f6-e698-ab5559eeeca7" executionId="fe211b2d-811c-4755-bb18-4bb03d3eb7a4" testListId="8c84fa94-04c1-424b-9868-57a2d4851a1d" />
    <TestEntry testId="7edfa15f-a405-492f-f256-aeeef35b1c52" executionId="1566f3ea-94ae-4e05-98f5-e76d39e2f2b8" testListId="8c84fa94-04c1-424b-9868-57a2d4851a1d" />
    <TestEntry testId="2e34d629-a46e-48e7-0407-be18d7e17c76" executionId="885ca76d-92c7-4029-87ff-d8f232533d32" testListId="8c84fa94-04c1-424b-9868-57a2d4851a1d" />
    <TestEntry testId="ca9a6897-c80b-4651-66cf-d5f43912bd5c" executionId="2013de39-ec42-468e-8183-641af9c7ba9c" testListId="8c84fa94-04c1-424b-9868-57a2d4851a1d" />
    <TestEntry testId="00a0325e-b219-1db4-5680-42c714d4d7b7" executionId="f1680cd6-1874-4c3b-865c-43082a3dfa48" testListId="8c84fa94-04c1-424b-9868-57a2d4851a1d" />
    <TestEntry testId="ef5e933d-b171-60ad-09e1-408e70e7e01e" executionId="7afb4ee3-c320-4577-8470-d22399631046" testListId="8c84fa94-04c1-424b-9868-57a2d4851a1d" />
    <TestEntry testId="ed8fd7b5-fd68-aba1-5990-e3b2c6e291bd" executionId="99e82a1a-4961-49b1-898f-17a5a8706ac3" testListId="8c84fa94-04c1-424b-9868-57a2d4851a1d" />
    <TestEntry testId="6da30459-8d51-b30f-28ae-6a40ce6af825" executionId="18d50d8b-defe-43f5-b8af-731c52572fcd" testListId="8c84fa94-04c1-424b-9868-57a2d4851a1d" />
    <TestEntry testId="aae218ae-567e-23fa-54aa-9977c35ea489" executionId="4d26a900-61c8-4160-8532-882c1fe935cf" testListId="8c84fa94-04c1-424b-9868-57a2d4851a1d" />
    <TestEntry testId="54d87476-fac0-c322-a77c-5ae4bf7dbc25" executionId="0cf19e19-3549-4b13-9742-48ffc9159e45" testListId="8c84fa94-04c1-424b-9868-57a2d4851a1d" />
    <TestEntry testId="fb095c6b-ef89-7c80-525c-de74a5eb5df3" executionId="0a0b9ab7-daee-4eb9-a702-229b60fe5bda" testListId="8c84fa94-04c1-424b-9868-57a2d4851a1d" />
    <TestEntry testId="bb35b0ea-0a5f-40e6-f51d-49c9b4409aee" executionId="01ce77bb-aaab-47e7-b6b2-a3e4d49893db" testListId="8c84fa94-04c1-424b-9868-57a2d4851a1d" />
    <TestEntry testId="82f90efb-2a5a-b512-1e2b-542fb4c0c77d" executionId="76b36072-ae0f-47ab-95d6-012c1267e2dc" testListId="8c84fa94-04c1-424b-9868-57a2d4851a1d" />
    <TestEntry testId="c9ed4de0-edb4-2421-4a75-550bc1b97f3e" executionId="07cae24a-facf-4571-ae37-9fbbb9b7f487" testListId="8c84fa94-04c1-424b-9868-57a2d4851a1d" />
    <TestEntry testId="26079af3-3e3f-8f3b-a42e-328097e80d6a" executionId="6b1251b4-a0a2-41a5-89ff-51558a51659f" testListId="8c84fa94-04c1-424b-9868-57a2d4851a1d" />
    <TestEntry testId="27959c8b-f4d6-bcae-f560-fc37c4b787a5" executionId="0b481732-87ac-4dce-a501-d6cde0699ec2" testListId="8c84fa94-04c1-424b-9868-57a2d4851a1d" />
    <TestEntry testId="4a0fee84-a0e9-6e91-946c-e3024a3d1804" executionId="f1e68d82-b252-4fb1-a8e5-003f94b00bd0" testListId="8c84fa94-04c1-424b-9868-57a2d4851a1d" />
    <TestEntry testId="de151c58-4467-4a44-0aaa-73fe7dfaabe6" executionId="2233bf2e-4f0f-4442-9f34-fecceab50ec9" testListId="8c84fa94-04c1-424b-9868-57a2d4851a1d" />
    <TestEntry testId="12b0a882-1523-5493-37d9-a3daeaab53d7" executionId="ef5f2b72-4d2e-4460-9628-47ee01958469" testListId="8c84fa94-04c1-424b-9868-57a2d4851a1d" />
    <TestEntry testId="99ce01d7-0310-a92e-fac7-c4d886c40f40" executionId="78271fb4-bc43-4f28-9194-76a66715721f" testListId="8c84fa94-04c1-424b-9868-57a2d4851a1d" />
    <TestEntry testId="5dff643f-cbf4-e0e0-57b8-42bc26c22629" executionId="701a2634-d66a-46b1-973d-b8480793d768" testListId="8c84fa94-04c1-424b-9868-57a2d4851a1d" />
    <TestEntry testId="754d74b5-9f62-1c41-8e5d-2dd8b5f59b70" executionId="fc5dd88d-8d7e-4655-b2dd-ce327be2c3c0" testListId="8c84fa94-04c1-424b-9868-57a2d4851a1d" />
    <TestEntry testId="57a41fb6-ad6a-e4d4-d70e-2b7b58d9ebe6" executionId="1be4b750-4844-4f7d-914d-0c7ccda7165a" testListId="8c84fa94-04c1-424b-9868-57a2d4851a1d" />
    <TestEntry testId="3d3b9104-58df-c60e-7604-16031cc31e72" executionId="e1d2c29f-2db7-43cb-ae2d-90c944afc3ab" testListId="8c84fa94-04c1-424b-9868-57a2d4851a1d" />
    <TestEntry testId="5dd926b3-7dcc-5adb-6291-fac7f1fedccb" executionId="6edaf7be-af65-4228-be66-36807ff9287d" testListId="8c84fa94-04c1-424b-9868-57a2d4851a1d" />
    <TestEntry testId="d67fc309-5de0-ad1c-c75e-133e682e42ef" executionId="50c3b952-064e-4c49-9f52-bcd703914866" testListId="8c84fa94-04c1-424b-9868-57a2d4851a1d" />
    <TestEntry testId="6db8dbd3-7b5f-7324-b691-1ab92965e592" executionId="b1192670-ed31-4231-b646-98fbb53786b7" testListId="8c84fa94-04c1-424b-9868-57a2d4851a1d" />
    <TestEntry testId="1971d78d-d90b-8b5b-2193-80ba0ab46f86" executionId="a5c57d1d-05e7-439f-9361-a516bbffa977" testListId="8c84fa94-04c1-424b-9868-57a2d4851a1d" />
    <TestEntry testId="6d19f980-ef8d-bc1f-5044-1e73e326a8c9" executionId="a1c52e27-2dee-4a9d-bea6-3ee5771e64bd" testListId="8c84fa94-04c1-424b-9868-57a2d4851a1d" />
    <TestEntry testId="98212644-d194-40f8-f990-1100931aab24" executionId="4878675e-a5fa-46d6-a88f-37e5d02d1bf3" testListId="8c84fa94-04c1-424b-9868-57a2d4851a1d" />
    <TestEntry testId="5e8a1a7b-63fd-ef39-f9dc-927456d0cd7a" executionId="47e76693-8f69-4e51-b65e-41e4cd9942e2" testListId="8c84fa94-04c1-424b-9868-57a2d4851a1d" />
    <TestEntry testId="a02ff287-97b3-5f57-60b5-31628fd9cbb4" executionId="1708aef3-3912-42f3-8491-eada4062a2f6" testListId="8c84fa94-04c1-424b-9868-57a2d4851a1d" />
    <TestEntry testId="090d0a31-3c26-6ead-5f5a-dd50f9b42ffc" executionId="aa33e3f7-c89f-4818-bb4c-0add985e1993" testListId="8c84fa94-04c1-424b-9868-57a2d4851a1d" />
    <TestEntry testId="61f1e916-f7d2-9c70-1f9f-c8fae1845eae" executionId="206cef99-49ea-490a-b4a6-a922e46317d2" testListId="8c84fa94-04c1-424b-9868-57a2d4851a1d" />
    <TestEntry testId="8302d487-c677-8166-612f-48492666d649" executionId="b18392e7-6fc1-43ca-9027-efd378aa6aeb" testListId="8c84fa94-04c1-424b-9868-57a2d4851a1d" />
    <TestEntry testId="bb295f3e-a215-64d0-04ce-1e667f89b126" executionId="e8aee32e-3d84-4438-bb7d-9ee3fd3d6f51" testListId="8c84fa94-04c1-424b-9868-57a2d4851a1d" />
    <TestEntry testId="f601ccbc-f153-73b7-b905-98210b7bdf42" executionId="b6d64829-6ce7-4cce-980e-9d91a17fad29" testListId="8c84fa94-04c1-424b-9868-57a2d4851a1d" />
    <TestEntry testId="fc3482e3-2884-5135-2840-da422505e3a5" executionId="b5de597f-07fa-4a20-9bc7-28efd6606a4f" testListId="8c84fa94-04c1-424b-9868-57a2d4851a1d" />
    <TestEntry testId="a30d56a5-15c9-b03d-3d85-2e961a7c1a18" executionId="fa465638-b234-4f70-ad65-36209e84f5ed" testListId="8c84fa94-04c1-424b-9868-57a2d4851a1d" />
    <TestEntry testId="f004bd56-4237-fb56-b159-57cfea5e0649" executionId="7b5926f8-7408-4093-ba3d-a894dae5796e" testListId="8c84fa94-04c1-424b-9868-57a2d4851a1d" />
    <TestEntry testId="aeb58abd-f3e4-0504-34c7-844f95ce41e7" executionId="469d8b2c-dc7a-41da-8a22-ef9224193c00" testListId="8c84fa94-04c1-424b-9868-57a2d4851a1d" />
    <TestEntry testId="0c48391f-be0c-8965-413f-2e78d8b8e6c2" executionId="32a335b9-d0cf-47fb-b777-fc0724e203e6" testListId="8c84fa94-04c1-424b-9868-57a2d4851a1d" />
    <TestEntry testId="0c3f05e8-f904-c7ee-3d10-d355752717ad" executionId="b828406a-926f-47f4-9ba7-77df242db85e" testListId="8c84fa94-04c1-424b-9868-57a2d4851a1d" />
    <TestEntry testId="685f973e-3db8-7bb4-f100-0e47ca648e30" executionId="08b3f762-e431-49a1-97f9-64b8d6bcfe37" testListId="8c84fa94-04c1-424b-9868-57a2d4851a1d" />
    <TestEntry testId="0ba21bfd-2612-6a9e-d512-e76f7cdd53a9" executionId="d582fa9c-eb94-45a6-a1ea-7d1c3ec0cef7" testListId="8c84fa94-04c1-424b-9868-57a2d4851a1d" />
    <TestEntry testId="7941353a-f8ea-7b06-dce7-e997d2179900" executionId="555fffed-de90-4425-9216-b7044252af5c" testListId="8c84fa94-04c1-424b-9868-57a2d4851a1d" />
    <TestEntry testId="c9240ac8-7223-b2ae-8354-f3ae56247b3c" executionId="d88d30a7-9435-42c7-9516-3dd4ce99a78e" testListId="8c84fa94-04c1-424b-9868-57a2d4851a1d" />
    <TestEntry testId="416c1b16-fe7b-bcee-e981-d48a8e82fc3c" executionId="2367b0e6-4cca-4138-b17c-d9f98f1e2c6f" testListId="8c84fa94-04c1-424b-9868-57a2d4851a1d" />
    <TestEntry testId="87e23f8d-e70f-363d-9c8c-54c8a64e43d4" executionId="4d8e178b-d05e-47e9-8b3d-9389d0c31bef" testListId="8c84fa94-04c1-424b-9868-57a2d4851a1d" />
    <TestEntry testId="43c647ac-36a5-f495-7f58-968313b51a91" executionId="ee303ae1-4aff-4527-9437-864d47162f85" testListId="8c84fa94-04c1-424b-9868-57a2d4851a1d" />
    <TestEntry testId="c583d44d-cb65-5444-4a7b-6bfc282c0edb" executionId="b11f769b-a345-4a4b-a4fa-1f7b866d39b7" testListId="8c84fa94-04c1-424b-9868-57a2d4851a1d" />
    <TestEntry testId="34a07d72-0db6-b075-6ccb-662b30076737" executionId="c9dc6ade-fd3a-49a1-9aad-8a3d8fb0b264" testListId="8c84fa94-04c1-424b-9868-57a2d4851a1d" />
    <TestEntry testId="7ec66689-aa2d-ed93-e94a-32ea19a0b6cd" executionId="28a66589-ba36-4f1f-8d24-7aba3707e47a" testListId="8c84fa94-04c1-424b-9868-57a2d4851a1d" />
    <TestEntry testId="6415e2ed-39aa-afa9-bb78-ac012cc586fb" executionId="7ab70445-c412-438e-b171-2ccfcc580f5f" testListId="8c84fa94-04c1-424b-9868-57a2d4851a1d" />
    <TestEntry testId="ca84de6c-cf9f-5b23-afbf-1743b69cec30" executionId="a617e118-e788-4366-8312-0c27a0ad4649" testListId="8c84fa94-04c1-424b-9868-57a2d4851a1d" />
    <TestEntry testId="177c4f00-d318-dd96-9df5-bf4c4ce41fca" executionId="756c6953-9176-4d04-8155-2e2aa9d11764" testListId="8c84fa94-04c1-424b-9868-57a2d4851a1d" />
    <TestEntry testId="eee2f393-fda3-ea94-c73b-e4971c0ece61" executionId="4925802e-269d-41a4-81dd-7d66cc7a7149" testListId="8c84fa94-04c1-424b-9868-57a2d4851a1d" />
    <TestEntry testId="9299e862-b0a5-f8a1-d40d-507b3a421874" executionId="5e077f1f-08e4-47e8-b5ad-949e0d35d2c6" testListId="8c84fa94-04c1-424b-9868-57a2d4851a1d" />
    <TestEntry testId="0890c174-8954-2f4a-3f68-95be19917f04" executionId="571c9f0f-78e6-4009-be42-f4619066dcd9" testListId="8c84fa94-04c1-424b-9868-57a2d4851a1d" />
    <TestEntry testId="6c2097a4-bfd2-7cff-6d6c-a01d2699075f" executionId="451484af-137d-4028-b01a-4cf7fd03358c" testListId="8c84fa94-04c1-424b-9868-57a2d4851a1d" />
    <TestEntry testId="63366a20-6db0-419c-82ee-cfc1077912c7" executionId="7f32994c-7bd9-4a45-8a03-b9d8c9f723f2" testListId="8c84fa94-04c1-424b-9868-57a2d4851a1d" />
    <TestEntry testId="634cab5d-65e2-e851-73ca-27de73ab3cf8" executionId="2b70e614-5c4e-4062-b092-a34ea03938ff" testListId="8c84fa94-04c1-424b-9868-57a2d4851a1d" />
    <TestEntry testId="6e09464b-843d-f2ce-e00c-4cd1a0bc9135" executionId="2fde6f68-863b-40df-bd5b-e93c0e422e72" testListId="8c84fa94-04c1-424b-9868-57a2d4851a1d" />
    <TestEntry testId="594efe64-66ef-f3fa-a651-622da975ad06" executionId="ae76d90c-bcf0-4a1d-aa92-e34a0a1af19a" testListId="8c84fa94-04c1-424b-9868-57a2d4851a1d" />
    <TestEntry testId="ad5f916d-7de8-7fad-1705-26caca99041f" executionId="6901c042-62b4-4f21-8256-0d1221891749" testListId="8c84fa94-04c1-424b-9868-57a2d4851a1d" />
    <TestEntry testId="b69a7e55-e708-888c-36a6-d240809edd1d" executionId="dc17fa05-df12-4dc2-9115-a52bb4a2c26a" testListId="8c84fa94-04c1-424b-9868-57a2d4851a1d" />
    <TestEntry testId="ff68200b-b0bf-e5fc-2918-72089de7bd93" executionId="cfb35859-8464-419c-a897-13b65dc9c0f4" testListId="8c84fa94-04c1-424b-9868-57a2d4851a1d" />
    <TestEntry testId="a56b3ef2-0695-0a5d-706a-729e986fec53" executionId="fa56fa97-db9f-49dc-98c7-b3d0a0df29f1" testListId="8c84fa94-04c1-424b-9868-57a2d4851a1d" />
    <TestEntry testId="93cf9568-02cf-a7ef-7bf3-1c1b12265775" executionId="3c41634f-7725-4432-a32c-310c2461be44" testListId="8c84fa94-04c1-424b-9868-57a2d4851a1d" />
    <TestEntry testId="bf68a559-d665-c831-c945-a09fc53e9224" executionId="f59bd47a-8042-4ca1-bc03-1db154394748" testListId="8c84fa94-04c1-424b-9868-57a2d4851a1d" />
    <TestEntry testId="9040559d-3d05-8a7d-2668-cc2dfe090132" executionId="49c08ebd-4544-4313-bcc8-36b9557b7c02" testListId="8c84fa94-04c1-424b-9868-57a2d4851a1d" />
    <TestEntry testId="dfffac1e-78f0-5445-18b0-a7609894571f" executionId="28bee9bc-81a1-4876-8281-da2c309e3d1a" testListId="8c84fa94-04c1-424b-9868-57a2d4851a1d" />
    <TestEntry testId="6974fed6-7f35-242d-e3df-a93c0def144e" executionId="a1af59b6-28cf-43a2-b6a8-afd944902ead" testListId="8c84fa94-04c1-424b-9868-57a2d4851a1d" />
    <TestEntry testId="7c721a92-dfd1-4b2a-435e-f0420f1fa1bf" executionId="52a6fdee-6264-4065-b613-109ca0d25b4e" testListId="8c84fa94-04c1-424b-9868-57a2d4851a1d" />
    <TestEntry testId="d3ffaa66-2f24-2166-2b50-3115a0a23863" executionId="e2b356a8-08b0-4216-aba8-cf5ffd877f38" testListId="8c84fa94-04c1-424b-9868-57a2d4851a1d" />
    <TestEntry testId="4d5abda7-7da4-712d-602e-675946223906" executionId="c129ec07-b350-4d73-b5e6-46ae7ccd37c2" testListId="8c84fa94-04c1-424b-9868-57a2d4851a1d" />
    <TestEntry testId="009779f3-5c3d-dc58-740e-b1f2d7abf61c" executionId="4b71284f-f54f-4f8d-a071-24469bf29cd2" testListId="8c84fa94-04c1-424b-9868-57a2d4851a1d" />
    <TestEntry testId="9275a646-add3-ee8d-c809-ecb8a8e3f3fc" executionId="c25b3ea9-8aad-4680-bf3d-b839cbd24da0" testListId="8c84fa94-04c1-424b-9868-57a2d4851a1d" />
    <TestEntry testId="086109bb-4851-86ac-8048-855ebf2ac4dd" executionId="dfaa04d6-9dda-4270-9d5b-a51bad3f102e" testListId="8c84fa94-04c1-424b-9868-57a2d4851a1d" />
    <TestEntry testId="1f3e13c8-fdf2-431b-6c82-bfa87b59881d" executionId="487fbefd-0f30-4813-b112-08f491babc9d" testListId="8c84fa94-04c1-424b-9868-57a2d4851a1d" />
    <TestEntry testId="26a1e3f4-4540-430c-31e0-ad5c7e3416b4" executionId="8f7e4fd5-36ac-4b80-9922-b53303a62358" testListId="8c84fa94-04c1-424b-9868-57a2d4851a1d" />
    <TestEntry testId="2be66668-c2f3-3050-1567-934895ed4271" executionId="c3598dc3-aea4-4dc9-b18c-6d9e9553d74c" testListId="8c84fa94-04c1-424b-9868-57a2d4851a1d" />
    <TestEntry testId="cdbf9444-aba6-6b34-3425-8f44fe4f52b2" executionId="6fc72d13-335e-43a2-b158-e3e0a08cb7b7" testListId="8c84fa94-04c1-424b-9868-57a2d4851a1d" />
    <TestEntry testId="671947d4-fe02-9f57-6838-91768cf202dc" executionId="dfd32275-3439-46f1-af6c-7e499a9e3154" testListId="8c84fa94-04c1-424b-9868-57a2d4851a1d" />
    <TestEntry testId="598f2432-3031-3292-0b86-7b41692c0aed" executionId="331e0d21-bf5f-4e20-9f3f-c79c0d6acbfd" testListId="8c84fa94-04c1-424b-9868-57a2d4851a1d" />
    <TestEntry testId="46e0884c-ae3b-4d83-aeb1-d47418a639bb" executionId="099f63d7-f994-44bc-9db0-34f1e4a7469b" testListId="8c84fa94-04c1-424b-9868-57a2d4851a1d" />
    <TestEntry testId="1b308ed0-4249-aeaf-a5c6-a42fc7e35ef2" executionId="e2bda33c-2cc4-49f5-ada7-25896aa6d614" testListId="8c84fa94-04c1-424b-9868-57a2d4851a1d" />
    <TestEntry testId="e44fe725-b575-6f4a-5e8e-46f6a09a49db" executionId="504743e0-df31-4034-8f27-7e3b7408606e" testListId="8c84fa94-04c1-424b-9868-57a2d4851a1d" />
    <TestEntry testId="0a819944-3627-6320-8a60-5c8e3670cd38" executionId="a9af5267-516a-4bcd-a0d4-323a3c0f6c2e" testListId="8c84fa94-04c1-424b-9868-57a2d4851a1d" />
    <TestEntry testId="39c83dc9-bff9-8f55-ddbe-fe65559349c5" executionId="c40a8188-d34e-446b-a124-24a731dd0559" testListId="8c84fa94-04c1-424b-9868-57a2d4851a1d" />
    <TestEntry testId="f2e7343d-6d78-f1e1-176c-353e3e9faddd" executionId="96af917f-6d5d-481a-8a8f-be5cfb5549ca" testListId="8c84fa94-04c1-424b-9868-57a2d4851a1d" />
    <TestEntry testId="bc5c4759-edfa-f30e-f4d0-0354fe026593" executionId="0da0b4c9-e504-45b7-a9a5-1705915081b4" testListId="8c84fa94-04c1-424b-9868-57a2d4851a1d" />
    <TestEntry testId="6c9747e9-bd57-8249-8a7f-864315c9ac24" executionId="406c246e-6187-4938-90db-7a261e76e93e" testListId="8c84fa94-04c1-424b-9868-57a2d4851a1d" />
    <TestEntry testId="455cce1f-5d9c-b7d3-8180-a6a1c0a52a90" executionId="27193d93-6639-4fba-9965-792f2a330d97" testListId="8c84fa94-04c1-424b-9868-57a2d4851a1d" />
    <TestEntry testId="292a0587-9db2-78cd-7bbb-972a0e245863" executionId="de41b7fc-ed0e-4ede-a198-4a1fd562eef9" testListId="8c84fa94-04c1-424b-9868-57a2d4851a1d" />
    <TestEntry testId="77c0768c-514d-6c68-1812-d761e9395ff3" executionId="24698009-90a8-49bb-ae13-86f44a168aba" testListId="8c84fa94-04c1-424b-9868-57a2d4851a1d" />
    <TestEntry testId="acab582f-6225-ac34-6f12-d725784a465c" executionId="cd9274ea-4f0a-4710-8e97-ab09e7931335" testListId="8c84fa94-04c1-424b-9868-57a2d4851a1d" />
    <TestEntry testId="9c766e7e-ae27-4f8f-2f21-9970a9ba61fb" executionId="1456b7e0-27df-45ce-930c-3d9605e85a71" testListId="8c84fa94-04c1-424b-9868-57a2d4851a1d" />
    <TestEntry testId="cb09e10a-cb2e-1b8e-3daa-72534fbd5126" executionId="9908d0d9-e4bd-4965-bbe5-b322cbc04099" testListId="8c84fa94-04c1-424b-9868-57a2d4851a1d" />
    <TestEntry testId="48bd79a2-cd27-17a1-11f4-ccc204ac86fe" executionId="3769dde6-0dec-464e-be55-1d10bfc4f7cc" testListId="8c84fa94-04c1-424b-9868-57a2d4851a1d" />
    <TestEntry testId="4962ca82-da01-aab2-46bc-a4e89d3afecc" executionId="d5adb8c3-ee18-48ff-9798-52a10d1802e3" testListId="8c84fa94-04c1-424b-9868-57a2d4851a1d" />
    <TestEntry testId="5d0b24fd-7155-7d7a-5557-3161f872b660" executionId="bd7395d3-1e98-4070-9de1-827659a5fb08" testListId="8c84fa94-04c1-424b-9868-57a2d4851a1d" />
    <TestEntry testId="3d3a96f3-4a53-d31b-8129-bc34dd0b7ecd" executionId="410e977c-8bcc-4138-b2db-54a284a6b786" testListId="8c84fa94-04c1-424b-9868-57a2d4851a1d" />
    <TestEntry testId="afad3490-a86c-bf7f-cb49-696755a40d21" executionId="d4bda1cb-14a1-4143-b01e-fdd93e6a3172" testListId="8c84fa94-04c1-424b-9868-57a2d4851a1d" />
    <TestEntry testId="388b6e0c-13dd-b7a5-2fc2-3731d54c42f3" executionId="4ecae461-b486-4b11-83f3-df576fbecc70" testListId="8c84fa94-04c1-424b-9868-57a2d4851a1d" />
    <TestEntry testId="f1dfa061-45cf-ad83-4ed2-9af27658c2d2" executionId="c530612f-0c8d-4540-b226-a8b506ec0a31" testListId="8c84fa94-04c1-424b-9868-57a2d4851a1d" />
    <TestEntry testId="5b99c489-2c2b-0bf8-861d-b6b55d7c0637" executionId="a80e84fa-27ae-4263-815e-9bb01aa04f93" testListId="8c84fa94-04c1-424b-9868-57a2d4851a1d" />
    <TestEntry testId="d4de45df-2ee9-3818-54dc-270dc3bfcc8e" executionId="4d3cd0ba-214c-4b82-a7c5-d9aef652ead0" testListId="8c84fa94-04c1-424b-9868-57a2d4851a1d" />
    <TestEntry testId="8605a51f-5b53-b458-2eee-61ca30b6c49e" executionId="e3ae6c15-e789-442f-8826-cb098d857306" testListId="8c84fa94-04c1-424b-9868-57a2d4851a1d" />
    <TestEntry testId="7943d811-31a2-060e-ca85-3b49082e0953" executionId="282beb37-6819-4d17-8752-b51d337117ba" testListId="8c84fa94-04c1-424b-9868-57a2d4851a1d" />
    <TestEntry testId="7387758e-7526-9d26-2c7f-e947817f37cd" executionId="e4cecddc-58d0-4530-b1a1-ed28ee3f9cde" testListId="8c84fa94-04c1-424b-9868-57a2d4851a1d" />
    <TestEntry testId="8e4d3555-f949-af94-befc-35b2d860fb59" executionId="2bdcc60b-fbf2-4f34-aa12-6abc87b9267d" testListId="8c84fa94-04c1-424b-9868-57a2d4851a1d" />
    <TestEntry testId="c50df869-b3c4-1b8a-0bad-e772087c3927" executionId="790cb92e-0254-42a4-9d0e-d5b8ca16214c" testListId="8c84fa94-04c1-424b-9868-57a2d4851a1d" />
    <TestEntry testId="6ac0c70b-d31f-4e55-f241-059d9fc6af8d" executionId="7d41f6ae-92f8-4adc-b372-91fe96b2272c" testListId="8c84fa94-04c1-424b-9868-57a2d4851a1d" />
    <TestEntry testId="52dc71a2-de98-fb95-adf4-bf37edbf17ea" executionId="6940c743-bfd3-433f-af58-88298efda9c1" testListId="8c84fa94-04c1-424b-9868-57a2d4851a1d" />
    <TestEntry testId="68cdc102-0b78-aded-7650-e7456cd3fc45" executionId="5b665392-e5ad-4371-8ff0-c79419398a83" testListId="8c84fa94-04c1-424b-9868-57a2d4851a1d" />
    <TestEntry testId="c8b241df-b57a-7afc-ce65-bc6f4fe57d65" executionId="1c45246b-4bc9-4f33-91f5-60dd11188ae6" testListId="8c84fa94-04c1-424b-9868-57a2d4851a1d" />
    <TestEntry testId="414134f3-58d7-42a3-8133-e2dd29b54451" executionId="bc51fa78-14ab-45e0-887d-7dab1c05c88c" testListId="8c84fa94-04c1-424b-9868-57a2d4851a1d" />
    <TestEntry testId="ddd1ea0e-e393-c749-0ee2-dc050219f555" executionId="b182d38e-4a1f-4b22-b465-09d6860d5aa2" testListId="8c84fa94-04c1-424b-9868-57a2d4851a1d" />
    <TestEntry testId="a3e5643c-9355-5ef0-9fdd-663141e30ddc" executionId="6cfcf2fc-70fa-43bf-9358-c790cad2149c" testListId="8c84fa94-04c1-424b-9868-57a2d4851a1d" />
    <TestEntry testId="bc52523d-1094-382a-cf53-85f7b7340e87" executionId="95ef7834-7233-4723-8bc3-39d6982739c8" testListId="8c84fa94-04c1-424b-9868-57a2d4851a1d" />
    <TestEntry testId="bb0d1e24-a3f4-bb68-7cb3-7cb15a9260e0" executionId="0818e90a-d52e-4988-ba78-d2a6282d24e7" testListId="8c84fa94-04c1-424b-9868-57a2d4851a1d" />
    <TestEntry testId="6ec4b983-e011-ac76-c70f-ccb20e8cd36d" executionId="ca9bddc0-ee23-43d0-8406-c3b9a127ab94" testListId="8c84fa94-04c1-424b-9868-57a2d4851a1d" />
    <TestEntry testId="cf5a24a9-4080-92c2-4e30-103efe359ce9" executionId="1e5a4a3e-aed4-415f-b9c2-2b1e6e4fd729" testListId="8c84fa94-04c1-424b-9868-57a2d4851a1d" />
    <TestEntry testId="5419300a-98b1-ab73-bf98-3b97b18b7197" executionId="7cb54277-9e7b-4e5c-9d48-eb13187a3174" testListId="8c84fa94-04c1-424b-9868-57a2d4851a1d" />
    <TestEntry testId="f8b9c1f4-0db3-006d-0ef5-a6aa990d269d" executionId="689f28c7-203a-4e68-974c-d0b0fd6c6500" testListId="8c84fa94-04c1-424b-9868-57a2d4851a1d" />
    <TestEntry testId="9750dd9c-2b78-49b3-896d-e9ac5a9af7be" executionId="82bd078f-2c16-451b-827d-ba75b2cac285" testListId="8c84fa94-04c1-424b-9868-57a2d4851a1d" />
    <TestEntry testId="b2a3e007-cd49-208a-a870-adc8ac444bd3" executionId="64e0a995-d5af-4a45-8193-3b39c29654da" testListId="8c84fa94-04c1-424b-9868-57a2d4851a1d" />
    <TestEntry testId="60e7a40c-2559-e1f7-74cf-3fabd83a399a" executionId="d6462455-803d-4b37-8131-483bd538b0af" testListId="8c84fa94-04c1-424b-9868-57a2d4851a1d" />
    <TestEntry testId="62979e70-b562-7bcf-8302-f965de4271f9" executionId="9028cb0e-df13-4c32-abf2-00b8388c01af" testListId="8c84fa94-04c1-424b-9868-57a2d4851a1d" />
    <TestEntry testId="15b00dc6-8761-7dfd-3524-dfc1c17e1a0e" executionId="0164fff9-fa5c-408c-9d5e-e28632ae7365" testListId="8c84fa94-04c1-424b-9868-57a2d4851a1d" />
    <TestEntry testId="7ede7779-72d1-6379-5aa2-3b4e10425f37" executionId="eb21eaf1-9a5e-45a7-8bbd-cf8e78e5b63f" testListId="8c84fa94-04c1-424b-9868-57a2d4851a1d" />
    <TestEntry testId="85e97acb-11de-08df-905a-21d5d5888d29" executionId="93e1992d-0275-4e3c-9d9e-cdb378c834b3" testListId="8c84fa94-04c1-424b-9868-57a2d4851a1d" />
    <TestEntry testId="3853b90a-2672-1f1c-cb47-9a8657691f74" executionId="cf5628eb-974d-4611-8fbc-eeb34097f9be" testListId="8c84fa94-04c1-424b-9868-57a2d4851a1d" />
    <TestEntry testId="88a92719-9263-71f9-7f23-706865eca76f" executionId="83c2b10f-99a9-49d5-bf21-c660006b1370" testListId="8c84fa94-04c1-424b-9868-57a2d4851a1d" />
    <TestEntry testId="69cb5bae-b64d-0b6e-2d07-1d52f3e6a652" executionId="eb621a53-ceb4-4558-b411-9d8ab2732b79" testListId="8c84fa94-04c1-424b-9868-57a2d4851a1d" />
    <TestEntry testId="8bc2d5de-2e39-fb3e-290f-c92f9624e7e3" executionId="d0697fb2-6980-4bf1-997c-140f4ded77db" testListId="8c84fa94-04c1-424b-9868-57a2d4851a1d" />
    <TestEntry testId="fa0a95aa-2c09-8e24-ee1f-90b644f6c541" executionId="2e88c653-44ba-42cd-83a1-384e77b8c1ed" testListId="8c84fa94-04c1-424b-9868-57a2d4851a1d" />
    <TestEntry testId="fb4e8043-1be8-a3b6-ace5-e1812c7d0171" executionId="7fe69379-e228-4f6b-acc9-842034cb8788" testListId="8c84fa94-04c1-424b-9868-57a2d4851a1d" />
    <TestEntry testId="62906a2d-c9a3-7ca2-ff02-ff62630e8f77" executionId="0640c96d-f682-4059-ada0-7c08db1da262" testListId="8c84fa94-04c1-424b-9868-57a2d4851a1d" />
    <TestEntry testId="742be29e-54ad-e490-38da-22b62f24307c" executionId="a48fb8c5-ab13-411b-9641-62b878eb2c8a" testListId="8c84fa94-04c1-424b-9868-57a2d4851a1d" />
    <TestEntry testId="196aa29c-052f-4f3b-5b2a-8b52428522fd" executionId="36c7668a-153e-49bf-b7be-d0f3ee53b71d" testListId="8c84fa94-04c1-424b-9868-57a2d4851a1d" />
    <TestEntry testId="04460148-2641-a79d-220c-bb2c293f100f" executionId="ee72d210-69b1-4e13-9c73-58c5d616f9e1" testListId="8c84fa94-04c1-424b-9868-57a2d4851a1d" />
    <TestEntry testId="d588092e-c472-cb56-3280-6b4137fa6cd2" executionId="ef235802-99ec-42dd-b64d-6c8441f70439" testListId="8c84fa94-04c1-424b-9868-57a2d4851a1d" />
    <TestEntry testId="c4988668-44b7-6e24-5ea0-95fef931415f" executionId="112b6690-19ff-4dd5-af0f-21bda47537ca" testListId="8c84fa94-04c1-424b-9868-57a2d4851a1d" />
    <TestEntry testId="5d428a58-f006-fd3d-634c-486ac9ab59ac" executionId="4c571266-7b05-4f28-b48e-d2f2314daba2" testListId="8c84fa94-04c1-424b-9868-57a2d4851a1d" />
    <TestEntry testId="c9b85c87-edd6-fc28-1d79-33437f107ab8" executionId="d846bd9b-cabd-49c2-b775-eba2f86f5b4e" testListId="8c84fa94-04c1-424b-9868-57a2d4851a1d" />
    <TestEntry testId="4a8777a8-dccb-6e9c-0f8a-78e986de79cb" executionId="56e8d510-bfb4-449e-89ac-142d876d6690" testListId="8c84fa94-04c1-424b-9868-57a2d4851a1d" />
    <TestEntry testId="5472f781-1150-479a-0d10-2e5fabc0b72f" executionId="676df9e4-6786-4a2f-a0a2-567a4777e512" testListId="8c84fa94-04c1-424b-9868-57a2d4851a1d" />
    <TestEntry testId="d73eb999-7432-4af9-c8e2-b1ec06fbd0ba" executionId="c761ddea-e8fc-4393-a013-d48e8e037a6b" testListId="8c84fa94-04c1-424b-9868-57a2d4851a1d" />
    <TestEntry testId="f257391b-3a40-c27b-61ef-2e778289cdae" executionId="a04318b8-a328-4340-b523-a7be93f36f5d" testListId="8c84fa94-04c1-424b-9868-57a2d4851a1d" />
    <TestEntry testId="a7175ca1-e111-14da-b787-1aa39b5a9e4f" executionId="129081cb-715a-4941-bc0d-5e7c50b0bfe1" testListId="8c84fa94-04c1-424b-9868-57a2d4851a1d" />
    <TestEntry testId="c5503723-d274-6d3e-f29b-d6aa6e37dd4d" executionId="eafd6321-334b-4c1b-b9a9-51b283e1e245" testListId="8c84fa94-04c1-424b-9868-57a2d4851a1d" />
    <TestEntry testId="3b57956c-e654-1644-49d6-a98f07644b37" executionId="9761ebfd-f812-41ed-9656-196ba6cdb01d" testListId="8c84fa94-04c1-424b-9868-57a2d4851a1d" />
    <TestEntry testId="cedc76c1-a4d8-b8aa-f434-d87082eaf67b" executionId="836de471-1a06-4702-b67f-cd61730add11" testListId="8c84fa94-04c1-424b-9868-57a2d4851a1d" />
    <TestEntry testId="64e11116-f5cb-bd3b-2e3c-4f33a15a2949" executionId="f60c7243-ce83-4593-a876-c951a4631073" testListId="8c84fa94-04c1-424b-9868-57a2d4851a1d" />
    <TestEntry testId="63551efc-83f9-ad65-fc6c-5aba8aad3785" executionId="512d1fc8-b6c1-4fe1-93dc-26f7a9a858d8" testListId="8c84fa94-04c1-424b-9868-57a2d4851a1d" />
    <TestEntry testId="3585b56d-a5f1-f683-7400-c0bfac8126e5" executionId="dd55b2dd-b440-47ed-923f-6fda40c7b565" testListId="8c84fa94-04c1-424b-9868-57a2d4851a1d" />
    <TestEntry testId="f729a349-2432-6996-746c-8014e568a6b3" executionId="326c9434-6964-4c7d-bd6f-a1aa532dcffc" testListId="8c84fa94-04c1-424b-9868-57a2d4851a1d" />
    <TestEntry testId="216b8240-df47-df55-a8bc-b11def2680be" executionId="6c80007f-3b6c-450a-acf8-5bd0eeb4d80f" testListId="8c84fa94-04c1-424b-9868-57a2d4851a1d" />
    <TestEntry testId="c48f3693-24b9-b9f1-3b52-fe0f40af0c26" executionId="7485ce8a-9892-4787-a1a5-b8e359584b81" testListId="8c84fa94-04c1-424b-9868-57a2d4851a1d" />
    <TestEntry testId="52ed97e2-360f-9d0a-658b-04f22e2f374f" executionId="0ed90f26-890e-4112-a61b-fa72aa499e63" testListId="8c84fa94-04c1-424b-9868-57a2d4851a1d" />
    <TestEntry testId="9d369a17-d75d-c80a-d5fc-0a698e0e67e6" executionId="7672dbd2-81f3-4f98-b86f-d013b5f547c6" testListId="8c84fa94-04c1-424b-9868-57a2d4851a1d" />
    <TestEntry testId="c6a80189-81d8-ce21-9aeb-1becdbf04d47" executionId="e48e8a76-633a-4618-828c-4c1218d5f445" testListId="8c84fa94-04c1-424b-9868-57a2d4851a1d" />
    <TestEntry testId="d07ea7a5-c866-35f6-fba6-bbeb61c2cbd4" executionId="6cf86e10-d210-4556-853f-60c284025692" testListId="8c84fa94-04c1-424b-9868-57a2d4851a1d" />
    <TestEntry testId="cbeb45ac-56a9-b181-db70-bf0d2b8b3189" executionId="b278b505-b0a0-4501-8b74-d046b8d31c15" testListId="8c84fa94-04c1-424b-9868-57a2d4851a1d" />
    <TestEntry testId="886d0801-1cdc-bf20-ec21-62fa42239b79" executionId="3eb40407-92b3-4e0f-85cf-f73560cf6a6e" testListId="8c84fa94-04c1-424b-9868-57a2d4851a1d" />
    <TestEntry testId="ead62057-8fe9-f841-c449-ad4098aa83d7" executionId="2005f4c8-ed23-4e59-8644-a4bd93eef9c7" testListId="8c84fa94-04c1-424b-9868-57a2d4851a1d" />
    <TestEntry testId="43b820b7-5647-d132-d063-6da9f9b3371e" executionId="d5a7c836-f3f1-4560-8464-4aa43d574991" testListId="8c84fa94-04c1-424b-9868-57a2d4851a1d" />
    <TestEntry testId="26064631-63e7-bc93-4193-399fdd33c0b2" executionId="ba44f546-9f56-4cce-8c03-04b1eae8ce32" testListId="8c84fa94-04c1-424b-9868-57a2d4851a1d" />
    <TestEntry testId="03d95fe1-ceef-4489-acd8-3edec8b039fb" executionId="860307ef-2d17-4d40-9508-b74f062d0f09" testListId="8c84fa94-04c1-424b-9868-57a2d4851a1d" />
    <TestEntry testId="174b90df-372c-c4b4-5d45-c7118ef3adc9" executionId="8913d597-a0b2-4f23-9aab-125a2afa704c" testListId="8c84fa94-04c1-424b-9868-57a2d4851a1d" />
    <TestEntry testId="ef2bade2-f40a-f79a-d71d-087306ed8868" executionId="ad2b68c2-0850-4039-9187-f9ad7bf5dae7" testListId="8c84fa94-04c1-424b-9868-57a2d4851a1d" />
    <TestEntry testId="63697932-2986-880a-55c5-32c06b77f11b" executionId="e9756bdf-aa96-44f5-96e6-7886e2ef0b31" testListId="8c84fa94-04c1-424b-9868-57a2d4851a1d" />
    <TestEntry testId="69eb78fd-0d27-b104-5384-38065d4960ea" executionId="a0e62da4-934b-4b33-be06-9937eb277ae2" testListId="8c84fa94-04c1-424b-9868-57a2d4851a1d" />
    <TestEntry testId="de562b09-2c5e-f09c-fd30-893f727481c2" executionId="44f81826-e554-426b-b3a2-241e7504f5b0" testListId="8c84fa94-04c1-424b-9868-57a2d4851a1d" />
    <TestEntry testId="71279174-e79a-ca21-5900-ba860d67dd79" executionId="6c624d4c-afa5-4cf4-b6ee-548d3ddb694e" testListId="8c84fa94-04c1-424b-9868-57a2d4851a1d" />
    <TestEntry testId="21f55e48-a0cb-c565-6b08-f52556623633" executionId="7826e8fe-cef0-461d-8113-d4bfd4a0e38a" testListId="8c84fa94-04c1-424b-9868-57a2d4851a1d" />
    <TestEntry testId="415ca712-1aa2-06e2-e263-63f760b6c085" executionId="b7fd3488-5bd8-4178-9360-121b9ccc86f9" testListId="8c84fa94-04c1-424b-9868-57a2d4851a1d" />
    <TestEntry testId="54376db2-25bf-2edb-cd9f-93033e9bb5e9" executionId="66a25515-6786-4acd-93f0-4fd67a625651" testListId="8c84fa94-04c1-424b-9868-57a2d4851a1d" />
    <TestEntry testId="0b5edc04-4e18-c4ac-4387-717b7ddaaef2" executionId="fd6a1deb-4ca1-429d-b4e8-28926e0c4ed1" testListId="8c84fa94-04c1-424b-9868-57a2d4851a1d" />
  </TestEntries>
  <TestLists>
    <TestList name="Resultados que não estão em uma lista" id="8c84fa94-04c1-424b-9868-57a2d4851a1d" />
    <TestList name="Todos os resultados carregados" id="19431567-8539-422a-85d7-44ee4e166bda" />
  </TestLists>
  <ResultSummary outcome="Failed">
    <Counters total="267" executed="267" passed="262" failed="5" error="0" timeout="0" aborted="0" inconclusive="0" passedButRunAborted="0" notRunnable="0" notExecuted="0" disconnected="0" warning="0" completed="0" inProgress="0" pending="0" />
    <Output>
      <StdOut>[xUnit.net 00:00:00.00] xUnit.net VSTest Adapter v2.5.3.1+6b60a9e56a (64-bit .NET 8.0.20)
[xUnit.net 00:00:00.08]   Discovering: UserService.UnitTest
[xUnit.net 00:00:00.16]   Discovered:  UserService.UnitTest
[xUnit.net 00:00:00.16]   Starting:    UserService.UnitTest
Mock called with URI: http://localhost:8080/realms/master/protocol/openid-connect/token
Method: POST
Handling user login request
Login request content: grant_type=password&amp;client_id=admin-cli&amp;username=admin&amp;password=admin-password
Returning successful login response
[xUnit.net 00:00:00.60]       Expected request.Email to be &lt;null&gt;, but found "".
[xUnit.net 00:00:00.60]       Stack Trace:
[xUnit.net 00:00:00.60]            at FluentAssertions.Execution.XUnit2TestFramework.Throw(String message)
[xUnit.net 00:00:00.60]            at FluentAssertions.Execution.TestFrameworkProvider.Throw(String message)
[xUnit.net 00:00:00.60]            at FluentAssertions.Execution.DefaultAssertionStrategy.HandleFailure(String message)
[xUnit.net 00:00:00.60]            at FluentAssertions.Execution.AssertionScope.FailWith(Func`1 failReasonFunc)
[xUnit.net 00:00:00.60]            at FluentAssertions.Execution.AssertionScope.FailWith(Func`1 failReasonFunc)
[xUnit.net 00:00:00.60]            at FluentAssertions.Execution.AssertionScope.FailWith(String message, Object[] args)
[xUnit.net 00:00:00.60]            at FluentAssertions.Primitives.ReferenceTypeAssertions`2.BeNull(String because, Object[] becauseArgs)
[xUnit.net 00:00:00.60]         /Users/diasbruno/Documents/programacao/codigos/dotnet/bcommerce/backend/src/Services/UserService/UserService.UnitTest/Application/Dtos/Requests/LoginUserRequestTests.cs(43,0): at UserService.UnitTest.Application.Dtos.Requests.LoginUserRequestTests.LoginUserRequest_ComValoresPadrao_DeveInicializarPropriedadesCorretamente()
[xUnit.net 00:00:00.60]            at System.RuntimeMethodHandle.InvokeMethod(Object target, Void** arguments, Signature sig, Boolean isConstructor)
[xUnit.net 00:00:00.60]            at System.Reflection.MethodBaseInvoker.InvokeWithNoArgs(Object obj, BindingFlags invokeAttr)
[xUnit.net 00:00:00.62]       Expected request.Email to be &lt;null&gt;, but found "".
[xUnit.net 00:00:00.62]       Stack Trace:
[xUnit.net 00:00:00.62]            at FluentAssertions.Execution.XUnit2TestFramework.Throw(String message)
[xUnit.net 00:00:00.62]            at FluentAssertions.Execution.TestFrameworkProvider.Throw(String message)
[xUnit.net 00:00:00.62]            at FluentAssertions.Execution.DefaultAssertionStrategy.HandleFailure(String message)
[xUnit.net 00:00:00.62]            at FluentAssertions.Execution.AssertionScope.FailWith(Func`1 failReasonFunc)
[xUnit.net 00:00:00.62]            at FluentAssertions.Execution.AssertionScope.FailWith(Func`1 failReasonFunc)
[xUnit.net 00:00:00.62]            at FluentAssertions.Execution.AssertionScope.FailWith(String message, Object[] args)
[xUnit.net 00:00:00.62]            at FluentAssertions.Primitives.ReferenceTypeAssertions`2.BeNull(String because, Object[] becauseArgs)
[xUnit.net 00:00:00.62]         /Users/diasbruno/Documents/programacao/codigos/dotnet/bcommerce/backend/src/Services/UserService/UserService.UnitTest/Application/Dtos/Requests/CreateUserRequestTests.cs(53,0): at UserService.UnitTest.Application.Dtos.Requests.CreateUserRequestTests.CreateUserRequest_ComValoresPadrao_DeveInicializarPropriedadesCorretamente()
[xUnit.net 00:00:00.62]            at System.RuntimeMethodHandle.InvokeMethod(Object target, Void** arguments, Signature sig, Boolean isConstructor)
[xUnit.net 00:00:00.62]            at System.Reflection.MethodBaseInvoker.InvokeWithNoArgs(Object obj, BindingFlags invokeAttr)
[xUnit.net 00:00:00.62]       Expected response.Email to be &lt;null&gt;, but found "".
[xUnit.net 00:00:00.62]       Stack Trace:
[xUnit.net 00:00:00.62]            at FluentAssertions.Execution.XUnit2TestFramework.Throw(String message)
[xUnit.net 00:00:00.62]            at FluentAssertions.Execution.TestFrameworkProvider.Throw(String message)
[xUnit.net 00:00:00.62]            at FluentAssertions.Execution.DefaultAssertionStrategy.HandleFailure(String message)
[xUnit.net 00:00:00.62]            at FluentAssertions.Execution.AssertionScope.FailWith(Func`1 failReasonFunc)
[xUnit.net 00:00:00.62]            at FluentAssertions.Execution.AssertionScope.FailWith(Func`1 failReasonFunc)
[xUnit.net 00:00:00.62]            at FluentAssertions.Execution.AssertionScope.FailWith(String message, Object[] args)
[xUnit.net 00:00:00.62]            at FluentAssertions.Primitives.ReferenceTypeAssertions`2.BeNull(String because, Object[] becauseArgs)
[xUnit.net 00:00:00.62]         /Users/diasbruno/Documents/programacao/codigos/dotnet/bcommerce/backend/src/Services/UserService/UserService.UnitTest/Application/Dtos/Responses/CreateUserResponseTests.cs(61,0): at UserService.UnitTest.Application.Dtos.Responses.CreateUserResponseTests.CreateUserResponse_ComValoresPadrao_DeveInicializarPropriedadesCorretamente()
[xUnit.net 00:00:00.62]            at System.RuntimeMethodHandle.InvokeMethod(Object target, Void** arguments, Signature sig, Boolean isConstructor)
[xUnit.net 00:00:00.62]            at System.Reflection.MethodBaseInvoker.InvokeWithNoArgs(Object obj, BindingFlags invokeAttr)
[xUnit.net 00:00:00.62]       Expected loginKeycloak.Email.Length to be 111, but found 112 (difference of 1).
[xUnit.net 00:00:00.62]       Stack Trace:
[xUnit.net 00:00:00.62]            at FluentAssertions.Execution.XUnit2TestFramework.Throw(String message)
[xUnit.net 00:00:00.62]            at FluentAssertions.Execution.TestFrameworkProvider.Throw(String message)
[xUnit.net 00:00:00.62]            at FluentAssertions.Execution.DefaultAssertionStrategy.HandleFailure(String message)
[xUnit.net 00:00:00.62]            at FluentAssertions.Execution.AssertionScope.FailWith(Func`1 failReasonFunc)
[xUnit.net 00:00:00.62]            at FluentAssertions.Execution.AssertionScope.FailWith(Func`1 failReasonFunc)
[xUnit.net 00:00:00.62]            at FluentAssertions.Execution.AssertionScope.FailWith(String message, Object[] args)
[xUnit.net 00:00:00.62]            at FluentAssertions.Numeric.NumericAssertions`2.Be(T expected, String because, Object[] becauseArgs)
[xUnit.net 00:00:00.62]         /Users/diasbruno/Documents/programacao/codigos/dotnet/bcommerce/backend/src/Services/UserService/UserService.UnitTest/Application/Dtos/Keycloak/LoginUserKeycloakTests.cs(203,0): at UserService.UnitTest.Application.Dtos.Keycloak.LoginUserKeycloakTests.LoginUserKeycloak_ComEmailLongo_DevePermitirCriacao()
[xUnit.net 00:00:00.62]            at System.RuntimeMethodHandle.InvokeMethod(Object target, Void** arguments, Signature sig, Boolean isConstructor)
[xUnit.net 00:00:00.62]            at System.Reflection.MethodBaseInvoker.InvokeWithNoArgs(Object obj, BindingFlags invokeAttr)
[xUnit.net 00:00:00.62]       Expected response.AccessToken to be &lt;null&gt;, but found "".
[xUnit.net 00:00:00.63]       Stack Trace:
[xUnit.net 00:00:00.63]            at FluentAssertions.Execution.XUnit2TestFramework.Throw(String message)
[xUnit.net 00:00:00.63]            at FluentAssertions.Execution.TestFrameworkProvider.Throw(String message)
[xUnit.net 00:00:00.63]            at FluentAssertions.Execution.DefaultAssertionStrategy.HandleFailure(String message)
[xUnit.net 00:00:00.63]            at FluentAssertions.Execution.AssertionScope.FailWith(Func`1 failReasonFunc)
[xUnit.net 00:00:00.63]            at FluentAssertions.Execution.AssertionScope.FailWith(Func`1 failReasonFunc)
[xUnit.net 00:00:00.63]            at FluentAssertions.Execution.AssertionScope.FailWith(String message, Object[] args)
[xUnit.net 00:00:00.63]            at FluentAssertions.Primitives.ReferenceTypeAssertions`2.BeNull(String because, Object[] becauseArgs)
[xUnit.net 00:00:00.63]         /Users/diasbruno/Documents/programacao/codigos/dotnet/bcommerce/backend/src/Services/UserService/UserService.UnitTest/Application/Dtos/Responses/LoginUserResponseTests.cs(49,0): at UserService.UnitTest.Application.Dtos.Responses.LoginUserResponseTests.LoginUserResponse_ComValoresPadrao_DeveInicializarPropriedadesCorretamente()
[xUnit.net 00:00:00.63]            at System.RuntimeMethodHandle.InvokeMethod(Object target, Void** arguments, Signature sig, Boolean isConstructor)
[xUnit.net 00:00:00.63]            at System.Reflection.MethodBaseInvoker.InvokeWithNoArgs(Object obj, BindingFlags invokeAttr)
Mock called with URI: http://localhost:8080/admin/realms/test-realm/users?email=usuario.inexistente%40email.com&amp;exact=true
Method: GET
Mock called with URI: http://localhost:8080/realms/master/protocol/openid-connect/token
Method: POST
Handling user login request
Login request content: grant_type=password&amp;client_id=admin-cli&amp;username=admin&amp;password=admin-password
Returning successful login response
Mock called with URI: http://localhost:8080/admin/realms/test-realm/users
Method: POST
Mock called with URI: http://localhost:8080/realms/master/protocol/openid-connect/token
Method: POST
Handling user login request
Login request content: grant_type=password&amp;client_id=admin-cli&amp;username=admin&amp;password=admin-password
Returning successful login response
Mock called with URI: http://localhost:8080/admin/realms/test-realm/roles/user
Method: GET
Mock called with URI: http://localhost:8080/admin/realms/test-realm/users/d2d120e1-9842-48b7-b264-6455d75ec274/role-mappings/realm
Method: POST
Mock called with URI: http://localhost:8080/realms/master/protocol/openid-connect/token
Method: POST
Handling user login request
Login request content: grant_type=password&amp;client_id=admin-cli&amp;username=admin&amp;password=admin-password
Returning successful login response
Mock called with URI: http://localhost:8080/admin/realms/test-realm/users/2d7450b3-aab1-43f7-97c2-95af2b712f12
Method: DELETE
Mock called with URI: http://localhost:8080/realms/test-realm/protocol/openid-connect/token
Method: POST
Handling user login request
Login request content: grant_type=password&amp;client_id=frontend-client&amp;username=Victor.Santos63%40live.com&amp;password=MinhaSenh%40123&amp;scope=openid
Returning successful login response
Mock called with URI: http://localhost:8080/realms/master/protocol/openid-connect/token
Method: POST
Handling user login request
Login request content: grant_type=password&amp;client_id=admin-cli&amp;username=admin&amp;password=admin-password
Returning successful login response
Mock called with URI: http://localhost:8080/admin/realms/test-realm/users
Method: POST
Mock called with URI: http://localhost:8080/realms/master/protocol/openid-connect/token
Method: POST
Handling user login request
Login request content: grant_type=password&amp;client_id=admin-cli&amp;username=admin&amp;password=admin-password
Returning successful login response
Mock called with URI: http://localhost:8080/admin/realms/test-realm/users?email=test%40email.com&amp;exact=true
Method: GET
Mock called with URI: http://localhost:8080/realms/master/protocol/openid-connect/token
Method: POST
Handling user login request
Login request content: grant_type=password&amp;client_id=admin-cli&amp;username=admin&amp;password=admin-password
Returning successful login response
Mock called with URI: http://localhost:8080/admin/realms/test-realm/users/292462e3-848a-412d-98f0-8da26d943c22/role-mappings/realm
Method: GET
Mock called with URI: http://localhost:8080/realms/test-realm/protocol/openid-connect/token
Method: POST
Handling user login request
Login request content: grant_type=password&amp;client_id=frontend-client&amp;username=Igor46%40gmail.com&amp;password=SenhaIncorreta&amp;scope=openid
Returning 401 for invalid credentials
Mock called with URI: http://localhost:8080/realms/master/protocol/openid-connect/token
Method: POST
Handling user login request
Login request content: grant_type=password&amp;client_id=admin-cli&amp;username=admin&amp;password=admin-password
Returning successful login response
Mock called with URI: http://localhost:8080/admin/realms/test-realm/users/IdInvalido
Method: DELETE
[xUnit.net 00:00:05.33]   Finished:    UserService.UnitTest
</StdOut>
    </Output>
    <RunInfos>
      <RunInfo computerName="iMac-de-Bruno" outcome="Error" timestamp="2025-09-25T19:08:29.3085200-03:00">
        <Text>[xUnit.net 00:00:00.60]     UserService.UnitTest.Application.Dtos.Requests.LoginUserRequestTests.LoginUserRequest_ComValoresPadrao_DeveInicializarPropriedadesCorretamente [FAIL]</Text>
      </RunInfo>
      <RunInfo computerName="iMac-de-Bruno" outcome="Error" timestamp="2025-09-25T19:08:29.3280180-03:00">
        <Text>[xUnit.net 00:00:00.62]     UserService.UnitTest.Application.Dtos.Requests.CreateUserRequestTests.CreateUserRequest_ComValoresPadrao_DeveInicializarPropriedadesCorretamente [FAIL]</Text>
      </RunInfo>
      <RunInfo computerName="iMac-de-Bruno" outcome="Error" timestamp="2025-09-25T19:08:29.3281230-03:00">
        <Text>[xUnit.net 00:00:00.62]     UserService.UnitTest.Application.Dtos.Responses.CreateUserResponseTests.CreateUserResponse_ComValoresPadrao_DeveInicializarPropriedadesCorretamente [FAIL]</Text>
      </RunInfo>
      <RunInfo computerName="iMac-de-Bruno" outcome="Error" timestamp="2025-09-25T19:08:29.3281950-03:00">
        <Text>[xUnit.net 00:00:00.62]     UserService.UnitTest.Application.Dtos.Keycloak.LoginUserKeycloakTests.LoginUserKeycloak_ComEmailLongo_DevePermitirCriacao [FAIL]</Text>
      </RunInfo>
      <RunInfo computerName="iMac-de-Bruno" outcome="Error" timestamp="2025-09-25T19:08:29.3285010-03:00">
        <Text>[xUnit.net 00:00:00.62]     UserService.UnitTest.Application.Dtos.Responses.LoginUserResponseTests.LoginUserResponse_ComValoresPadrao_DeveInicializarPropriedadesCorretamente [FAIL]</Text>
      </RunInfo>
    </RunInfos>
  </ResultSummary>
</TestRun>